<<<<<<< HEAD
<<<<<<< HEAD
=======
<<<<<<< HEAD
BLOCK00/SES000/SA000S13	SES000	5.23138
BLOCK00/SES000/SA000S14	SES000	6.56265
BLOCK00/SES000/SA000S22	SES000	5.23418
BLOCK00/SES000/SA000S24	SES000	4.86614
BLOCK00/SES000/SA000S28	SES000	5.95729
BLOCK00/SES001/SA001S14	SES001	6.02715
BLOCK00/SES001/SA001S15	SES001	7.16032
BLOCK00/SES001/SA001S24	SES080	5.07339
BLOCK00/SES001/SA001S27	SES080	6.5113
BLOCK00/SES001/SA001S29	SES001	5.3706
BLOCK00/SES002/SA002S12	SES002	4.80383
BLOCK00/SES002/SA002S13	SES069	4.06799
BLOCK00/SES002/SA002S23	SES002	4.51652
BLOCK00/SES002/SA002S26	SES002	4.5027
BLOCK00/SES002/SA002S28	SES002	5.18834
BLOCK00/SES003/SA003S11	SES003	5.02667
BLOCK00/SES003/SA003S15	SES003	5.84334
BLOCK00/SES003/SA003S22	SES003	5.85945
BLOCK00/SES003/SA003S25	SES000	4.8858
BLOCK00/SES003/SA003S29	SES003	5.52543
BLOCK00/SES004/SA004S12	SES004	5.80886
BLOCK00/SES004/SA004S17	SES004	5.54919
BLOCK00/SES004/SA004S24	SES004	5.37376
BLOCK00/SES004/SA004S26	SES004	5.54878
BLOCK00/SES004/SA004S28	SES004	5.38403
BLOCK00/SES005/SA005S12	SES202	5.97071
BLOCK00/SES005/SA005S13	SES005	4.74018
BLOCK00/SES005/SA005S20	SES005	5.04822
BLOCK00/SES005/SA005S24	SES180	5.9674
BLOCK00/SES005/SA005S28	SES005	6.21186
BLOCK00/SES006/SA006S10	SES006	4.16787
BLOCK00/SES006/SA006S11	SES006	4.51044
BLOCK00/SES006/SA006S23	SES006	4.70425
BLOCK00/SES006/SA006S26	SES006	5.77678
BLOCK00/SES006/SA006S28	SES006	3.17946
BLOCK00/SES007/SA007S14	SES007	5.55982
BLOCK00/SES007/SA007S15	SES007	4.86769
BLOCK00/SES007/SA007S24	SES007	4.87332
BLOCK00/SES007/SA007S27	SES007	4.43415
BLOCK00/SES007/SA007S29	SES290	5.96035
BLOCK00/SES008/SA008S11	SES008	5.59754
BLOCK00/SES008/SA008S12	SES008	5.51731
BLOCK00/SES008/SA008S19	SES008	7.00164
BLOCK00/SES008/SA008S22	SES008	4.25002
BLOCK00/SES008/SA008S29	SES008	6.22709
BLOCK00/SES009/SA009S12	SES009	5.86471
BLOCK00/SES009/SA009S15	SES009	6.18529
BLOCK00/SES009/SA009S24	SES009	5.37343
BLOCK00/SES009/SA009S26	SES009	4.76411
BLOCK00/SES009/SA009S29	SES009	5.80335
BLOCK01/SES010/SA010S11	SES010	5.27298
BLOCK01/SES010/SA010S12	SES010	5.36136
BLOCK01/SES010/SA010S20	SES010	5.00777
BLOCK01/SES010/SA010S24	SES010	4.53924
BLOCK01/SES010/SA010S29	SES010	5.71394
BLOCK01/SES011/SA011S10	SES011	4.88268
BLOCK01/SES011/SA011S11	SES011	5.77144
BLOCK01/SES011/SA011S22	SES011	5.82636
BLOCK01/SES011/SA011S24	SES011	6.41084
BLOCK01/SES011/SA011S27	SES011	6.14638
BLOCK01/SES012/SA012S11	SES188	5.72155
BLOCK01/SES012/SA012S14	SES012	5.11768
BLOCK01/SES012/SA012S24	SES082	3.6225
BLOCK01/SES012/SA012S26	SES012	5.40481
BLOCK01/SES012/SA012S29	SES012	4.8349
BLOCK01/SES013/SA013S16	SES013	4.44388
BLOCK01/SES013/SA013S17	SES013	5.8255
BLOCK01/SES013/SA013S23	SES013	4.94728
BLOCK01/SES013/SA013S25	SES013	6.13042
BLOCK01/SES013/SA013S29	SES013	5.38019
BLOCK01/SES014/SA014S10	SES014	5.99038
BLOCK01/SES014/SA014S12	SES014	7.21641
BLOCK01/SES014/SA014S24	SES014	5.93855
BLOCK01/SES014/SA014S26	SES014	7.81708
BLOCK01/SES014/SA014S28	SES014	7.1387
BLOCK01/SES015/SA015S11	SES015	6.10034
BLOCK01/SES015/SA015S12	SES015	5.31692
BLOCK01/SES015/SA015S23	SES015	7.01937
BLOCK01/SES015/SA015S25	SES015	5.29182
BLOCK01/SES015/SA015S29	SES015	5.12131
BLOCK01/SES016/SA016S12	SES016	4.00341
BLOCK01/SES016/SA016S13	SES016	5.66561
BLOCK01/SES016/SA016S22	SES016	6.46553
BLOCK01/SES016/SA016S25	SES016	7.34563
BLOCK01/SES016/SA016S27	SES016	6.7416
BLOCK01/SES017/SA017S11	SES017	5.93447
BLOCK01/SES017/SA017S12	SES017	5.18847
BLOCK01/SES017/SA017S19	SES017	7.14081
BLOCK01/SES017/SA017S23	SES017	7.53468
BLOCK01/SES017/SA017S27	SES017	6.45917
BLOCK01/SES019/SA019S13	SES019	5.30894
BLOCK01/SES019/SA019S14	SES019	4.90384
BLOCK01/SES019/SA019S22	SES019	5.21906
BLOCK01/SES019/SA019S25	SES019	5.09481
BLOCK01/SES019/SA019S29	SES019	5.37945
BLOCK02/SES020/SA020S15	SES020	5.31849
BLOCK02/SES020/SA020S16	SES020	4.94781
BLOCK02/SES020/SA020S24	SES020	5.44593
BLOCK02/SES020/SA020S26	SES020	4.72313
BLOCK02/SES020/SA020S29	SES020	4.29498
BLOCK02/SES021/SA021S13	SES021	5.86771
BLOCK02/SES021/SA021S15	SES021	6.27846
BLOCK02/SES021/SA021S23	SES021	4.88783
BLOCK02/SES021/SA021S27	SES021	6.44091
BLOCK02/SES021/SA021S29	SES021	5.14662
BLOCK02/SES022/SA022S13	SES022	4.73506
BLOCK02/SES022/SA022S14	SES022	3.82127
BLOCK02/SES022/SA022S23	SES005	5.64307
BLOCK02/SES022/SA022S25	SES022	5.07823
BLOCK02/SES022/SA022S29	SES101	4.74995
BLOCK02/SES023/SA023S11	SES023	4.99809
BLOCK02/SES023/SA023S13	SES023	5.97087
BLOCK02/SES023/SA023S24	SES023	6.10165
BLOCK02/SES023/SA023S26	SES082	5.06555
BLOCK02/SES023/SA023S28	SES023	6.20291
BLOCK02/SES024/SA024S10	SES024	5.35549
BLOCK02/SES024/SA024S11	SES024	5.35853
BLOCK02/SES024/SA024S19	SES024	6.38045
BLOCK02/SES024/SA024S26	SES024	5.9332
BLOCK02/SES024/SA024S28	SES024	6.05007
BLOCK02/SES025/SA025S10	SES025	5.01906
BLOCK02/SES025/SA025S13	SES025	4.64392
BLOCK02/SES025/SA025S21	SES025	4.6496
BLOCK02/SES025/SA025S24	SES025	4.94464
BLOCK02/SES025/SA025S29	SES003	5.10743
BLOCK02/SES026/SA026S12	SES026	2.85312
BLOCK02/SES026/SA026S13	SES026	3.67897
BLOCK02/SES026/SA026S21	SES026	3.81403
BLOCK02/SES026/SA026S26	SES026	2.98631
BLOCK02/SES026/SA026S28	SES026	3.68549
BLOCK02/SES027/SA027S11	SES027	5.17813
BLOCK02/SES027/SA027S12	SES027	4.55486
BLOCK02/SES027/SA027S21	SES027	4.8865
BLOCK02/SES027/SA027S23	SES027	5.34101
BLOCK02/SES027/SA027S25	SES027	5.40612
BLOCK02/SES029/SA029S11	SES029	6.32575
BLOCK02/SES029/SA029S12	SES029	6.22775
BLOCK02/SES029/SA029S20	SES029	5.92939
BLOCK02/SES029/SA029S25	SES029	6.11407
BLOCK02/SES029/SA029S28	SES029	6.08932
BLOCK04/SES040/SA040S08	SES040	6.75973
BLOCK04/SES040/SA040S09	SES040	5.94191
BLOCK04/SES040/SA040S20	SES040	6.67791
BLOCK04/SES040/SA040S23	SES040	6.48999
BLOCK04/SES040/SA040S27	SES040	7.20539
BLOCK04/SES042/SA042S12	SES042	6.01025
BLOCK04/SES042/SA042S15	SES042	6.8134
BLOCK04/SES042/SA042S22	SES042	6.95373
BLOCK04/SES042/SA042S25	SES042	4.99261
BLOCK04/SES042/SA042S27	SES042	6.11671
BLOCK04/SES043/SA043S09	SES043	4.54259
BLOCK04/SES043/SA043S11	SES043	5.58531
BLOCK04/SES043/SA043S23	SES043	5.62545
BLOCK04/SES043/SA043S26	SES043	5.32405
BLOCK04/SES043/SA043S28	SES043	5.47351
BLOCK04/SES044/SA044S10	SES044	5.41265
BLOCK04/SES044/SA044S11	SES044	5.60947
BLOCK04/SES044/SA044S24	SES044	5.08552
BLOCK04/SES044/SA044S26	SES044	5.62355
BLOCK04/SES044/SA044S29	SES129	6.20532
BLOCK04/SES045/SA045S11	SES045	4.77091
BLOCK04/SES045/SA045S13	SES045	5.64475
BLOCK04/SES045/SA045S22	SES045	4.4996
BLOCK04/SES045/SA045S25	SES045	5.54556
BLOCK04/SES045/SA045S29	SES045	4.31
BLOCK04/SES046/SA046S13	SES046	4.468
BLOCK04/SES046/SA046S15	SES062	5.84289
BLOCK04/SES046/SA046S22	SES294	4.77377
BLOCK04/SES046/SA046S25	SES046	5.84204
BLOCK04/SES046/SA046S28	SES046	5.57257
BLOCK04/SES047/SA047S10	SES047	5.31953
BLOCK04/SES047/SA047S11	SES047	5.85088
BLOCK04/SES047/SA047S22	SES047	4.70595
BLOCK04/SES047/SA047S24	SES047	5.21939
BLOCK04/SES047/SA047S27	SES047	4.44874
BLOCK04/SES048/SA048S11	SES048	5.94273
BLOCK04/SES048/SA048S12	SES048	4.83949
BLOCK04/SES048/SA048S20	SES048	6.21244
BLOCK04/SES048/SA048S23	SES048	4.75644
BLOCK04/SES048/SA048S27	SES048	6.07007
BLOCK04/SES049/SA049S16	SES049	3.48273
BLOCK04/SES049/SA049S18	SES131	3.67723
BLOCK04/SES049/SA049S25	SES049	3.97125
BLOCK04/SES049/SA049S27	SES049	5.0302
BLOCK04/SES049/SA049S29	SES049	5.2678
BLOCK06/SES060/SA060S11	SES060	5.48401
BLOCK06/SES060/SA060S12	SES068	5.21156
BLOCK06/SES060/SA060S22	SES185	4.80783
BLOCK06/SES060/SA060S24	SES060	6.24802
BLOCK06/SES060/SA060S28	SES081	6.89987
BLOCK06/SES061/SA061S10	SES061	5.40134
BLOCK06/SES061/SA061S11	SES061	4.1878
BLOCK06/SES061/SA061S18	SES061	2.65261
BLOCK06/SES061/SA061S23	SES061	4.00357
BLOCK06/SES061/SA061S26	SES061	5.96019
BLOCK06/SES062/SA062S10	SES062	5.37202
BLOCK06/SES062/SA062S11	SES062	5.57949
BLOCK06/SES062/SA062S21	SES062	7.67584
BLOCK06/SES062/SA062S26	SES062	6.17173
BLOCK06/SES062/SA062S29	SES062	6.61213
BLOCK06/SES063/SA063S09	SES063	6.63273
BLOCK06/SES063/SA063S10	SES063	6.91753
BLOCK06/SES063/SA063S20	SES063	6.002
BLOCK06/SES063/SA063S24	SES063	7.01646
BLOCK06/SES063/SA063S27	SES166	6.43965
BLOCK06/SES064/SA064S12	SES064	4.25296
BLOCK06/SES064/SA064S14	SES064	5.1881
BLOCK06/SES064/SA064S22	SES064	5.27908
BLOCK06/SES064/SA064S26	SES064	4.56801
BLOCK06/SES064/SA064S29	SES064	4.45051
BLOCK06/SES065/SA065S11	SES065	6.46966
BLOCK06/SES065/SA065S13	SES065	5.27409
BLOCK06/SES065/SA065S22	SES065	5.50514
BLOCK06/SES065/SA065S24	SES065	5.61414
BLOCK06/SES065/SA065S29	SES065	5.19264
BLOCK06/SES066/SA066S13	SES085	4.92473
BLOCK06/SES066/SA066S14	SES066	5.9407
BLOCK06/SES066/SA066S21	SES066	6.54993
BLOCK06/SES066/SA066S25	SES066	5.17341
BLOCK06/SES066/SA066S29	SES066	4.14816
BLOCK06/SES067/SA067S12	SES067	8.00261
BLOCK06/SES067/SA067S14	SES067	8.90096
BLOCK06/SES067/SA067S21	SES048	5.85224
BLOCK06/SES067/SA067S25	SES067	6.53941
BLOCK06/SES067/SA067S29	SES067	7.76473
BLOCK06/SES068/SA068S14	SES068	5.23571
BLOCK06/SES068/SA068S15	SES068	6.06919
BLOCK06/SES068/SA068S23	SES068	6.08697
BLOCK06/SES068/SA068S27	SES068	5.51643
BLOCK06/SES068/SA068S29	SES068	5.91365
BLOCK06/SES069/SA069S12	SES069	5.27142
BLOCK06/SES069/SA069S13	SES069	5.8893
BLOCK06/SES069/SA069S23	SES069	6.71373
BLOCK06/SES069/SA069S25	SES069	7.1855
BLOCK06/SES069/SA069S27	SES069	6.08468
BLOCK08/SES080/SA080S11	SES080	5.51721
BLOCK08/SES080/SA080S12	SES080	5.24977
BLOCK08/SES080/SA080S21	SES080	5.88964
BLOCK08/SES080/SA080S25	SES080	4.97332
BLOCK08/SES080/SA080S28	SES080	5.17385
BLOCK08/SES081/SA081S11	SES081	4.91631
BLOCK08/SES081/SA081S13	SES081	7.16184
BLOCK08/SES081/SA081S24	SES081	6.22081
BLOCK08/SES081/SA081S27	SES081	5.23087
BLOCK08/SES081/SA081S29	SES081	6.11829
BLOCK08/SES082/SA082S12	SES082	4.54717
BLOCK08/SES082/SA082S14	SES226	3.91041
BLOCK08/SES082/SA082S21	SES082	4.62201
BLOCK08/SES082/SA082S24	SES082	4.97924
BLOCK08/SES082/SA082S28	SES082	4.24066
BLOCK08/SES083/SA083S14	SES166	5.53495
BLOCK08/SES083/SA083S15	SES083	5.57378
BLOCK08/SES083/SA083S24	SES083	5.16322
BLOCK08/SES083/SA083S26	SES083	4.99884
BLOCK08/SES083/SA083S29	SES083	5.10662
BLOCK08/SES084/SA084S14	SES084	4.66474
BLOCK08/SES084/SA084S15	SES084	5.39593
BLOCK08/SES084/SA084S22	SES084	6.30985
BLOCK08/SES084/SA084S27	SES084	5.50177
BLOCK08/SES084/SA084S29	SES084	6.09238
BLOCK08/SES085/SA085S10	SES085	6.33716
BLOCK08/SES085/SA085S13	SES085	5.29263
BLOCK08/SES085/SA085S22	SES185	5.14682
BLOCK08/SES085/SA085S26	SES085	5.69399
BLOCK08/SES085/SA085S28	SES085	6.29717
BLOCK08/SES086/SA086S11	SES086	4.41352
BLOCK08/SES086/SA086S12	SES086	5.23057
BLOCK08/SES086/SA086S20	SES086	6.69976
BLOCK08/SES086/SA086S24	SES086	4.88477
BLOCK08/SES086/SA086S28	SES086	6.53452
BLOCK08/SES087/SA087S15	SES087	5.56592
BLOCK08/SES087/SA087S16	SES087	4.48678
BLOCK08/SES087/SA087S24	SES087	5.66869
BLOCK08/SES087/SA087S26	SES204	6.37345
BLOCK08/SES087/SA087S29	SES087	5.509
BLOCK08/SES088/SA088S15	SES088	4.8362
BLOCK08/SES088/SA088S17	SES088	5.92385
BLOCK08/SES088/SA088S24	SES040	5.86136
BLOCK08/SES088/SA088S27	SES088	5.23777
BLOCK08/SES088/SA088S29	SES081	5.43592
BLOCK08/SES089/SA089S13	SES089	4.48558
BLOCK08/SES089/SA089S14	SES089	5.63915
BLOCK08/SES089/SA089S23	SES089	4.37891
BLOCK08/SES089/SA089S25	SES089	6.49681
BLOCK08/SES089/SA089S28	SES089	6.12631
BLOCK09/SES097/SA097S11	SES097	4.38379
BLOCK09/SES097/SA097S14	SES097	4.50723
BLOCK09/SES097/SA097S22	SES097	4.53229
BLOCK09/SES097/SA097S26	SES097	5.75687
BLOCK09/SES097/SA097S28	SES097	5.1965
BLOCK09/SES098/SA098S11	SES203	4.98822
BLOCK09/SES098/SA098S12	SES098	3.4133
BLOCK09/SES098/SA098S20	SES098	5.30784
BLOCK09/SES098/SA098S23	SES098	4.89535
BLOCK09/SES098/SA098S27	SES098	3.93325
BLOCK09/SES099/SA099S15	SES099	4.43235
BLOCK09/SES099/SA099S16	SES099	4.45614
BLOCK09/SES099/SA099S24	SES099	5.33549
BLOCK09/SES099/SA099S26	SES099	5.40174
BLOCK09/SES099/SA099S29	SES099	5.2258
BLOCK10/SES100/SA100S13	SES100	4.32401
BLOCK10/SES100/SA100S14	SES100	5.49011
BLOCK10/SES100/SA100S24	SES100	4.3069
BLOCK10/SES100/SA100S27	SES100	5.11066
BLOCK10/SES100/SA100S29	SES100	4.47522
BLOCK10/SES101/SA101S11	SES101	5.00194
BLOCK10/SES101/SA101S13	SES101	5.54232
BLOCK10/SES101/SA101S22	SES101	4.13059
BLOCK10/SES101/SA101S24	SES101	5.18481
BLOCK10/SES101/SA101S28	SES101	4.64426
BLOCK10/SES102/SA102S13	SES102	5.00614
BLOCK10/SES102/SA102S14	SES102	6.45071
BLOCK10/SES102/SA102S22	SES102	5.23746
BLOCK10/SES102/SA102S25	SES102	5.60186
BLOCK10/SES102/SA102S27	SES102	5.07685
BLOCK10/SES103/SA103S14	SES103	4.0883
BLOCK10/SES103/SA103S15	SES103	3.17205
BLOCK10/SES103/SA103S24	SES103	4.52809
BLOCK10/SES103/SA103S26	SES103	4.61705
BLOCK10/SES103/SA103S28	SES103	3.7317
BLOCK10/SES104/SA104S11	SES104	6.59158
BLOCK10/SES104/SA104S12	SES104	6.23204
BLOCK10/SES104/SA104S21	SES104	5.56598
BLOCK10/SES104/SA104S24	SES104	5.06222
BLOCK10/SES104/SA104S28	SES104	5.85343
BLOCK10/SES105/SA105S12	SES105	3.56261
BLOCK10/SES105/SA105S13	SES105	4.55676
BLOCK10/SES105/SA105S22	SES146	3.47517
BLOCK10/SES105/SA105S26	SES105	4.32825
BLOCK10/SES105/SA105S29	SES105	4.65941
BLOCK10/SES106/SA106S09	SES106	4.48267
BLOCK10/SES106/SA106S11	SES106	5.25513
BLOCK10/SES106/SA106S22	SES106	4.04183
BLOCK10/SES106/SA106S27	SES106	5.43848
BLOCK10/SES106/SA106S29	SES106	5.65075
BLOCK10/SES107/SA107S08	SES107	6.89872
BLOCK10/SES107/SA107S09	SES107	5.52246
BLOCK10/SES107/SA107S20	SES107	5.07416
BLOCK10/SES107/SA107S24	SES107	5.49335
BLOCK10/SES107/SA107S28	SES107	5.46924
BLOCK10/SES108/SA108S13	SES108	3.46479
BLOCK10/SES108/SA108S14	SES108	4.35483
BLOCK10/SES108/SA108S24	SES108	4.93187
BLOCK10/SES108/SA108S27	SES108	4.12526
BLOCK10/SES108/SA108S29	SES108	3.45115
BLOCK10/SES109/SA109S14	SES109	4.57702
BLOCK10/SES109/SA109S15	SES162	5.30107
BLOCK10/SES109/SA109S21	SES109	4.20141
BLOCK10/SES109/SA109S25	SES169	4.59348
BLOCK10/SES109/SA109S28	SES109	4.68926
BLOCK11/SES117/SA117S12	SES144	4.8435
BLOCK11/SES117/SA117S13	SES118	5.66007
BLOCK11/SES117/SA117S23	SES117	4.5085
BLOCK11/SES117/SA117S25	SES117	4.6487
BLOCK11/SES117/SA117S28	SES117	4.8814
BLOCK11/SES118/SA118S14	SES118	5.67041
BLOCK11/SES118/SA118S16	SES118	5.83808
BLOCK11/SES118/SA118S23	SES016	6.20558
BLOCK11/SES118/SA118S26	SES118	5.33631
BLOCK11/SES118/SA118S29	SES118	4.63466
BLOCK11/SES119/SA119S10	SES119	4.37765
BLOCK11/SES119/SA119S12	SES119	4.6236
BLOCK11/SES119/SA119S19	SES119	5.39742
BLOCK11/SES119/SA119S22	SES119	4.32929
BLOCK11/SES119/SA119S27	SES119	5.16591
BLOCK12/SES120/SA120S08	SES120	4.63039
BLOCK12/SES120/SA120S11	SES120	3.68941
BLOCK12/SES120/SA120S22	SES120	5.65199
BLOCK12/SES120/SA120S24	SES120	4.62993
BLOCK12/SES120/SA120S28	SES143	4.12011
BLOCK12/SES121/SA121S12	SES121	4.59665
BLOCK12/SES121/SA121S14	SES121	3.90506
BLOCK12/SES121/SA121S23	SES122	3.24173
BLOCK12/SES121/SA121S25	SES121	4.67134
BLOCK12/SES121/SA121S27	SES121	4.96546
BLOCK12/SES122/SA122S11	SES122	5.11985
BLOCK12/SES122/SA122S13	SES122	5.09188
BLOCK12/SES122/SA122S22	SES122	4.45093
BLOCK12/SES122/SA122S24	SES122	4.43012
BLOCK12/SES122/SA122S27	SES278	4.98562
BLOCK12/SES123/SA123S10	SES123	6.86626
BLOCK12/SES123/SA123S12	SES123	7.30337
BLOCK12/SES123/SA123S23	SES123	6.75167
BLOCK12/SES123/SA123S26	SES123	6.47264
BLOCK12/SES123/SA123S29	SES123	6.15712
BLOCK12/SES124/SA124S16	SES125	4.89395
BLOCK12/SES124/SA124S17	SES124	4.88053
BLOCK12/SES124/SA124S23	SES124	7.51712
BLOCK12/SES124/SA124S26	SES124	5.84101
BLOCK12/SES124/SA124S28	SES124	6.32899
BLOCK12/SES125/SA125S13	SES125	5.87154
BLOCK12/SES125/SA125S14	SES125	5.5448
BLOCK12/SES125/SA125S25	SES125	6.0417
BLOCK12/SES125/SA125S27	SES125	6.46488
BLOCK12/SES125/SA125S29	SES125	5.55938
BLOCK12/SES126/SA126S13	SES126	5.64259
BLOCK12/SES126/SA126S14	SES126	6.79546
BLOCK12/SES126/SA126S20	SES170	5.83069
BLOCK12/SES126/SA126S24	SES126	6.6766
BLOCK12/SES126/SA126S26	SES126	5.7294
BLOCK12/SES127/SA127S11	SES127	5.03372
BLOCK12/SES127/SA127S12	SES127	6.993
BLOCK12/SES127/SA127S23	SES127	5.71738
BLOCK12/SES127/SA127S25	SES127	5.05003
BLOCK12/SES127/SA127S27	SES127	5.18757
BLOCK12/SES128/SA128S10	SES128	4.55403
BLOCK12/SES128/SA128S12	SES128	4.18251
BLOCK12/SES128/SA128S21	SES226	4.30558
BLOCK12/SES128/SA128S24	SES128	5.04265
BLOCK12/SES128/SA128S27	SES128	5.47732
BLOCK12/SES129/SA129S11	SES129	6.83779
BLOCK12/SES129/SA129S12	SES129	6.15373
BLOCK12/SES129/SA129S22	SES129	5.71082
BLOCK12/SES129/SA129S27	SES129	5.72771
BLOCK12/SES129/SA129S29	SES129	6.27645
BLOCK13/SES130/SA130S13	SES130	4.65846
BLOCK13/SES130/SA130S15	SES130	6.21519
BLOCK13/SES130/SA130S23	SES130	4.44101
BLOCK13/SES130/SA130S25	SES130	5.32337
BLOCK13/SES130/SA130S28	SES119	4.08435
BLOCK13/SES131/SA131S13	SES131	4.16389
BLOCK13/SES131/SA131S14	SES131	6.18051
BLOCK13/SES131/SA131S20	SES131	3.91986
BLOCK13/SES131/SA131S22	SES128	5.22613
BLOCK13/SES131/SA131S29	SES131	4.07259
BLOCK13/SES132/SA132S11	SES132	6.07992
BLOCK13/SES132/SA132S12	SES132	7.004
BLOCK13/SES132/SA132S22	SES132	5.64686
BLOCK13/SES132/SA132S24	SES132	6.28444
BLOCK13/SES132/SA132S27	SES132	4.86242
BLOCK13/SES133/SA133S12	SES133	5.51449
BLOCK13/SES133/SA133S14	SES133	6.46137
BLOCK13/SES133/SA133S22	SES133	5.40996
BLOCK13/SES133/SA133S24	SES130	5.74098
BLOCK13/SES133/SA133S28	SES133	6.66345
BLOCK14/SES140/SA140S10	SES203	5.66613
BLOCK14/SES140/SA140S13	SES083	6.84416
BLOCK14/SES140/SA140S20	SES203	6.2179
BLOCK14/SES140/SA140S22	SES140	6.42228
BLOCK14/SES140/SA140S28	SES275	5.72883
BLOCK14/SES141/SA141S09	SES141	5.89109
BLOCK14/SES141/SA141S15	SES273	5.56473
BLOCK14/SES141/SA141S24	SES141	6.17575
BLOCK14/SES141/SA141S26	SES141	4.6802
BLOCK14/SES141/SA141S29	SES141	5.59982
BLOCK14/SES142/SA142S11	SES142	5.2532
BLOCK14/SES142/SA142S12	SES142	5.62526
BLOCK14/SES142/SA142S24	SES142	5.61403
BLOCK14/SES142/SA142S27	SES142	6.51022
BLOCK14/SES142/SA142S29	SES142	6.65774
BLOCK14/SES143/SA143S12	SES143	5.28449
BLOCK14/SES143/SA143S13	SES143	4.87438
BLOCK14/SES143/SA143S23	SES143	5.28712
BLOCK14/SES143/SA143S25	SES143	6.12861
BLOCK14/SES143/SA143S28	SES143	5.41164
BLOCK14/SES144/SA144S09	SES144	5.74652
BLOCK14/SES144/SA144S11	SES144	5.59127
BLOCK14/SES144/SA144S21	SES144	4.53466
BLOCK14/SES144/SA144S25	SES144	5.87655
BLOCK14/SES144/SA144S29	SES144	4.87313
BLOCK14/SES145/SA145S12	SES145	6.25586
BLOCK14/SES145/SA145S13	SES145	4.79303
BLOCK14/SES145/SA145S23	SES145	5.54556
BLOCK14/SES145/SA145S25	SES145	5.71635
BLOCK14/SES145/SA145S28	SES145	6.16913
BLOCK14/SES146/SA146S14	SES146	4.34453
BLOCK14/SES146/SA146S15	SES146	4.56502
BLOCK14/SES146/SA146S24	SES146	4.79796
BLOCK14/SES146/SA146S26	SES146	5.35435
BLOCK14/SES146/SA146S29	SES146	4.08287
BLOCK14/SES147/SA147S11	SES147	5.39127
BLOCK14/SES147/SA147S13	SES147	6.44886
BLOCK14/SES147/SA147S23	SES147	5.09103
BLOCK14/SES147/SA147S26	SES147	4.62949
BLOCK14/SES147/SA147S28	SES147	5.65158
BLOCK14/SES148/SA148S10	SES148	6.08948
BLOCK14/SES148/SA148S12	SES148	4.37449
BLOCK14/SES148/SA148S22	SES148	6.23619
BLOCK14/SES148/SA148S26	SES148	5.70621
BLOCK14/SES148/SA148S29	SES148	5.66044
BLOCK14/SES149/SA149S13	SES109	4.55722
BLOCK14/SES149/SA149S14	SES292	5.21559
BLOCK14/SES149/SA149S24	SES149	5.59029
BLOCK14/SES149/SA149S26	SES149	6.13717
BLOCK14/SES149/SA149S28	SES149	6.23186
BLOCK15/SES157/SA157S08	SES157	6.24725
BLOCK15/SES157/SA157S11	SES157	5.035
BLOCK15/SES157/SA157S21	SES157	5.84482
BLOCK15/SES157/SA157S24	SES157	6.1691
BLOCK15/SES157/SA157S26	SES172	5.44005
BLOCK15/SES158/SA158S13	SES158	4.44423
BLOCK15/SES158/SA158S14	SES158	3.86656
BLOCK15/SES158/SA158S23	SES158	4.65967
BLOCK15/SES158/SA158S26	SES158	3.80755
BLOCK15/SES158/SA158S28	SES158	4.36801
BLOCK15/SES159/SA159S10	SES159	3.68141
BLOCK15/SES159/SA159S12	SES159	4.28996
BLOCK15/SES159/SA159S22	SES109	4.18536
BLOCK15/SES159/SA159S25	SES159	4.54545
BLOCK15/SES159/SA159S28	SES159	4.63457
BLOCK16/SES160/SA160S12	SES005	5.58501
BLOCK16/SES160/SA160S14	SES185	4.07182
BLOCK16/SES160/SA160S24	SES160	4.08175
BLOCK16/SES160/SA160S26	SES160	4.98663
BLOCK16/SES160/SA160S28	SES160	4.87008
BLOCK16/SES161/SA161S10	SES161	4.47108
BLOCK16/SES161/SA161S12	SES161	4.98903
BLOCK16/SES161/SA161S20	SES161	3.92275
BLOCK16/SES161/SA161S23	SES161	4.09503
BLOCK16/SES161/SA161S28	SES122	4.70265
BLOCK16/SES162/SA162S10	SES118	5.33314
BLOCK16/SES162/SA162S11	SES162	5.53951
BLOCK16/SES162/SA162S21	SES162	5.18201
BLOCK16/SES162/SA162S24	SES162	4.88241
BLOCK16/SES162/SA162S27	SES166	4.23345
BLOCK16/SES163/SA163S11	SES163	6.30033
BLOCK16/SES163/SA163S13	SES163	6.03257
BLOCK16/SES163/SA163S22	SES273	5.34219
BLOCK16/SES163/SA163S25	SES163	5.39126
BLOCK16/SES163/SA163S27	SES163	5.75845
BLOCK16/SES164/SA164S11	SES164	6.84995
BLOCK16/SES164/SA164S13	SES164	5.61882
BLOCK16/SES164/SA164S24	SES164	7.01305
BLOCK16/SES164/SA164S27	SES164	6.37724
BLOCK16/SES164/SA164S29	SES164	5.9994
BLOCK16/SES165/SA165S08	SES165	6.47508
BLOCK16/SES165/SA165S09	SES165	5.23327
BLOCK16/SES165/SA165S21	SES165	5.14304
BLOCK16/SES165/SA165S23	SES165	4.32324
BLOCK16/SES165/SA165S26	SES165	4.80017
BLOCK16/SES166/SA166S12	SES166	5.14113
BLOCK16/SES166/SA166S14	SES166	4.50436
BLOCK16/SES166/SA166S23	SES166	4.1638
BLOCK16/SES166/SA166S25	SES166	5.83028
BLOCK16/SES166/SA166S27	SES166	6.13582
BLOCK16/SES167/SA167S14	SES167	6.75225
BLOCK16/SES167/SA167S15	SES167	6.7157
BLOCK16/SES167/SA167S21	SES167	7.64367
BLOCK16/SES167/SA167S25	SES167	7.19427
BLOCK16/SES167/SA167S29	SES167	8.559
BLOCK16/SES168/SA168S10	SES168	5.91592
BLOCK16/SES168/SA168S11	SES168	5.43532
BLOCK16/SES168/SA168S21	SES168	5.83466
BLOCK16/SES168/SA168S25	SES168	6.72793
BLOCK16/SES168/SA168S28	SES168	6.01254
BLOCK16/SES169/SA169S13	SES169	5.26485
BLOCK16/SES169/SA169S14	SES203	6.1783
BLOCK16/SES169/SA169S24	SES169	4.30581
BLOCK16/SES169/SA169S27	SES169	5.51259
BLOCK16/SES169/SA169S29	SES169	6.44061
BLOCK17/SES170/SA170S09	SES170	5.88468
BLOCK17/SES170/SA170S10	SES170	5.1225
BLOCK17/SES170/SA170S22	SES170	6.00245
BLOCK17/SES170/SA170S24	SES170	6.36434
BLOCK17/SES170/SA170S28	SES170	4.74604
BLOCK17/SES171/SA171S12	SES144	4.21409
BLOCK17/SES171/SA171S15	SES277	4.65964
BLOCK17/SES171/SA171S22	SES207	5.95115
BLOCK17/SES171/SA171S25	SES101	3.86969
BLOCK17/SES171/SA171S27	SES277	4.91432
BLOCK17/SES172/SA172S12	SES172	3.86461
BLOCK17/SES172/SA172S13	SES172	4.58877
BLOCK17/SES172/SA172S23	SES203	5.16384
BLOCK17/SES172/SA172S27	SES172	4.63414
BLOCK17/SES172/SA172S29	SES172	4.32578
BLOCK17/SES173/SA173S13	SES173	5.91793
BLOCK17/SES173/SA173S14	SES173	6.26092
BLOCK17/SES173/SA173S24	SES173	5.7646
BLOCK17/SES173/SA173S27	SES173	6.58922
BLOCK17/SES173/SA173S29	SES173	4.97216
BLOCK17/SES175/SA175S11	SES175	5.31432
BLOCK17/SES175/SA175S13	SES175	6.20252
BLOCK17/SES175/SA175S23	SES294	5.79145
BLOCK17/SES175/SA175S25	SES109	3.64454
BLOCK17/SES175/SA175S28	SES004	5.81099
BLOCK17/SES177/SA177S15	SES177	5.11647
BLOCK17/SES177/SA177S17	SES177	4.7795
BLOCK17/SES177/SA177S23	SES185	4.085
BLOCK17/SES177/SA177S26	SES177	6.59336
BLOCK17/SES177/SA177S28	SES177	5.15734
BLOCK18/SES180/SA180S13	SES180	5.00826
BLOCK18/SES180/SA180S15	SES180	4.82296
BLOCK18/SES180/SA180S24	SES127	5.90983
BLOCK18/SES180/SA180S26	SES180	5.83253
BLOCK18/SES180/SA180S29	SES180	5.68086
BLOCK18/SES182/SA182S10	SES182	5.09753
BLOCK18/SES182/SA182S12	SES169	6.68644
BLOCK18/SES182/SA182S21	SES182	4.58738
BLOCK18/SES182/SA182S23	SES182	5.17493
BLOCK18/SES182/SA182S25	SES182	4.56379
BLOCK18/SES183/SA183S13	SES183	4.79545
BLOCK18/SES183/SA183S14	SES183	4.67893
BLOCK18/SES183/SA183S24	SES183	4.05401
BLOCK18/SES183/SA183S27	SES183	5.1626
BLOCK18/SES183/SA183S29	SES183	4.63398
BLOCK18/SES184/SA184S12	SES184	4.13602
BLOCK18/SES184/SA184S13	SES185	4.62457
BLOCK18/SES184/SA184S22	SES127	4.73246
BLOCK18/SES184/SA184S25	SES127	5.14977
BLOCK18/SES184/SA184S27	SES184	5.38698
BLOCK18/SES185/SA185S12	SES185	5.42992
BLOCK18/SES185/SA185S13	SES185	5.96909
BLOCK18/SES185/SA185S23	SES185	4.74661
BLOCK18/SES185/SA185S27	SES185	4.85185
BLOCK18/SES185/SA185S29	SES185	5.61536
BLOCK18/SES186/SA186S14	SES158	5.00571
BLOCK18/SES186/SA186S15	SES186	5.78143
BLOCK18/SES186/SA186S23	SES186	5.52777
BLOCK18/SES186/SA186S26	SES186	5.44267
BLOCK18/SES186/SA186S28	SES158	5.44225
BLOCK18/SES187/SA187S13	SES187	3.83603
BLOCK18/SES187/SA187S14	SES187	3.98135
BLOCK18/SES187/SA187S24	SES187	4.05246
BLOCK18/SES187/SA187S27	SES187	3.97177
BLOCK18/SES187/SA187S29	SES187	3.68334
BLOCK18/SES188/SA188S10	SES188	5.5061
BLOCK18/SES188/SA188S14	SES188	6.18282
BLOCK18/SES188/SA188S22	SES188	5.56414
BLOCK18/SES188/SA188S24	SES207	5.38288
BLOCK18/SES188/SA188S26	SES188	4.05761
BLOCK18/SES189/SA189S10	SES189	4.64211
BLOCK18/SES189/SA189S13	SES189	3.80063
BLOCK18/SES189/SA189S24	SES189	5.79168
BLOCK18/SES189/SA189S26	SES189	6.02274
BLOCK18/SES189/SA189S29	SES189	5.92946
BLOCK20/SES200/SA200S10	SES200	6.61164
BLOCK20/SES200/SA200S11	SES200	6.09379
BLOCK20/SES200/SA200S20	SES277	5.39271
BLOCK20/SES200/SA200S25	SES200	5.87905
BLOCK20/SES200/SA200S29	SES200	5.64569
BLOCK20/SES201/SA201S12	SES201	5.4595
BLOCK20/SES201/SA201S15	SES201	6.31428
BLOCK20/SES201/SA201S23	SES201	4.81262
BLOCK20/SES201/SA201S25	SES201	7.87335
BLOCK20/SES201/SA201S29	SES201	4.98754
BLOCK20/SES202/SA202S12	SES202	6.01534
BLOCK20/SES202/SA202S14	SES202	6.2266
BLOCK20/SES202/SA202S24	SES202	5.45421
BLOCK20/SES202/SA202S27	SES202	6.1743
BLOCK20/SES202/SA202S29	SES202	6.28598
BLOCK20/SES203/SA203S10	SES203	5.643
BLOCK20/SES203/SA203S11	SES203	4.90454
BLOCK20/SES203/SA203S22	SES203	5.94847
BLOCK20/SES203/SA203S24	SES203	6.00001
BLOCK20/SES203/SA203S27	SES203	5.57443
BLOCK20/SES204/SA204S12	SES204	6.53759
BLOCK20/SES204/SA204S14	SES204	7.70176
BLOCK20/SES204/SA204S22	SES204	6.40718
BLOCK20/SES204/SA204S25	SES204	6.69835
BLOCK20/SES204/SA204S27	SES204	5.67607
BLOCK20/SES205/SA205S12	SES023	5.19204
BLOCK20/SES205/SA205S13	SES080	5.67937
BLOCK20/SES205/SA205S21	SES023	4.67626
BLOCK20/SES205/SA205S24	SES017	5.09415
BLOCK20/SES205/SA205S26	SES205	8.0346
BLOCK20/SES206/SA206S15	SES021	4.99737
BLOCK20/SES206/SA206S17	SES206	5.60039
BLOCK20/SES206/SA206S24	SES206	6.43089
BLOCK20/SES206/SA206S27	SES206	4.90212
BLOCK20/SES206/SA206S29	SES206	6.23012
BLOCK20/SES207/SA207S10	SES207	5.65668
BLOCK20/SES207/SA207S11	SES207	5.06209
BLOCK20/SES207/SA207S25	SES185	4.17453
BLOCK20/SES207/SA207S27	SES207	4.04841
BLOCK20/SES207/SA207S29	SES207	5.43518
BLOCK20/SES209/SA209S12	SES060	4.9851
BLOCK20/SES209/SA209S13	SES209	5.65242
BLOCK20/SES209/SA209S21	SES209	6.50736
BLOCK20/SES209/SA209S25	SES221	4.76724
BLOCK20/SES209/SA209S28	SES005	6.22751
BLOCK22/SES220/SA220S10	SES220	5.87863
BLOCK22/SES220/SA220S13	SES203	4.56418
BLOCK22/SES220/SA220S24	SES220	5.31237
BLOCK22/SES220/SA220S26	SES203	5.10349
BLOCK22/SES220/SA220S28	SES220	5.1775
BLOCK22/SES221/SA221S12	SES221	5.81448
BLOCK22/SES221/SA221S15	SES221	5.60649
BLOCK22/SES221/SA221S23	SES221	5.5685
BLOCK22/SES221/SA221S27	SES068	5.45049
BLOCK22/SES221/SA221S29	SES085	5.73783
BLOCK22/SES223/SA223S11	SES062	4.49145
BLOCK22/SES223/SA223S13	SES085	4.9889
BLOCK22/SES223/SA223S22	SES223	4.53793
BLOCK22/SES223/SA223S25	SES223	4.76369
BLOCK22/SES223/SA223S27	SES223	4.57814
BLOCK22/SES225/SA225S12	SES225	6.05897
BLOCK22/SES225/SA225S13	SES225	5.57353
BLOCK22/SES225/SA225S21	SES225	6.089
BLOCK22/SES225/SA225S25	SES225	6.11627
BLOCK22/SES225/SA225S28	SES225	4.73203
BLOCK22/SES226/SA226S12	SES226	4.9526
BLOCK22/SES226/SA226S13	SES226	4.8719
BLOCK22/SES226/SA226S20	SES226	4.76958
BLOCK22/SES226/SA226S23	SES226	5.84402
BLOCK22/SES226/SA226S28	SES226	6.52294
BLOCK22/SES227/SA227S14	SES227	4.59265
BLOCK22/SES227/SA227S15	SES227	5.34403
BLOCK22/SES227/SA227S23	SES227	4.96584
BLOCK22/SES227/SA227S26	SES227	5.33629
BLOCK22/SES227/SA227S29	SES227	5.30171
BLOCK25/SES257/SA257S11	SES257	5.19665
BLOCK25/SES257/SA257S13	SES257	4.34547
BLOCK25/SES257/SA257S20	SES257	4.69421
BLOCK25/SES257/SA257S22	SES257	5.6832
BLOCK25/SES257/SA257S29	SES257	4.90058
BLOCK25/SES258/SA258S10	SES258	4.71637
BLOCK25/SES258/SA258S11	SES258	4.69163
BLOCK25/SES258/SA258S20	SES101	3.70174
BLOCK25/SES258/SA258S25	SES258	3.2711
BLOCK25/SES258/SA258S28	SES258	3.64619
BLOCK25/SES259/SA259S13	SES259	6.11174
BLOCK25/SES259/SA259S14	SES259	5.62707
BLOCK25/SES259/SA259S22	SES259	5.86445
BLOCK25/SES259/SA259S24	SES259	6.26877
BLOCK25/SES259/SA259S28	SES259	5.86523
BLOCK27/SES270/SA270S14	SES270	3.55211
BLOCK27/SES270/SA270S16	SES270	4.29321
BLOCK27/SES270/SA270S22	SES270	4.55756
BLOCK27/SES270/SA270S26	SES270	4.23558
BLOCK27/SES270/SA270S28	SES270	4.11821
BLOCK27/SES271/SA271S14	SES271	5.19514
BLOCK27/SES271/SA271S15	SES185	4.52228
BLOCK27/SES271/SA271S22	SES271	4.6279
BLOCK27/SES271/SA271S27	SES175	4.46181
BLOCK27/SES271/SA271S29	SES271	5.89717
BLOCK27/SES272/SA272S10	SES272	5.26914
BLOCK27/SES272/SA272S13	SES272	5.1307
BLOCK27/SES272/SA272S21	SES272	5.34238
BLOCK27/SES272/SA272S24	SES272	4.56272
BLOCK27/SES272/SA272S29	SES272	4.77805
BLOCK27/SES273/SA273S12	SES273	6.19469
BLOCK27/SES273/SA273S13	SES273	6.25595
BLOCK27/SES273/SA273S21	SES273	5.96633
BLOCK27/SES273/SA273S25	SES273	5.53642
BLOCK27/SES273/SA273S27	SES273	6.2316
BLOCK27/SES274/SA274S10	SES274	6.56228
BLOCK27/SES274/SA274S11	SES274	6.90231
BLOCK27/SES274/SA274S21	SES274	7.10399
BLOCK27/SES274/SA274S24	SES274	6.76912
BLOCK27/SES274/SA274S29	SES274	5.38871
BLOCK27/SES275/SA275S17	SES275	5.73093
BLOCK27/SES275/SA275S18	SES185	5.08026
BLOCK27/SES275/SA275S24	SES275	4.29091
BLOCK27/SES275/SA275S26	SES166	5.5163
BLOCK27/SES275/SA275S28	SES275	4.93595
BLOCK27/SES276/SA276S16	SES276	5.0117
BLOCK27/SES276/SA276S17	SES166	5.23043
BLOCK27/SES276/SA276S24	SES276	5.54971
BLOCK27/SES276/SA276S26	SES290	5.49336
BLOCK27/SES276/SA276S28	SES276	5.53869
BLOCK27/SES277/SA277S12	SES277	4.23451
BLOCK27/SES277/SA277S14	SES277	4.04195
BLOCK27/SES277/SA277S21	SES277	5.52978
BLOCK27/SES277/SA277S24	SES277	3.84749
BLOCK27/SES277/SA277S29	SES277	5.30358
BLOCK27/SES278/SA278S12	SES278	4.74056
BLOCK27/SES278/SA278S16	SES278	5.2686
BLOCK27/SES278/SA278S24	SES278	5.45702
BLOCK27/SES278/SA278S26	SES278	5.30593
BLOCK27/SES278/SA278S29	SES278	4.98476
BLOCK27/SES279/SA279S09	SES047	5.31639
BLOCK27/SES279/SA279S10	SES279	4.87343
BLOCK27/SES279/SA279S20	SES279	3.92816
BLOCK27/SES279/SA279S26	SES279	5.13183
BLOCK27/SES279/SA279S28	SES279	6.65024
BLOCK29/SES290/SA290S12	SES290	7.40126
BLOCK29/SES290/SA290S13	SES098	5.56162
BLOCK29/SES290/SA290S22	SES290	6.05302
BLOCK29/SES290/SA290S25	SES202	6.51565
BLOCK29/SES290/SA290S29	SES290	6.64517
BLOCK29/SES291/SA291S11	SES291	4.35046
BLOCK29/SES291/SA291S12	SES122	5.35934
BLOCK29/SES291/SA291S22	SES291	5.08231
BLOCK29/SES291/SA291S24	SES291	6.02443
BLOCK29/SES291/SA291S27	SES291	5.12917
BLOCK29/SES292/SA292S10	SES292	6.09049
BLOCK29/SES292/SA292S12	SES292	4.18809
BLOCK29/SES292/SA292S22	SES292	5.47334
BLOCK29/SES292/SA292S24	SES292	5.46545
BLOCK29/SES292/SA292S27	SES292	4.59863
BLOCK29/SES294/SA294S13	SES294	3.72762
BLOCK29/SES294/SA294S14	SES294	5.32874
BLOCK29/SES294/SA294S23	SES294	5.06122
BLOCK29/SES294/SA294S25	SES294	4.77479
BLOCK29/SES294/SA294S28	SES048	5.31397
nerr=107	ntot=785	error_rate=13.63%
=======
>>>>>>> 67dc04d
BLOCK00/SES000/SA000S13	SES000	6.05199
BLOCK00/SES000/SA000S14	SES000	7.16547
BLOCK00/SES000/SA000S22	SES000	5.81611
BLOCK00/SES000/SA000S24	SES000	5.72535
BLOCK00/SES000/SA000S28	SES000	6.69919
BLOCK00/SES001/SA001S14	SES001	7.21615
BLOCK00/SES001/SA001S15	SES001	7.6401
BLOCK00/SES001/SA001S24	SES080	6.32158
BLOCK00/SES001/SA001S27	SES080	7.31747
BLOCK00/SES001/SA001S29	SES001	6.1729
BLOCK00/SES002/SA002S12	SES002	5.51544
BLOCK00/SES002/SA002S13	SES002	5.43496
BLOCK00/SES002/SA002S23	SES002	5.52275
BLOCK00/SES002/SA002S26	SES002	5.43516
BLOCK00/SES002/SA002S28	SES002	6.20487
BLOCK00/SES003/SA003S11	SES003	5.82543
BLOCK00/SES003/SA003S15	SES225	6.31763
BLOCK00/SES003/SA003S22	SES003	6.60021
BLOCK00/SES003/SA003S25	SES003	5.78335
BLOCK00/SES003/SA003S29	SES003	6.17407
BLOCK00/SES004/SA004S12	SES004	6.65128
BLOCK00/SES004/SA004S17	SES004	6.11708
BLOCK00/SES004/SA004S24	SES004	6.13819
BLOCK00/SES004/SA004S26	SES004	6.21799
BLOCK00/SES004/SA004S28	SES184	6.68775
BLOCK00/SES005/SA005S12	SES005	6.60936
BLOCK00/SES005/SA005S13	SES005	5.45095
BLOCK00/SES005/SA005S20	SES005	5.8178
BLOCK00/SES005/SA005S24	SES180	6.61187
BLOCK00/SES005/SA005S28	SES005	6.68897
BLOCK00/SES006/SA006S10	SES006	4.79319
BLOCK00/SES006/SA006S11	SES006	5.3048
BLOCK00/SES006/SA006S23	SES006	5.26297
BLOCK00/SES006/SA006S26	SES006	6.46868
BLOCK00/SES006/SA006S28	SES006	3.86864
BLOCK00/SES007/SA007S14	SES007	6.8148
BLOCK00/SES007/SA007S15	SES007	5.86889
BLOCK00/SES007/SA007S24	SES007	5.91478
BLOCK00/SES007/SA007S27	SES007	5.30207
BLOCK00/SES007/SA007S29	SES007	6.59425
BLOCK00/SES008/SA008S11	SES008	6.50897
BLOCK00/SES008/SA008S12	SES008	6.17737
BLOCK00/SES008/SA008S19	SES008	7.59954
BLOCK00/SES008/SA008S22	SES008	5.37285
BLOCK00/SES008/SA008S29	SES008	7.27635
BLOCK00/SES009/SA009S12	SES009	7.09355
BLOCK00/SES009/SA009S15	SES009	7.37624
BLOCK00/SES009/SA009S24	SES009	6.47061
BLOCK00/SES009/SA009S26	SES009	5.7459
BLOCK00/SES009/SA009S29	SES009	6.82274
BLOCK01/SES010/SA010S11	SES010	5.9546
BLOCK01/SES010/SA010S12	SES010	6.08075
BLOCK01/SES010/SA010S20	SES010	5.62023
BLOCK01/SES010/SA010S24	SES010	5.12552
BLOCK01/SES010/SA010S29	SES010	6.38085
BLOCK01/SES011/SA011S10	SES011	5.88637
BLOCK01/SES011/SA011S11	SES011	7.11406
BLOCK01/SES011/SA011S22	SES011	6.8654
BLOCK01/SES011/SA011S24	SES011	7.26406
BLOCK01/SES011/SA011S27	SES011	6.58536
BLOCK01/SES012/SA012S11	SES012	6.90945
BLOCK01/SES012/SA012S14	SES012	6.15885
BLOCK01/SES012/SA012S24	SES012	4.63441
BLOCK01/SES012/SA012S26	SES012	6.38032
BLOCK01/SES012/SA012S29	SES012	5.66916
BLOCK01/SES013/SA013S16	SES013	5.50746
BLOCK01/SES013/SA013S17	SES013	6.95453
BLOCK01/SES013/SA013S23	SES013	5.66637
BLOCK01/SES013/SA013S25	SES013	7.19892
BLOCK01/SES013/SA013S29	SES013	6.28116
BLOCK01/SES014/SA014S10	SES014	6.8089
BLOCK01/SES014/SA014S12	SES014	8.24807
BLOCK01/SES014/SA014S24	SES014	6.66904
BLOCK01/SES014/SA014S26	SES014	8.4447
BLOCK01/SES014/SA014S28	SES014	8.42028
BLOCK01/SES015/SA015S11	SES015	7.57161
BLOCK01/SES015/SA015S12	SES015	6.41002
BLOCK01/SES015/SA015S23	SES015	8.31145
BLOCK01/SES015/SA015S25	SES015	5.93355
BLOCK01/SES015/SA015S29	SES015	5.59955
BLOCK01/SES016/SA016S12	SES016	4.67426
BLOCK01/SES016/SA016S13	SES016	6.56422
BLOCK01/SES016/SA016S22	SES016	7.4416
BLOCK01/SES016/SA016S25	SES016	8.16319
BLOCK01/SES016/SA016S27	SES016	7.47577
BLOCK01/SES017/SA017S11	SES017	6.54251
BLOCK01/SES017/SA017S12	SES017	6.26217
BLOCK01/SES017/SA017S19	SES017	8.05327
BLOCK01/SES017/SA017S23	SES017	8.49288
BLOCK01/SES017/SA017S27	SES017	7.15142
BLOCK01/SES019/SA019S13	SES019	5.70026
BLOCK01/SES019/SA019S14	SES019	5.62524
BLOCK01/SES019/SA019S22	SES019	5.93451
BLOCK01/SES019/SA019S25	SES019	5.55972
BLOCK01/SES019/SA019S29	SES019	5.92837
BLOCK02/SES020/SA020S15	SES089	5.73723
BLOCK02/SES020/SA020S16	SES020	6.0273
BLOCK02/SES020/SA020S24	SES020	6.10465
BLOCK02/SES020/SA020S26	SES020	5.8214
BLOCK02/SES020/SA020S29	SES020	5.51083
BLOCK02/SES021/SA021S13	SES021	6.56208
BLOCK02/SES021/SA021S15	SES021	7.35581
BLOCK02/SES021/SA021S23	SES021	5.75702
BLOCK02/SES021/SA021S27	SES021	7.36872
BLOCK02/SES021/SA021S29	SES021	5.82358
BLOCK02/SES022/SA022S13	SES022	5.51058
BLOCK02/SES022/SA022S14	SES022	4.94841
BLOCK02/SES022/SA022S23	SES022	6.59
BLOCK02/SES022/SA022S25	SES022	5.80603
BLOCK02/SES022/SA022S29	SES022	5.54005
BLOCK02/SES023/SA023S11	SES023	5.96644
BLOCK02/SES023/SA023S13	SES023	6.76229
BLOCK02/SES023/SA023S24	SES023	6.74005
BLOCK02/SES023/SA023S26	SES023	5.70321
BLOCK02/SES023/SA023S28	SES023	6.96439
BLOCK02/SES024/SA024S10	SES024	5.96812
BLOCK02/SES024/SA024S11	SES024	5.96945
BLOCK02/SES024/SA024S19	SES024	7.09806
BLOCK02/SES024/SA024S26	SES024	7.27766
BLOCK02/SES024/SA024S28	SES024	6.55964
BLOCK02/SES025/SA025S10	SES025	5.94338
BLOCK02/SES025/SA025S13	SES025	5.21897
BLOCK02/SES025/SA025S21	SES025	5.23047
BLOCK02/SES025/SA025S24	SES025	5.59327
BLOCK02/SES025/SA025S29	SES003	5.85536
BLOCK02/SES026/SA026S12	SES026	3.73248
BLOCK02/SES026/SA026S13	SES026	4.34953
BLOCK02/SES026/SA026S21	SES026	4.32015
BLOCK02/SES026/SA026S26	SES026	3.65136
BLOCK02/SES026/SA026S28	SES026	4.27816
BLOCK02/SES027/SA027S11	SES027	6.58713
BLOCK02/SES027/SA027S12	SES027	5.46375
BLOCK02/SES027/SA027S21	SES027	5.8143
BLOCK02/SES027/SA027S23	SES027	6.51806
BLOCK02/SES027/SA027S25	SES027	6.14568
BLOCK02/SES029/SA029S11	SES029	7.60816
BLOCK02/SES029/SA029S12	SES029	7.02479
BLOCK02/SES029/SA029S20	SES029	7.2447
BLOCK02/SES029/SA029S25	SES029	6.67729
BLOCK02/SES029/SA029S28	SES029	6.55001
BLOCK04/SES040/SA040S08	SES040	8.12438
BLOCK04/SES040/SA040S09	SES040	7.5652
BLOCK04/SES040/SA040S20	SES040	7.55515
BLOCK04/SES040/SA040S23	SES040	7.57367
BLOCK04/SES040/SA040S27	SES040	8.07734
BLOCK04/SES042/SA042S12	SES042	7.08277
BLOCK04/SES042/SA042S15	SES042	7.82023
BLOCK04/SES042/SA042S22	SES042	7.85801
BLOCK04/SES042/SA042S25	SES042	5.47614
BLOCK04/SES042/SA042S27	SES042	7.08562
BLOCK04/SES043/SA043S09	SES043	5.40004
BLOCK04/SES043/SA043S11	SES043	6.43919
BLOCK04/SES043/SA043S23	SES043	6.58328
BLOCK04/SES043/SA043S26	SES043	6.20106
BLOCK04/SES043/SA043S28	SES043	6.39464
BLOCK04/SES044/SA044S10	SES044	6.59554
BLOCK04/SES044/SA044S11	SES044	6.57468
BLOCK04/SES044/SA044S24	SES044	5.58785
BLOCK04/SES044/SA044S26	SES044	6.21
BLOCK04/SES044/SA044S29	SES044	6.51415
BLOCK04/SES045/SA045S11	SES045	5.986
BLOCK04/SES045/SA045S13	SES045	6.55982
BLOCK04/SES045/SA045S22	SES045	5.24836
BLOCK04/SES045/SA045S25	SES045	7.10989
BLOCK04/SES045/SA045S29	SES045	5.18164
BLOCK04/SES046/SA046S13	SES046	5.16531
BLOCK04/SES046/SA046S15	SES275	6.37264
BLOCK04/SES046/SA046S22	SES045	5.63172
BLOCK04/SES046/SA046S25	SES046	6.41842
BLOCK04/SES046/SA046S28	SES046	6.37155
BLOCK04/SES047/SA047S10	SES047	6.38229
BLOCK04/SES047/SA047S11	SES047	6.86528
BLOCK04/SES047/SA047S22	SES047	5.22621
BLOCK04/SES047/SA047S24	SES047	6.21945
BLOCK04/SES047/SA047S27	SES047	5.35059
BLOCK04/SES048/SA048S11	SES048	6.72006
BLOCK04/SES048/SA048S12	SES048	5.46668
BLOCK04/SES048/SA048S20	SES048	6.76784
BLOCK04/SES048/SA048S23	SES048	5.9574
BLOCK04/SES048/SA048S27	SES048	6.8731
BLOCK04/SES049/SA049S16	SES049	4.71238
BLOCK04/SES049/SA049S18	SES049	4.19634
BLOCK04/SES049/SA049S25	SES049	5.0991
BLOCK04/SES049/SA049S27	SES049	6.11696
BLOCK04/SES049/SA049S29	SES049	6.52064
BLOCK06/SES060/SA060S11	SES060	6.45116
BLOCK06/SES060/SA060S12	SES085	6.32086
BLOCK06/SES060/SA060S22	SES085	5.37671
BLOCK06/SES060/SA060S24	SES060	7.61689
BLOCK06/SES060/SA060S28	SES068	7.6072
BLOCK06/SES061/SA061S10	SES061	6.39483
BLOCK06/SES061/SA061S11	SES061	5.1386
BLOCK06/SES061/SA061S18	SES061	3.19257
BLOCK06/SES061/SA061S23	SES061	4.56607
BLOCK06/SES061/SA061S26	SES061	6.74736
BLOCK06/SES062/SA062S10	SES062	6.21592
BLOCK06/SES062/SA062S11	SES062	7.14604
BLOCK06/SES062/SA062S21	SES062	8.8967
BLOCK06/SES062/SA062S26	SES062	7.34105
BLOCK06/SES062/SA062S29	SES062	7.54453
BLOCK06/SES063/SA063S09	SES063	7.58451
BLOCK06/SES063/SA063S10	SES063	7.81893
BLOCK06/SES063/SA063S20	SES063	7.15165
BLOCK06/SES063/SA063S24	SES063	8.02844
BLOCK06/SES063/SA063S27	SES063	7.53759
BLOCK06/SES064/SA064S12	SES064	5.68741
BLOCK06/SES064/SA064S14	SES064	6.27302
BLOCK06/SES064/SA064S22	SES064	5.85853
BLOCK06/SES064/SA064S26	SES064	5.11915
BLOCK06/SES064/SA064S29	SES064	5.21205
BLOCK06/SES065/SA065S11	SES065	7.51135
BLOCK06/SES065/SA065S13	SES065	6.35651
BLOCK06/SES065/SA065S22	SES065	6.40568
BLOCK06/SES065/SA065S24	SES065	7.02275
BLOCK06/SES065/SA065S29	SES065	6.05602
BLOCK06/SES066/SA066S13	SES014	5.54852
BLOCK06/SES066/SA066S14	SES066	6.88066
BLOCK06/SES066/SA066S21	SES066	7.20263
BLOCK06/SES066/SA066S25	SES066	5.85616
BLOCK06/SES066/SA066S29	SES066	4.83684
BLOCK06/SES067/SA067S12	SES067	8.88405
BLOCK06/SES067/SA067S14	SES067	9.8464
BLOCK06/SES067/SA067S21	SES067	6.91426
BLOCK06/SES067/SA067S25	SES067	7.13996
BLOCK06/SES067/SA067S29	SES067	8.53732
BLOCK06/SES068/SA068S14	SES068	6.00205
BLOCK06/SES068/SA068S15	SES068	7.10858
BLOCK06/SES068/SA068S23	SES068	6.76059
BLOCK06/SES068/SA068S27	SES068	6.59747
BLOCK06/SES068/SA068S29	SES068	6.68224
BLOCK06/SES069/SA069S12	SES069	6.53793
BLOCK06/SES069/SA069S13	SES069	6.98629
BLOCK06/SES069/SA069S23	SES069	7.87858
BLOCK06/SES069/SA069S25	SES069	8.01977
BLOCK06/SES069/SA069S27	SES069	7.2105
BLOCK08/SES080/SA080S11	SES080	6.7715
BLOCK08/SES080/SA080S12	SES080	6.41239
BLOCK08/SES080/SA080S21	SES080	6.82901
BLOCK08/SES080/SA080S25	SES080	6.13712
BLOCK08/SES080/SA080S28	SES080	5.25216
BLOCK08/SES081/SA081S11	SES081	6.21487
BLOCK08/SES081/SA081S13	SES081	7.80446
BLOCK08/SES081/SA081S24	SES081	6.55988
BLOCK08/SES081/SA081S27	SES081	6.42695
BLOCK08/SES081/SA081S29	SES081	6.51187
BLOCK08/SES082/SA082S12	SES082	5.09348
BLOCK08/SES082/SA082S14	SES082	4.60317
BLOCK08/SES082/SA082S21	SES082	5.41122
BLOCK08/SES082/SA082S24	SES082	5.51255
BLOCK08/SES082/SA082S28	SES082	5.25703
BLOCK08/SES083/SA083S14	SES083	6.61737
BLOCK08/SES083/SA083S15	SES083	6.85894
BLOCK08/SES083/SA083S24	SES083	6.11695
BLOCK08/SES083/SA083S26	SES083	5.80118
BLOCK08/SES083/SA083S29	SES083	6.27069
BLOCK08/SES084/SA084S14	SES084	5.88617
BLOCK08/SES084/SA084S15	SES084	6.52466
BLOCK08/SES084/SA084S22	SES084	7.24529
BLOCK08/SES084/SA084S27	SES084	6.50132
BLOCK08/SES084/SA084S29	SES084	6.80866
BLOCK08/SES085/SA085S10	SES085	7.0996
BLOCK08/SES085/SA085S13	SES085	6.56719
BLOCK08/SES085/SA085S22	SES085	6.20113
BLOCK08/SES085/SA085S26	SES085	6.7932
BLOCK08/SES085/SA085S28	SES085	7.32632
BLOCK08/SES086/SA086S11	SES086	5.01409
BLOCK08/SES086/SA086S12	SES086	6.06976
BLOCK08/SES086/SA086S20	SES086	7.17837
BLOCK08/SES086/SA086S24	SES086	5.63056
BLOCK08/SES086/SA086S28	SES086	7.39858
BLOCK08/SES087/SA087S15	SES087	6.70702
BLOCK08/SES087/SA087S16	SES087	5.63991
BLOCK08/SES087/SA087S24	SES087	6.53564
BLOCK08/SES087/SA087S26	SES087	7.95729
BLOCK08/SES087/SA087S29	SES087	6.76809
BLOCK08/SES088/SA088S15	SES088	5.23934
BLOCK08/SES088/SA088S17	SES088	7.23985
BLOCK08/SES088/SA088S24	SES088	6.99164
BLOCK08/SES088/SA088S27	SES088	6.07456
BLOCK08/SES088/SA088S29	SES088	6.15869
BLOCK08/SES089/SA089S13	SES089	5.22582
BLOCK08/SES089/SA089S14	SES089	6.5822
BLOCK08/SES089/SA089S23	SES089	5.26409
BLOCK08/SES089/SA089S25	SES089	7.63192
BLOCK08/SES089/SA089S28	SES089	7.22726
BLOCK09/SES097/SA097S11	SES097	5.47176
BLOCK09/SES097/SA097S14	SES097	5.92264
BLOCK09/SES097/SA097S22	SES097	5.40446
BLOCK09/SES097/SA097S26	SES097	6.77175
BLOCK09/SES097/SA097S28	SES097	6.08293
BLOCK09/SES098/SA098S11	SES203	5.86327
BLOCK09/SES098/SA098S12	SES098	4.09097
BLOCK09/SES098/SA098S20	SES098	6.14361
BLOCK09/SES098/SA098S23	SES098	5.42086
BLOCK09/SES098/SA098S27	SES292	4.70855
BLOCK09/SES099/SA099S15	SES099	5.38035
BLOCK09/SES099/SA099S16	SES099	5.13566
BLOCK09/SES099/SA099S24	SES099	6.09807
BLOCK09/SES099/SA099S26	SES099	6.22434
BLOCK09/SES099/SA099S29	SES099	6.0219
BLOCK10/SES100/SA100S13	SES100	5.01035
BLOCK10/SES100/SA100S14	SES100	5.87899
BLOCK10/SES100/SA100S24	SES100	4.82457
BLOCK10/SES100/SA100S27	SES100	5.58612
BLOCK10/SES100/SA100S29	SES100	5.03498
BLOCK10/SES101/SA101S11	SES101	6.11331
BLOCK10/SES101/SA101S13	SES101	6.96992
BLOCK10/SES101/SA101S22	SES101	5.47726
BLOCK10/SES101/SA101S24	SES101	6.09218
BLOCK10/SES101/SA101S28	SES101	5.81521
BLOCK10/SES102/SA102S13	SES102	5.53244
BLOCK10/SES102/SA102S14	SES102	7.01426
BLOCK10/SES102/SA102S22	SES101	5.82996
BLOCK10/SES102/SA102S25	SES102	6.20211
BLOCK10/SES102/SA102S27	SES102	5.75813
BLOCK10/SES103/SA103S14	SES103	5.32874
BLOCK10/SES103/SA103S15	SES103	3.88368
BLOCK10/SES103/SA103S24	SES103	5.30186
BLOCK10/SES103/SA103S26	SES103	5.82953
BLOCK10/SES103/SA103S28	SES103	5.04918
BLOCK10/SES104/SA104S11	SES104	7.45888
BLOCK10/SES104/SA104S12	SES104	6.96323
BLOCK10/SES104/SA104S21	SES104	6.22128
BLOCK10/SES104/SA104S24	SES104	6.06739
BLOCK10/SES104/SA104S28	SES104	6.42097
BLOCK10/SES105/SA105S12	SES105	4.66982
BLOCK10/SES105/SA105S13	SES105	5.30493
BLOCK10/SES105/SA105S22	SES105	4.28332
BLOCK10/SES105/SA105S26	SES105	5.49133
BLOCK10/SES105/SA105S29	SES105	5.73055
BLOCK10/SES106/SA106S09	SES106	5.07371
BLOCK10/SES106/SA106S11	SES106	6.06743
BLOCK10/SES106/SA106S22	SES106	5.01552
BLOCK10/SES106/SA106S27	SES106	5.92381
BLOCK10/SES106/SA106S29	SES106	6.26916
BLOCK10/SES107/SA107S08	SES107	8.02916
BLOCK10/SES107/SA107S09	SES107	6.50086
BLOCK10/SES107/SA107S20	SES107	5.36461
BLOCK10/SES107/SA107S24	SES107	6.30279
BLOCK10/SES107/SA107S28	SES107	6.26146
BLOCK10/SES108/SA108S13	SES108	4.24652
BLOCK10/SES108/SA108S14	SES108	5.05562
BLOCK10/SES108/SA108S24	SES108	5.53331
BLOCK10/SES108/SA108S27	SES108	5.38629
BLOCK10/SES108/SA108S29	SES108	4.1195
BLOCK10/SES109/SA109S14	SES109	5.29296
BLOCK10/SES109/SA109S15	SES162	5.54936
BLOCK10/SES109/SA109S21	SES109	5.42932
BLOCK10/SES109/SA109S25	SES109	5.27458
BLOCK10/SES109/SA109S28	SES109	5.33129
BLOCK11/SES117/SA117S12	SES117	5.85949
BLOCK11/SES117/SA117S13	SES117	6.25089
BLOCK11/SES117/SA117S23	SES117	5.56441
BLOCK11/SES117/SA117S25	SES117	4.84116
BLOCK11/SES117/SA117S28	SES117	5.45193
BLOCK11/SES118/SA118S14	SES118	6.44839
BLOCK11/SES118/SA118S16	SES118	6.82481
BLOCK11/SES118/SA118S23	SES118	7.18221
BLOCK11/SES118/SA118S26	SES118	6.18937
BLOCK11/SES118/SA118S29	SES118	5.42935
BLOCK11/SES119/SA119S10	SES119	5.09785
BLOCK11/SES119/SA119S12	SES119	5.25002
BLOCK11/SES119/SA119S19	SES119	6.15525
BLOCK11/SES119/SA119S22	SES119	4.87252
BLOCK11/SES119/SA119S27	SES119	5.82921
BLOCK12/SES120/SA120S08	SES120	4.92285
BLOCK12/SES120/SA120S11	SES120	4.22292
BLOCK12/SES120/SA120S22	SES120	5.91502
BLOCK12/SES120/SA120S24	SES120	5.23751
BLOCK12/SES120/SA120S28	SES209	4.50191
BLOCK12/SES121/SA121S12	SES121	5.68249
BLOCK12/SES121/SA121S14	SES121	4.6353
BLOCK12/SES121/SA121S23	SES121	4.12968
BLOCK12/SES121/SA121S25	SES121	5.48813
BLOCK12/SES121/SA121S27	SES121	6.05492
BLOCK12/SES122/SA122S11	SES122	5.63886
BLOCK12/SES122/SA122S13	SES122	5.69673
BLOCK12/SES122/SA122S22	SES122	5.07721
BLOCK12/SES122/SA122S24	SES278	5.00388
BLOCK12/SES122/SA122S27	SES122	5.53369
BLOCK12/SES123/SA123S10	SES123	7.50176
BLOCK12/SES123/SA123S12	SES123	8.13218
BLOCK12/SES123/SA123S23	SES123	7.72112
BLOCK12/SES123/SA123S26	SES123	7.22403
BLOCK12/SES123/SA123S29	SES123	6.89423
BLOCK12/SES124/SA124S16	SES124	5.96304
BLOCK12/SES124/SA124S17	SES124	5.87587
BLOCK12/SES124/SA124S23	SES124	8.27104
BLOCK12/SES124/SA124S26	SES124	6.68623
BLOCK12/SES124/SA124S28	SES124	6.91249
BLOCK12/SES125/SA125S13	SES125	6.83802
BLOCK12/SES125/SA125S14	SES125	5.94799
BLOCK12/SES125/SA125S25	SES125	6.59484
BLOCK12/SES125/SA125S27	SES125	7.881
BLOCK12/SES125/SA125S29	SES125	6.5162
BLOCK12/SES126/SA126S13	SES126	6.314
BLOCK12/SES126/SA126S14	SES126	7.69402
BLOCK12/SES126/SA126S20	SES126	6.72109
BLOCK12/SES126/SA126S24	SES126	7.66583
BLOCK12/SES126/SA126S26	SES126	6.78286
BLOCK12/SES127/SA127S11	SES127	5.84096
BLOCK12/SES127/SA127S12	SES046	7.69701
BLOCK12/SES127/SA127S23	SES127	6.31552
BLOCK12/SES127/SA127S25	SES127	5.6449
BLOCK12/SES127/SA127S27	SES127	5.97736
BLOCK12/SES128/SA128S10	SES128	5.10557
BLOCK12/SES128/SA128S12	SES128	4.87802
BLOCK12/SES128/SA128S21	SES226	5.0132
BLOCK12/SES128/SA128S24	SES128	5.77293
BLOCK12/SES128/SA128S27	SES128	6.12472
BLOCK12/SES129/SA129S11	SES129	7.57987
BLOCK12/SES129/SA129S12	SES129	6.86174
BLOCK12/SES129/SA129S22	SES129	6.60345
BLOCK12/SES129/SA129S27	SES129	6.7891
BLOCK12/SES129/SA129S29	SES129	7.52598
BLOCK13/SES130/SA130S13	SES130	5.18543
BLOCK13/SES130/SA130S15	SES130	7.19378
BLOCK13/SES130/SA130S23	SES130	5.5198
BLOCK13/SES130/SA130S25	SES130	6.25485
BLOCK13/SES130/SA130S28	SES130	5.27353
BLOCK13/SES131/SA131S13	SES131	4.41069
BLOCK13/SES131/SA131S14	SES131	6.70194
BLOCK13/SES131/SA131S20	SES131	4.46543
BLOCK13/SES131/SA131S22	SES128	5.74573
BLOCK13/SES131/SA131S29	SES131	4.47262
BLOCK13/SES132/SA132S11	SES132	6.8483
BLOCK13/SES132/SA132S12	SES132	8.02335
BLOCK13/SES132/SA132S22	SES132	6.25422
BLOCK13/SES132/SA132S24	SES132	7.32397
BLOCK13/SES132/SA132S27	SES132	5.60306
BLOCK13/SES133/SA133S12	SES133	6.78817
BLOCK13/SES133/SA133S14	SES133	7.66625
BLOCK13/SES133/SA133S22	SES133	6.26019
BLOCK13/SES133/SA133S24	SES130	6.33111
BLOCK13/SES133/SA133S28	SES133	7.32593
BLOCK14/SES140/SA140S10	SES169	6.24025
BLOCK14/SES140/SA140S13	SES140	7.07165
BLOCK14/SES140/SA140S20	SES162	6.93421
BLOCK14/SES140/SA140S22	SES140	7.07599
BLOCK14/SES140/SA140S28	SES169	6.48012
BLOCK14/SES141/SA141S09	SES141	7.04508
BLOCK14/SES141/SA141S15	SES141	6.23791
BLOCK14/SES141/SA141S24	SES141	7.1019
BLOCK14/SES141/SA141S26	SES141	6.21623
BLOCK14/SES141/SA141S29	SES141	6.81648
BLOCK14/SES142/SA142S11	SES142	6.63211
BLOCK14/SES142/SA142S12	SES142	6.71783
BLOCK14/SES142/SA142S24	SES142	7.18399
BLOCK14/SES142/SA142S27	SES142	7.37247
BLOCK14/SES142/SA142S29	SES142	7.66691
BLOCK14/SES143/SA143S12	SES143	5.97257
BLOCK14/SES143/SA143S13	SES143	5.52995
BLOCK14/SES143/SA143S23	SES143	6.26443
BLOCK14/SES143/SA143S25	SES143	6.97943
BLOCK14/SES143/SA143S28	SES143	6.34291
BLOCK14/SES144/SA144S09	SES144	6.47859
BLOCK14/SES144/SA144S11	SES144	6.20644
BLOCK14/SES144/SA144S21	SES275	5.12203
BLOCK14/SES144/SA144S25	SES144	6.31521
BLOCK14/SES144/SA144S29	SES144	5.44577
BLOCK14/SES145/SA145S12	SES145	7.52766
BLOCK14/SES145/SA145S13	SES145	5.9425
BLOCK14/SES145/SA145S23	SES145	6.2772
BLOCK14/SES145/SA145S25	SES145	7.09548
BLOCK14/SES145/SA145S28	SES145	7.26655
BLOCK14/SES146/SA146S14	SES146	5.17226
BLOCK14/SES146/SA146S15	SES146	5.32065
BLOCK14/SES146/SA146S24	SES146	5.42105
BLOCK14/SES146/SA146S26	SES146	6.18294
BLOCK14/SES146/SA146S29	SES146	4.71937
BLOCK14/SES147/SA147S11	SES147	6.15981
BLOCK14/SES147/SA147S13	SES147	7.2011
BLOCK14/SES147/SA147S23	SES147	5.81779
BLOCK14/SES147/SA147S26	SES147	5.34728
BLOCK14/SES147/SA147S28	SES147	6.50172
BLOCK14/SES148/SA148S10	SES148	6.66187
BLOCK14/SES148/SA148S12	SES148	4.98027
BLOCK14/SES148/SA148S22	SES148	6.92775
BLOCK14/SES148/SA148S26	SES148	6.42761
BLOCK14/SES148/SA148S29	SES175	6.09542
BLOCK14/SES149/SA149S13	SES271	5.18232
BLOCK14/SES149/SA149S14	SES173	5.94951
BLOCK14/SES149/SA149S24	SES149	6.43254
BLOCK14/SES149/SA149S26	SES149	7.33247
BLOCK14/SES149/SA149S28	SES149	6.97349
BLOCK15/SES157/SA157S08	SES157	6.80991
BLOCK15/SES157/SA157S11	SES157	5.85741
BLOCK15/SES157/SA157S21	SES157	6.64127
BLOCK15/SES157/SA157S24	SES157	6.96001
BLOCK15/SES157/SA157S26	SES157	6.54298
BLOCK15/SES158/SA158S13	SES158	5.31521
BLOCK15/SES158/SA158S14	SES158	4.90565
BLOCK15/SES158/SA158S23	SES158	6.03017
BLOCK15/SES158/SA158S26	SES158	4.86482
BLOCK15/SES158/SA158S28	SES158	5.14108
BLOCK15/SES159/SA159S10	SES159	4.52995
BLOCK15/SES159/SA159S12	SES159	4.95447
BLOCK15/SES159/SA159S22	SES109	4.8754
BLOCK15/SES159/SA159S25	SES159	5.75402
BLOCK15/SES159/SA159S28	SES159	5.5556
BLOCK16/SES160/SA160S12	SES005	6.17795
BLOCK16/SES160/SA160S14	SES160	5.49896
BLOCK16/SES160/SA160S24	SES160	5.36677
BLOCK16/SES160/SA160S26	SES160	6.02729
BLOCK16/SES160/SA160S28	SES160	5.77992
BLOCK16/SES161/SA161S10	SES161	4.93316
BLOCK16/SES161/SA161S12	SES161	5.69669
BLOCK16/SES161/SA161S20	SES161	4.54261
BLOCK16/SES161/SA161S23	SES161	4.80335
BLOCK16/SES161/SA161S28	SES161	5.10691
BLOCK16/SES162/SA162S10	SES118	5.49873
BLOCK16/SES162/SA162S11	SES162	6.60592
BLOCK16/SES162/SA162S21	SES162	6.44328
BLOCK16/SES162/SA162S24	SES162	6.09454
BLOCK16/SES162/SA162S27	SES162	5.46645
BLOCK16/SES163/SA163S11	SES163	6.81187
BLOCK16/SES163/SA163S13	SES163	6.56414
BLOCK16/SES163/SA163S22	SES273	5.82538
BLOCK16/SES163/SA163S25	SES013	5.99439
BLOCK16/SES163/SA163S27	SES163	6.14382
BLOCK16/SES164/SA164S11	SES164	7.5457
BLOCK16/SES164/SA164S13	SES164	6.69676
BLOCK16/SES164/SA164S24	SES164	7.55853
BLOCK16/SES164/SA164S27	SES164	6.93649
BLOCK16/SES164/SA164S29	SES164	6.21881
BLOCK16/SES165/SA165S08	SES165	7.2531
BLOCK16/SES165/SA165S09	SES165	5.61857
BLOCK16/SES165/SA165S21	SES165	5.60491
BLOCK16/SES165/SA165S23	SES165	5.08416
BLOCK16/SES165/SA165S26	SES165	5.23005
BLOCK16/SES166/SA166S12	SES166	5.59306
BLOCK16/SES166/SA166S14	SES166	4.96361
BLOCK16/SES166/SA166S23	SES166	4.87994
BLOCK16/SES166/SA166S25	SES166	6.5074
BLOCK16/SES166/SA166S27	SES166	6.91378
BLOCK16/SES167/SA167S14	SES167	7.59607
BLOCK16/SES167/SA167S15	SES167	7.50549
BLOCK16/SES167/SA167S21	SES167	8.26612
BLOCK16/SES167/SA167S25	SES167	8.18702
BLOCK16/SES167/SA167S29	SES167	8.97814
BLOCK16/SES168/SA168S10	SES168	6.22636
BLOCK16/SES168/SA168S11	SES168	6.04786
BLOCK16/SES168/SA168S21	SES168	6.17696
BLOCK16/SES168/SA168S25	SES168	7.33017
BLOCK16/SES168/SA168S28	SES168	6.56612
BLOCK16/SES169/SA169S13	SES169	6.08614
BLOCK16/SES169/SA169S14	SES169	6.95529
BLOCK16/SES169/SA169S24	SES169	4.89739
BLOCK16/SES169/SA169S27	SES169	6.36791
BLOCK16/SES169/SA169S29	SES169	7.10658
BLOCK17/SES170/SA170S09	SES170	6.50209
BLOCK17/SES170/SA170S10	SES170	5.94637
BLOCK17/SES170/SA170S22	SES170	6.83366
BLOCK17/SES170/SA170S24	SES170	7.56323
BLOCK17/SES170/SA170S28	SES170	5.62719
BLOCK17/SES171/SA171S12	SES171	5.04783
BLOCK17/SES171/SA171S15	SES171	5.18497
BLOCK17/SES171/SA171S22	SES171	6.53555
BLOCK17/SES171/SA171S25	SES276	4.53612
BLOCK17/SES171/SA171S27	SES277	5.42381
BLOCK17/SES172/SA172S12	SES172	5.24743
BLOCK17/SES172/SA172S13	SES172	6.00443
BLOCK17/SES172/SA172S23	SES172	6.42695
BLOCK17/SES172/SA172S27	SES172	5.64368
BLOCK17/SES172/SA172S29	SES172	6.1625
BLOCK17/SES173/SA173S13	SES173	7.22676
BLOCK17/SES173/SA173S14	SES173	7.335
BLOCK17/SES173/SA173S24	SES173	6.47867
BLOCK17/SES173/SA173S27	SES173	7.51914
BLOCK17/SES173/SA173S29	SES173	5.68801
BLOCK17/SES175/SA175S11	SES175	6.15149
BLOCK17/SES175/SA175S13	SES175	7.02747
BLOCK17/SES175/SA175S23	SES175	6.85232
BLOCK17/SES175/SA175S25	SES175	4.55499
BLOCK17/SES175/SA175S28	SES175	6.60431
BLOCK17/SES177/SA177S15	SES177	5.69145
BLOCK17/SES177/SA177S17	SES177	5.48701
BLOCK17/SES177/SA177S23	SES294	4.53207
BLOCK17/SES177/SA177S26	SES177	7.24136
BLOCK17/SES177/SA177S28	SES177	5.57336
BLOCK18/SES180/SA180S13	SES180	5.47986
BLOCK18/SES180/SA180S15	SES180	5.5808
BLOCK18/SES180/SA180S24	SES180	6.70558
BLOCK18/SES180/SA180S26	SES180	6.49661
BLOCK18/SES180/SA180S29	SES180	6.59426
BLOCK18/SES182/SA182S10	SES182	6.22189
BLOCK18/SES182/SA182S12	SES169	7.03202
BLOCK18/SES182/SA182S21	SES182	5.30345
BLOCK18/SES182/SA182S23	SES182	6.13679
BLOCK18/SES182/SA182S25	SES182	5.39491
BLOCK18/SES183/SA183S13	SES183	5.63434
BLOCK18/SES183/SA183S14	SES183	5.51748
BLOCK18/SES183/SA183S24	SES183	5.02034
BLOCK18/SES183/SA183S27	SES183	5.97191
BLOCK18/SES183/SA183S29	SES183	5.31464
BLOCK18/SES184/SA184S12	SES184	4.72372
BLOCK18/SES184/SA184S13	SES184	5.48753
BLOCK18/SES184/SA184S22	SES184	5.73172
BLOCK18/SES184/SA184S25	SES184	5.95339
BLOCK18/SES184/SA184S27	SES127	5.82263
BLOCK18/SES185/SA185S12	SES085	6.01331
BLOCK18/SES185/SA185S13	SES185	6.45018
BLOCK18/SES185/SA185S23	SES185	5.73737
BLOCK18/SES185/SA185S27	SES185	5.57401
BLOCK18/SES185/SA185S29	SES185	5.93916
BLOCK18/SES186/SA186S14	SES158	6.38524
BLOCK18/SES186/SA186S15	SES186	7.12255
BLOCK18/SES186/SA186S23	SES186	6.79652
BLOCK18/SES186/SA186S26	SES186	6.53851
BLOCK18/SES186/SA186S28	SES186	6.19428
BLOCK18/SES187/SA187S13	SES187	5.01704
BLOCK18/SES187/SA187S14	SES187	5.1479
BLOCK18/SES187/SA187S24	SES187	5.67426
BLOCK18/SES187/SA187S27	SES187	5.57258
BLOCK18/SES187/SA187S29	SES187	4.9195
BLOCK18/SES188/SA188S10	SES188	6.70561
BLOCK18/SES188/SA188S14	SES188	6.87026
BLOCK18/SES188/SA188S22	SES188	6.83689
BLOCK18/SES188/SA188S24	SES188	6.29527
BLOCK18/SES188/SA188S26	SES188	5.26967
BLOCK18/SES189/SA189S10	SES189	5.39425
BLOCK18/SES189/SA189S13	SES189	4.55766
BLOCK18/SES189/SA189S24	SES189	6.51639
BLOCK18/SES189/SA189S26	SES189	6.59887
BLOCK18/SES189/SA189S29	SES189	6.34733
BLOCK20/SES200/SA200S10	SES200	7.44491
BLOCK20/SES200/SA200S11	SES200	7.0686
BLOCK20/SES200/SA200S20	SES200	6.31369
BLOCK20/SES200/SA200S25	SES200	6.54884
BLOCK20/SES200/SA200S29	SES200	6.4946
BLOCK20/SES201/SA201S12	SES201	6.39793
BLOCK20/SES201/SA201S15	SES201	7.23519
BLOCK20/SES201/SA201S23	SES201	6.40239
BLOCK20/SES201/SA201S25	SES201	8.85269
BLOCK20/SES201/SA201S29	SES201	6.22042
BLOCK20/SES202/SA202S12	SES202	6.60821
BLOCK20/SES202/SA202S14	SES202	6.97388
BLOCK20/SES202/SA202S24	SES202	6.40823
BLOCK20/SES202/SA202S27	SES202	7.45257
BLOCK20/SES202/SA202S29	SES202	7.18449
BLOCK20/SES203/SA203S10	SES203	6.90273
BLOCK20/SES203/SA203S11	SES203	5.91759
BLOCK20/SES203/SA203S22	SES203	6.92617
BLOCK20/SES203/SA203S24	SES203	6.65539
BLOCK20/SES203/SA203S27	SES203	6.29881
BLOCK20/SES204/SA204S12	SES204	7.72568
BLOCK20/SES204/SA204S14	SES204	8.77065
BLOCK20/SES204/SA204S22	SES204	7.63155
BLOCK20/SES204/SA204S25	SES204	7.79092
BLOCK20/SES204/SA204S27	SES204	7.01203
BLOCK20/SES205/SA205S12	SES205	5.90355
BLOCK20/SES205/SA205S13	SES205	6.90909
BLOCK20/SES205/SA205S21	SES205	5.5094
BLOCK20/SES205/SA205S24	SES205	6.52245
BLOCK20/SES205/SA205S26	SES080	9.07893
BLOCK20/SES206/SA206S15	SES206	5.78726
BLOCK20/SES206/SA206S17	SES206	6.33062
BLOCK20/SES206/SA206S24	SES206	7.39867
BLOCK20/SES206/SA206S27	SES206	5.83677
BLOCK20/SES206/SA206S29	SES206	7.11111
BLOCK20/SES207/SA207S10	SES207	5.87252
BLOCK20/SES207/SA207S11	SES207	5.53567
BLOCK20/SES207/SA207S25	SES187	4.55024
BLOCK20/SES207/SA207S27	SES207	4.86038
BLOCK20/SES207/SA207S29	SES207	6.09528
BLOCK20/SES209/SA209S12	SES085	5.66543
BLOCK20/SES209/SA209S13	SES209	6.47917
BLOCK20/SES209/SA209S21	SES209	7.14126
BLOCK20/SES209/SA209S25	SES209	5.66236
BLOCK20/SES209/SA209S28	SES209	6.92329
BLOCK22/SES220/SA220S10	SES220	6.59312
BLOCK22/SES220/SA220S13	SES220	5.61429
BLOCK22/SES220/SA220S24	SES220	6.42616
BLOCK22/SES220/SA220S26	SES203	5.47001
BLOCK22/SES220/SA220S28	SES220	6.31805
BLOCK22/SES221/SA221S12	SES221	6.90455
BLOCK22/SES221/SA221S15	SES221	6.96863
BLOCK22/SES221/SA221S23	SES221	6.731
BLOCK22/SES221/SA221S27	SES068	6.28412
BLOCK22/SES221/SA221S29	SES068	6.70928
BLOCK22/SES223/SA223S11	SES223	5.59941
BLOCK22/SES223/SA223S13	SES221	5.6878
BLOCK22/SES223/SA223S22	SES223	5.27631
BLOCK22/SES223/SA223S25	SES223	5.68093
BLOCK22/SES223/SA223S27	SES223	5.81287
BLOCK22/SES225/SA225S12	SES225	6.86459
BLOCK22/SES225/SA225S13	SES225	6.19913
BLOCK22/SES225/SA225S21	SES225	6.77433
BLOCK22/SES225/SA225S25	SES225	6.97641
BLOCK22/SES225/SA225S28	SES225	5.33546
BLOCK22/SES226/SA226S12	SES226	5.59209
BLOCK22/SES226/SA226S13	SES226	5.08499
BLOCK22/SES226/SA226S20	SES226	5.38126
BLOCK22/SES226/SA226S23	SES226	6.47204
BLOCK22/SES226/SA226S28	SES226	6.97365
BLOCK22/SES227/SA227S14	SES227	5.37274
BLOCK22/SES227/SA227S15	SES227	6.11761
BLOCK22/SES227/SA227S23	SES227	5.80356
BLOCK22/SES227/SA227S26	SES227	6.69977
BLOCK22/SES227/SA227S29	SES227	6.02369
BLOCK25/SES257/SA257S11	SES257	6.05657
BLOCK25/SES257/SA257S13	SES257	5.05073
BLOCK25/SES257/SA257S20	SES257	5.71701
BLOCK25/SES257/SA257S22	SES257	6.55893
BLOCK25/SES257/SA257S29	SES257	6.23482
BLOCK25/SES258/SA258S10	SES258	5.25625
BLOCK25/SES258/SA258S11	SES258	5.97322
BLOCK25/SES258/SA258S20	SES258	4.65022
BLOCK25/SES258/SA258S25	SES258	4.38546
BLOCK25/SES258/SA258S28	SES258	4.64207
BLOCK25/SES259/SA259S13	SES259	7.29751
BLOCK25/SES259/SA259S14	SES259	6.55533
BLOCK25/SES259/SA259S22	SES259	6.73663
BLOCK25/SES259/SA259S24	SES259	7.20042
BLOCK25/SES259/SA259S28	SES259	6.70275
BLOCK27/SES270/SA270S14	SES270	4.52878
BLOCK27/SES270/SA270S16	SES270	5.13632
BLOCK27/SES270/SA270S22	SES270	5.44886
BLOCK27/SES270/SA270S26	SES270	4.64022
BLOCK27/SES270/SA270S28	SES270	4.92123
BLOCK27/SES271/SA271S14	SES271	6.42792
BLOCK27/SES271/SA271S15	SES292	5.03047
BLOCK27/SES271/SA271S22	SES271	5.67392
BLOCK27/SES271/SA271S27	SES292	5.38535
BLOCK27/SES271/SA271S29	SES271	6.89055
BLOCK27/SES272/SA272S10	SES012	5.65581
BLOCK27/SES272/SA272S13	SES272	5.9372
BLOCK27/SES272/SA272S21	SES272	5.89474
BLOCK27/SES272/SA272S24	SES272	5.11021
BLOCK27/SES272/SA272S29	SES272	5.73904
BLOCK27/SES273/SA273S12	SES273	7.12781
BLOCK27/SES273/SA273S13	SES273	7.07169
BLOCK27/SES273/SA273S21	SES273	7.04006
BLOCK27/SES273/SA273S25	SES273	6.2321
BLOCK27/SES273/SA273S27	SES273	7.07418
BLOCK27/SES274/SA274S10	SES274	7.59558
BLOCK27/SES274/SA274S11	SES274	7.84562
BLOCK27/SES274/SA274S21	SES274	7.98595
BLOCK27/SES274/SA274S24	SES274	7.52913
BLOCK27/SES274/SA274S29	SES274	6.28926
BLOCK27/SES275/SA275S17	SES275	6.19431
BLOCK27/SES275/SA275S18	SES109	5.69956
BLOCK27/SES275/SA275S24	SES275	4.88301
BLOCK27/SES275/SA275S26	SES166	6.10869
BLOCK27/SES275/SA275S28	SES275	5.86418
BLOCK27/SES276/SA276S16	SES276	5.9595
BLOCK27/SES276/SA276S17	SES276	5.91152
BLOCK27/SES276/SA276S24	SES276	6.47945
BLOCK27/SES276/SA276S26	SES276	6.64813
BLOCK27/SES276/SA276S28	SES276	6.65828
BLOCK27/SES277/SA277S12	SES277	5.39859
BLOCK27/SES277/SA277S14	SES277	4.45127
BLOCK27/SES277/SA277S21	SES277	6.34906
BLOCK27/SES277/SA277S24	SES277	4.74363
BLOCK27/SES277/SA277S29	SES277	6.11774
BLOCK27/SES278/SA278S12	SES278	5.12907
BLOCK27/SES278/SA278S16	SES278	5.94306
BLOCK27/SES278/SA278S24	SES278	6.05078
BLOCK27/SES278/SA278S26	SES278	6.04551
BLOCK27/SES278/SA278S29	SES278	5.65796
BLOCK27/SES279/SA279S09	SES047	5.79834
BLOCK27/SES279/SA279S10	SES279	6.19005
BLOCK27/SES279/SA279S20	SES292	4.58971
BLOCK27/SES279/SA279S26	SES279	5.92062
BLOCK27/SES279/SA279S28	SES279	7.6311
BLOCK29/SES290/SA290S12	SES290	8.41851
BLOCK29/SES290/SA290S13	SES290	6.47579
BLOCK29/SES290/SA290S22	SES290	6.84247
BLOCK29/SES290/SA290S25	SES290	7.43717
BLOCK29/SES290/SA290S29	SES290	7.66944
BLOCK29/SES291/SA291S11	SES291	5.47212
BLOCK29/SES291/SA291S12	SES291	6.21597
BLOCK29/SES291/SA291S22	SES291	5.87455
BLOCK29/SES291/SA291S24	SES291	7.08123
BLOCK29/SES291/SA291S27	SES291	6.43508
BLOCK29/SES292/SA292S10	SES292	6.87828
BLOCK29/SES292/SA292S12	SES292	5.22052
BLOCK29/SES292/SA292S22	SES292	6.33682
BLOCK29/SES292/SA292S24	SES292	6.29166
BLOCK29/SES292/SA292S27	SES292	5.6568
BLOCK29/SES294/SA294S13	SES294	4.7844
BLOCK29/SES294/SA294S14	SES294	6.28995
BLOCK29/SES294/SA294S23	SES294	5.93886
BLOCK29/SES294/SA294S25	SES101	5.61419
BLOCK29/SES294/SA294S28	SES048	5.94081
nerr=58	ntot=785	error_rate=7.39%
<<<<<<< HEAD
=======
>>>>>>> c84c6c9 (V5.0)
>>>>>>> 67dc04d
<<<<<<< HEAD
nerr=165	ntot=1570	error_rate=10.51%
=======
=======
BLOCK00/SES000/SA000S13	SES000	6.47772
BLOCK00/SES000/SA000S14	SES000	7.53305
BLOCK00/SES000/SA000S22	SES000	6.45418
BLOCK00/SES000/SA000S24	SES000	6.32063
BLOCK00/SES000/SA000S28	SES000	7.70664
BLOCK00/SES001/SA001S14	SES001	7.80919
BLOCK00/SES001/SA001S15	SES001	7.70506
BLOCK00/SES001/SA001S24	SES015	6.65086
BLOCK00/SES001/SA001S27	SES066	8.00282
BLOCK00/SES001/SA001S29	SES001	7.17723
BLOCK00/SES002/SA002S12	SES002	6.01248
BLOCK00/SES002/SA002S13	SES002	5.92907
BLOCK00/SES002/SA002S23	SES002	5.69631
BLOCK00/SES002/SA002S26	SES002	6.09726
BLOCK00/SES002/SA002S28	SES002	6.48648
BLOCK00/SES003/SA003S11	SES003	6.1802
BLOCK00/SES003/SA003S15	SES225	7.13187
BLOCK00/SES003/SA003S22	SES003	6.6781
BLOCK00/SES003/SA003S25	SES003	6.54387
BLOCK00/SES003/SA003S29	SES003	6.90627
BLOCK00/SES004/SA004S12	SES004	7.499
BLOCK00/SES004/SA004S17	SES004	6.53928
BLOCK00/SES004/SA004S24	SES004	6.72712
BLOCK00/SES004/SA004S26	SES004	7.22002
BLOCK00/SES004/SA004S28	SES184	6.9593
BLOCK00/SES005/SA005S12	SES005	7.19306
BLOCK00/SES005/SA005S13	SES005	6.41387
BLOCK00/SES005/SA005S20	SES005	6.05949
BLOCK00/SES005/SA005S24	SES180	7.30852
BLOCK00/SES005/SA005S28	SES005	7.39386
BLOCK00/SES006/SA006S10	SES006	5.0271
BLOCK00/SES006/SA006S11	SES006	5.21886
BLOCK00/SES006/SA006S23	SES006	5.36627
BLOCK00/SES006/SA006S26	SES006	7.1801
BLOCK00/SES006/SA006S28	SES006	4.09464
BLOCK00/SES007/SA007S14	SES007	8.03974
BLOCK00/SES007/SA007S15	SES007	6.86066
BLOCK00/SES007/SA007S24	SES007	6.80832
BLOCK00/SES007/SA007S27	SES007	5.98912
BLOCK00/SES007/SA007S29	SES007	7.22145
BLOCK00/SES008/SA008S11	SES008	6.9853
BLOCK00/SES008/SA008S12	SES008	6.20732
BLOCK00/SES008/SA008S19	SES008	8.40522
BLOCK00/SES008/SA008S22	SES008	6.21927
BLOCK00/SES008/SA008S29	SES008	8.01161
BLOCK00/SES009/SA009S12	SES009	8.19639
BLOCK00/SES009/SA009S15	SES009	8.04625
BLOCK00/SES009/SA009S24	SES009	7.96923
BLOCK00/SES009/SA009S26	SES009	6.62778
BLOCK00/SES009/SA009S29	SES009	7.83867
BLOCK01/SES010/SA010S11	SES010	6.33066
BLOCK01/SES010/SA010S12	SES010	6.03323
BLOCK01/SES010/SA010S20	SES010	5.7902
BLOCK01/SES010/SA010S24	SES010	5.07481
BLOCK01/SES010/SA010S29	SES010	6.83464
BLOCK01/SES011/SA011S10	SES011	6.51588
BLOCK01/SES011/SA011S11	SES011	7.80182
BLOCK01/SES011/SA011S22	SES011	7.47839
BLOCK01/SES011/SA011S24	SES011	7.61547
BLOCK01/SES011/SA011S27	SES011	7.38261
BLOCK01/SES012/SA012S11	SES012	7.31137
BLOCK01/SES012/SA012S14	SES012	6.70149
BLOCK01/SES012/SA012S24	SES012	5.14801
BLOCK01/SES012/SA012S26	SES012	6.87485
BLOCK01/SES012/SA012S29	SES012	5.6913
BLOCK01/SES013/SA013S16	SES013	5.94164
BLOCK01/SES013/SA013S17	SES013	8.00215
BLOCK01/SES013/SA013S23	SES013	6.54376
BLOCK01/SES013/SA013S25	SES013	8.23874
BLOCK01/SES013/SA013S29	SES013	7.35422
BLOCK01/SES014/SA014S10	SES014	7.27693
BLOCK01/SES014/SA014S12	SES014	8.79899
BLOCK01/SES014/SA014S24	SES014	6.80761
BLOCK01/SES014/SA014S26	SES014	8.63837
BLOCK01/SES014/SA014S28	SES014	9.44941
BLOCK01/SES015/SA015S11	SES015	8.78395
BLOCK01/SES015/SA015S12	SES015	6.69071
BLOCK01/SES015/SA015S23	SES015	8.94014
BLOCK01/SES015/SA015S25	SES015	6.14769
BLOCK01/SES015/SA015S29	SES015	6.05441
BLOCK01/SES016/SA016S12	SES016	5.77825
BLOCK01/SES016/SA016S13	SES016	7.08677
BLOCK01/SES016/SA016S22	SES016	7.66563
BLOCK01/SES016/SA016S25	SES016	8.79317
BLOCK01/SES016/SA016S27	SES016	8.20402
BLOCK01/SES017/SA017S11	SES017	6.56318
BLOCK01/SES017/SA017S12	SES017	7.02662
BLOCK01/SES017/SA017S19	SES017	8.91667
BLOCK01/SES017/SA017S23	SES017	9.1931
BLOCK01/SES017/SA017S27	SES017	7.70662
BLOCK01/SES019/SA019S13	SES019	6.25593
BLOCK01/SES019/SA019S14	SES019	5.4644
BLOCK01/SES019/SA019S22	SES019	6.59286
BLOCK01/SES019/SA019S25	SES019	6.30706
BLOCK01/SES019/SA019S29	SES019	6.33608
BLOCK02/SES020/SA020S15	SES020	6.03086
BLOCK02/SES020/SA020S16	SES020	6.36673
BLOCK02/SES020/SA020S24	SES020	6.52983
BLOCK02/SES020/SA020S26	SES020	6.22482
BLOCK02/SES020/SA020S29	SES020	6.02159
BLOCK02/SES021/SA021S13	SES021	7.34038
BLOCK02/SES021/SA021S15	SES021	8.04824
BLOCK02/SES021/SA021S23	SES021	6.73451
BLOCK02/SES021/SA021S27	SES021	8.29474
BLOCK02/SES021/SA021S29	SES021	6.58916
BLOCK02/SES022/SA022S13	SES022	6.47296
BLOCK02/SES022/SA022S14	SES022	6.25197
BLOCK02/SES022/SA022S23	SES022	7.69738
BLOCK02/SES022/SA022S25	SES022	7.13135
BLOCK02/SES022/SA022S29	SES022	6.22918
BLOCK02/SES023/SA023S11	SES023	6.40055
BLOCK02/SES023/SA023S13	SES023	7.07623
BLOCK02/SES023/SA023S24	SES023	7.34257
BLOCK02/SES023/SA023S26	SES023	6.46102
BLOCK02/SES023/SA023S28	SES023	7.47721
BLOCK02/SES024/SA024S10	SES024	6.2399
BLOCK02/SES024/SA024S11	SES024	6.39748
BLOCK02/SES024/SA024S19	SES024	7.56463
BLOCK02/SES024/SA024S26	SES024	7.97805
BLOCK02/SES024/SA024S28	SES024	7.12169
BLOCK02/SES025/SA025S10	SES025	6.74928
BLOCK02/SES025/SA025S13	SES025	5.59555
BLOCK02/SES025/SA025S21	SES025	5.63368
BLOCK02/SES025/SA025S24	SES025	6.09602
BLOCK02/SES025/SA025S29	SES027	5.46467
BLOCK02/SES026/SA026S12	SES026	3.1812
BLOCK02/SES026/SA026S13	SES026	4.60375
BLOCK02/SES026/SA026S21	SES026	5.25375
BLOCK02/SES026/SA026S26	SES026	3.24453
BLOCK02/SES026/SA026S28	SES026	4.9383
BLOCK02/SES027/SA027S11	SES027	7.26005
BLOCK02/SES027/SA027S12	SES027	6.06886
BLOCK02/SES027/SA027S21	SES027	6.21078
BLOCK02/SES027/SA027S23	SES027	7.35307
BLOCK02/SES027/SA027S25	SES027	6.39082
BLOCK02/SES029/SA029S11	SES029	8.35123
BLOCK02/SES029/SA029S12	SES029	7.73937
BLOCK02/SES029/SA029S20	SES029	7.76713
BLOCK02/SES029/SA029S25	SES029	7.4556
BLOCK02/SES029/SA029S28	SES029	7.09736
BLOCK04/SES040/SA040S08	SES040	8.73975
BLOCK04/SES040/SA040S09	SES040	8.227
BLOCK04/SES040/SA040S20	SES040	8.1434
BLOCK04/SES040/SA040S23	SES040	8.41001
BLOCK04/SES040/SA040S27	SES040	8.90161
BLOCK04/SES042/SA042S12	SES042	7.5129
BLOCK04/SES042/SA042S15	SES042	8.66361
BLOCK04/SES042/SA042S22	SES042	8.3059
BLOCK04/SES042/SA042S25	SES042	5.59332
BLOCK04/SES042/SA042S27	SES042	7.26892
BLOCK04/SES043/SA043S09	SES043	6.08533
BLOCK04/SES043/SA043S11	SES043	7.13771
BLOCK04/SES043/SA043S23	SES043	7.33761
BLOCK04/SES043/SA043S26	SES043	6.96779
BLOCK04/SES043/SA043S28	SES043	6.91311
BLOCK04/SES044/SA044S10	SES044	7.34527
BLOCK04/SES044/SA044S11	SES044	6.92194
BLOCK04/SES044/SA044S24	SES044	7.14699
BLOCK04/SES044/SA044S26	SES044	6.81705
BLOCK04/SES044/SA044S29	SES044	6.63034
BLOCK04/SES045/SA045S11	SES045	7.01171
BLOCK04/SES045/SA045S13	SES045	7.18432
BLOCK04/SES045/SA045S22	SES045	5.70044
BLOCK04/SES045/SA045S25	SES045	8.35976
BLOCK04/SES045/SA045S29	SES045	5.95435
BLOCK04/SES046/SA046S13	SES046	5.92556
BLOCK04/SES046/SA046S15	SES046	7.2048
BLOCK04/SES046/SA046S22	SES046	6.11486
BLOCK04/SES046/SA046S25	SES046	6.44335
BLOCK04/SES046/SA046S28	SES046	7.35373
BLOCK04/SES047/SA047S10	SES047	7.33663
BLOCK04/SES047/SA047S11	SES047	7.56974
BLOCK04/SES047/SA047S22	SES047	6.59494
BLOCK04/SES047/SA047S24	SES047	6.69208
BLOCK04/SES047/SA047S27	SES047	5.93971
BLOCK04/SES048/SA048S11	SES048	7.41849
BLOCK04/SES048/SA048S12	SES048	6.19871
BLOCK04/SES048/SA048S20	SES048	7.67417
BLOCK04/SES048/SA048S23	SES048	6.64921
BLOCK04/SES048/SA048S27	SES048	7.51772
BLOCK04/SES049/SA049S16	SES049	6.12621
BLOCK04/SES049/SA049S18	SES049	4.51284
BLOCK04/SES049/SA049S25	SES049	5.83883
BLOCK04/SES049/SA049S27	SES049	6.48777
BLOCK04/SES049/SA049S29	SES049	7.1663
BLOCK06/SES060/SA060S11	SES060	7.4964
BLOCK06/SES060/SA060S12	SES060	6.71012
BLOCK06/SES060/SA060S22	SES060	5.71254
BLOCK06/SES060/SA060S24	SES060	8.6766
BLOCK06/SES060/SA060S28	SES060	8.5918
BLOCK06/SES061/SA061S10	SES061	7.29911
BLOCK06/SES061/SA061S11	SES061	6.03256
BLOCK06/SES061/SA061S18	SES061	3.73624
BLOCK06/SES061/SA061S23	SES061	5.20761
BLOCK06/SES061/SA061S26	SES061	7.55368
BLOCK06/SES062/SA062S10	SES062	6.80453
BLOCK06/SES062/SA062S11	SES062	7.37317
BLOCK06/SES062/SA062S21	SES062	9.59207
BLOCK06/SES062/SA062S26	SES062	7.8126
BLOCK06/SES062/SA062S29	SES062	8.56792
BLOCK06/SES063/SA063S09	SES063	7.91026
BLOCK06/SES063/SA063S10	SES063	8.67714
BLOCK06/SES063/SA063S20	SES063	8.29494
BLOCK06/SES063/SA063S24	SES063	8.74444
BLOCK06/SES063/SA063S27	SES063	8.36458
BLOCK06/SES064/SA064S12	SES064	5.83739
BLOCK06/SES064/SA064S14	SES064	6.88049
BLOCK06/SES064/SA064S22	SES064	7.02206
BLOCK06/SES064/SA064S26	SES064	5.23823
BLOCK06/SES064/SA064S29	SES064	6.34906
BLOCK06/SES065/SA065S11	SES065	7.9871
BLOCK06/SES065/SA065S13	SES065	6.80706
BLOCK06/SES065/SA065S22	SES065	6.46632
BLOCK06/SES065/SA065S24	SES065	7.63466
BLOCK06/SES065/SA065S29	SES065	6.15121
BLOCK06/SES066/SA066S13	SES014	4.98151
BLOCK06/SES066/SA066S14	SES066	7.37848
BLOCK06/SES066/SA066S21	SES066	7.9429
BLOCK06/SES066/SA066S25	SES066	6.61611
BLOCK06/SES066/SA066S29	SES066	5.42209
BLOCK06/SES067/SA067S12	SES067	10.1439
BLOCK06/SES067/SA067S14	SES067	10.6714
BLOCK06/SES067/SA067S21	SES067	7.42016
BLOCK06/SES067/SA067S25	SES067	7.77206
BLOCK06/SES067/SA067S29	SES067	9.64947
BLOCK06/SES068/SA068S14	SES068	6.78876
BLOCK06/SES068/SA068S15	SES068	7.66136
BLOCK06/SES068/SA068S23	SES068	7.26673
BLOCK06/SES068/SA068S27	SES068	7.64915
BLOCK06/SES068/SA068S29	SES068	7.55097
BLOCK06/SES069/SA069S12	SES069	7.2012
BLOCK06/SES069/SA069S13	SES069	7.75417
BLOCK06/SES069/SA069S23	SES069	8.52134
BLOCK06/SES069/SA069S25	SES069	8.88186
BLOCK06/SES069/SA069S27	SES069	8.20315
BLOCK08/SES080/SA080S11	SES080	7.39929
BLOCK08/SES080/SA080S12	SES080	6.91891
BLOCK08/SES080/SA080S21	SES080	7.61236
BLOCK08/SES080/SA080S25	SES080	6.40367
BLOCK08/SES080/SA080S28	SES225	5.34403
BLOCK08/SES081/SA081S11	SES081	6.88538
BLOCK08/SES081/SA081S13	SES081	8.8582
BLOCK08/SES081/SA081S24	SES081	7.94053
BLOCK08/SES081/SA081S27	SES081	7.09303
BLOCK08/SES081/SA081S29	SES081	7.26558
BLOCK08/SES082/SA082S12	SES082	5.61754
BLOCK08/SES082/SA082S14	SES082	4.87871
BLOCK08/SES082/SA082S21	SES082	5.73236
BLOCK08/SES082/SA082S24	SES082	6.27147
BLOCK08/SES082/SA082S28	SES082	6.00512
BLOCK08/SES083/SA083S14	SES083	7.20704
BLOCK08/SES083/SA083S15	SES083	7.41172
BLOCK08/SES083/SA083S24	SES083	6.94479
BLOCK08/SES083/SA083S26	SES083	6.413
BLOCK08/SES083/SA083S29	SES083	6.96031
BLOCK08/SES084/SA084S14	SES084	6.31754
BLOCK08/SES084/SA084S15	SES084	7.13315
BLOCK08/SES084/SA084S22	SES084	7.74695
BLOCK08/SES084/SA084S27	SES084	6.9455
BLOCK08/SES084/SA084S29	SES084	7.70011
BLOCK08/SES085/SA085S10	SES085	7.78101
BLOCK08/SES085/SA085S13	SES085	6.89215
BLOCK08/SES085/SA085S22	SES085	6.85846
BLOCK08/SES085/SA085S26	SES085	7.22165
BLOCK08/SES085/SA085S28	SES085	7.82186
BLOCK08/SES086/SA086S11	SES086	5.94305
BLOCK08/SES086/SA086S12	SES086	7.13273
BLOCK08/SES086/SA086S20	SES086	7.78978
BLOCK08/SES086/SA086S24	SES086	6.38884
BLOCK08/SES086/SA086S28	SES086	8.50538
BLOCK08/SES087/SA087S15	SES087	7.16689
BLOCK08/SES087/SA087S16	SES087	5.81188
BLOCK08/SES087/SA087S24	SES087	7.15454
BLOCK08/SES087/SA087S26	SES087	7.78461
BLOCK08/SES087/SA087S29	SES087	7.56709
BLOCK08/SES088/SA088S15	SES088	6.19691
BLOCK08/SES088/SA088S17	SES088	8.06811
BLOCK08/SES088/SA088S24	SES088	8.043
BLOCK08/SES088/SA088S27	SES088	7.11009
BLOCK08/SES088/SA088S29	SES088	6.97117
BLOCK08/SES089/SA089S13	SES089	5.47251
BLOCK08/SES089/SA089S14	SES089	7.08664
BLOCK08/SES089/SA089S23	SES089	5.33744
BLOCK08/SES089/SA089S25	SES089	8.01831
BLOCK08/SES089/SA089S28	SES089	7.50616
BLOCK09/SES097/SA097S11	SES097	5.73621
BLOCK09/SES097/SA097S14	SES097	6.52651
BLOCK09/SES097/SA097S22	SES097	5.46832
BLOCK09/SES097/SA097S26	SES097	7.25856
BLOCK09/SES097/SA097S28	SES097	6.25617
BLOCK09/SES098/SA098S11	SES098	6.89382
BLOCK09/SES098/SA098S12	SES098	5.30847
BLOCK09/SES098/SA098S20	SES098	6.86677
BLOCK09/SES098/SA098S23	SES098	6.00392
BLOCK09/SES098/SA098S27	SES098	5.02927
BLOCK09/SES099/SA099S15	SES099	5.72411
BLOCK09/SES099/SA099S16	SES099	5.65047
BLOCK09/SES099/SA099S24	SES099	6.96616
BLOCK09/SES099/SA099S26	SES099	6.70545
BLOCK09/SES099/SA099S29	SES099	6.57645
BLOCK10/SES100/SA100S13	SES100	4.9466
BLOCK10/SES100/SA100S14	SES100	6.30667
BLOCK10/SES100/SA100S24	SES100	4.80785
BLOCK10/SES100/SA100S27	SES100	6.48107
BLOCK10/SES100/SA100S29	SES100	5.18437
BLOCK10/SES101/SA101S11	SES101	7.27244
BLOCK10/SES101/SA101S13	SES101	8.00994
BLOCK10/SES101/SA101S22	SES101	6.33895
BLOCK10/SES101/SA101S24	SES101	7.18987
BLOCK10/SES101/SA101S28	SES101	7.06379
BLOCK10/SES102/SA102S13	SES102	6.40265
BLOCK10/SES102/SA102S14	SES102	8.44087
BLOCK10/SES102/SA102S22	SES102	6.7234
BLOCK10/SES102/SA102S25	SES102	7.01337
BLOCK10/SES102/SA102S27	SES102	6.70168
BLOCK10/SES103/SA103S14	SES103	6.01088
BLOCK10/SES103/SA103S15	SES103	3.82025
BLOCK10/SES103/SA103S24	SES103	5.76229
BLOCK10/SES103/SA103S26	SES103	6.48391
BLOCK10/SES103/SA103S28	SES103	5.62942
BLOCK10/SES104/SA104S11	SES104	8.18595
BLOCK10/SES104/SA104S12	SES104	7.75812
BLOCK10/SES104/SA104S21	SES104	6.46469
BLOCK10/SES104/SA104S24	SES104	6.44158
BLOCK10/SES104/SA104S28	SES104	6.82109
BLOCK10/SES105/SA105S12	SES105	5.74075
BLOCK10/SES105/SA105S13	SES105	6.16247
BLOCK10/SES105/SA105S22	SES105	4.74714
BLOCK10/SES105/SA105S26	SES105	6.65441
BLOCK10/SES105/SA105S29	SES105	7.1239
BLOCK10/SES106/SA106S09	SES106	5.57207
BLOCK10/SES106/SA106S11	SES106	6.5008
BLOCK10/SES106/SA106S22	SES106	5.64522
BLOCK10/SES106/SA106S27	SES106	6.39651
BLOCK10/SES106/SA106S29	SES106	6.43664
BLOCK10/SES107/SA107S08	SES107	8.58314
BLOCK10/SES107/SA107S09	SES107	7.64932
BLOCK10/SES107/SA107S20	SES107	5.90697
BLOCK10/SES107/SA107S24	SES107	6.84563
BLOCK10/SES107/SA107S28	SES107	7.08509
BLOCK10/SES108/SA108S13	SES108	4.55441
BLOCK10/SES108/SA108S14	SES108	5.75373
BLOCK10/SES108/SA108S24	SES108	6.55331
BLOCK10/SES108/SA108S27	SES108	5.87392
BLOCK10/SES108/SA108S29	SES108	5.2228
BLOCK10/SES109/SA109S14	SES109	5.82876
BLOCK10/SES109/SA109S15	SES109	6.05151
BLOCK10/SES109/SA109S21	SES109	6.14057
BLOCK10/SES109/SA109S25	SES109	5.79869
BLOCK10/SES109/SA109S28	SES109	6.44124
BLOCK11/SES117/SA117S12	SES117	6.79785
BLOCK11/SES117/SA117S13	SES117	7.34784
BLOCK11/SES117/SA117S23	SES117	5.6347
BLOCK11/SES117/SA117S25	SES117	5.52738
BLOCK11/SES117/SA117S28	SES117	5.72996
BLOCK11/SES118/SA118S14	SES118	7.12962
BLOCK11/SES118/SA118S16	SES118	7.42696
BLOCK11/SES118/SA118S23	SES118	7.91574
BLOCK11/SES118/SA118S26	SES118	6.47527
BLOCK11/SES118/SA118S29	SES118	6.16311
BLOCK11/SES119/SA119S10	SES119	5.92951
BLOCK11/SES119/SA119S12	SES119	6.56537
BLOCK11/SES119/SA119S19	SES119	6.98461
BLOCK11/SES119/SA119S22	SES119	6.11568
BLOCK11/SES119/SA119S27	SES119	6.16925
BLOCK12/SES120/SA120S08	SES120	5.55952
BLOCK12/SES120/SA120S11	SES120	4.18228
BLOCK12/SES120/SA120S22	SES120	7.06412
BLOCK12/SES120/SA120S24	SES120	5.32542
BLOCK12/SES120/SA120S28	SES007	4.52592
BLOCK12/SES121/SA121S12	SES121	5.34702
BLOCK12/SES121/SA121S14	SES121	5.24702
BLOCK12/SES121/SA121S23	SES121	4.65487
BLOCK12/SES121/SA121S25	SES121	6.06514
BLOCK12/SES121/SA121S27	SES121	6.94582
BLOCK12/SES122/SA122S11	SES122	6.49568
BLOCK12/SES122/SA122S13	SES122	6.8651
BLOCK12/SES122/SA122S22	SES122	5.72209
BLOCK12/SES122/SA122S24	SES122	5.32494
BLOCK12/SES122/SA122S27	SES122	6.02253
BLOCK12/SES123/SA123S10	SES123	8.22359
BLOCK12/SES123/SA123S12	SES123	8.49234
BLOCK12/SES123/SA123S23	SES123	8.79475
BLOCK12/SES123/SA123S26	SES123	8.14319
BLOCK12/SES123/SA123S29	SES123	7.68065
BLOCK12/SES124/SA124S16	SES124	6.68533
BLOCK12/SES124/SA124S17	SES124	6.43621
BLOCK12/SES124/SA124S23	SES124	8.70224
BLOCK12/SES124/SA124S26	SES124	7.26428
BLOCK12/SES124/SA124S28	SES124	7.47128
BLOCK12/SES125/SA125S13	SES125	7.59597
BLOCK12/SES125/SA125S14	SES125	6.39042
BLOCK12/SES125/SA125S25	SES125	7.01699
BLOCK12/SES125/SA125S27	SES125	8.57997
BLOCK12/SES125/SA125S29	SES125	7.33216
BLOCK12/SES126/SA126S13	SES126	6.32947
BLOCK12/SES126/SA126S14	SES126	8.39477
BLOCK12/SES126/SA126S20	SES182	7.36327
BLOCK12/SES126/SA126S24	SES126	8.00514
BLOCK12/SES126/SA126S26	SES126	7.87723
BLOCK12/SES127/SA127S11	SES127	6.49872
BLOCK12/SES127/SA127S12	SES046	8.28914
BLOCK12/SES127/SA127S23	SES127	6.98279
BLOCK12/SES127/SA127S25	SES127	6.14671
BLOCK12/SES127/SA127S27	SES127	6.59012
BLOCK12/SES128/SA128S10	SES128	5.23734
BLOCK12/SES128/SA128S12	SES128	5.37763
BLOCK12/SES128/SA128S21	SES227	5.25355
BLOCK12/SES128/SA128S24	SES128	5.96386
BLOCK12/SES128/SA128S27	SES128	6.62485
BLOCK12/SES129/SA129S11	SES129	8.55184
BLOCK12/SES129/SA129S12	SES129	7.51518
BLOCK12/SES129/SA129S22	SES129	7.84721
BLOCK12/SES129/SA129S27	SES129	7.33408
BLOCK12/SES129/SA129S29	SES129	7.69245
BLOCK13/SES130/SA130S13	SES130	6.16654
BLOCK13/SES130/SA130S15	SES130	8.08314
BLOCK13/SES130/SA130S23	SES130	5.94541
BLOCK13/SES130/SA130S25	SES130	6.86786
BLOCK13/SES130/SA130S28	SES130	5.75941
BLOCK13/SES131/SA131S13	SES131	4.99412
BLOCK13/SES131/SA131S14	SES131	7.42993
BLOCK13/SES131/SA131S20	SES131	5.07764
BLOCK13/SES131/SA131S22	SES161	5.98644
BLOCK13/SES131/SA131S29	SES131	4.72684
BLOCK13/SES132/SA132S11	SES132	7.35513
BLOCK13/SES132/SA132S12	SES132	8.3319
BLOCK13/SES132/SA132S22	SES132	6.70164
BLOCK13/SES132/SA132S24	SES132	8.01966
BLOCK13/SES132/SA132S27	SES132	6.56917
BLOCK13/SES133/SA133S12	SES133	7.48382
BLOCK13/SES133/SA133S14	SES133	8.311
BLOCK13/SES133/SA133S22	SES133	7.02061
BLOCK13/SES133/SA133S24	SES133	6.54682
BLOCK13/SES133/SA133S28	SES133	8.31866
BLOCK14/SES140/SA140S10	SES169	6.6273
BLOCK14/SES140/SA140S13	SES140	7.63705
BLOCK14/SES140/SA140S20	SES140	7.606
BLOCK14/SES140/SA140S22	SES140	7.79583
BLOCK14/SES140/SA140S28	SES169	6.96794
BLOCK14/SES141/SA141S09	SES141	7.80062
BLOCK14/SES141/SA141S15	SES141	7.46412
BLOCK14/SES141/SA141S24	SES141	8.20498
BLOCK14/SES141/SA141S26	SES141	6.7545
BLOCK14/SES141/SA141S29	SES141	7.56451
BLOCK14/SES142/SA142S11	SES142	6.69803
BLOCK14/SES142/SA142S12	SES142	7.17253
BLOCK14/SES142/SA142S24	SES142	7.6804
BLOCK14/SES142/SA142S27	SES142	8.12349
BLOCK14/SES142/SA142S29	SES142	8.36543
BLOCK14/SES143/SA143S12	SES143	6.71539
BLOCK14/SES143/SA143S13	SES143	6.58564
BLOCK14/SES143/SA143S23	SES143	7.13532
BLOCK14/SES143/SA143S25	SES143	7.47993
BLOCK14/SES143/SA143S28	SES143	6.87195
BLOCK14/SES144/SA144S09	SES144	6.88495
BLOCK14/SES144/SA144S11	SES144	6.76995
BLOCK14/SES144/SA144S21	SES144	5.30454
BLOCK14/SES144/SA144S25	SES144	6.61293
BLOCK14/SES144/SA144S29	SES144	5.75618
BLOCK14/SES145/SA145S12	SES145	8.07938
BLOCK14/SES145/SA145S13	SES145	6.52824
BLOCK14/SES145/SA145S23	SES145	6.5005
BLOCK14/SES145/SA145S25	SES145	7.75061
BLOCK14/SES145/SA145S28	SES145	7.94092
BLOCK14/SES146/SA146S14	SES146	5.81386
BLOCK14/SES146/SA146S15	SES146	5.74974
BLOCK14/SES146/SA146S24	SES146	5.83193
BLOCK14/SES146/SA146S26	SES146	6.50093
BLOCK14/SES146/SA146S29	SES146	5.53343
BLOCK14/SES147/SA147S11	SES147	7.31703
BLOCK14/SES147/SA147S13	SES147	8.20004
BLOCK14/SES147/SA147S23	SES147	6.38429
BLOCK14/SES147/SA147S26	SES147	6.16214
BLOCK14/SES147/SA147S28	SES147	7.22814
BLOCK14/SES148/SA148S10	SES148	7.86667
BLOCK14/SES148/SA148S12	SES148	5.62565
BLOCK14/SES148/SA148S22	SES148	7.93673
BLOCK14/SES148/SA148S26	SES148	7.09957
BLOCK14/SES148/SA148S29	SES148	6.72391
BLOCK14/SES149/SA149S13	SES109	5.97503
BLOCK14/SES149/SA149S14	SES149	7.11099
BLOCK14/SES149/SA149S24	SES149	7.41535
BLOCK14/SES149/SA149S26	SES149	8.27325
BLOCK14/SES149/SA149S28	SES149	8.41232
BLOCK15/SES157/SA157S08	SES157	7.3471
BLOCK15/SES157/SA157S11	SES157	6.2559
BLOCK15/SES157/SA157S21	SES157	7.27839
BLOCK15/SES157/SA157S24	SES157	7.54275
BLOCK15/SES157/SA157S26	SES157	7.58771
BLOCK15/SES158/SA158S13	SES158	5.65338
BLOCK15/SES158/SA158S14	SES158	5.86334
BLOCK15/SES158/SA158S23	SES158	6.58384
BLOCK15/SES158/SA158S26	SES158	5.49631
BLOCK15/SES158/SA158S28	SES158	5.88804
BLOCK15/SES159/SA159S10	SES159	5.45257
BLOCK15/SES159/SA159S12	SES159	6.10769
BLOCK15/SES159/SA159S22	SES159	5.70628
BLOCK15/SES159/SA159S25	SES159	6.81085
BLOCK15/SES159/SA159S28	SES159	6.65797
BLOCK16/SES160/SA160S12	SES160	6.84478
BLOCK16/SES160/SA160S14	SES160	6.17736
BLOCK16/SES160/SA160S24	SES160	5.94362
BLOCK16/SES160/SA160S26	SES160	6.41048
BLOCK16/SES160/SA160S28	SES160	6.27311
BLOCK16/SES161/SA161S10	SES161	5.60232
BLOCK16/SES161/SA161S12	SES161	6.72364
BLOCK16/SES161/SA161S20	SES161	5.38483
BLOCK16/SES161/SA161S23	SES161	6.04989
BLOCK16/SES161/SA161S28	SES161	6.05577
BLOCK16/SES162/SA162S10	SES162	5.71892
BLOCK16/SES162/SA162S11	SES162	7.561
BLOCK16/SES162/SA162S21	SES162	7.47718
BLOCK16/SES162/SA162S24	SES101	6.53194
BLOCK16/SES162/SA162S27	SES162	6.13832
BLOCK16/SES163/SA163S11	SES163	7.45916
BLOCK16/SES163/SA163S13	SES163	6.99675
BLOCK16/SES163/SA163S22	SES273	5.84447
BLOCK16/SES163/SA163S25	SES163	6.24456
BLOCK16/SES163/SA163S27	SES163	6.58976
BLOCK16/SES164/SA164S11	SES164	7.7048
BLOCK16/SES164/SA164S13	SES164	7.74308
BLOCK16/SES164/SA164S24	SES164	8.31454
BLOCK16/SES164/SA164S27	SES164	7.24682
BLOCK16/SES164/SA164S29	SES164	6.00394
BLOCK16/SES165/SA165S08	SES165	7.99997
BLOCK16/SES165/SA165S09	SES165	5.71473
BLOCK16/SES165/SA165S21	SES165	5.86766
BLOCK16/SES165/SA165S23	SES165	5.97377
BLOCK16/SES165/SA165S26	SES165	5.77482
BLOCK16/SES166/SA166S12	SES166	5.93617
BLOCK16/SES166/SA166S14	SES166	5.56345
BLOCK16/SES166/SA166S23	SES166	4.94899
BLOCK16/SES166/SA166S25	SES166	7.00705
BLOCK16/SES166/SA166S27	SES166	7.55895
BLOCK16/SES167/SA167S14	SES167	8.22408
BLOCK16/SES167/SA167S15	SES167	8.14497
BLOCK16/SES167/SA167S21	SES167	8.53315
BLOCK16/SES167/SA167S25	SES167	8.74183
BLOCK16/SES167/SA167S29	SES167	9.59064
BLOCK16/SES168/SA168S10	SES168	6.16109
BLOCK16/SES168/SA168S11	SES168	6.52185
BLOCK16/SES168/SA168S21	SES168	6.45282
BLOCK16/SES168/SA168S25	SES168	7.79539
BLOCK16/SES168/SA168S28	SES168	7.65061
BLOCK16/SES169/SA169S13	SES169	6.29007
BLOCK16/SES169/SA169S14	SES169	7.65185
BLOCK16/SES169/SA169S24	SES169	5.38448
BLOCK16/SES169/SA169S27	SES169	6.36447
BLOCK16/SES169/SA169S29	SES169	7.62046
BLOCK17/SES170/SA170S09	SES170	7.15816
BLOCK17/SES170/SA170S10	SES170	6.73659
BLOCK17/SES170/SA170S22	SES170	7.99861
BLOCK17/SES170/SA170S24	SES170	8.0093
BLOCK17/SES170/SA170S28	SES170	6.68071
BLOCK17/SES171/SA171S12	SES171	5.4489
BLOCK17/SES171/SA171S15	SES171	6.05421
BLOCK17/SES171/SA171S22	SES171	7.75417
BLOCK17/SES171/SA171S25	SES171	5.37773
BLOCK17/SES171/SA171S27	SES171	6.40651
BLOCK17/SES172/SA172S12	SES172	6.31778
BLOCK17/SES172/SA172S13	SES172	7.08461
BLOCK17/SES172/SA172S23	SES172	7.63832
BLOCK17/SES172/SA172S27	SES172	6.59637
BLOCK17/SES172/SA172S29	SES172	7.58472
BLOCK17/SES173/SA173S13	SES173	7.66743
BLOCK17/SES173/SA173S14	SES173	7.80574
BLOCK17/SES173/SA173S24	SES173	7.06352
BLOCK17/SES173/SA173S27	SES173	8.20702
BLOCK17/SES173/SA173S29	SES173	7.26864
BLOCK17/SES175/SA175S11	SES175	7.0694
BLOCK17/SES175/SA175S13	SES175	7.95203
BLOCK17/SES175/SA175S23	SES175	7.65009
BLOCK17/SES175/SA175S25	SES175	5.6074
BLOCK17/SES175/SA175S28	SES175	7.2202
BLOCK17/SES177/SA177S15	SES177	6.52657
BLOCK17/SES177/SA177S17	SES177	5.8565
BLOCK17/SES177/SA177S23	SES177	5.07871
BLOCK17/SES177/SA177S26	SES177	8.54934
BLOCK17/SES177/SA177S28	SES177	6.43369
BLOCK18/SES180/SA180S13	SES180	5.63772
BLOCK18/SES180/SA180S15	SES180	6.26305
BLOCK18/SES180/SA180S24	SES180	7.78653
BLOCK18/SES180/SA180S26	SES180	7.18436
BLOCK18/SES180/SA180S29	SES180	7.30776
BLOCK18/SES182/SA182S10	SES182	7.13432
BLOCK18/SES182/SA182S12	SES182	7.3959
BLOCK18/SES182/SA182S21	SES182	6.36438
BLOCK18/SES182/SA182S23	SES182	6.77687
BLOCK18/SES182/SA182S25	SES182	6.19471
BLOCK18/SES183/SA183S13	SES183	6.54434
BLOCK18/SES183/SA183S14	SES183	5.81436
BLOCK18/SES183/SA183S24	SES183	5.65545
BLOCK18/SES183/SA183S27	SES183	6.40636
BLOCK18/SES183/SA183S29	SES183	6.16721
BLOCK18/SES184/SA184S12	SES184	5.81417
BLOCK18/SES184/SA184S13	SES184	5.68756
BLOCK18/SES184/SA184S22	SES184	6.28229
BLOCK18/SES184/SA184S25	SES184	6.83583
BLOCK18/SES184/SA184S27	SES184	6.21839
BLOCK18/SES185/SA185S12	SES185	6.30089
BLOCK18/SES185/SA185S13	SES185	7.2278
BLOCK18/SES185/SA185S23	SES185	5.89586
BLOCK18/SES185/SA185S27	SES185	6.10731
BLOCK18/SES185/SA185S29	SES185	6.22953
BLOCK18/SES186/SA186S14	SES158	6.51581
BLOCK18/SES186/SA186S15	SES186	7.65689
BLOCK18/SES186/SA186S23	SES186	7.09363
BLOCK18/SES186/SA186S26	SES186	7.38604
BLOCK18/SES186/SA186S28	SES186	6.70324
BLOCK18/SES187/SA187S13	SES187	6.00864
BLOCK18/SES187/SA187S14	SES187	5.75838
BLOCK18/SES187/SA187S24	SES187	6.70269
BLOCK18/SES187/SA187S27	SES187	6.46266
BLOCK18/SES187/SA187S29	SES187	6.03313
BLOCK18/SES188/SA188S10	SES188	7.40931
BLOCK18/SES188/SA188S14	SES188	7.57181
BLOCK18/SES188/SA188S22	SES188	7.26834
BLOCK18/SES188/SA188S24	SES188	7.22847
BLOCK18/SES188/SA188S26	SES188	5.69274
BLOCK18/SES189/SA189S10	SES189	6.34995
BLOCK18/SES189/SA189S13	SES189	5.36174
BLOCK18/SES189/SA189S24	SES189	7.54866
BLOCK18/SES189/SA189S26	SES189	8.02576
BLOCK18/SES189/SA189S29	SES189	7.36144
BLOCK20/SES200/SA200S10	SES200	8.34604
BLOCK20/SES200/SA200S11	SES200	7.94037
BLOCK20/SES200/SA200S20	SES200	7.36972
BLOCK20/SES200/SA200S25	SES200	7.01468
BLOCK20/SES200/SA200S29	SES200	7.07488
BLOCK20/SES201/SA201S12	SES201	7.10402
BLOCK20/SES201/SA201S15	SES201	7.69877
BLOCK20/SES201/SA201S23	SES201	7.15571
BLOCK20/SES201/SA201S25	SES201	9.58721
BLOCK20/SES201/SA201S29	SES201	7.01229
BLOCK20/SES202/SA202S12	SES202	7.20655
BLOCK20/SES202/SA202S14	SES202	7.54317
BLOCK20/SES202/SA202S24	SES202	7.23294
BLOCK20/SES202/SA202S27	SES202	8.09532
BLOCK20/SES202/SA202S29	SES202	8.4319
BLOCK20/SES203/SA203S10	SES203	7.69778
BLOCK20/SES203/SA203S11	SES203	7.04395
BLOCK20/SES203/SA203S22	SES203	7.74992
BLOCK20/SES203/SA203S24	SES203	7.56704
BLOCK20/SES203/SA203S27	SES203	7.19022
BLOCK20/SES204/SA204S12	SES204	8.59291
BLOCK20/SES204/SA204S14	SES204	9.4681
BLOCK20/SES204/SA204S22	SES204	8.60226
BLOCK20/SES204/SA204S25	SES204	8.25214
BLOCK20/SES204/SA204S27	SES204	7.83251
BLOCK20/SES205/SA205S12	SES205	6.14424
BLOCK20/SES205/SA205S13	SES205	7.68214
BLOCK20/SES205/SA205S21	SES205	5.62528
BLOCK20/SES205/SA205S24	SES205	7.12967
BLOCK20/SES205/SA205S26	SES205	9.56377
BLOCK20/SES206/SA206S15	SES206	6.31519
BLOCK20/SES206/SA206S17	SES206	6.71359
BLOCK20/SES206/SA206S24	SES206	8.34233
BLOCK20/SES206/SA206S27	SES206	6.59271
BLOCK20/SES206/SA206S29	SES206	8.08909
BLOCK20/SES207/SA207S10	SES207	6.35653
BLOCK20/SES207/SA207S11	SES207	6.4363
BLOCK20/SES207/SA207S25	SES207	5.28091
BLOCK20/SES207/SA207S27	SES207	5.92104
BLOCK20/SES207/SA207S29	SES207	7.3955
BLOCK20/SES209/SA209S12	SES209	6.65894
BLOCK20/SES209/SA209S13	SES209	6.94798
BLOCK20/SES209/SA209S21	SES209	8.05642
BLOCK20/SES209/SA209S25	SES209	6.56231
BLOCK20/SES209/SA209S28	SES209	7.74618
BLOCK22/SES220/SA220S10	SES220	7.50386
BLOCK22/SES220/SA220S13	SES220	6.17393
BLOCK22/SES220/SA220S24	SES220	7.28184
BLOCK22/SES220/SA220S26	SES220	6.62809
BLOCK22/SES220/SA220S28	SES220	6.98523
BLOCK22/SES221/SA221S12	SES221	7.16995
BLOCK22/SES221/SA221S15	SES221	7.7866
BLOCK22/SES221/SA221S23	SES221	7.50896
BLOCK22/SES221/SA221S27	SES221	6.86001
BLOCK22/SES221/SA221S29	SES221	7.51223
BLOCK22/SES223/SA223S11	SES223	6.18127
BLOCK22/SES223/SA223S13	SES223	6.00466
BLOCK22/SES223/SA223S22	SES223	5.8082
BLOCK22/SES223/SA223S25	SES223	6.09833
BLOCK22/SES223/SA223S27	SES223	6.44841
BLOCK22/SES225/SA225S12	SES225	7.61364
BLOCK22/SES225/SA225S13	SES225	7.10432
BLOCK22/SES225/SA225S21	SES225	7.80367
BLOCK22/SES225/SA225S25	SES225	7.68436
BLOCK22/SES225/SA225S28	SES225	6.03513
BLOCK22/SES226/SA226S12	SES226	5.71685
BLOCK22/SES226/SA226S13	SES226	5.25453
BLOCK22/SES226/SA226S20	SES226	6.3549
BLOCK22/SES226/SA226S23	SES226	7.25395
BLOCK22/SES226/SA226S28	SES226	7.98774
BLOCK22/SES227/SA227S14	SES227	5.7113
BLOCK22/SES227/SA227S15	SES227	6.31588
BLOCK22/SES227/SA227S23	SES227	6.21996
BLOCK22/SES227/SA227S26	SES227	7.26937
BLOCK22/SES227/SA227S29	SES227	6.31805
BLOCK25/SES257/SA257S11	SES257	6.50241
BLOCK25/SES257/SA257S13	SES257	5.58381
BLOCK25/SES257/SA257S20	SES257	6.51631
BLOCK25/SES257/SA257S22	SES257	6.95736
BLOCK25/SES257/SA257S29	SES257	7.06352
BLOCK25/SES258/SA258S10	SES258	5.51303
BLOCK25/SES258/SA258S11	SES258	7.65983
BLOCK25/SES258/SA258S20	SES258	5.56804
BLOCK25/SES258/SA258S25	SES258	5.5087
BLOCK25/SES258/SA258S28	SES258	6.36477
BLOCK25/SES259/SA259S13	SES259	8.27591
BLOCK25/SES259/SA259S14	SES259	7.12437
BLOCK25/SES259/SA259S22	SES259	7.49415
BLOCK25/SES259/SA259S24	SES259	7.35278
BLOCK25/SES259/SA259S28	SES259	7.72158
BLOCK27/SES270/SA270S14	SES270	5.00266
BLOCK27/SES270/SA270S16	SES270	5.1953
BLOCK27/SES270/SA270S22	SES270	6.1742
BLOCK27/SES270/SA270S26	SES270	4.71211
BLOCK27/SES270/SA270S28	SES270	5.43706
BLOCK27/SES271/SA271S14	SES271	7.25397
BLOCK27/SES271/SA271S15	SES009	5.27336
BLOCK27/SES271/SA271S22	SES271	5.95774
BLOCK27/SES271/SA271S27	SES292	5.26931
BLOCK27/SES271/SA271S29	SES271	7.25809
BLOCK27/SES272/SA272S10	SES272	6.20952
BLOCK27/SES272/SA272S13	SES272	6.31226
BLOCK27/SES272/SA272S21	SES272	6.16154
BLOCK27/SES272/SA272S24	SES272	5.82701
BLOCK27/SES272/SA272S29	SES272	6.0836
BLOCK27/SES273/SA273S12	SES273	7.38642
BLOCK27/SES273/SA273S13	SES273	8.0297
BLOCK27/SES273/SA273S21	SES273	7.84552
BLOCK27/SES273/SA273S25	SES273	6.62051
BLOCK27/SES273/SA273S27	SES273	7.47001
BLOCK27/SES274/SA274S10	SES274	7.9339
BLOCK27/SES274/SA274S11	SES274	8.81356
BLOCK27/SES274/SA274S21	SES274	8.17728
BLOCK27/SES274/SA274S24	SES274	7.7228
BLOCK27/SES274/SA274S29	SES274	6.20285
BLOCK27/SES275/SA275S17	SES275	7.3065
BLOCK27/SES275/SA275S18	SES275	6.3436
BLOCK27/SES275/SA275S24	SES275	5.65494
BLOCK27/SES275/SA275S26	SES275	7.06084
BLOCK27/SES275/SA275S28	SES275	6.49519
BLOCK27/SES276/SA276S16	SES276	6.07583
BLOCK27/SES276/SA276S17	SES276	6.47016
BLOCK27/SES276/SA276S24	SES276	6.96668
BLOCK27/SES276/SA276S26	SES276	7.55143
BLOCK27/SES276/SA276S28	SES276	7.46919
BLOCK27/SES277/SA277S12	SES277	5.87514
BLOCK27/SES277/SA277S14	SES277	5.28181
BLOCK27/SES277/SA277S21	SES277	7.26559
BLOCK27/SES277/SA277S24	SES277	5.20273
BLOCK27/SES277/SA277S29	SES277	6.97978
BLOCK27/SES278/SA278S12	SES278	5.33818
BLOCK27/SES278/SA278S16	SES278	6.59936
BLOCK27/SES278/SA278S24	SES278	6.85392
BLOCK27/SES278/SA278S26	SES278	6.73767
BLOCK27/SES278/SA278S29	SES278	6.20016
BLOCK27/SES279/SA279S09	SES047	6.34667
BLOCK27/SES279/SA279S10	SES279	6.74361
BLOCK27/SES279/SA279S20	SES279	4.89604
BLOCK27/SES279/SA279S26	SES279	6.69935
BLOCK27/SES279/SA279S28	SES279	8.31082
BLOCK29/SES290/SA290S12	SES290	9.10019
BLOCK29/SES290/SA290S13	SES290	6.91693
BLOCK29/SES290/SA290S22	SES290	6.96814
BLOCK29/SES290/SA290S25	SES290	8.14244
BLOCK29/SES290/SA290S29	SES290	8.49536
BLOCK29/SES291/SA291S11	SES291	6.10836
BLOCK29/SES291/SA291S12	SES291	6.66663
BLOCK29/SES291/SA291S22	SES291	6.75908
BLOCK29/SES291/SA291S24	SES291	7.74253
BLOCK29/SES291/SA291S27	SES291	7.49238
BLOCK29/SES292/SA292S10	SES292	7.05083
BLOCK29/SES292/SA292S12	SES292	5.72306
BLOCK29/SES292/SA292S22	SES292	7.16299
BLOCK29/SES292/SA292S24	SES292	6.97725
BLOCK29/SES292/SA292S27	SES292	6.39039
BLOCK29/SES294/SA294S13	SES294	5.44151
BLOCK29/SES294/SA294S14	SES171	6.38282
BLOCK29/SES294/SA294S23	SES294	5.81605
BLOCK29/SES294/SA294S25	SES101	5.85895
BLOCK29/SES294/SA294S28	SES175	6.41518
nerr=25	ntot=785	error_rate=3.18%
>>>>>>> 61b2d7b (V4.3)
>>>>>>> c9426322254b883bafe5f0a80b794ac6dfa5223c
