<<<<<<< HEAD
BLOCK00/SES000/SA000S13	SES163	-9.00015
BLOCK00/SES000/SA000S14	SES145	-8.12382
BLOCK00/SES000/SA000S22	SES000	-8.87496
BLOCK00/SES000/SA000S24	SES000	-9.47001
BLOCK00/SES000/SA000S28	SES000	-8.49688
BLOCK00/SES001/SA001S14	SES001	-8.89524
BLOCK00/SES001/SA001S15	SES001	-7.63093
BLOCK00/SES001/SA001S24	SES040	-8.53702
BLOCK00/SES001/SA001S27	SES001	-6.93833
BLOCK00/SES001/SA001S29	SES001	-8.54728
BLOCK00/SES002/SA002S12	SES080	-8.90002
BLOCK00/SES002/SA002S13	SES013	-9.14194
BLOCK00/SES002/SA002S23	SES002	-8.91766
BLOCK00/SES002/SA002S26	SES002	-10.1019
BLOCK00/SES002/SA002S28	SES002	-8.83143
BLOCK00/SES003/SA003S11	SES003	-8.67434
BLOCK00/SES003/SA003S15	SES209	-8.08363
BLOCK00/SES003/SA003S22	SES062	-8.48878
BLOCK00/SES003/SA003S25	SES097	-8.81266
BLOCK00/SES003/SA003S29	SES020	-8.55414
BLOCK00/SES004/SA004S12	SES004	-7.9345
BLOCK00/SES004/SA004S17	SES004	-8.31337
BLOCK00/SES004/SA004S24	SES180	-8.23704
BLOCK00/SES004/SA004S26	SES004	-8.03346
BLOCK00/SES004/SA004S28	SES294	-7.51133
BLOCK00/SES005/SA005S12	SES005	-7.59348
BLOCK00/SES005/SA005S13	SES005	-7.93422
BLOCK00/SES005/SA005S20	SES005	-8.36048
BLOCK00/SES005/SA005S24	SES175	-7.96185
BLOCK00/SES005/SA005S28	SES005	-7.5754
BLOCK00/SES006/SA006S10	SES006	-9.22842
BLOCK00/SES006/SA006S11	SES006	-8.94697
BLOCK00/SES006/SA006S23	SES006	-10.1293
BLOCK00/SES006/SA006S26	SES006	-8.88151
BLOCK00/SES006/SA006S28	SES006	-9.68733
BLOCK00/SES007/SA007S14	SES098	-8.0383
BLOCK00/SES007/SA007S15	SES007	-8.52102
BLOCK00/SES007/SA007S24	SES007	-8.38051
BLOCK00/SES007/SA007S27	SES007	-9.51452
BLOCK00/SES007/SA007S29	SES140	-7.89885
BLOCK00/SES008/SA008S11	SES008	-7.06845
BLOCK00/SES008/SA008S12	SES008	-7.78156
BLOCK00/SES008/SA008S19	SES008	-7.87608
BLOCK00/SES008/SA008S22	SES143	-8.40376
BLOCK00/SES008/SA008S29	SES008	-7.47192
BLOCK00/SES009/SA009S12	SES209	-8.91676
BLOCK00/SES009/SA009S15	SES009	-8.26659
BLOCK00/SES009/SA009S24	SES009	-8.86549
BLOCK00/SES009/SA009S26	SES005	-8.61645
BLOCK00/SES009/SA009S29	SES140	-8.70591
BLOCK01/SES010/SA010S11	SES010	-7.45918
BLOCK01/SES010/SA010S12	SES010	-7.6042
BLOCK01/SES010/SA010S20	SES010	-7.98104
BLOCK01/SES010/SA010S24	SES010	-8.34027
BLOCK01/SES010/SA010S29	SES010	-7.73136
BLOCK01/SES011/SA011S10	SES132	-9.4198
BLOCK01/SES011/SA011S11	SES011	-8.62123
BLOCK01/SES011/SA011S22	SES011	-9.18884
BLOCK01/SES011/SA011S24	SES011	-8.01282
BLOCK01/SES011/SA011S27	SES011	-8.47957
BLOCK01/SES012/SA012S11	SES188	-8.11871
BLOCK01/SES012/SA012S14	SES012	-9.3856
BLOCK01/SES012/SA012S24	SES082	-9.69367
BLOCK01/SES012/SA012S26	SES206	-9.8313
BLOCK01/SES012/SA012S29	SES209	-7.7991
BLOCK01/SES013/SA013S16	SES013	-10.2364
BLOCK01/SES013/SA013S17	SES013	-8.82047
BLOCK01/SES013/SA013S23	SES013	-9.16766
BLOCK01/SES013/SA013S25	SES013	-8.87198
BLOCK01/SES013/SA013S29	SES013	-8.83984
BLOCK01/SES014/SA014S10	SES014	-8.84637
BLOCK01/SES014/SA014S12	SES014	-8.27461
BLOCK01/SES014/SA014S24	SES014	-8.4289
BLOCK01/SES014/SA014S26	SES014	-8.46739
BLOCK01/SES014/SA014S28	SES014	-7.55716
BLOCK01/SES015/SA015S11	SES015	-7.66138
BLOCK01/SES015/SA015S12	SES128	-8.90671
BLOCK01/SES015/SA015S23	SES015	-7.03135
BLOCK01/SES015/SA015S25	SES015	-9.24994
BLOCK01/SES015/SA015S29	SES042	-8.78299
BLOCK01/SES016/SA016S12	SES016	-9.56534
BLOCK01/SES016/SA016S13	SES022	-8.721
BLOCK01/SES016/SA016S22	SES016	-8.34358
BLOCK01/SES016/SA016S25	SES016	-7.40238
BLOCK01/SES016/SA016S27	SES098	-8.23931
BLOCK01/SES017/SA017S11	SES128	-9.03036
BLOCK01/SES017/SA017S12	SES017	-9.00813
BLOCK01/SES017/SA017S19	SES225	-8.42991
BLOCK01/SES017/SA017S23	SES012	-8.15713
BLOCK01/SES017/SA017S27	SES017	-9.5055
BLOCK01/SES019/SA019S13	SES019	-7.66096
BLOCK01/SES019/SA019S14	SES019	-9.30455
BLOCK01/SES019/SA019S22	SES019	-7.73035
BLOCK01/SES019/SA019S25	SES019	-8.26554
BLOCK01/SES019/SA019S29	SES019	-8.30405
BLOCK02/SES020/SA020S15	SES145	-8.09589
BLOCK02/SES020/SA020S16	SES020	-9.71432
BLOCK02/SES020/SA020S24	SES020	-9.44671
BLOCK02/SES020/SA020S26	SES020	-9.35818
BLOCK02/SES020/SA020S29	SES020	-9.56303
BLOCK02/SES021/SA021S13	SES002	-8.99356
BLOCK02/SES021/SA021S15	SES021	-8.2017
BLOCK02/SES021/SA021S23	SES104	-9.60222
BLOCK02/SES021/SA021S27	SES069	-8.39856
BLOCK02/SES021/SA021S29	SES021	-9.54982
BLOCK02/SES022/SA022S13	SES022	-9.81722
BLOCK02/SES022/SA022S14	SES022	-9.10612
BLOCK02/SES022/SA022S23	SES022	-7.53244
BLOCK02/SES022/SA022S25	SES294	-8.54537
BLOCK02/SES022/SA022S29	SES022	-8.60782
BLOCK02/SES023/SA023S11	SES023	-8.9554
BLOCK02/SES023/SA023S13	SES023	-9.31929
BLOCK02/SES023/SA023S24	SES023	-8.3928
BLOCK02/SES023/SA023S26	SES023	-9.72106
BLOCK02/SES023/SA023S28	SES225	-8.49174
BLOCK02/SES024/SA024S10	SES278	-9.31948
BLOCK02/SES024/SA024S11	SES024	-8.95004
BLOCK02/SES024/SA024S19	SES024	-8.19982
BLOCK02/SES024/SA024S26	SES024	-8.66137
BLOCK02/SES024/SA024S28	SES024	-8.20404
BLOCK02/SES025/SA025S10	SES025	-8.27575
BLOCK02/SES025/SA025S13	SES270	-8.79762
BLOCK02/SES025/SA025S21	SES025	-8.77623
BLOCK02/SES025/SA025S24	SES025	-8.05239
BLOCK02/SES025/SA025S29	SES020	-8.48542
BLOCK02/SES026/SA026S12	SES026	-9.53616
BLOCK02/SES026/SA026S13	SES026	-10.3087
BLOCK02/SES026/SA026S21	SES026	-9.99729
BLOCK02/SES026/SA026S26	SES026	-9.91724
BLOCK02/SES026/SA026S28	SES026	-9.33614
BLOCK02/SES027/SA027S11	SES013	-8.57415
BLOCK02/SES027/SA027S12	SES025	-9.90393
BLOCK02/SES027/SA027S21	SES069	-9.00828
BLOCK02/SES027/SA027S23	SES002	-9.47042
BLOCK02/SES027/SA027S25	SES027	-8.83312
BLOCK02/SES029/SA029S11	SES029	-7.83772
BLOCK02/SES029/SA029S12	SES029	-8.32633
BLOCK02/SES029/SA029S20	SES029	-7.96167
BLOCK02/SES029/SA029S25	SES029	-8.53991
BLOCK02/SES029/SA029S28	SES202	-8.50502
BLOCK04/SES040/SA040S08	SES204	-7.29633
BLOCK04/SES040/SA040S09	SES040	-8.16628
BLOCK04/SES040/SA040S20	SES029	-7.32474
BLOCK04/SES040/SA040S23	SES040	-8.13439
BLOCK04/SES040/SA040S27	SES040	-7.83261
BLOCK04/SES042/SA042S12	SES011	-8.00309
BLOCK04/SES042/SA042S15	SES042	-7.44857
BLOCK04/SES042/SA042S22	SES042	-9.11983
BLOCK04/SES042/SA042S25	SES205	-9.88855
BLOCK04/SES042/SA042S27	SES042	-9.0294
BLOCK04/SES043/SA043S09	SES144	-9.48478
BLOCK04/SES043/SA043S11	SES043	-7.94529
BLOCK04/SES043/SA043S23	SES043	-8.35148
BLOCK04/SES043/SA043S26	SES063	-9.34826
BLOCK04/SES043/SA043S28	SES187	-9.22903
BLOCK04/SES044/SA044S10	SES044	-8.954
BLOCK04/SES044/SA044S11	SES044	-8.77395
BLOCK04/SES044/SA044S24	SES044	-8.5334
BLOCK04/SES044/SA044S26	SES044	-8.11588
BLOCK04/SES044/SA044S29	SES144	-8.48236
BLOCK04/SES045/SA045S11	SES045	-8.6787
BLOCK04/SES045/SA045S13	SES045	-7.80467
BLOCK04/SES045/SA045S22	SES045	-8.7297
BLOCK04/SES045/SA045S25	SES045	-8.28903
BLOCK04/SES045/SA045S29	SES045	-10.164
BLOCK04/SES046/SA046S13	SES046	-9.9466
BLOCK04/SES046/SA046S15	SES088	-8.15925
BLOCK04/SES046/SA046S22	SES046	-9.11991
BLOCK04/SES046/SA046S25	SES258	-8.01094
BLOCK04/SES046/SA046S28	SES133	-8.39849
BLOCK04/SES047/SA047S10	SES276	-9.04504
BLOCK04/SES047/SA047S11	SES047	-8.25491
BLOCK04/SES047/SA047S22	SES047	-9.31445
BLOCK04/SES047/SA047S24	SES080	-8.54113
BLOCK04/SES047/SA047S27	SES047	-9.41981
BLOCK04/SES048/SA048S11	SES048	-7.83603
BLOCK04/SES048/SA048S12	SES048	-8.85598
BLOCK04/SES048/SA048S20	SES048	-8.20332
BLOCK04/SES048/SA048S23	SES048	-8.47148
BLOCK04/SES048/SA048S27	SES177	-8.73912
BLOCK04/SES049/SA049S16	SES082	-10.7231
BLOCK04/SES049/SA049S18	SES131	-9.39847
BLOCK04/SES049/SA049S25	SES017	-10.2398
BLOCK04/SES049/SA049S27	SES049	-8.22299
BLOCK04/SES049/SA049S29	SES049	-8.09403
BLOCK06/SES060/SA060S11	SES060	-8.28594
BLOCK06/SES060/SA060S12	SES060	-8.96565
BLOCK06/SES060/SA060S22	SES169	-9.60567
BLOCK06/SES060/SA060S24	SES060	-7.67364
BLOCK06/SES060/SA060S28	SES062	-7.39387
BLOCK06/SES061/SA061S10	SES128	-9.46377
BLOCK06/SES061/SA061S11	SES061	-9.83169
BLOCK06/SES061/SA061S18	SES061	-11.141
BLOCK06/SES061/SA061S23	SES061	-9.93281
BLOCK06/SES061/SA061S26	SES061	-8.63421
BLOCK06/SES062/SA062S10	SES062	-8.50426
BLOCK06/SES062/SA062S11	SES221	-9.20355
BLOCK06/SES062/SA062S21	SES068	-6.86126
BLOCK06/SES062/SA062S26	SES029	-8.42976
BLOCK06/SES062/SA062S29	SES062	-7.72259
BLOCK06/SES063/SA063S09	SES063	-9.5225
BLOCK06/SES063/SA063S10	SES063	-8.94243
BLOCK06/SES063/SA063S20	SES063	-9.12736
BLOCK06/SES063/SA063S24	SES063	-9.61192
BLOCK06/SES063/SA063S27	SES063	-8.84281
BLOCK06/SES064/SA064S12	SES064	-9.50953
BLOCK06/SES064/SA064S14	SES000	-8.75237
BLOCK06/SES064/SA064S22	SES064	-8.14422
BLOCK06/SES064/SA064S26	SES064	-8.68114
BLOCK06/SES064/SA064S29	SES064	-8.67315
BLOCK06/SES065/SA065S11	SES160	-8.42602
BLOCK06/SES065/SA065S13	SES029	-8.75419
BLOCK06/SES065/SA065S22	SES005	-8.88829
BLOCK06/SES065/SA065S24	SES005	-7.8799
BLOCK06/SES065/SA065S29	SES029	-9.76551
BLOCK06/SES066/SA066S13	SES066	-10.3127
BLOCK06/SES066/SA066S14	SES066	-8.69367
BLOCK06/SES066/SA066S21	SES066	-7.28701
BLOCK06/SES066/SA066S25	SES066	-8.33578
BLOCK06/SES066/SA066S29	SES278	-10.445
BLOCK06/SES067/SA067S12	SES067	-7.17129
BLOCK06/SES067/SA067S14	SES067	-5.70252
BLOCK06/SES067/SA067S21	SES048	-9.09119
BLOCK06/SES067/SA067S25	SES067	-8.06001
BLOCK06/SES067/SA067S29	SES067	-8.20083
BLOCK06/SES068/SA068S14	SES068	-8.87308
BLOCK06/SES068/SA068S15	SES068	-8.54353
BLOCK06/SES068/SA068S23	SES068	-8.80949
BLOCK06/SES068/SA068S27	SES068	-7.92161
BLOCK06/SES068/SA068S29	SES068	-8.4207
BLOCK06/SES069/SA069S12	SES069	-8.16953
BLOCK06/SES069/SA069S13	SES069	-7.51771
BLOCK06/SES069/SA069S23	SES069	-7.27792
BLOCK06/SES069/SA069S25	SES069	-8.09222
BLOCK06/SES069/SA069S27	SES069	-8.7994
BLOCK08/SES080/SA080S11	SES080	-8.43401
BLOCK08/SES080/SA080S12	SES080	-8.92243
BLOCK08/SES080/SA080S21	SES080	-8.52479
BLOCK08/SES080/SA080S25	SES002	-9.22404
BLOCK08/SES080/SA080S28	SES011	-8.94291
BLOCK08/SES081/SA081S11	SES081	-8.8211
BLOCK08/SES081/SA081S13	SES081	-7.69547
BLOCK08/SES081/SA081S24	SES081	-8.5845
BLOCK08/SES081/SA081S27	SES081	-9.43649
BLOCK08/SES081/SA081S29	SES132	-9.47199
BLOCK08/SES082/SA082S12	SES082	-8.80324
BLOCK08/SES082/SA082S14	SES082	-9.22195
BLOCK08/SES082/SA082S21	SES082	-8.37744
BLOCK08/SES082/SA082S24	SES124	-8.56998
BLOCK08/SES082/SA082S28	SES082	-8.85506
BLOCK08/SES083/SA083S14	SES083	-8.35083
BLOCK08/SES083/SA083S15	SES083	-8.09324
BLOCK08/SES083/SA083S24	SES083	-8.48312
BLOCK08/SES083/SA083S26	SES083	-9.30472
BLOCK08/SES083/SA083S29	SES083	-9.05429
BLOCK08/SES084/SA084S14	SES221	-9.24323
BLOCK08/SES084/SA084S15	SES084	-8.1672
BLOCK08/SES084/SA084S22	SES084	-7.94758
BLOCK08/SES084/SA084S27	SES084	-7.94279
BLOCK08/SES084/SA084S29	SES068	-7.44223
BLOCK08/SES085/SA085S10	SES068	-7.41808
BLOCK08/SES085/SA085S13	SES085	-9.08808
BLOCK08/SES085/SA085S22	SES005	-7.89202
BLOCK08/SES085/SA085S26	SES142	-8.79393
BLOCK08/SES085/SA085S28	SES068	-8.08867
BLOCK08/SES086/SA086S11	SES108	-10.1673
BLOCK08/SES086/SA086S12	SES087	-9.63997
BLOCK08/SES086/SA086S20	SES061	-8.89971
BLOCK08/SES086/SA086S24	SES061	-9.91002
BLOCK08/SES086/SA086S28	SES086	-8.32415
BLOCK08/SES087/SA087S15	SES087	-8.94533
BLOCK08/SES087/SA087S16	SES087	-8.94682
BLOCK08/SES087/SA087S24	SES087	-8.97939
BLOCK08/SES087/SA087S26	SES204	-8.2968
BLOCK08/SES087/SA087S29	SES087	-8.14235
BLOCK08/SES088/SA088S15	SES088	-9.72871
BLOCK08/SES088/SA088S17	SES088	-9.78922
BLOCK08/SES088/SA088S24	SES081	-8.57186
BLOCK08/SES088/SA088S27	SES088	-9.80639
BLOCK08/SES088/SA088S29	SES081	-9.53765
BLOCK08/SES089/SA089S13	SES089	-9.44482
BLOCK08/SES089/SA089S14	SES204	-8.46407
BLOCK08/SES089/SA089S23	SES020	-10.375
BLOCK08/SES089/SA089S25	SES089	-8.77244
BLOCK08/SES089/SA089S28	SES089	-8.21574
BLOCK09/SES097/SA097S11	SES097	-9.34208
BLOCK09/SES097/SA097S14	SES097	-8.79567
BLOCK09/SES097/SA097S22	SES145	-8.66824
BLOCK09/SES097/SA097S26	SES097	-8.4065
BLOCK09/SES097/SA097S28	SES204	-8.72272
BLOCK09/SES098/SA098S11	SES098	-8.1694
BLOCK09/SES098/SA098S12	SES098	-9.5975
BLOCK09/SES098/SA098S20	SES098	-9.20051
BLOCK09/SES098/SA098S23	SES098	-9.27712
BLOCK09/SES098/SA098S27	SES209	-9.46639
BLOCK09/SES099/SA099S15	SES099	-9.54263
BLOCK09/SES099/SA099S16	SES131	-8.91931
BLOCK09/SES099/SA099S24	SES108	-9.14382
BLOCK09/SES099/SA099S26	SES099	-8.85447
BLOCK09/SES099/SA099S29	SES017	-8.99019
BLOCK10/SES100/SA100S13	SES080	-8.83216
BLOCK10/SES100/SA100S14	SES209	-9.50515
BLOCK10/SES100/SA100S24	SES128	-9.94834
BLOCK10/SES100/SA100S27	SES128	-9.41384
BLOCK10/SES100/SA100S29	SES082	-8.56272
BLOCK10/SES101/SA101S11	SES083	-8.05187
BLOCK10/SES101/SA101S13	SES175	-7.43357
BLOCK10/SES101/SA101S22	SES277	-9.28258
BLOCK10/SES101/SA101S24	SES107	-8.24398
BLOCK10/SES101/SA101S28	SES101	-8.67323
BLOCK10/SES102/SA102S13	SES189	-10.287
BLOCK10/SES102/SA102S14	SES102	-8.01074
BLOCK10/SES102/SA102S22	SES189	-8.40394
BLOCK10/SES102/SA102S25	SES102	-8.4477
BLOCK10/SES102/SA102S27	SES102	-8.93954
BLOCK10/SES103/SA103S14	SES080	-10.2382
BLOCK10/SES103/SA103S15	SES270	-10.4192
BLOCK10/SES103/SA103S24	SES103	-9.37076
BLOCK10/SES103/SA103S26	SES103	-9.12827
BLOCK10/SES103/SA103S28	SES103	-9.83502
BLOCK10/SES104/SA104S11	SES104	-8.34233
BLOCK10/SES104/SA104S12	SES104	-8.61185
BLOCK10/SES104/SA104S21	SES104	-8.99304
BLOCK10/SES104/SA104S24	SES012	-9.22712
BLOCK10/SES104/SA104S28	SES104	-8.914
BLOCK10/SES105/SA105S12	SES105	-9.38983
BLOCK10/SES105/SA105S13	SES146	-8.52342
BLOCK10/SES105/SA105S22	SES169	-9.78142
BLOCK10/SES105/SA105S26	SES105	-9.82635
BLOCK10/SES105/SA105S29	SES105	-8.41803
BLOCK10/SES106/SA106S09	SES106	-9.33143
BLOCK10/SES106/SA106S11	SES106	-8.43985
BLOCK10/SES106/SA106S22	SES106	-9.68926
BLOCK10/SES106/SA106S27	SES106	-8.66104
BLOCK10/SES106/SA106S29	SES128	-7.84971
BLOCK10/SES107/SA107S08	SES107	-7.76932
BLOCK10/SES107/SA107S09	SES107	-9.55983
BLOCK10/SES107/SA107S20	SES107	-9.78687
BLOCK10/SES107/SA107S24	SES107	-9.17641
BLOCK10/SES107/SA107S28	SES107	-9.44333
BLOCK10/SES108/SA108S13	SES108	-10.4335
BLOCK10/SES108/SA108S14	SES108	-9.64451
BLOCK10/SES108/SA108S24	SES108	-9.92834
BLOCK10/SES108/SA108S27	SES108	-9.68245
BLOCK10/SES108/SA108S29	SES128	-11.1652
BLOCK10/SES109/SA109S14	SES109	-9.68322
BLOCK10/SES109/SA109S15	SES101	-8.76254
BLOCK10/SES109/SA109S21	SES109	-9.96932
BLOCK10/SES109/SA109S25	SES109	-9.91071
BLOCK10/SES109/SA109S28	SES109	-9.52993
BLOCK11/SES117/SA117S12	SES187	-9.44493
BLOCK11/SES117/SA117S13	SES294	-9.3105
BLOCK11/SES117/SA117S23	SES117	-9.55503
BLOCK11/SES117/SA117S25	SES169	-8.87733
BLOCK11/SES117/SA117S28	SES117	-9.13151
BLOCK11/SES118/SA118S14	SES118	-8.66162
BLOCK11/SES118/SA118S16	SES175	-8.58877
BLOCK11/SES118/SA118S23	SES169	-8.03828
BLOCK11/SES118/SA118S26	SES144	-8.75382
BLOCK11/SES118/SA118S29	SES117	-9.55123
BLOCK11/SES119/SA119S10	SES119	-8.41592
BLOCK11/SES119/SA119S12	SES119	-8.71878
BLOCK11/SES119/SA119S19	SES119	-7.64267
BLOCK11/SES119/SA119S22	SES119	-9.36447
BLOCK11/SES119/SA119S27	SES169	-8.61073
BLOCK12/SES120/SA120S08	SES120	-9.22321
BLOCK12/SES120/SA120S11	SES128	-11.533
BLOCK12/SES120/SA120S22	SES120	-8.32259
BLOCK12/SES120/SA120S24	SES098	-9.36713
BLOCK12/SES120/SA120S28	SES292	-9.30885
BLOCK12/SES121/SA121S12	SES121	-8.64742
BLOCK12/SES121/SA121S14	SES121	-10.0066
BLOCK12/SES121/SA121S23	SES121	-8.94362
BLOCK12/SES121/SA121S25	SES121	-9.37038
BLOCK12/SES121/SA121S27	SES121	-9.41777
BLOCK12/SES122/SA122S11	SES128	-9.30756
BLOCK12/SES122/SA122S13	SES259	-9.90188
BLOCK12/SES122/SA122S22	SES122	-9.38104
BLOCK12/SES122/SA122S24	SES122	-8.86974
BLOCK12/SES122/SA122S27	SES122	-8.71011
BLOCK12/SES123/SA123S10	SES123	-8.06724
BLOCK12/SES123/SA123S12	SES123	-7.66258
BLOCK12/SES123/SA123S23	SES123	-8.49493
BLOCK12/SES123/SA123S26	SES123	-8.05251
BLOCK12/SES123/SA123S29	SES123	-8.08037
BLOCK12/SES124/SA124S16	SES124	-7.50637
BLOCK12/SES124/SA124S17	SES124	-8.23926
BLOCK12/SES124/SA124S23	SES125	-7.18009
BLOCK12/SES124/SA124S26	SES124	-7.74413
BLOCK12/SES124/SA124S28	SES124	-7.51647
BLOCK12/SES125/SA125S13	SES125	-8.54732
BLOCK12/SES125/SA125S14	SES125	-9.10293
BLOCK12/SES125/SA125S25	SES125	-8.77615
BLOCK12/SES125/SA125S27	SES125	-8.12193
BLOCK12/SES125/SA125S29	SES104	-8.48283
BLOCK12/SES126/SA126S13	SES140	-9.11315
BLOCK12/SES126/SA126S14	SES126	-8.05485
BLOCK12/SES126/SA126S20	SES005	-7.73877
BLOCK12/SES126/SA126S24	SES126	-7.68413
BLOCK12/SES126/SA126S26	SES126	-8.18056
BLOCK12/SES127/SA127S11	SES127	-8.47748
BLOCK12/SES127/SA127S12	SES167	-7.34384
BLOCK12/SES127/SA127S23	SES140	-7.68396
BLOCK12/SES127/SA127S25	SES127	-7.86238
BLOCK12/SES127/SA127S27	SES127	-7.7286
BLOCK12/SES128/SA128S10	SES128	-9.03874
BLOCK12/SES128/SA128S12	SES128	-8.80241
BLOCK12/SES128/SA128S21	SES014	-8.87138
BLOCK12/SES128/SA128S24	SES128	-9.092
BLOCK12/SES128/SA128S27	SES128	-8.23422
BLOCK12/SES129/SA129S11	SES129	-7.42101
BLOCK12/SES129/SA129S12	SES044	-7.04627
BLOCK12/SES129/SA129S22	SES129	-8.35111
BLOCK12/SES129/SA129S27	SES129	-7.95546
BLOCK12/SES129/SA129S29	SES101	-9.08565
BLOCK13/SES130/SA130S13	SES130	-9.50376
BLOCK13/SES130/SA130S15	SES130	-8.03963
BLOCK13/SES130/SA130S23	SES130	-8.52534
BLOCK13/SES130/SA130S25	SES130	-7.75389
BLOCK13/SES130/SA130S28	SES130	-8.97039
BLOCK13/SES131/SA131S13	SES131	-9.02069
BLOCK13/SES131/SA131S14	SES279	-7.11965
BLOCK13/SES131/SA131S20	SES131	-9.43388
BLOCK13/SES131/SA131S22	SES122	-7.90346
BLOCK13/SES131/SA131S29	SES205	-9.75423
BLOCK13/SES132/SA132S11	SES042	-8.8421
BLOCK13/SES132/SA132S12	SES132	-7.8806
BLOCK13/SES132/SA132S22	SES132	-8.37432
BLOCK13/SES132/SA132S24	SES132	-7.99638
BLOCK13/SES132/SA132S27	SES132	-9.40964
BLOCK13/SES133/SA133S12	SES133	-8.85263
BLOCK13/SES133/SA133S14	SES133	-7.77286
BLOCK13/SES133/SA133S22	SES133	-8.00416
BLOCK13/SES133/SA133S24	SES144	-8.76924
BLOCK13/SES133/SA133S28	SES133	-7.14064
BLOCK14/SES140/SA140S10	SES169	-8.87685
BLOCK14/SES140/SA140S13	SES083	-7.38575
BLOCK14/SES140/SA140S20	SES177	-7.41513
BLOCK14/SES140/SA140S22	SES140	-7.82686
BLOCK14/SES140/SA140S28	SES169	-8.04541
BLOCK14/SES141/SA141S09	SES141	-7.69966
BLOCK14/SES141/SA141S15	SES141	-8.46796
BLOCK14/SES141/SA141S24	SES141	-8.37085
BLOCK14/SES141/SA141S26	SES141	-8.68319
BLOCK14/SES141/SA141S29	SES141	-8.12695
BLOCK14/SES142/SA142S11	SES098	-7.22151
BLOCK14/SES142/SA142S12	SES142	-8.35788
BLOCK14/SES142/SA142S24	SES142	-7.87559
BLOCK14/SES142/SA142S27	SES126	-7.8988
BLOCK14/SES142/SA142S29	SES142	-7.77903
BLOCK14/SES143/SA143S12	SES143	-8.56323
BLOCK14/SES143/SA143S13	SES143	-8.55768
BLOCK14/SES143/SA143S23	SES143	-8.4678
BLOCK14/SES143/SA143S25	SES143	-9.03682
BLOCK14/SES143/SA143S28	SES016	-8.40823
BLOCK14/SES144/SA144S09	SES144	-8.37215
BLOCK14/SES144/SA144S11	SES146	-8.61239
BLOCK14/SES144/SA144S21	SES062	-8.83775
BLOCK14/SES144/SA144S25	SES169	-8.35785
BLOCK14/SES144/SA144S29	SES081	-9.01957
BLOCK14/SES145/SA145S12	SES145	-8.37748
BLOCK14/SES145/SA145S13	SES145	-8.9285
BLOCK14/SES145/SA145S23	SES066	-9.22016
BLOCK14/SES145/SA145S25	SES145	-7.88709
BLOCK14/SES145/SA145S28	SES145	-8.09028
BLOCK14/SES146/SA146S14	SES146	-9.26363
BLOCK14/SES146/SA146S15	SES146	-9.28243
BLOCK14/SES146/SA146S24	SES109	-8.93821
BLOCK14/SES146/SA146S26	SES159	-9.02989
BLOCK14/SES146/SA146S29	SES146	-9.14627
BLOCK14/SES147/SA147S11	SES022	-8.96042
BLOCK14/SES147/SA147S13	SES005	-8.03912
BLOCK14/SES147/SA147S23	SES169	-8.43188
BLOCK14/SES147/SA147S26	SES147	-8.51749
BLOCK14/SES147/SA147S28	SES147	-7.63204
BLOCK14/SES148/SA148S10	SES175	-7.80675
BLOCK14/SES148/SA148S12	SES008	-8.83294
BLOCK14/SES148/SA148S22	SES148	-7.97993
BLOCK14/SES148/SA148S26	SES175	-7.60445
BLOCK14/SES148/SA148S29	SES005	-8.60862
BLOCK14/SES149/SA149S13	SES271	-7.71019
BLOCK14/SES149/SA149S14	SES149	-7.87938
BLOCK14/SES149/SA149S24	SES149	-8.2784
BLOCK14/SES149/SA149S26	SES060	-7.96441
BLOCK14/SES149/SA149S28	SES271	-6.79688
BLOCK15/SES157/SA157S08	SES157	-7.83796
BLOCK15/SES157/SA157S11	SES157	-8.88089
BLOCK15/SES157/SA157S21	SES175	-7.51921
BLOCK15/SES157/SA157S24	SES123	-8.51214
BLOCK15/SES157/SA157S26	SES004	-8.02043
BLOCK15/SES158/SA158S13	SES158	-9.19476
BLOCK15/SES158/SA158S14	SES013	-9.83286
BLOCK15/SES158/SA158S23	SES128	-8.04394
BLOCK15/SES158/SA158S26	SES158	-8.76385
BLOCK15/SES158/SA158S28	SES291	-8.79766
BLOCK15/SES159/SA159S10	SES159	-9.0311
BLOCK15/SES159/SA159S12	SES098	-9.06119
BLOCK15/SES159/SA159S22	SES109	-9.14621
BLOCK15/SES159/SA159S25	SES159	-8.87184
BLOCK15/SES159/SA159S28	SES109	-9.56588
BLOCK16/SES160/SA160S12	SES005	-8.02463
BLOCK16/SES160/SA160S14	SES081	-9.80414
BLOCK16/SES160/SA160S24	SES081	-9.54554
BLOCK16/SES160/SA160S26	SES160	-8.84565
BLOCK16/SES160/SA160S28	SES109	-9.58175
BLOCK16/SES161/SA161S10	SES161	-8.33791
BLOCK16/SES161/SA161S12	SES161	-9.05298
BLOCK16/SES161/SA161S20	SES161	-9.16233
BLOCK16/SES161/SA161S23	SES161	-9.1521
BLOCK16/SES161/SA161S28	SES161	-8.9602
BLOCK16/SES162/SA162S10	SES162	-9.27236
BLOCK16/SES162/SA162S11	SES144	-8.17554
BLOCK16/SES162/SA162S21	SES162	-8.16002
BLOCK16/SES162/SA162S24	SES044	-8.23469
BLOCK16/SES162/SA162S27	SES166	-9.47235
BLOCK16/SES163/SA163S11	SES128	-8.69931
BLOCK16/SES163/SA163S13	SES163	-8.17646
BLOCK16/SES163/SA163S22	SES125	-8.93157
BLOCK16/SES163/SA163S25	SES000	-8.42463
BLOCK16/SES163/SA163S27	SES001	-9.0752
BLOCK16/SES164/SA164S11	SES164	-7.31077
BLOCK16/SES164/SA164S13	SES013	-8.39951
BLOCK16/SES164/SA164S24	SES164	-7.17209
BLOCK16/SES164/SA164S27	SES164	-7.42262
BLOCK16/SES164/SA164S29	SES164	-7.47141
BLOCK16/SES165/SA165S08	SES167	-7.54039
BLOCK16/SES165/SA165S09	SES129	-9.14216
BLOCK16/SES165/SA165S21	SES040	-9.95954
BLOCK16/SES165/SA165S23	SES165	-8.76904
BLOCK16/SES165/SA165S26	SES165	-8.75378
BLOCK16/SES166/SA166S12	SES166	-9.66942
BLOCK16/SES166/SA166S14	SES130	-9.45743
BLOCK16/SES166/SA166S23	SES119	-8.79741
BLOCK16/SES166/SA166S25	SES166	-9.05784
BLOCK16/SES166/SA166S27	SES166	-8.98653
BLOCK16/SES167/SA167S14	SES167	-7.21784
BLOCK16/SES167/SA167S15	SES167	-6.98272
BLOCK16/SES167/SA167S21	SES167	-6.88649
BLOCK16/SES167/SA167S25	SES167	-7.15541
BLOCK16/SES167/SA167S29	SES167	-6.39297
BLOCK16/SES168/SA168S10	SES168	-7.67217
BLOCK16/SES168/SA168S11	SES168	-8.08557
BLOCK16/SES168/SA168S21	SES168	-8.35858
BLOCK16/SES168/SA168S25	SES128	-8.03772
BLOCK16/SES168/SA168S28	SES168	-7.99724
BLOCK16/SES169/SA169S13	SES140	-9.11662
BLOCK16/SES169/SA169S14	SES207	-7.60471
BLOCK16/SES169/SA169S24	SES169	-9.17516
BLOCK16/SES169/SA169S27	SES169	-8.60708
BLOCK16/SES169/SA169S29	SES169	-7.81158
BLOCK17/SES170/SA170S09	SES029	-7.94131
BLOCK17/SES170/SA170S10	SES005	-7.85012
BLOCK17/SES170/SA170S22	SES067	-7.93443
BLOCK17/SES170/SA170S24	SES170	-7.47347
BLOCK17/SES170/SA170S28	SES170	-8.52282
BLOCK17/SES171/SA171S12	SES171	-9.46689
BLOCK17/SES171/SA171S15	SES171	-9.0488
BLOCK17/SES171/SA171S22	SES102	-7.29026
BLOCK17/SES171/SA171S25	SES085	-9.59917
BLOCK17/SES171/SA171S27	SES220	-9.68079
BLOCK17/SES172/SA172S12	SES172	-9.34247
BLOCK17/SES172/SA172S13	SES172	-9.14488
BLOCK17/SES172/SA172S23	SES172	-7.92878
BLOCK17/SES172/SA172S27	SES172	-9.61794
BLOCK17/SES172/SA172S29	SES172	-8.54996
BLOCK17/SES173/SA173S13	SES173	-8.34834
BLOCK17/SES173/SA173S14	SES173	-8.20471
BLOCK17/SES173/SA173S24	SES173	-8.89906
BLOCK17/SES173/SA173S27	SES173	-8.30967
BLOCK17/SES173/SA173S29	SES173	-8.80373
BLOCK17/SES175/SA175S11	SES098	-8.79078
BLOCK17/SES175/SA175S13	SES175	-6.95579
BLOCK17/SES175/SA175S23	SES175	-7.41545
BLOCK17/SES175/SA175S25	SES175	-9.1323
BLOCK17/SES175/SA175S28	SES175	-7.96304
BLOCK17/SES177/SA177S15	SES177	-9.48111
BLOCK17/SES177/SA177S17	SES177	-9.21503
BLOCK17/SES177/SA177S23	SES029	-9.14387
BLOCK17/SES177/SA177S26	SES177	-7.87639
BLOCK17/SES177/SA177S28	SES177	-8.97578
BLOCK18/SES180/SA180S13	SES209	-9.49618
BLOCK18/SES180/SA180S15	SES180	-8.2492
BLOCK18/SES180/SA180S24	SES180	-7.44402
BLOCK18/SES180/SA180S26	SES175	-8.0971
BLOCK18/SES180/SA180S29	SES202	-9.18348
BLOCK18/SES182/SA182S10	SES146	-7.95709
BLOCK18/SES182/SA182S12	SES146	-8.3045
BLOCK18/SES182/SA182S21	SES182	-9.59862
BLOCK18/SES182/SA182S23	SES128	-10.0669
BLOCK18/SES182/SA182S25	SES109	-8.5971
BLOCK18/SES183/SA183S13	SES183	-8.48923
BLOCK18/SES183/SA183S14	SES083	-8.95328
BLOCK18/SES183/SA183S24	SES183	-9.07296
BLOCK18/SES183/SA183S27	SES183	-9.18983
BLOCK18/SES183/SA183S29	SES183	-8.74214
BLOCK18/SES184/SA184S12	SES062	-8.50898
BLOCK18/SES184/SA184S13	SES175	-8.69261
BLOCK18/SES184/SA184S22	SES117	-8.77744
BLOCK18/SES184/SA184S25	SES180	-8.31781
BLOCK18/SES184/SA184S27	SES167	-8.36471
BLOCK18/SES185/SA185S12	SES185	-8.6571
BLOCK18/SES185/SA185S13	SES271	-8.24848
BLOCK18/SES185/SA185S23	SES175	-7.97715
BLOCK18/SES185/SA185S27	SES185	-8.87599
BLOCK18/SES185/SA185S29	SES185	-9.06853
BLOCK18/SES186/SA186S14	SES186	-8.73138
BLOCK18/SES186/SA186S15	SES186	-8.92268
BLOCK18/SES186/SA186S23	SES122	-8.44307
BLOCK18/SES186/SA186S26	SES186	-8.39865
BLOCK18/SES186/SA186S28	SES186	-9.18679
BLOCK18/SES187/SA187S13	SES007	-9.66619
BLOCK18/SES187/SA187S14	SES187	-9.69833
BLOCK18/SES187/SA187S24	SES187	-9.47242
BLOCK18/SES187/SA187S27	SES187	-9.46744
BLOCK18/SES187/SA187S29	SES187	-10.3824
BLOCK18/SES188/SA188S10	SES188	-7.55381
BLOCK18/SES188/SA188S14	SES202	-7.27496
BLOCK18/SES188/SA188S22	SES188	-8.93391
BLOCK18/SES188/SA188S24	SES188	-9.84254
BLOCK18/SES188/SA188S26	SES188	-9.22335
BLOCK18/SES189/SA189S10	SES189	-9.47921
BLOCK18/SES189/SA189S13	SES189	-10.3525
BLOCK18/SES189/SA189S24	SES083	-8.68646
BLOCK18/SES189/SA189S26	SES189	-9.16243
BLOCK18/SES189/SA189S29	SES189	-8.76965
BLOCK20/SES200/SA200S10	SES200	-6.7968
BLOCK20/SES200/SA200S11	SES200	-7.54109
BLOCK20/SES200/SA200S20	SES200	-7.91122
BLOCK20/SES200/SA200S25	SES200	-7.43732
BLOCK20/SES200/SA200S29	SES200	-8.86479
BLOCK20/SES201/SA201S12	SES012	-8.71463
BLOCK20/SES201/SA201S15	SES061	-8.46774
BLOCK20/SES201/SA201S23	SES201	-9.1787
BLOCK20/SES201/SA201S25	SES201	-6.94208
BLOCK20/SES201/SA201S29	SES061	-9.17419
BLOCK20/SES202/SA202S12	SES202	-8.77551
BLOCK20/SES202/SA202S14	SES060	-8.61022
BLOCK20/SES202/SA202S24	SES202	-9.18691
BLOCK20/SES202/SA202S27	SES202	-8.23192
BLOCK20/SES202/SA202S29	SES081	-8.28596
BLOCK20/SES203/SA203S10	SES007	-9.01681
BLOCK20/SES203/SA203S11	SES083	-9.00952
BLOCK20/SES203/SA203S22	SES083	-8.81494
BLOCK20/SES203/SA203S24	SES203	-7.67387
BLOCK20/SES203/SA203S27	SES203	-7.8637
BLOCK20/SES204/SA204S12	SES204	-7.58404
BLOCK20/SES204/SA204S14	SES204	-6.50172
BLOCK20/SES204/SA204S22	SES204	-7.68084
BLOCK20/SES204/SA204S25	SES204	-7.40322
BLOCK20/SES204/SA204S27	SES204	-7.80193
BLOCK20/SES205/SA205S12	SES080	-8.63054
BLOCK20/SES205/SA205S13	SES205	-8.95564
BLOCK20/SES205/SA205S21	SES205	-9.14748
BLOCK20/SES205/SA205S24	SES205	-8.87448
BLOCK20/SES205/SA205S26	SES080	-6.73145
BLOCK20/SES206/SA206S15	SES201	-8.18318
BLOCK20/SES206/SA206S17	SES206	-9.11773
BLOCK20/SES206/SA206S24	SES206	-7.84823
BLOCK20/SES206/SA206S27	SES206	-9.40833
BLOCK20/SES206/SA206S29	SES206	-8.54316
BLOCK20/SES207/SA207S10	SES207	-8.26369
BLOCK20/SES207/SA207S11	SES207	-8.78135
BLOCK20/SES207/SA207S25	SES187	-9.38721
BLOCK20/SES207/SA207S27	SES207	-9.03739
BLOCK20/SES207/SA207S29	SES276	-8.63704
BLOCK20/SES209/SA209S12	SES209	-8.41108
BLOCK20/SES209/SA209S13	SES209	-8.60362
BLOCK20/SES209/SA209S21	SES209	-7.67783
BLOCK20/SES209/SA209S25	SES209	-8.75322
BLOCK20/SES209/SA209S28	SES005	-7.58017
BLOCK22/SES220/SA220S10	SES220	-9.14457
BLOCK22/SES220/SA220S13	SES189	-9.6276
BLOCK22/SES220/SA220S24	SES220	-9.10507
BLOCK22/SES220/SA220S26	SES083	-8.80189
BLOCK22/SES220/SA220S28	SES220	-8.76915
BLOCK22/SES221/SA221S12	SES062	-8.13254
BLOCK22/SES221/SA221S15	SES221	-7.98312
BLOCK22/SES221/SA221S23	SES221	-8.03907
BLOCK22/SES221/SA221S27	SES068	-8.4901
BLOCK22/SES221/SA221S29	SES062	-8.00073
BLOCK22/SES223/SA223S11	SES005	-8.85298
BLOCK22/SES223/SA223S13	SES062	-8.44438
BLOCK22/SES223/SA223S22	SES005	-8.33668
BLOCK22/SES223/SA223S25	SES209	-8.95569
BLOCK22/SES223/SA223S27	SES185	-8.96433
BLOCK22/SES225/SA225S12	SES225	-8.0159
BLOCK22/SES225/SA225S13	SES225	-8.52256
BLOCK22/SES225/SA225S21	SES225	-7.68723
BLOCK22/SES225/SA225S25	SES225	-7.50707
BLOCK22/SES225/SA225S28	SES011	-8.06306
BLOCK22/SES226/SA226S12	SES100	-8.90863
BLOCK22/SES226/SA226S13	SES002	-9.20835
BLOCK22/SES226/SA226S20	SES226	-9.33758
BLOCK22/SES226/SA226S23	SES226	-8.58597
BLOCK22/SES226/SA226S28	SES226	-8.11855
BLOCK22/SES227/SA227S14	SES227	-9.26454
BLOCK22/SES227/SA227S15	SES227	-8.32994
BLOCK22/SES227/SA227S23	SES227	-8.1039
BLOCK22/SES227/SA227S26	SES227	-7.95162
BLOCK22/SES227/SA227S29	SES227	-8.64223
BLOCK25/SES257/SA257S11	SES257	-9.09151
BLOCK25/SES257/SA257S13	SES257	-8.21
BLOCK25/SES257/SA257S20	SES257	-7.92242
BLOCK25/SES257/SA257S22	SES257	-8.09375
BLOCK25/SES257/SA257S29	SES257	-8.72656
BLOCK25/SES258/SA258S10	SES258	-8.15258
BLOCK25/SES258/SA258S11	SES258	-7.87868
BLOCK25/SES258/SA258S20	SES258	-9.00101
BLOCK25/SES258/SA258S25	SES258	-8.3479
BLOCK25/SES258/SA258S28	SES258	-9.09397
BLOCK25/SES259/SA259S13	SES259	-8.75737
BLOCK25/SES259/SA259S14	SES259	-8.09187
BLOCK25/SES259/SA259S22	SES259	-8.40245
BLOCK25/SES259/SA259S24	SES259	-8.83852
BLOCK25/SES259/SA259S28	SES259	-8.5483
BLOCK27/SES270/SA270S14	SES270	-8.45923
BLOCK27/SES270/SA270S16	SES270	-8.09113
BLOCK27/SES270/SA270S22	SES270	-8.0524
BLOCK27/SES270/SA270S26	SES270	-8.05381
BLOCK27/SES270/SA270S28	SES270	-8.21126
BLOCK27/SES271/SA271S14	SES271	-7.88475
BLOCK27/SES271/SA271S15	SES185	-8.77965
BLOCK27/SES271/SA271S22	SES271	-8.05194
BLOCK27/SES271/SA271S27	SES185	-9.24428
BLOCK27/SES271/SA271S29	SES271	-7.36564
BLOCK27/SES272/SA272S10	SES082	-9.07869
BLOCK27/SES272/SA272S13	SES272	-8.74434
BLOCK27/SES272/SA272S21	SES272	-8.55587
BLOCK27/SES272/SA272S24	SES272	-9.309
BLOCK27/SES272/SA272S29	SES207	-8.56906
BLOCK27/SES273/SA273S12	SES128	-8.45964
BLOCK27/SES273/SA273S13	SES104	-8.33026
BLOCK27/SES273/SA273S21	SES273	-8.99035
BLOCK27/SES273/SA273S25	SES273	-9.23567
BLOCK27/SES273/SA273S27	SES273	-7.8076
BLOCK27/SES274/SA274S10	SES274	-7.41053
BLOCK27/SES274/SA274S11	SES141	-7.91606
BLOCK27/SES274/SA274S21	SES274	-8.15108
BLOCK27/SES274/SA274S24	SES274	-8.75597
BLOCK27/SES274/SA274S29	SES082	-8.77275
BLOCK27/SES275/SA275S17	SES188	-8.18573
BLOCK27/SES275/SA275S18	SES062	-8.46764
BLOCK27/SES275/SA275S24	SES157	-9.08951
BLOCK27/SES275/SA275S26	SES275	-8.41125
BLOCK27/SES275/SA275S28	SES275	-8.79334
BLOCK27/SES276/SA276S16	SES175	-8.18958
BLOCK27/SES276/SA276S17	SES276	-8.75132
BLOCK27/SES276/SA276S24	SES119	-8.05835
BLOCK27/SES276/SA276S26	SES207	-7.82107
BLOCK27/SES276/SA276S28	SES276	-8.01964
BLOCK27/SES277/SA277S12	SES170	-9.59787
BLOCK27/SES277/SA277S14	SES277	-9.59551
BLOCK27/SES277/SA277S21	SES277	-8.82873
BLOCK27/SES277/SA277S24	SES277	-8.94607
BLOCK27/SES277/SA277S29	SES170	-7.51714
BLOCK27/SES278/SA278S12	SES278	-9.32639
BLOCK27/SES278/SA278S16	SES278	-8.98572
BLOCK27/SES278/SA278S24	SES259	-9.51921
BLOCK27/SES278/SA278S26	SES278	-8.43925
BLOCK27/SES278/SA278S29	SES279	-8.99645
BLOCK27/SES279/SA279S09	SES104	-8.21149
BLOCK27/SES279/SA279S10	SES122	-8.68798
BLOCK27/SES279/SA279S20	SES279	-9.50108
BLOCK27/SES279/SA279S26	SES279	-8.8681
BLOCK27/SES279/SA279S28	SES279	-7.82971
BLOCK29/SES290/SA290S12	SES290	-7.32405
BLOCK29/SES290/SA290S13	SES175	-7.7023
BLOCK29/SES290/SA290S22	SES290	-7.68309
BLOCK29/SES290/SA290S25	SES290	-7.80984
BLOCK29/SES290/SA290S29	SES290	-7.22088
BLOCK29/SES291/SA291S11	SES082	-9.18931
BLOCK29/SES291/SA291S12	SES122	-8.62412
BLOCK29/SES291/SA291S22	SES291	-8.62002
BLOCK29/SES291/SA291S24	SES291	-8.25029
BLOCK29/SES291/SA291S27	SES291	-8.29158
BLOCK29/SES292/SA292S10	SES040	-8.3358
BLOCK29/SES292/SA292S12	SES292	-10.078
BLOCK29/SES292/SA292S22	SES012	-8.92913
BLOCK29/SES292/SA292S24	SES201	-8.8827
BLOCK29/SES292/SA292S27	SES223	-8.66366
BLOCK29/SES294/SA294S13	SES130	-8.98457
BLOCK29/SES294/SA294S14	SES294	-8.59002
BLOCK29/SES294/SA294S23	SES175	-9.32009
BLOCK29/SES294/SA294S25	SES187	-8.9057
BLOCK29/SES294/SA294S28	SES022	-8.44534
nerr=284	ntot=785	error_rate=36.18%
nerr=284	ntot=785	error_rate=36.18%
nerr=284	ntot=785	error_rate=36.18%
=======
BLOCK00/SES000/SA000S13	SES000	-8.09482
BLOCK00/SES000/SA000S14	SES000	-6.60928
BLOCK00/SES000/SA000S22	SES000	-7.46464
BLOCK00/SES000/SA000S24	SES000	-7.83292
BLOCK00/SES000/SA000S28	SES000	-6.80829
BLOCK00/SES001/SA001S14	SES001	-7.52069
BLOCK00/SES001/SA001S15	SES001	-6.48329
BLOCK00/SES001/SA001S24	SES080	-7.35249
BLOCK00/SES001/SA001S27	SES001	-5.56572
BLOCK00/SES001/SA001S29	SES001	-7.27558
BLOCK00/SES002/SA002S12	SES002	-7.68471
BLOCK00/SES002/SA002S13	SES002	-7.46506
BLOCK00/SES002/SA002S23	SES002	-7.80555
BLOCK00/SES002/SA002S26	SES002	-9.00389
BLOCK00/SES002/SA002S28	SES002	-7.7776
BLOCK00/SES003/SA003S11	SES003	-7.169
BLOCK00/SES003/SA003S15	SES221	-6.62921
BLOCK00/SES003/SA003S22	SES003	-7.05221
BLOCK00/SES003/SA003S25	SES003	-8.17201
BLOCK00/SES003/SA003S29	SES020	-7.31324
BLOCK00/SES004/SA004S12	SES004	-6.46627
BLOCK00/SES004/SA004S17	SES004	-7.07305
BLOCK00/SES004/SA004S24	SES004	-6.76879
BLOCK00/SES004/SA004S26	SES004	-6.73424
BLOCK00/SES004/SA004S28	SES184	-6.24447
BLOCK00/SES005/SA005S12	SES209	-6.26041
BLOCK00/SES005/SA005S13	SES005	-6.45752
BLOCK00/SES005/SA005S20	SES005	-7.14144
BLOCK00/SES005/SA005S24	SES180	-6.8841
BLOCK00/SES005/SA005S28	SES005	-6.52143
BLOCK00/SES006/SA006S10	SES006	-7.95283
BLOCK00/SES006/SA006S11	SES006	-7.54018
BLOCK00/SES006/SA006S23	SES006	-8.50636
BLOCK00/SES006/SA006S26	SES006	-7.23395
BLOCK00/SES006/SA006S28	SES006	-7.65954
BLOCK00/SES007/SA007S14	SES007	-6.16066
BLOCK00/SES007/SA007S15	SES007	-7.19313
BLOCK00/SES007/SA007S24	SES007	-6.63943
BLOCK00/SES007/SA007S27	SES160	-7.77345
BLOCK00/SES007/SA007S29	SES007	-6.81442
BLOCK00/SES008/SA008S11	SES008	-6.46833
BLOCK00/SES008/SA008S12	SES008	-7.27291
BLOCK00/SES008/SA008S19	SES008	-6.51974
BLOCK00/SES008/SA008S22	SES008	-7.23937
BLOCK00/SES008/SA008S29	SES008	-6.3564
BLOCK00/SES009/SA009S12	SES009	-6.67327
BLOCK00/SES009/SA009S15	SES009	-6.53803
BLOCK00/SES009/SA009S24	SES009	-6.74613
BLOCK00/SES009/SA009S26	SES009	-7.09616
BLOCK00/SES009/SA009S29	SES009	-7.21987
BLOCK01/SES010/SA010S11	SES010	-6.5141
BLOCK01/SES010/SA010S12	SES010	-6.6401
BLOCK01/SES010/SA010S20	SES010	-7.06687
BLOCK01/SES010/SA010S24	SES010	-7.27078
BLOCK01/SES010/SA010S29	SES010	-6.28945
BLOCK01/SES011/SA011S10	SES042	-7.98632
BLOCK01/SES011/SA011S11	SES011	-7.22029
BLOCK01/SES011/SA011S22	SES011	-7.51171
BLOCK01/SES011/SA011S24	SES011	-6.71789
BLOCK01/SES011/SA011S27	SES011	-6.9574
BLOCK01/SES012/SA012S11	SES012	-6.58282
BLOCK01/SES012/SA012S14	SES012	-7.5587
BLOCK01/SES012/SA012S24	SES188	-8.86065
BLOCK01/SES012/SA012S26	SES012	-7.57116
BLOCK01/SES012/SA012S29	SES012	-6.39049
BLOCK01/SES013/SA013S16	SES069	-8.73253
BLOCK01/SES013/SA013S17	SES013	-7.06347
BLOCK01/SES013/SA013S23	SES013	-7.47987
BLOCK01/SES013/SA013S25	SES013	-6.71884
BLOCK01/SES013/SA013S29	SES013	-7.24558
BLOCK01/SES014/SA014S10	SES014	-6.95316
BLOCK01/SES014/SA014S12	SES014	-6.41817
BLOCK01/SES014/SA014S24	SES014	-7.16233
BLOCK01/SES014/SA014S26	SES014	-5.95904
BLOCK01/SES014/SA014S28	SES014	-5.54929
BLOCK01/SES015/SA015S11	SES015	-5.84644
BLOCK01/SES015/SA015S12	SES015	-7.67104
BLOCK01/SES015/SA015S23	SES015	-6.09098
BLOCK01/SES015/SA015S25	SES015	-8.01828
BLOCK01/SES015/SA015S29	SES128	-7.54166
BLOCK01/SES016/SA016S12	SES016	-8.34681
BLOCK01/SES016/SA016S13	SES016	-7.05788
BLOCK01/SES016/SA016S22	SES016	-6.58395
BLOCK01/SES016/SA016S25	SES016	-5.31846
BLOCK01/SES016/SA016S27	SES016	-6.39668
BLOCK01/SES017/SA017S11	SES017	-6.65565
BLOCK01/SES017/SA017S12	SES017	-6.95923
BLOCK01/SES017/SA017S19	SES017	-5.45549
BLOCK01/SES017/SA017S23	SES017	-6.14125
BLOCK01/SES017/SA017S27	SES017	-7.92257
BLOCK01/SES019/SA019S13	SES019	-5.97615
BLOCK01/SES019/SA019S14	SES019	-7.93179
BLOCK01/SES019/SA019S22	SES019	-6.43488
BLOCK01/SES019/SA019S25	SES019	-6.85581
BLOCK01/SES019/SA019S29	SES019	-6.50306
BLOCK02/SES020/SA020S15	SES020	-7.34518
BLOCK02/SES020/SA020S16	SES020	-8.12515
BLOCK02/SES020/SA020S24	SES020	-8.22623
BLOCK02/SES020/SA020S26	SES020	-8.41471
BLOCK02/SES020/SA020S29	SES020	-8.33589
BLOCK02/SES021/SA021S13	SES021	-7.67593
BLOCK02/SES021/SA021S15	SES021	-6.53193
BLOCK02/SES021/SA021S23	SES021	-7.92564
BLOCK02/SES021/SA021S27	SES021	-6.60954
BLOCK02/SES021/SA021S29	SES021	-7.44481
BLOCK02/SES022/SA022S13	SES022	-7.82836
BLOCK02/SES022/SA022S14	SES022	-7.72263
BLOCK02/SES022/SA022S23	SES022	-5.67743
BLOCK02/SES022/SA022S25	SES022	-7.48048
BLOCK02/SES022/SA022S29	SES022	-6.65866
BLOCK02/SES023/SA023S11	SES023	-7.52727
BLOCK02/SES023/SA023S13	SES023	-7.23363
BLOCK02/SES023/SA023S24	SES023	-6.98728
BLOCK02/SES023/SA023S26	SES082	-8.92278
BLOCK02/SES023/SA023S28	SES023	-7.30559
BLOCK02/SES024/SA024S10	SES278	-7.83919
BLOCK02/SES024/SA024S11	SES024	-7.24624
BLOCK02/SES024/SA024S19	SES024	-6.6608
BLOCK02/SES024/SA024S26	SES024	-7.11358
BLOCK02/SES024/SA024S28	SES024	-6.92544
BLOCK02/SES025/SA025S10	SES025	-6.87287
BLOCK02/SES025/SA025S13	SES025	-7.64238
BLOCK02/SES025/SA025S21	SES025	-7.52292
BLOCK02/SES025/SA025S24	SES025	-6.70739
BLOCK02/SES025/SA025S29	SES027	-7.35343
BLOCK02/SES026/SA026S12	SES026	-7.8769
BLOCK02/SES026/SA026S13	SES026	-8.58616
BLOCK02/SES026/SA026S21	SES026	-8.05066
BLOCK02/SES026/SA026S26	SES026	-7.92018
BLOCK02/SES026/SA026S28	SES026	-7.50056
BLOCK02/SES027/SA027S11	SES027	-7.43618
BLOCK02/SES027/SA027S12	SES025	-8.06942
BLOCK02/SES027/SA027S21	SES027	-7.42019
BLOCK02/SES027/SA027S23	SES002	-7.88134
BLOCK02/SES027/SA027S25	SES027	-7.12568
BLOCK02/SES029/SA029S11	SES029	-6.10336
BLOCK02/SES029/SA029S12	SES029	-6.84445
BLOCK02/SES029/SA029S20	SES029	-6.40578
BLOCK02/SES029/SA029S25	SES029	-7.02594
BLOCK02/SES029/SA029S28	SES029	-6.74207
BLOCK04/SES040/SA040S08	SES040	-6.04632
BLOCK04/SES040/SA040S09	SES040	-6.3074
BLOCK04/SES040/SA040S20	SES081	-6.27271
BLOCK04/SES040/SA040S23	SES040	-6.42598
BLOCK04/SES040/SA040S27	SES040	-6.25931
BLOCK04/SES042/SA042S12	SES042	-6.59828
BLOCK04/SES042/SA042S15	SES042	-5.73603
BLOCK04/SES042/SA042S22	SES042	-7.08753
BLOCK04/SES042/SA042S25	SES042	-8.25185
BLOCK04/SES042/SA042S27	SES042	-6.87405
BLOCK04/SES043/SA043S09	SES043	-7.85261
BLOCK04/SES043/SA043S11	SES043	-6.21054
BLOCK04/SES043/SA043S23	SES043	-6.84058
BLOCK04/SES043/SA043S26	SES043	-7.99004
BLOCK04/SES043/SA043S28	SES043	-7.61515
BLOCK04/SES044/SA044S10	SES044	-7.57341
BLOCK04/SES044/SA044S11	SES044	-7.03806
BLOCK04/SES044/SA044S24	SES045	-7.49292
BLOCK04/SES044/SA044S26	SES044	-6.93988
BLOCK04/SES044/SA044S29	SES044	-6.99312
BLOCK04/SES045/SA045S11	SES045	-7.1197
BLOCK04/SES045/SA045S13	SES045	-6.54484
BLOCK04/SES045/SA045S22	SES045	-7.20076
BLOCK04/SES045/SA045S25	SES045	-6.42387
BLOCK04/SES045/SA045S29	SES045	-8.75881
BLOCK04/SES046/SA046S13	SES046	-8.92755
BLOCK04/SES046/SA046S15	SES175	-6.29747
BLOCK04/SES046/SA046S22	SES277	-7.78711
BLOCK04/SES046/SA046S25	SES200	-6.92856
BLOCK04/SES046/SA046S28	SES046	-6.79821
BLOCK04/SES047/SA047S10	SES047	-7.21988
BLOCK04/SES047/SA047S11	SES047	-6.17297
BLOCK04/SES047/SA047S22	SES047	-7.50161
BLOCK04/SES047/SA047S24	SES274	-7.02933
BLOCK04/SES047/SA047S27	SES047	-7.63534
BLOCK04/SES048/SA048S11	SES048	-6.1274
BLOCK04/SES048/SA048S12	SES048	-7.66005
BLOCK04/SES048/SA048S20	SES048	-6.32256
BLOCK04/SES048/SA048S23	SES048	-6.65787
BLOCK04/SES048/SA048S27	SES177	-7.3995
BLOCK04/SES049/SA049S16	SES049	-8.79572
BLOCK04/SES049/SA049S18	SES131	-8.32212
BLOCK04/SES049/SA049S25	SES049	-7.93111
BLOCK04/SES049/SA049S27	SES049	-6.50732
BLOCK04/SES049/SA049S29	SES049	-6.47546
BLOCK06/SES060/SA060S11	SES060	-6.65113
BLOCK06/SES060/SA060S12	SES109	-7.81177
BLOCK06/SES060/SA060S22	SES118	-8.18013
BLOCK06/SES060/SA060S24	SES060	-5.72087
BLOCK06/SES060/SA060S28	SES060	-5.8563
BLOCK06/SES061/SA061S10	SES061	-7.75647
BLOCK06/SES061/SA061S11	SES012	-8.33223
BLOCK06/SES061/SA061S18	SES061	-9.9408
BLOCK06/SES061/SA061S23	SES061	-8.25311
BLOCK06/SES061/SA061S26	SES061	-6.83907
BLOCK06/SES062/SA062S10	SES209	-7.00453
BLOCK06/SES062/SA062S11	SES221	-7.8506
BLOCK06/SES062/SA062S21	SES062	-5.3828
BLOCK06/SES062/SA062S26	SES062	-7.34544
BLOCK06/SES062/SA062S29	SES062	-6.28769
BLOCK06/SES063/SA063S09	SES063	-8.0014
BLOCK06/SES063/SA063S10	SES063	-7.75906
BLOCK06/SES063/SA063S20	SES063	-7.58937
BLOCK06/SES063/SA063S24	SES063	-8.51776
BLOCK06/SES063/SA063S27	SES063	-7.11686
BLOCK06/SES064/SA064S12	SES064	-7.95101
BLOCK06/SES064/SA064S14	SES064	-7.1847
BLOCK06/SES064/SA064S22	SES064	-6.8347
BLOCK06/SES064/SA064S26	SES064	-7.624
BLOCK06/SES064/SA064S29	SES064	-6.9872
BLOCK06/SES065/SA065S11	SES065	-6.85117
BLOCK06/SES065/SA065S13	SES065	-7.10811
BLOCK06/SES065/SA065S22	SES065	-7.38307
BLOCK06/SES065/SA065S24	SES065	-6.6453
BLOCK06/SES065/SA065S29	SES065	-8.42743
BLOCK06/SES066/SA066S13	SES220	-9.1425
BLOCK06/SES066/SA066S14	SES066	-7.55621
BLOCK06/SES066/SA066S21	SES066	-5.74457
BLOCK06/SES066/SA066S25	SES066	-6.69711
BLOCK06/SES066/SA066S29	SES061	-9.88885
BLOCK06/SES067/SA067S12	SES067	-5.47466
BLOCK06/SES067/SA067S14	SES067	-4.14888
BLOCK06/SES067/SA067S21	SES067	-7.59551
BLOCK06/SES067/SA067S25	SES067	-6.04372
BLOCK06/SES067/SA067S29	SES067	-6.38695
BLOCK06/SES068/SA068S14	SES068	-7.35119
BLOCK06/SES068/SA068S15	SES068	-6.92719
BLOCK06/SES068/SA068S23	SES068	-7.57371
BLOCK06/SES068/SA068S27	SES068	-6.24897
BLOCK06/SES068/SA068S29	SES068	-7.36412
BLOCK06/SES069/SA069S12	SES069	-6.37547
BLOCK06/SES069/SA069S13	SES069	-6.46836
BLOCK06/SES069/SA069S23	SES069	-5.55604
BLOCK06/SES069/SA069S25	SES069	-6.27381
BLOCK06/SES069/SA069S27	SES069	-6.74766
BLOCK08/SES080/SA080S11	SES080	-7.01768
BLOCK08/SES080/SA080S12	SES080	-7.65732
BLOCK08/SES080/SA080S21	SES080	-7.18525
BLOCK08/SES080/SA080S25	SES205	-8.24345
BLOCK08/SES080/SA080S28	SES014	-8.07904
BLOCK08/SES081/SA081S11	SES081	-7.46905
BLOCK08/SES081/SA081S13	SES081	-6.04933
BLOCK08/SES081/SA081S24	SES081	-7.05996
BLOCK08/SES081/SA081S27	SES081	-7.55501
BLOCK08/SES081/SA081S29	SES081	-8.32159
BLOCK08/SES082/SA082S12	SES292	-8.50466
BLOCK08/SES082/SA082S14	SES279	-7.89976
BLOCK08/SES082/SA082S21	SES082	-7.12996
BLOCK08/SES082/SA082S24	SES082	-7.97322
BLOCK08/SES082/SA082S28	SES082	-7.53339
BLOCK08/SES083/SA083S14	SES275	-7.03404
BLOCK08/SES083/SA083S15	SES083	-6.87586
BLOCK08/SES083/SA083S24	SES083	-7.2247
BLOCK08/SES083/SA083S26	SES189	-7.93102
BLOCK08/SES083/SA083S29	SES083	-7.84
BLOCK08/SES084/SA084S14	SES084	-7.76249
BLOCK08/SES084/SA084S15	SES084	-6.8851
BLOCK08/SES084/SA084S22	SES084	-6.2592
BLOCK08/SES084/SA084S27	SES084	-6.14448
BLOCK08/SES084/SA084S29	SES084	-6.25764
BLOCK08/SES085/SA085S10	SES085	-5.92295
BLOCK08/SES085/SA085S13	SES085	-8.15277
BLOCK08/SES085/SA085S22	SES085	-6.67258
BLOCK08/SES085/SA085S26	SES068	-7.20709
BLOCK08/SES085/SA085S28	SES085	-7.08574
BLOCK08/SES086/SA086S11	SES086	-8.47478
BLOCK08/SES086/SA086S12	SES086	-7.44182
BLOCK08/SES086/SA086S20	SES061	-7.09225
BLOCK08/SES086/SA086S24	SES086	-7.59197
BLOCK08/SES086/SA086S28	SES086	-6.10499
BLOCK08/SES087/SA087S15	SES087	-7.71247
BLOCK08/SES087/SA087S16	SES087	-7.25734
BLOCK08/SES087/SA087S24	SES087	-7.36131
BLOCK08/SES087/SA087S26	SES087	-6.47569
BLOCK08/SES087/SA087S29	SES087	-6.33563
BLOCK08/SES088/SA088S15	SES088	-8.12137
BLOCK08/SES088/SA088S17	SES088	-7.81735
BLOCK08/SES088/SA088S24	SES088	-7.08636
BLOCK08/SES088/SA088S27	SES088	-8.03437
BLOCK08/SES088/SA088S29	SES088	-7.86648
BLOCK08/SES089/SA089S13	SES089	-8.43306
BLOCK08/SES089/SA089S14	SES204	-7.90424
BLOCK08/SES089/SA089S23	SES089	-8.91067
BLOCK08/SES089/SA089S25	SES089	-7.14173
BLOCK08/SES089/SA089S28	SES089	-6.78861
BLOCK09/SES097/SA097S11	SES097	-7.57763
BLOCK09/SES097/SA097S14	SES097	-7.35222
BLOCK09/SES097/SA097S22	SES145	-7.85805
BLOCK09/SES097/SA097S26	SES097	-7.31053
BLOCK09/SES097/SA097S28	SES097	-7.32776
BLOCK09/SES098/SA098S11	SES098	-6.81607
BLOCK09/SES098/SA098S12	SES098	-7.71252
BLOCK09/SES098/SA098S20	SES098	-7.49038
BLOCK09/SES098/SA098S23	SES098	-7.62498
BLOCK09/SES098/SA098S27	SES098	-7.6988
BLOCK09/SES099/SA099S15	SES099	-7.67826
BLOCK09/SES099/SA099S16	SES099	-7.06885
BLOCK09/SES099/SA099S24	SES099	-7.38091
BLOCK09/SES099/SA099S26	SES099	-6.92744
BLOCK09/SES099/SA099S29	SES099	-7.85665
BLOCK10/SES100/SA100S13	SES100	-7.24794
BLOCK10/SES100/SA100S14	SES120	-7.83766
BLOCK10/SES100/SA100S24	SES100	-8.59857
BLOCK10/SES100/SA100S27	SES100	-7.12321
BLOCK10/SES100/SA100S29	SES100	-7.96764
BLOCK10/SES101/SA101S11	SES101	-6.4772
BLOCK10/SES101/SA101S13	SES101	-5.55477
BLOCK10/SES101/SA101S22	SES101	-7.54409
BLOCK10/SES101/SA101S24	SES101	-6.49515
BLOCK10/SES101/SA101S28	SES101	-7.06251
BLOCK10/SES102/SA102S13	SES189	-8.84385
BLOCK10/SES102/SA102S14	SES102	-5.67832
BLOCK10/SES102/SA102S22	SES189	-7.26115
BLOCK10/SES102/SA102S25	SES102	-6.79905
BLOCK10/SES102/SA102S27	SES102	-7.08859
BLOCK10/SES103/SA103S14	SES103	-8.14715
BLOCK10/SES103/SA103S15	SES103	-9.03501
BLOCK10/SES103/SA103S24	SES103	-7.21297
BLOCK10/SES103/SA103S26	SES103	-6.99425
BLOCK10/SES103/SA103S28	SES103	-7.50702
BLOCK10/SES104/SA104S11	SES104	-6.71629
BLOCK10/SES104/SA104S12	SES104	-7.27306
BLOCK10/SES104/SA104S21	SES104	-7.70988
BLOCK10/SES104/SA104S24	SES012	-7.939
BLOCK10/SES104/SA104S28	SES104	-7.03049
BLOCK10/SES105/SA105S12	SES105	-7.5643
BLOCK10/SES105/SA105S13	SES146	-7.37207
BLOCK10/SES105/SA105S22	SES105	-7.97838
BLOCK10/SES105/SA105S26	SES105	-7.98479
BLOCK10/SES105/SA105S29	SES105	-6.26509
BLOCK10/SES106/SA106S09	SES106	-7.53364
BLOCK10/SES106/SA106S11	SES106	-6.72611
BLOCK10/SES106/SA106S22	SES106	-7.44556
BLOCK10/SES106/SA106S27	SES106	-6.82936
BLOCK10/SES106/SA106S29	SES106	-6.45094
BLOCK10/SES107/SA107S08	SES107	-6.4817
BLOCK10/SES107/SA107S09	SES107	-7.98755
BLOCK10/SES107/SA107S20	SES107	-8.46328
BLOCK10/SES107/SA107S24	SES107	-7.43583
BLOCK10/SES107/SA107S28	SES107	-7.68877
BLOCK10/SES108/SA108S13	SES108	-8.79251
BLOCK10/SES108/SA108S14	SES108	-7.87426
BLOCK10/SES108/SA108S24	SES108	-7.73807
BLOCK10/SES108/SA108S27	SES108	-7.85079
BLOCK10/SES108/SA108S29	SES108	-9.63546
BLOCK10/SES109/SA109S14	SES109	-8.06354
BLOCK10/SES109/SA109S15	SES109	-7.35112
BLOCK10/SES109/SA109S21	SES109	-8.01117
BLOCK10/SES109/SA109S25	SES109	-7.8976
BLOCK10/SES109/SA109S28	SES109	-7.76942
BLOCK11/SES117/SA117S12	SES117	-7.71661
BLOCK11/SES117/SA117S13	SES294	-8.03273
BLOCK11/SES117/SA117S23	SES117	-8.17682
BLOCK11/SES117/SA117S25	SES117	-7.64597
BLOCK11/SES117/SA117S28	SES117	-7.44042
BLOCK11/SES118/SA118S14	SES118	-6.99603
BLOCK11/SES118/SA118S16	SES118	-6.82037
BLOCK11/SES118/SA118S23	SES118	-6.9808
BLOCK11/SES118/SA118S26	SES118	-7.05414
BLOCK11/SES118/SA118S29	SES118	-8.37438
BLOCK11/SES119/SA119S10	SES119	-7.45816
BLOCK11/SES119/SA119S12	SES119	-6.83064
BLOCK11/SES119/SA119S19	SES119	-6.63927
BLOCK11/SES119/SA119S22	SES119	-8.51901
BLOCK11/SES119/SA119S27	SES119	-7.30442
BLOCK12/SES120/SA120S08	SES120	-7.55759
BLOCK12/SES120/SA120S11	SES128	-9.73008
BLOCK12/SES120/SA120S22	SES120	-6.82299
BLOCK12/SES120/SA120S24	SES120	-8.05956
BLOCK12/SES120/SA120S28	SES120	-8.21382
BLOCK12/SES121/SA121S12	SES121	-7.10017
BLOCK12/SES121/SA121S14	SES121	-8.17337
BLOCK12/SES121/SA121S23	SES121	-7.45564
BLOCK12/SES121/SA121S25	SES121	-7.22481
BLOCK12/SES121/SA121S27	SES121	-7.092
BLOCK12/SES122/SA122S11	SES122	-7.55283
BLOCK12/SES122/SA122S13	SES122	-8.1193
BLOCK12/SES122/SA122S22	SES122	-7.90674
BLOCK12/SES122/SA122S24	SES122	-7.61982
BLOCK12/SES122/SA122S27	SES122	-7.21131
BLOCK12/SES123/SA123S10	SES123	-6.85436
BLOCK12/SES123/SA123S12	SES123	-6.68996
BLOCK12/SES123/SA123S23	SES123	-6.95585
BLOCK12/SES123/SA123S26	SES123	-6.99692
BLOCK12/SES123/SA123S29	SES123	-7.05808
BLOCK12/SES124/SA124S16	SES080	-6.52403
BLOCK12/SES124/SA124S17	SES124	-7.12025
BLOCK12/SES124/SA124S23	SES124	-5.41526
BLOCK12/SES124/SA124S26	SES124	-6.8741
BLOCK12/SES124/SA124S28	SES124	-6.60392
BLOCK12/SES125/SA125S13	SES125	-7.10493
BLOCK12/SES125/SA125S14	SES125	-7.57012
BLOCK12/SES125/SA125S25	SES125	-7.67869
BLOCK12/SES125/SA125S27	SES125	-6.59309
BLOCK12/SES125/SA125S29	SES125	-7.0051
BLOCK12/SES126/SA126S13	SES182	-7.85504
BLOCK12/SES126/SA126S14	SES126	-6.75214
BLOCK12/SES126/SA126S20	SES290	-6.47683
BLOCK12/SES126/SA126S24	SES126	-6.17159
BLOCK12/SES126/SA126S26	SES126	-6.81855
BLOCK12/SES127/SA127S11	SES184	-7.60694
BLOCK12/SES127/SA127S12	SES127	-5.89918
BLOCK12/SES127/SA127S23	SES127	-6.50596
BLOCK12/SES127/SA127S25	SES127	-6.52653
BLOCK12/SES127/SA127S27	SES127	-6.65774
BLOCK12/SES128/SA128S10	SES128	-7.50337
BLOCK12/SES128/SA128S12	SES128	-7.44239
BLOCK12/SES128/SA128S21	SES128	-7.42445
BLOCK12/SES128/SA128S24	SES128	-7.66586
BLOCK12/SES128/SA128S27	SES128	-6.76507
BLOCK12/SES129/SA129S11	SES129	-5.65754
BLOCK12/SES129/SA129S12	SES129	-5.76619
BLOCK12/SES129/SA129S22	SES129	-6.60149
BLOCK12/SES129/SA129S27	SES129	-6.62455
BLOCK12/SES129/SA129S29	SES129	-7.84869
BLOCK13/SES130/SA130S13	SES044	-8.22543
BLOCK13/SES130/SA130S15	SES130	-6.54499
BLOCK13/SES130/SA130S23	SES130	-7.43739
BLOCK13/SES130/SA130S25	SES130	-6.36862
BLOCK13/SES130/SA130S28	SES119	-7.8502
BLOCK13/SES131/SA131S13	SES131	-7.54444
BLOCK13/SES131/SA131S14	SES131	-5.1754
BLOCK13/SES131/SA131S20	SES131	-8.11293
BLOCK13/SES131/SA131S22	SES204	-6.92734
BLOCK13/SES131/SA131S29	SES020	-8.85368
BLOCK13/SES132/SA132S11	SES132	-7.16045
BLOCK13/SES132/SA132S12	SES132	-6.66907
BLOCK13/SES132/SA132S22	SES132	-6.86788
BLOCK13/SES132/SA132S24	SES132	-6.19351
BLOCK13/SES132/SA132S27	SES132	-7.84202
BLOCK13/SES133/SA133S12	SES133	-7.45702
BLOCK13/SES133/SA133S14	SES133	-6.43443
BLOCK13/SES133/SA133S22	SES133	-6.86622
BLOCK13/SES133/SA133S24	SES166	-7.53189
BLOCK13/SES133/SA133S28	SES133	-6.68088
BLOCK14/SES140/SA140S10	SES169	-7.58498
BLOCK14/SES140/SA140S13	SES140	-6.04514
BLOCK14/SES140/SA140S20	SES162	-6.03617
BLOCK14/SES140/SA140S22	SES140	-6.22013
BLOCK14/SES140/SA140S28	SES169	-6.72982
BLOCK14/SES141/SA141S09	SES141	-6.70554
BLOCK14/SES141/SA141S15	SES141	-7.28154
BLOCK14/SES141/SA141S24	SES141	-7.21689
BLOCK14/SES141/SA141S26	SES141	-7.84059
BLOCK14/SES141/SA141S29	SES141	-6.96649
BLOCK14/SES142/SA142S11	SES142	-6.30097
BLOCK14/SES142/SA142S12	SES142	-7.27767
BLOCK14/SES142/SA142S24	SES142	-6.52117
BLOCK14/SES142/SA142S27	SES142	-6.25372
BLOCK14/SES142/SA142S29	SES142	-6.01358
BLOCK14/SES143/SA143S12	SES143	-6.75476
BLOCK14/SES143/SA143S13	SES143	-7.04744
BLOCK14/SES143/SA143S23	SES143	-7.02588
BLOCK14/SES143/SA143S25	SES143	-7.45766
BLOCK14/SES143/SA143S28	SES143	-7.36256
BLOCK14/SES144/SA144S09	SES144	-7.33416
BLOCK14/SES144/SA144S11	SES144	-7.04869
BLOCK14/SES144/SA144S21	SES118	-8.02021
BLOCK14/SES144/SA144S25	SES144	-7.5258
BLOCK14/SES144/SA144S29	SES081	-8.11381
BLOCK14/SES145/SA145S12	SES145	-6.54516
BLOCK14/SES145/SA145S13	SES145	-6.74388
BLOCK14/SES145/SA145S23	SES145	-7.49983
BLOCK14/SES145/SA145S25	SES145	-6.44702
BLOCK14/SES145/SA145S28	SES145	-6.74529
BLOCK14/SES146/SA146S14	SES146	-7.76165
BLOCK14/SES146/SA146S15	SES146	-7.87677
BLOCK14/SES146/SA146S24	SES146	-7.38782
BLOCK14/SES146/SA146S26	SES146	-7.32784
BLOCK14/SES146/SA146S29	SES146	-7.77642
BLOCK14/SES147/SA147S11	SES147	-7.24727
BLOCK14/SES147/SA147S13	SES147	-6.33382
BLOCK14/SES147/SA147S23	SES147	-7.14225
BLOCK14/SES147/SA147S26	SES147	-6.96264
BLOCK14/SES147/SA147S28	SES147	-6.26647
BLOCK14/SES148/SA148S10	SES148	-6.36719
BLOCK14/SES148/SA148S12	SES171	-7.85119
BLOCK14/SES148/SA148S22	SES148	-6.58207
BLOCK14/SES148/SA148S26	SES148	-6.22196
BLOCK14/SES148/SA148S29	SES148	-7.4344
BLOCK14/SES149/SA149S13	SES271	-6.50935
BLOCK14/SES149/SA149S14	SES149	-6.36814
BLOCK14/SES149/SA149S24	SES149	-6.75823
BLOCK14/SES149/SA149S26	SES149	-5.9872
BLOCK14/SES149/SA149S28	SES149	-5.14269
BLOCK15/SES157/SA157S08	SES157	-6.66666
BLOCK15/SES157/SA157S11	SES157	-7.56256
BLOCK15/SES157/SA157S21	SES157	-6.47359
BLOCK15/SES157/SA157S24	SES157	-7.49908
BLOCK15/SES157/SA157S26	SES157	-6.67762
BLOCK15/SES158/SA158S13	SES158	-6.82191
BLOCK15/SES158/SA158S14	SES158	-8.01585
BLOCK15/SES158/SA158S23	SES158	-6.22909
BLOCK15/SES158/SA158S26	SES158	-7.09944
BLOCK15/SES158/SA158S28	SES158	-7.52754
BLOCK15/SES159/SA159S10	SES159	-7.30953
BLOCK15/SES159/SA159S12	SES159	-7.48892
BLOCK15/SES159/SA159S22	SES109	-7.48683
BLOCK15/SES159/SA159S25	SES159	-6.97226
BLOCK15/SES159/SA159S28	SES159	-7.60059
BLOCK16/SES160/SA160S12	SES005	-7.43862
BLOCK16/SES160/SA160S14	SES160	-7.96685
BLOCK16/SES160/SA160S24	SES160	-7.6923
BLOCK16/SES160/SA160S26	SES160	-7.16111
BLOCK16/SES160/SA160S28	SES160	-7.80401
BLOCK16/SES161/SA161S10	SES161	-7.12062
BLOCK16/SES161/SA161S12	SES161	-7.25494
BLOCK16/SES161/SA161S20	SES161	-7.70665
BLOCK16/SES161/SA161S23	SES161	-7.8165
BLOCK16/SES161/SA161S28	SES161	-7.17128
BLOCK16/SES162/SA162S10	SES162	-7.95572
BLOCK16/SES162/SA162S11	SES162	-6.42149
BLOCK16/SES162/SA162S21	SES162	-6.60802
BLOCK16/SES162/SA162S24	SES162	-6.85688
BLOCK16/SES162/SA162S27	SES162	-7.74266
BLOCK16/SES163/SA163S11	SES163	-7.13673
BLOCK16/SES163/SA163S13	SES163	-6.53228
BLOCK16/SES163/SA163S22	SES273	-8.06007
BLOCK16/SES163/SA163S25	SES163	-7.23947
BLOCK16/SES163/SA163S27	SES163	-8.34125
BLOCK16/SES164/SA164S11	SES164	-5.8439
BLOCK16/SES164/SA164S13	SES164	-6.16249
BLOCK16/SES164/SA164S24	SES164	-5.55212
BLOCK16/SES164/SA164S27	SES164	-5.88679
BLOCK16/SES164/SA164S29	SES164	-5.81036
BLOCK16/SES165/SA165S08	SES165	-6.14369
BLOCK16/SES165/SA165S09	SES165	-7.61582
BLOCK16/SES165/SA165S21	SES165	-8.42973
BLOCK16/SES165/SA165S23	SES165	-7.7541
BLOCK16/SES165/SA165S26	SES165	-7.6451
BLOCK16/SES166/SA166S12	SES166	-7.67243
BLOCK16/SES166/SA166S14	SES166	-8.45413
BLOCK16/SES166/SA166S23	SES147	-7.81934
BLOCK16/SES166/SA166S25	SES166	-7.49921
BLOCK16/SES166/SA166S27	SES166	-7.65259
BLOCK16/SES167/SA167S14	SES167	-6.19227
BLOCK16/SES167/SA167S15	SES167	-6.13916
BLOCK16/SES167/SA167S21	SES167	-6.0801
BLOCK16/SES167/SA167S25	SES167	-6.28899
BLOCK16/SES167/SA167S29	SES167	-5.51534
BLOCK16/SES168/SA168S10	SES168	-5.9208
BLOCK16/SES168/SA168S11	SES168	-6.26001
BLOCK16/SES168/SA168S21	SES168	-6.62253
BLOCK16/SES168/SA168S25	SES168	-5.90241
BLOCK16/SES168/SA168S28	SES168	-6.31862
BLOCK16/SES169/SA169S13	SES169	-8.12838
BLOCK16/SES169/SA169S14	SES169	-6.53304
BLOCK16/SES169/SA169S24	SES169	-7.97062
BLOCK16/SES169/SA169S27	SES169	-7.06825
BLOCK16/SES169/SA169S29	SES169	-6.74565
BLOCK17/SES170/SA170S09	SES170	-6.61349
BLOCK17/SES170/SA170S10	SES170	-6.79344
BLOCK17/SES170/SA170S22	SES170	-6.25971
BLOCK17/SES170/SA170S24	SES170	-6.12285
BLOCK17/SES170/SA170S28	SES170	-7.20849
BLOCK17/SES171/SA171S12	SES171	-8.25491
BLOCK17/SES171/SA171S15	SES171	-7.77284
BLOCK17/SES171/SA171S22	SES171	-6.06353
BLOCK17/SES171/SA171S25	SES171	-8.09846
BLOCK17/SES171/SA171S27	SES171	-7.98201
BLOCK17/SES172/SA172S12	SES172	-7.62668
BLOCK17/SES172/SA172S13	SES172	-7.4057
BLOCK17/SES172/SA172S23	SES172	-6.77131
BLOCK17/SES172/SA172S27	SES172	-8.06609
BLOCK17/SES172/SA172S29	SES172	-6.91326
BLOCK17/SES173/SA173S13	SES173	-6.48589
BLOCK17/SES173/SA173S14	SES173	-6.74368
BLOCK17/SES173/SA173S24	SES173	-7.06934
BLOCK17/SES173/SA173S27	SES173	-6.70469
BLOCK17/SES173/SA173S29	SES173	-7.40708
BLOCK17/SES175/SA175S11	SES175	-7.52996
BLOCK17/SES175/SA175S13	SES175	-5.30545
BLOCK17/SES175/SA175S23	SES175	-6.21518
BLOCK17/SES175/SA175S25	SES159	-8.15377
BLOCK17/SES175/SA175S28	SES175	-6.69015
BLOCK17/SES177/SA177S15	SES177	-8.08002
BLOCK17/SES177/SA177S17	SES177	-7.43484
BLOCK17/SES177/SA177S23	SES177	-7.79494
BLOCK17/SES177/SA177S26	SES177	-5.44616
BLOCK17/SES177/SA177S28	SES177	-7.35584
BLOCK18/SES180/SA180S13	SES180	-8.20449
BLOCK18/SES180/SA180S15	SES180	-7.15181
BLOCK18/SES180/SA180S24	SES180	-6.09107
BLOCK18/SES180/SA180S26	SES180	-6.63331
BLOCK18/SES180/SA180S29	SES180	-7.88413
BLOCK18/SES182/SA182S10	SES182	-6.07619
BLOCK18/SES182/SA182S12	SES182	-6.86627
BLOCK18/SES182/SA182S21	SES182	-8.22754
BLOCK18/SES182/SA182S23	SES182	-7.93061
BLOCK18/SES182/SA182S25	SES109	-7.35182
BLOCK18/SES183/SA183S13	SES183	-6.87388
BLOCK18/SES183/SA183S14	SES043	-7.25827
BLOCK18/SES183/SA183S24	SES183	-7.58061
BLOCK18/SES183/SA183S27	SES183	-7.73774
BLOCK18/SES183/SA183S29	SES183	-6.88704
BLOCK18/SES184/SA184S12	SES184	-7.14231
BLOCK18/SES184/SA184S13	SES185	-7.70739
BLOCK18/SES184/SA184S22	SES184	-7.37571
BLOCK18/SES184/SA184S25	SES184	-7.23614
BLOCK18/SES184/SA184S27	SES184	-7.35878
BLOCK18/SES185/SA185S12	SES185	-7.39153
BLOCK18/SES185/SA185S13	SES185	-6.88195
BLOCK18/SES185/SA185S23	SES185	-6.63389
BLOCK18/SES185/SA185S27	SES185	-7.41901
BLOCK18/SES185/SA185S29	SES185	-7.43213
BLOCK18/SES186/SA186S14	SES186	-6.85326
BLOCK18/SES186/SA186S15	SES186	-6.68412
BLOCK18/SES186/SA186S23	SES186	-6.89141
BLOCK18/SES186/SA186S26	SES186	-7.0122
BLOCK18/SES186/SA186S28	SES186	-6.96391
BLOCK18/SES187/SA187S13	SES187	-8.56894
BLOCK18/SES187/SA187S14	SES187	-8.21962
BLOCK18/SES187/SA187S24	SES187	-7.99153
BLOCK18/SES187/SA187S27	SES187	-7.85146
BLOCK18/SES187/SA187S29	SES187	-8.83887
BLOCK18/SES188/SA188S10	SES188	-5.90669
BLOCK18/SES188/SA188S14	SES188	-5.56094
BLOCK18/SES188/SA188S22	SES188	-7.47464
BLOCK18/SES188/SA188S24	SES188	-7.18164
BLOCK18/SES188/SA188S26	SES188	-7.50975
BLOCK18/SES189/SA189S10	SES189	-7.73019
BLOCK18/SES189/SA189S13	SES189	-8.53675
BLOCK18/SES189/SA189S24	SES189	-6.70751
BLOCK18/SES189/SA189S26	SES189	-6.83478
BLOCK18/SES189/SA189S29	SES189	-6.67707
BLOCK20/SES200/SA200S10	SES200	-4.75064
BLOCK20/SES200/SA200S11	SES200	-5.58463
BLOCK20/SES200/SA200S20	SES200	-6.39668
BLOCK20/SES200/SA200S25	SES200	-6.06885
BLOCK20/SES200/SA200S29	SES200	-7.23415
BLOCK20/SES201/SA201S12	SES201	-6.95955
BLOCK20/SES201/SA201S15	SES201	-6.44161
BLOCK20/SES201/SA201S23	SES201	-7.3514
BLOCK20/SES201/SA201S25	SES201	-5.10529
BLOCK20/SES201/SA201S29	SES201	-7.00588
BLOCK20/SES202/SA202S12	SES202	-7.17644
BLOCK20/SES202/SA202S14	SES202	-7.00145
BLOCK20/SES202/SA202S24	SES202	-7.92802
BLOCK20/SES202/SA202S27	SES202	-6.6247
BLOCK20/SES202/SA202S29	SES202	-6.81558
BLOCK20/SES203/SA203S10	SES203	-7.19718
BLOCK20/SES203/SA203S11	SES203	-7.05011
BLOCK20/SES203/SA203S22	SES203	-6.94729
BLOCK20/SES203/SA203S24	SES203	-6.1409
BLOCK20/SES203/SA203S27	SES203	-6.51539
BLOCK20/SES204/SA204S12	SES204	-6.25039
BLOCK20/SES204/SA204S14	SES204	-5.29598
BLOCK20/SES204/SA204S22	SES204	-6.35729
BLOCK20/SES204/SA204S25	SES204	-6.26757
BLOCK20/SES204/SA204S27	SES204	-6.82819
BLOCK20/SES205/SA205S12	SES205	-7.30341
BLOCK20/SES205/SA205S13	SES205	-7.14044
BLOCK20/SES205/SA205S21	SES205	-7.64137
BLOCK20/SES205/SA205S24	SES205	-7.19801
BLOCK20/SES205/SA205S26	SES205	-4.89942
BLOCK20/SES206/SA206S15	SES205	-6.79685
BLOCK20/SES206/SA206S17	SES206	-7.5247
BLOCK20/SES206/SA206S24	SES206	-5.9072
BLOCK20/SES206/SA206S27	SES206	-7.31197
BLOCK20/SES206/SA206S29	SES206	-6.08628
BLOCK20/SES207/SA207S10	SES207	-6.9434
BLOCK20/SES207/SA207S11	SES207	-7.40599
BLOCK20/SES207/SA207S25	SES207	-8.31144
BLOCK20/SES207/SA207S27	SES207	-7.42967
BLOCK20/SES207/SA207S29	SES207	-7.08254
BLOCK20/SES209/SA209S12	SES221	-7.21947
BLOCK20/SES209/SA209S13	SES209	-6.47141
BLOCK20/SES209/SA209S21	SES209	-6.15397
BLOCK20/SES209/SA209S25	SES221	-7.45961
BLOCK20/SES209/SA209S28	SES209	-6.08004
BLOCK22/SES220/SA220S10	SES220	-7.41251
BLOCK22/SES220/SA220S13	SES189	-8.15984
BLOCK22/SES220/SA220S24	SES220	-7.42122
BLOCK22/SES220/SA220S26	SES220	-7.79138
BLOCK22/SES220/SA220S28	SES220	-7.23544
BLOCK22/SES221/SA221S12	SES221	-6.21026
BLOCK22/SES221/SA221S15	SES221	-6.21059
BLOCK22/SES221/SA221S23	SES221	-6.39551
BLOCK22/SES221/SA221S27	SES221	-7.38247
BLOCK22/SES221/SA221S29	SES221	-6.27391
BLOCK22/SES223/SA223S11	SES223	-6.99642
BLOCK22/SES223/SA223S13	SES223	-7.50486
BLOCK22/SES223/SA223S22	SES223	-7.16309
BLOCK22/SES223/SA223S25	SES221	-7.4516
BLOCK22/SES223/SA223S27	SES223	-7.63921
BLOCK22/SES225/SA225S12	SES225	-6.34983
BLOCK22/SES225/SA225S13	SES225	-6.80628
BLOCK22/SES225/SA225S21	SES225	-6.04112
BLOCK22/SES225/SA225S25	SES225	-6.247
BLOCK22/SES225/SA225S28	SES225	-6.88464
BLOCK22/SES226/SA226S12	SES226	-7.24294
BLOCK22/SES226/SA226S13	SES002	-7.45304
BLOCK22/SES226/SA226S20	SES226	-7.20109
BLOCK22/SES226/SA226S23	SES226	-6.74122
BLOCK22/SES226/SA226S28	SES226	-6.36526
BLOCK22/SES227/SA227S14	SES227	-7.70631
BLOCK22/SES227/SA227S15	SES227	-7.27058
BLOCK22/SES227/SA227S23	SES227	-7.05092
BLOCK22/SES227/SA227S26	SES227	-6.79031
BLOCK22/SES227/SA227S29	SES227	-7.46908
BLOCK25/SES257/SA257S11	SES257	-7.80551
BLOCK25/SES257/SA257S13	SES257	-6.9377
BLOCK25/SES257/SA257S20	SES257	-6.52462
BLOCK25/SES257/SA257S22	SES257	-6.94708
BLOCK25/SES257/SA257S29	SES257	-7.30793
BLOCK25/SES258/SA258S10	SES258	-6.9217
BLOCK25/SES258/SA258S11	SES258	-6.39665
BLOCK25/SES258/SA258S20	SES258	-7.53734
BLOCK25/SES258/SA258S25	SES258	-6.65553
BLOCK25/SES258/SA258S28	SES258	-7.32373
BLOCK25/SES259/SA259S13	SES259	-6.2684
BLOCK25/SES259/SA259S14	SES259	-6.48639
BLOCK25/SES259/SA259S22	SES259	-6.29727
BLOCK25/SES259/SA259S24	SES259	-6.95866
BLOCK25/SES259/SA259S28	SES259	-6.85162
BLOCK27/SES270/SA270S14	SES270	-7.00671
BLOCK27/SES270/SA270S16	SES270	-7.07955
BLOCK27/SES270/SA270S22	SES270	-6.35503
BLOCK27/SES270/SA270S26	SES270	-7.20586
BLOCK27/SES270/SA270S28	SES270	-6.8974
BLOCK27/SES271/SA271S14	SES271	-6.16139
BLOCK27/SES271/SA271S15	SES175	-7.6699
BLOCK27/SES271/SA271S22	SES271	-6.23652
BLOCK27/SES271/SA271S27	SES160	-8.34886
BLOCK27/SES271/SA271S29	SES271	-5.87195
BLOCK27/SES272/SA272S10	SES272	-7.30161
BLOCK27/SES272/SA272S13	SES272	-6.98214
BLOCK27/SES272/SA272S21	SES272	-6.79507
BLOCK27/SES272/SA272S24	SES272	-7.69453
BLOCK27/SES272/SA272S29	SES272	-7.06726
BLOCK27/SES273/SA273S12	SES273	-6.91286
BLOCK27/SES273/SA273S13	SES273	-6.26258
BLOCK27/SES273/SA273S21	SES273	-7.91722
BLOCK27/SES273/SA273S25	SES273	-7.67282
BLOCK27/SES273/SA273S27	SES273	-5.927
BLOCK27/SES274/SA274S10	SES274	-6.12513
BLOCK27/SES274/SA274S11	SES274	-6.50108
BLOCK27/SES274/SA274S21	SES274	-6.36345
BLOCK27/SES274/SA274S24	SES274	-7.16931
BLOCK27/SES274/SA274S29	SES292	-7.5328
BLOCK27/SES275/SA275S17	SES275	-6.82187
BLOCK27/SES275/SA275S18	SES275	-7.03268
BLOCK27/SES275/SA275S24	SES275	-7.39786
BLOCK27/SES275/SA275S26	SES275	-6.86679
BLOCK27/SES275/SA275S28	SES275	-7.08528
BLOCK27/SES276/SA276S16	SES276	-6.76117
BLOCK27/SES276/SA276S17	SES276	-7.52611
BLOCK27/SES276/SA276S24	SES202	-6.59767
BLOCK27/SES276/SA276S26	SES276	-6.29672
BLOCK27/SES276/SA276S28	SES276	-6.41162
BLOCK27/SES277/SA277S12	SES277	-7.90255
BLOCK27/SES277/SA277S14	SES277	-8.19606
BLOCK27/SES277/SA277S21	SES277	-7.38681
BLOCK27/SES277/SA277S24	SES277	-7.62673
BLOCK27/SES277/SA277S29	SES277	-5.85002
BLOCK27/SES278/SA278S12	SES278	-7.65337
BLOCK27/SES278/SA278S16	SES278	-7.39928
BLOCK27/SES278/SA278S24	SES278	-7.61396
BLOCK27/SES278/SA278S26	SES278	-6.89442
BLOCK27/SES278/SA278S29	SES278	-7.53439
BLOCK27/SES279/SA279S09	SES012	-6.69296
BLOCK27/SES279/SA279S10	SES279	-7.1513
BLOCK27/SES279/SA279S20	SES279	-7.52744
BLOCK27/SES279/SA279S26	SES279	-7.34846
BLOCK27/SES279/SA279S28	SES279	-5.83912
BLOCK29/SES290/SA290S12	SES290	-5.62192
BLOCK29/SES290/SA290S13	SES290	-6.33669
BLOCK29/SES290/SA290S22	SES290	-6.45143
BLOCK29/SES290/SA290S25	SES290	-6.33922
BLOCK29/SES290/SA290S29	SES290	-5.79227
BLOCK29/SES291/SA291S11	SES291	-7.53752
BLOCK29/SES291/SA291S12	SES291	-6.7959
BLOCK29/SES291/SA291S22	SES291	-6.94114
BLOCK29/SES291/SA291S24	SES291	-6.50915
BLOCK29/SES291/SA291S27	SES291	-6.01488
BLOCK29/SES292/SA292S10	SES290	-6.95536
BLOCK29/SES292/SA292S12	SES292	-8.21291
BLOCK29/SES292/SA292S22	SES120	-7.62049
BLOCK29/SES292/SA292S24	SES292	-7.40184
BLOCK29/SES292/SA292S27	SES292	-7.395
BLOCK29/SES294/SA294S13	SES294	-7.48093
BLOCK29/SES294/SA294S14	SES294	-6.85804
BLOCK29/SES294/SA294S23	SES294	-8.09204
BLOCK29/SES294/SA294S25	SES187	-7.84188
BLOCK29/SES294/SA294S28	SES159	-7.16012
nerr=87	ntot=785	error_rate=11.08%
>>>>>>> c9426322254b883bafe5f0a80b794ac6dfa5223c
