BLOCK00/SES002/SA002S12	SES002	1.13354	-61.1737	-62.3072
BLOCK00/SES002/SA002S13	SES002	1.78978	-61.3535	-63.1433
BLOCK00/SES002/SA002S23	SES002	1.9973	-60.7048	-62.702
BLOCK00/SES002/SA002S26	SES002	1.57129	-60.6628	-62.2341
BLOCK00/SES002/SA002S28	SES002	1.19511	-62.1765	-63.3716
BLOCK00/SES007/SA007S14	SES007	1.01977	-61.2229	-62.2427
BLOCK00/SES007/SA007S15	SES007	0.404331	-62.9571	-63.3615
BLOCK00/SES007/SA007S24	SES007	0.572311	-62.6077	-63.18
BLOCK00/SES007/SA007S27	SES007	0.610394	-62.7846	-63.395
BLOCK00/SES007/SA007S29	SES007	0.247498	-62.2171	-62.4646
BLOCK00/SES008/SA008S11	SES008	0.794479	-63.1317	-63.9261
BLOCK00/SES008/SA008S12	SES008	0.826508	-62.7114	-63.5379
BLOCK00/SES008/SA008S19	SES008	1.44476	-61.9182	-63.363
BLOCK00/SES008/SA008S22	SES008	1.00621	-63.0945	-64.1007
BLOCK00/SES008/SA008S29	SES008	0.934582	-61.774	-62.7086
BLOCK01/SES014/SA014S10	SES014	2.06282	-61.695	-63.7579
BLOCK01/SES014/SA014S12	SES014	2.68204	-59.2812	-61.9632
BLOCK01/SES014/SA014S24	SES014	1.39269	-61.2553	-62.648
BLOCK01/SES014/SA014S26	SES014	2.77536	-58.5981	-61.3734
BLOCK01/SES014/SA014S28	SES014	2.74218	-59.0264	-61.7686
BLOCK01/SES016/SA016S12	SES016	0.962578	-65.0263	-65.9889
BLOCK01/SES016/SA016S13	SES016	1.07248	-63.2924	-64.3649
BLOCK01/SES016/SA016S22	SES016	0.714355	-63.5004	-64.2147
BLOCK01/SES016/SA016S25	SES016	1.18524	-61.2867	-62.4719
BLOCK01/SES016/SA016S27	SES016	1.03868	-61.1878	-62.2265
BLOCK01/SES019/SA019S13	SES019	2.95592	-61.9452	-64.9011
BLOCK01/SES019/SA019S14	SES019	2.2557	-61.6881	-63.9439
BLOCK01/SES019/SA019S22	SES019	2.81874	-61.6307	-64.4494
BLOCK01/SES019/SA019S25	SES019	2.19183	-62.2021	-64.394
BLOCK01/SES019/SA019S29	SES019	3.14977	-61.4291	-64.5789
BLOCK02/SES029/SA029S11	SES029	0.581135	-62.7732	-63.3543
BLOCK02/SES029/SA029S12	SES029	0.271214	-62.5873	-62.8585
BLOCK02/SES029/SA029S20	SES029	0.30283	-63.5253	-63.8281
BLOCK02/SES029/SA029S25	SES029	0.0611954	-62.7136	-62.7748
BLOCK02/SES029/SA029S28	SES029	0.498466	-62.7199	-63.2184
BLOCK04/SES042/SA042S12	SES042	2.32005	-59.9404	-62.2605
BLOCK04/SES042/SA042S15	SES042	1.88607	-60.8112	-62.6973
BLOCK04/SES042/SA042S22	SES042	2.97979	-58.2522	-61.232
BLOCK04/SES042/SA042S25	SES042	2.29079	-61.0329	-63.3237
BLOCK04/SES042/SA042S27	SES042	1.88822	-59.4335	-61.3217
BLOCK04/SES048/SA048S11	SES048	1.08337	-61.3667	-62.4501
BLOCK04/SES048/SA048S12	SES048	0.647766	-61.7601	-62.4079
BLOCK04/SES048/SA048S20	SES048	0.625854	-61.3632	-61.989
BLOCK04/SES048/SA048S23	SES048	1.19185	-61.7777	-62.9695
BLOCK04/SES048/SA048S27	SES048	0.782982	-60.9587	-61.7417
BLOCK06/SES060/SA060S11	SES060	1.29346	-62.5128	-63.8063
BLOCK06/SES060/SA060S12	SES060	-0.57906	-64.3589	-63.7799
BLOCK06/SES060/SA060S22	SES060	-0.0409317	-64.5171	-64.4762
BLOCK06/SES060/SA060S24	SES060	0.7976	-62.1646	-62.9622
BLOCK06/SES060/SA060S28	SES060	0.813038	-60.4018	-61.2148
BLOCK06/SES062/SA062S10	SES062	0.829361	-62.2045	-63.0339
BLOCK06/SES062/SA062S11	SES062	1.08253	-62.3568	-63.4393
BLOCK06/SES062/SA062S21	SES062	1.92242	-58.9569	-60.8793
BLOCK06/SES062/SA062S26	SES062	0.404392	-61.5661	-61.9705
BLOCK06/SES062/SA062S29	SES062	1.02246	-60.804	-61.8264
BLOCK06/SES068/SA068S14	SES068	0.414623	-62.488	-62.9027
BLOCK06/SES068/SA068S15	SES068	0.686523	-61.3676	-62.0541
BLOCK06/SES068/SA068S23	SES068	0.703831	-62.9824	-63.6862
BLOCK06/SES068/SA068S27	SES068	1.28652	-61.2095	-62.4961
BLOCK06/SES068/SA068S29	SES068	0.890854	-61.6272	-62.518
BLOCK08/SES082/SA082S12	SES082	0.994904	-62.3526	-63.3475
BLOCK08/SES082/SA082S14	SES082	0.763466	-63.3161	-64.0795
BLOCK08/SES082/SA082S21	SES082	0.985825	-62.4508	-63.4366
BLOCK08/SES082/SA082S24	SES082	1.35134	-61.4511	-62.8024
BLOCK08/SES082/SA082S28	SES082	0.946217	-62.3766	-63.3228
BLOCK08/SES083/SA083S14	SES083	-0.243916	-63.3506	-63.1067
BLOCK08/SES083/SA083S15	SES083	0.122196	-62.7384	-62.8606
BLOCK08/SES083/SA083S24	SES083	0.222858	-62.7879	-63.0108
BLOCK08/SES083/SA083S26	SES083	0.348438	-62.7794	-63.1279
BLOCK08/SES083/SA083S29	SES083	0.00650024	-62.629	-62.6355
BLOCK08/SES085/SA085S10	SES085	0.147896	-62.6905	-62.8384
BLOCK08/SES085/SA085S13	SES085	0.239262	-63.6944	-63.9337
BLOCK08/SES085/SA085S22	SES085	-1.72014	-64.8875	-63.1673
BLOCK08/SES085/SA085S26	SES085	0.0356255	-62.9289	-62.9646
BLOCK08/SES085/SA085S28	SES085	0.459812	-62.5416	-63.0014
BLOCK08/SES087/SA087S15	SES087	1.85662	-61.5952	-63.4518
BLOCK08/SES087/SA087S16	SES087	1.76777	-61.7846	-63.5524
BLOCK08/SES087/SA087S24	SES087	1.59492	-61.1387	-62.7337
BLOCK08/SES087/SA087S26	SES087	1.53247	-60.447	-61.9795
BLOCK08/SES087/SA087S29	SES087	1.75615	-61.4617	-63.2178
BLOCK09/SES099/SA099S15	SES099	1.27932	-62.4059	-63.6852
BLOCK09/SES099/SA099S16	SES099	1.31394	-61.9813	-63.2952
BLOCK09/SES099/SA099S24	SES099	1.29527	-61.9841	-63.2794
BLOCK09/SES099/SA099S26	SES099	1.40525	-61.6777	-63.083
BLOCK09/SES099/SA099S29	SES099	1.4742	-61.7767	-63.2509
BLOCK10/SES101/SA101S11	SES101	-0.00964737	-62.5105	-62.5008
BLOCK10/SES101/SA101S13	SES101	0.917862	-61.1607	-62.0786
BLOCK10/SES101/SA101S22	SES101	0.631466	-63.1415	-63.773
BLOCK10/SES101/SA101S24	SES101	0.920803	-62.0307	-62.9515
BLOCK10/SES101/SA101S28	SES101	-0.276794	-64.1637	-63.8869
BLOCK10/SES104/SA104S11	SES104	1.34893	-60.6045	-61.9535
BLOCK10/SES104/SA104S12	SES104	1.33137	-61.0878	-62.4192
BLOCK10/SES104/SA104S21	SES104	1.43166	-61.2499	-62.6815
BLOCK10/SES104/SA104S24	SES104	1.08038	-61.6582	-62.7386
BLOCK10/SES104/SA104S28	SES104	1.34293	-60.9451	-62.2881
BLOCK10/SES105/SA105S12	SES105	0.772278	-63.2434	-64.0157
BLOCK10/SES105/SA105S13	SES105	0.589592	-62.9071	-63.4967
BLOCK10/SES105/SA105S22	SES105	0.334621	-63.8075	-64.1421
BLOCK10/SES105/SA105S26	SES105	1.00174	-63.0115	-64.0133
BLOCK10/SES105/SA105S29	SES105	0.242817	-63.4364	-63.6792
BLOCK10/SES106/SA106S09	SES106	1.45838	-62.3643	-63.8227
BLOCK10/SES106/SA106S11	SES106	1.55835	-61.0666	-62.6249
BLOCK10/SES106/SA106S22	SES106	2.76733	-61.2414	-64.0088
BLOCK10/SES106/SA106S27	SES106	1.49194	-62.0962	-63.5881
BLOCK10/SES106/SA106S29	SES106	0.80315	-62.1273	-62.9305
BLOCK11/SES117/SA117S12	SES117	0.17337	-64.2107	-64.3841
BLOCK11/SES117/SA117S13	SES117	-0.073143	-63.641	-63.5679
BLOCK11/SES117/SA117S23	SES117	1.06702	-64.9259	-65.9929
BLOCK11/SES117/SA117S25	SES117	0.755959	-63.9497	-64.7057
BLOCK11/SES117/SA117S28	SES117	1.1869	-64.2082	-65.3951
BLOCK12/SES120/SA120S08	SES120	1.04825	-63.7983	-64.8465
BLOCK12/SES120/SA120S11	SES120	0.688248	-65.346	-66.0342
BLOCK12/SES120/SA120S22	SES120	0.224033	-62.9642	-63.1882
BLOCK12/SES120/SA120S24	SES120	0.398899	-63.3673	-63.7662
BLOCK12/SES120/SA120S28	SES120	0.603745	-64.8034	-65.4071
BLOCK12/SES125/SA125S13	SES125	1.88854	-60.8224	-62.7109
BLOCK12/SES125/SA125S14	SES125	1.27631	-61.7285	-63.0048
BLOCK12/SES125/SA125S25	SES125	1.87088	-61.2415	-63.1124
BLOCK12/SES125/SA125S27	SES125	1.83331	-60.034	-61.8673
BLOCK12/SES125/SA125S29	SES125	1.60123	-61.1428	-62.744
BLOCK12/SES127/SA127S11	SES127	0.466278	-62.8908	-63.3571
BLOCK12/SES127/SA127S12	SES127	0.0979767	-62.6084	-62.7064
BLOCK12/SES127/SA127S23	SES127	0.598415	-62.5564	-63.1548
BLOCK12/SES127/SA127S25	SES127	0.224979	-62.7073	-62.9322
BLOCK12/SES127/SA127S27	SES127	0.861694	-62.3198	-63.1815
BLOCK12/SES129/SA129S11	SES129	1.285	-61.7138	-62.9988
BLOCK12/SES129/SA129S12	SES129	1.46244	-61.1582	-62.6206
BLOCK12/SES129/SA129S22	SES129	1.36428	-61.938	-63.3023
BLOCK12/SES129/SA129S27	SES129	1.20193	-61.5787	-62.7806
BLOCK12/SES129/SA129S29	SES129	1.50686	-61.1009	-62.6077
BLOCK14/SES142/SA142S11	SES142	1.85823	-63.2691	-65.1273
BLOCK14/SES142/SA142S12	SES142	1.17061	-64.1474	-65.318
BLOCK14/SES142/SA142S24	SES142	2.08241	-62.5998	-64.6823
BLOCK14/SES142/SA142S27	SES142	2.19751	-62.5577	-64.7552
BLOCK14/SES142/SA142S29	SES142	2.43752	-62.121	-64.5585
BLOCK14/SES143/SA143S12	SES143	0.37159	-63.9023	-64.2739
BLOCK14/SES143/SA143S13	SES143	0.368717	-63.8086	-64.1773
BLOCK14/SES143/SA143S23	SES143	0.611454	-63.7635	-64.375
BLOCK14/SES143/SA143S25	SES143	0.407066	-63.6235	-64.0305
BLOCK14/SES143/SA143S28	SES143	0.61512	-63.0373	-63.6524
BLOCK14/SES144/SA144S09	SES144	0.769493	-63.0486	-63.8181
BLOCK14/SES144/SA144S11	SES144	0.94627	-63.6348	-64.581
BLOCK14/SES144/SA144S21	SES144	0.125576	-63.6467	-63.7723
BLOCK14/SES144/SA144S25	SES144	0.431206	-63.8243	-64.2555
BLOCK14/SES144/SA144S29	SES144	-0.0539856	-63.5937	-63.5397
BLOCK14/SES146/SA146S14	SES146	0.436775	-63.8141	-64.2509
BLOCK14/SES146/SA146S15	SES146	0.329273	-63.8011	-64.1304
BLOCK14/SES146/SA146S24	SES146	0.411556	-63.4907	-63.9023
BLOCK14/SES146/SA146S26	SES146	0.703392	-63.7298	-64.4332
BLOCK14/SES146/SA146S29	SES146	0.785923	-63.8735	-64.6594
BLOCK14/SES147/SA147S11	SES147	0.695175	-64.0321	-64.7273
BLOCK14/SES147/SA147S13	SES147	1.52433	-62.3031	-63.8274
BLOCK14/SES147/SA147S23	SES147	0.891998	-63.5443	-64.4363
BLOCK14/SES147/SA147S26	SES147	0.749088	-63.4396	-64.1886
BLOCK14/SES147/SA147S28	SES147	0.736412	-62.5904	-63.3268
BLOCK14/SES148/SA148S10	SES148	1.09211	-62.1102	-63.2023
BLOCK14/SES148/SA148S12	SES148	0.489014	-63.4555	-63.9445
BLOCK14/SES148/SA148S22	SES148	0.635536	-61.8046	-62.4402
BLOCK14/SES148/SA148S26	SES148	0.778145	-62.3588	-63.1369
BLOCK14/SES148/SA148S29	SES148	0.356785	-63.1828	-63.5396
BLOCK14/SES149/SA149S13	SES149	0.562023	-62.2934	-62.8554
BLOCK14/SES149/SA149S14	SES149	0.596378	-62.0778	-62.6742
BLOCK14/SES149/SA149S24	SES149	1.52201	-61.6707	-63.1927
BLOCK14/SES149/SA149S26	SES149	1.66057	-61.0932	-62.7538
BLOCK14/SES149/SA149S28	SES149	2.31372	-60.1945	-62.5082
BLOCK15/SES158/SA158S13	SES158	1.36286	-62.3966	-63.7594
BLOCK15/SES158/SA158S14	SES158	2.30363	-62.1628	-64.4665
BLOCK15/SES158/SA158S23	SES158	1.1816	-62.2309	-63.4125
BLOCK15/SES158/SA158S26	SES158	2.10982	-62.0513	-64.1611
BLOCK15/SES158/SA158S28	SES158	1.21503	-62.5992	-63.8142
BLOCK16/SES162/SA162S10	SES162	0.896111	-64.0349	-64.931
BLOCK16/SES162/SA162S11	SES162	0.914288	-63.0836	-63.9979
BLOCK16/SES162/SA162S21	SES162	1.28492	-63.1069	-64.3918
BLOCK16/SES162/SA162S24	SES162	0.966625	-63.3067	-64.2733
BLOCK16/SES162/SA162S27	SES162	0.93845	-63.6884	-64.6269
BLOCK16/SES167/SA167S14	SES167	0.44828	-62.1645	-62.6128
BLOCK16/SES167/SA167S15	SES167	0.689308	-63.5948	-64.2841
BLOCK16/SES167/SA167S21	SES167	0.726311	-62.4642	-63.1905
BLOCK16/SES167/SA167S25	SES167	1.19666	-62.706	-63.9027
BLOCK16/SES167/SA167S29	SES167	1.33347	-61.3801	-62.7136
BLOCK17/SES172/SA172S12	SES172	0.654728	-63.1145	-63.7693
BLOCK17/SES172/SA172S13	SES172	1.14385	-63.6398	-64.7836
BLOCK17/SES172/SA172S23	SES172	0.353306	-62.4374	-62.7908
BLOCK17/SES172/SA172S27	SES172	0.813053	-62.7599	-63.5729
BLOCK17/SES172/SA172S29	SES172	1.00349	-62.8633	-63.8668
BLOCK17/SES175/SA175S11	SES175	0.821056	-62.9598	-63.7808
BLOCK17/SES175/SA175S13	SES175	0.838127	-62.5728	-63.4109
BLOCK17/SES175/SA175S23	SES175	1.54756	-62.4742	-64.0218
BLOCK17/SES175/SA175S25	SES175	0.535179	-64.6819	-65.2171
BLOCK17/SES175/SA175S28	SES175	0.706604	-62.8441	-63.5507
BLOCK17/SES177/SA177S15	SES177	0.172821	-63.1693	-63.3422
BLOCK17/SES177/SA177S17	SES177	0.294796	-62.9272	-63.222
BLOCK17/SES177/SA177S23	SES177	-0.147232	-63.7451	-63.5978
BLOCK17/SES177/SA177S26	SES177	0.293888	-61.463	-61.7569
BLOCK17/SES177/SA177S28	SES177	0.401192	-62.2251	-62.6263
BLOCK18/SES180/SA180S13	SES180	0.574959	-62.936	-63.5109
BLOCK18/SES180/SA180S15	SES180	0.562866	-63.4085	-63.9714
BLOCK18/SES180/SA180S24	SES180	0.37965	-62.2743	-62.654
BLOCK18/SES180/SA180S26	SES180	0.738255	-62.3126	-63.0508
BLOCK18/SES180/SA180S29	SES180	0.715904	-63.2859	-64.0018
BLOCK18/SES183/SA183S13	SES183	0.845413	-63.7965	-64.6419
BLOCK18/SES183/SA183S14	SES183	0.431362	-63.4933	-63.9247
BLOCK18/SES183/SA183S24	SES183	0.967903	-63.8962	-64.8641
BLOCK18/SES183/SA183S27	SES183	1.10818	-63.0506	-64.1588
BLOCK18/SES183/SA183S29	SES183	0.987686	-62.6937	-63.6813
BLOCK18/SES187/SA187S13	SES187	0.619442	-63.9865	-64.6059
BLOCK18/SES187/SA187S14	SES187	0.53511	-63.935	-64.4701
BLOCK18/SES187/SA187S24	SES187	1.12437	-63.1655	-64.2899
BLOCK18/SES187/SA187S27	SES187	0.806831	-63.3014	-64.1082
BLOCK18/SES187/SA187S29	SES187	0.77541	-63.3369	-64.1123
BLOCK18/SES189/SA189S10	SES189	1.91734	-64.9184	-66.8358
BLOCK18/SES189/SA189S13	SES189	2.27119	-65.237	-67.5082
BLOCK18/SES189/SA189S24	SES189	2.2159	-64.5793	-66.7952
BLOCK18/SES189/SA189S26	SES189	0.8209	-64.4106	-65.2315
BLOCK18/SES189/SA189S29	SES189	2.06574	-63.8065	-65.8722
BLOCK20/SES202/SA202S12	SES202	1.55227	-63.5209	-65.0732
BLOCK20/SES202/SA202S14	SES202	2.19136	-62.1347	-64.326
BLOCK20/SES202/SA202S24	SES202	1.33025	-62.9701	-64.3004
BLOCK20/SES202/SA202S27	SES202	1.4415	-61.5036	-62.9451
BLOCK20/SES202/SA202S29	SES202	1.87241	-61.435	-63.3074
BLOCK20/SES206/SA206S15	SES206	0.323486	-61.7246	-62.048
BLOCK20/SES206/SA206S17	SES206	1.56418	-60	-61.5641
BLOCK20/SES206/SA206S24	SES206	1.27487	-60.0994	-61.3743
BLOCK20/SES206/SA206S27	SES206	1.41753	-60.7218	-62.1393
BLOCK20/SES206/SA206S29	SES206	1.0286	-59.9084	-60.937
BLOCK22/SES226/SA226S12	SES226	1.78697	-62.3209	-64.1079
BLOCK22/SES226/SA226S13	SES226	0.503658	-62.6708	-63.1744
BLOCK22/SES226/SA226S20	SES226	1.45957	-62.315	-63.7746
BLOCK22/SES226/SA226S23	SES226	1.56309	-61.8253	-63.3884
BLOCK22/SES226/SA226S28	SES226	1.83818	-61.7164	-63.5546
BLOCK25/SES259/SA259S13	SES259	2.97537	-60.6655	-63.6409
BLOCK25/SES259/SA259S14	SES259	2.00198	-61.2097	-63.2117
BLOCK25/SES259/SA259S22	SES259	1.76851	-61.1655	-62.934
BLOCK25/SES259/SA259S24	SES259	2.23672	-59.6618	-61.8986
BLOCK25/SES259/SA259S28	SES259	1.9226	-61.2254	-63.148
BLOCK27/SES270/SA270S14	SES270	2.23929	-62.6906	-64.9299
BLOCK27/SES270/SA270S16	SES270	0.905575	-62.9406	-63.8462
BLOCK27/SES270/SA270S22	SES270	2.53056	-62.0671	-64.5977
BLOCK27/SES270/SA270S26	SES270	1.49935	-63.4263	-64.9257
BLOCK27/SES270/SA270S28	SES270	0.961864	-62.3263	-63.2882
BLOCK27/SES275/SA275S17	SES275	0.833851	-63.4232	-64.257
BLOCK27/SES275/SA275S18	SES275	0.271034	-63.5395	-63.8106
BLOCK27/SES275/SA275S24	SES275	0.682388	-63.9575	-64.6399
BLOCK27/SES275/SA275S26	SES275	0.882263	-62.7128	-63.5951
BLOCK27/SES275/SA275S28	SES275	0.338333	-62.6449	-62.9832
BLOCK29/SES292/SA292S10	SES292	0.0645599	-63.7968	-63.8614
BLOCK29/SES292/SA292S12	SES292	-0.242294	-64.3609	-64.1186
BLOCK29/SES292/SA292S22	SES292	0.652977	-62.7671	-63.4201
BLOCK29/SES292/SA292S24	SES292	0.228924	-62.946	-63.1749
BLOCK29/SES292/SA292S27	SES292	-0.0266724	-62.8335	-62.8068
BLOCK00/SES001/SA001S14	SES062	-0.590492	-65.1255	-64.535
BLOCK00/SES001/SA001S14	SES082	-0.881851	-65.4169	-64.535
BLOCK00/SES001/SA001S14	SES106	-1.03239	-65.5674	-64.535
BLOCK00/SES001/SA001S14	SES206	-1.25396	-65.789	-64.535
BLOCK00/SES001/SA001S15	SES062	-1.12826	-64.78	-63.6517
BLOCK00/SES001/SA001S15	SES104	-1.40046	-65.0522	-63.6517
BLOCK00/SES001/SA001S15	SES106	-1.09924	-64.751	-63.6517
BLOCK00/SES001/SA001S15	SES206	-1.19884	-64.8506	-63.6517
BLOCK00/SES001/SA001S24	SES062	-1.81119	-66.5926	-64.7814
BLOCK00/SES001/SA001S24	SES082	-0.796059	-65.5775	-64.7814
BLOCK00/SES001/SA001S24	SES087	-1.09985	-65.8813	-64.7814
BLOCK00/SES001/SA001S24	SES206	-0.57312	-65.3545	-64.7814
BLOCK00/SES001/SA001S27	SES062	-1.31551	-64.2587	-62.9432
BLOCK00/SES001/SA001S27	SES082	-1.38235	-64.3255	-62.9432
BLOCK00/SES001/SA001S27	SES087	-1.26453	-64.2077	-62.9432
BLOCK00/SES001/SA001S27	SES206	-1.28654	-64.2297	-62.9432
BLOCK00/SES001/SA001S29	SES062	-1.43749	-65.9521	-64.5146
BLOCK00/SES001/SA001S29	SES082	-0.814926	-65.3296	-64.5146
BLOCK00/SES001/SA001S29	SES158	-0.630386	-65.145	-64.5146
BLOCK00/SES001/SA001S29	SES206	-1.81261	-66.3273	-64.5146
BLOCK00/SES003/SA003S11	SES002	-0.300446	-63.9967	-63.6963
BLOCK00/SES003/SA003S11	SES019	-0.909962	-64.6062	-63.6963
BLOCK00/SES003/SA003S11	SES082	0.124317	-63.5719	-63.6963
BLOCK00/SES003/SA003S11	SES125	-0.250622	-63.9469	-63.6963
BLOCK00/SES003/SA003S15	SES016	-1.9399	-65.0328	-63.0929
BLOCK00/SES003/SA003S15	SES019	-1.11229	-64.2051	-63.0929
BLOCK00/SES003/SA003S15	SES062	-1.17838	-64.2712	-63.0929
BLOCK00/SES003/SA003S15	SES206	-0.672882	-63.7657	-63.0929
BLOCK00/SES003/SA003S22	SES002	-1.29052	-64.3378	-63.0472
BLOCK00/SES003/SA003S22	SES062	-0.694691	-63.7419	-63.0472
BLOCK00/SES003/SA003S22	SES082	-0.465435	-63.5127	-63.0472
BLOCK00/SES003/SA003S22	SES087	-1.00407	-64.0513	-63.0472
BLOCK00/SES003/SA003S25	SES062	-1.78873	-65.7914	-64.0026
BLOCK00/SES003/SA003S25	SES082	0.409107	-63.5935	-64.0026
BLOCK00/SES003/SA003S25	SES087	-0.756805	-64.7594	-64.0026
BLOCK00/SES003/SA003S25	SES206	-0.541107	-64.5437	-64.0026
BLOCK00/SES003/SA003S29	SES002	-0.938789	-64.516	-63.5772
BLOCK00/SES003/SA003S29	SES062	-1.15858	-64.7358	-63.5772
BLOCK00/SES003/SA003S29	SES082	-0.233067	-63.8103	-63.5772
BLOCK00/SES003/SA003S29	SES087	-1.00383	-64.5811	-63.5772
BLOCK00/SES004/SA004S12	SES083	-1.28698	-65.9567	-64.6697
BLOCK00/SES004/SA004S12	SES148	-1.81853	-66.4882	-64.6697
BLOCK00/SES004/SA004S12	SES172	-1.51842	-66.1881	-64.6697
BLOCK00/SES004/SA004S12	SES292	-1.82287	-66.4926	-64.6697
BLOCK00/SES004/SA004S17	SES083	-1.27579	-65.808	-64.5322
BLOCK00/SES004/SA004S17	SES162	-0.78334	-65.3155	-64.5322
BLOCK00/SES004/SA004S17	SES172	-1.3686	-65.9008	-64.5322
BLOCK00/SES004/SA004S17	SES292	-1.32761	-65.8598	-64.5322
BLOCK00/SES004/SA004S24	SES083	-1.20184	-65.3523	-64.1504
BLOCK00/SES004/SA004S24	SES148	-1.52621	-65.6766	-64.1504
BLOCK00/SES004/SA004S24	SES172	-1.08419	-65.2346	-64.1504
BLOCK00/SES004/SA004S24	SES292	-1.07907	-65.2295	-64.1504
BLOCK00/SES004/SA004S26	SES083	-0.845329	-64.7083	-63.863
BLOCK00/SES004/SA004S26	SES127	-0.748512	-64.6115	-63.863
BLOCK00/SES004/SA004S26	SES148	-1.84016	-65.7032	-63.863
BLOCK00/SES004/SA004S26	SES292	-1.60446	-65.4675	-63.863
BLOCK00/SES004/SA004S28	SES083	-1.06168	-64.2953	-63.2336
BLOCK00/SES004/SA004S28	SES127	-1.19165	-64.4252	-63.2336
BLOCK00/SES004/SA004S28	SES187	-0.946781	-64.1804	-63.2336
BLOCK00/SES004/SA004S28	SES292	-2.21517	-65.4488	-63.2336
BLOCK00/SES006/SA006S10	SES014	-1.82439	-67.2319	-65.4075
BLOCK00/SES006/SA006S10	SES158	-0.133217	-65.5407	-65.4075
BLOCK00/SES006/SA006S10	SES226	-2.32997	-67.7375	-65.4075
BLOCK00/SES006/SA006S10	SES270	0.0201187	-65.3874	-65.4075
BLOCK00/SES006/SA006S11	SES158	-0.244331	-65.9089	-65.6646
BLOCK00/SES006/SA006S11	SES226	-1.85097	-67.5155	-65.6646
BLOCK00/SES006/SA006S11	SES270	0.0778275	-65.5867	-65.6646
BLOCK00/SES006/SA006S11	SES275	-1.50462	-67.1692	-65.6646
BLOCK00/SES006/SA006S23	SES062	-1.07809	-65.0566	-63.9785
BLOCK00/SES006/SA006S23	SES105	-1.65195	-65.6305	-63.9785
BLOCK00/SES006/SA006S23	SES158	-0.233376	-64.2119	-63.9785
BLOCK00/SES006/SA006S23	SES275	-1.03899	-65.0175	-63.9785
BLOCK00/SES006/SA006S26	SES104	-1.62185	-66.0107	-64.3888
BLOCK00/SES006/SA006S26	SES158	-0.039856	-64.4287	-64.3888
BLOCK00/SES006/SA006S26	SES270	0.454586	-63.9342	-64.3888
BLOCK00/SES006/SA006S26	SES275	-1.7487	-66.1375	-64.3888
BLOCK00/SES006/SA006S28	SES007	-1.77705	-66.9397	-65.1627
BLOCK00/SES006/SA006S28	SES105	-1.55802	-66.7207	-65.1627
BLOCK00/SES006/SA006S28	SES158	-0.762848	-65.9255	-65.1627
BLOCK00/SES006/SA006S28	SES275	-1.73717	-66.8998	-65.1627
BLOCK00/SES009/SA009S12	SES083	-1.25993	-64.2373	-62.9774
BLOCK00/SES009/SA009S12	SES148	-1.58033	-64.5577	-62.9774
BLOCK00/SES009/SA009S12	SES177	-1.48357	-64.461	-62.9774
BLOCK00/SES009/SA009S12	SES292	-0.733765	-63.7112	-62.9774
BLOCK00/SES009/SA009S15	SES007	0.11021	-61.8408	-61.951
BLOCK00/SES009/SA009S15	SES099	-2.95653	-64.9076	-61.951
BLOCK00/SES009/SA009S15	SES148	-1.96107	-63.9121	-61.951
BLOCK00/SES009/SA009S15	SES172	-1.9488	-63.8998	-61.951
BLOCK00/SES009/SA009S24	SES146	-0.785839	-63.5963	-62.8105
BLOCK00/SES009/SA009S24	SES148	-1.60008	-64.4106	-62.8105
BLOCK00/SES009/SA009S24	SES177	-1.15359	-63.9641	-62.8105
BLOCK00/SES009/SA009S24	SES292	-0.8298	-63.6403	-62.8105
BLOCK00/SES009/SA009S26	SES083	-1.3581	-64.4653	-63.1072
BLOCK00/SES009/SA009S26	SES101	-0.960606	-64.0678	-63.1072
BLOCK00/SES009/SA009S26	SES120	-1.00119	-64.1084	-63.1072
BLOCK00/SES009/SA009S26	SES177	-1.33252	-64.4398	-63.1072
BLOCK00/SES009/SA009S29	SES083	-0.960472	-63.5479	-62.5874
BLOCK00/SES009/SA009S29	SES101	-0.910427	-63.4978	-62.5874
BLOCK00/SES009/SA009S29	SES177	-1.20208	-63.7895	-62.5874
BLOCK00/SES009/SA009S29	SES292	-0.608768	-63.1962	-62.5874
BLOCK01/SES011/SA011S10	SES019	-0.398136	-63.6379	-63.2398
BLOCK01/SES011/SA011S10	SES042	0.331429	-62.9083	-63.2398
BLOCK01/SES011/SA011S10	SES082	-0.942013	-64.1818	-63.2398
BLOCK01/SES011/SA011S10	SES206	0.00204849	-63.2377	-63.2398
BLOCK01/SES011/SA011S11	SES019	-0.601509	-65.0159	-64.4144
BLOCK01/SES011/SA011S11	SES042	-0.268173	-64.6826	-64.4144
BLOCK01/SES011/SA011S11	SES082	-1.26352	-65.6779	-64.4144
BLOCK01/SES011/SA011S11	SES206	0.191658	-64.2227	-64.4144
BLOCK01/SES011/SA011S22	SES019	0.374638	-63.6969	-64.0716
BLOCK01/SES011/SA011S22	SES042	0.824478	-63.2471	-64.0716
BLOCK01/SES011/SA011S22	SES082	-0.219604	-64.2912	-64.0716
BLOCK01/SES011/SA011S22	SES206	0.157658	-63.9139	-64.0716
BLOCK01/SES011/SA011S24	SES019	-0.54105	-63.6297	-63.0887
BLOCK01/SES011/SA011S24	SES042	0.155602	-62.9331	-63.0887
BLOCK01/SES011/SA011S24	SES104	-0.597202	-63.6859	-63.0887
BLOCK01/SES011/SA011S24	SES206	0.176437	-62.9123	-63.0887
BLOCK01/SES011/SA011S27	SES082	0.34499	-62.9587	-63.3037
BLOCK01/SES011/SA011S27	SES087	-0.846073	-64.1497	-63.3037
BLOCK01/SES011/SA011S27	SES125	-0.150234	-63.4539	-63.3037
BLOCK01/SES011/SA011S27	SES206	0.184303	-63.1194	-63.3037
BLOCK01/SES012/SA012S11	SES007	-1.19757	-62.4653	-61.2677
BLOCK01/SES012/SA012S11	SES082	-0.695545	-61.9632	-61.2677
BLOCK01/SES012/SA012S11	SES083	-1.61785	-62.8855	-61.2677
BLOCK01/SES012/SA012S11	SES206	-0.486477	-61.7542	-61.2677
BLOCK01/SES012/SA012S14	SES082	-0.564533	-62.93	-62.3655
BLOCK01/SES012/SA012S14	SES087	-0.816601	-63.1821	-62.3655
BLOCK01/SES012/SA012S14	SES206	0.0786858	-62.2868	-62.3655
BLOCK01/SES012/SA012S14	SES292	-1.26288	-63.6284	-62.3655
BLOCK01/SES012/SA012S24	SES082	0.298965	-62.6253	-62.9243
BLOCK01/SES012/SA012S24	SES087	-0.576347	-63.5006	-62.9243
BLOCK01/SES012/SA012S24	SES120	-2.05788	-64.9821	-62.9243
BLOCK01/SES012/SA012S24	SES206	0.149796	-62.7745	-62.9243
BLOCK01/SES012/SA012S26	SES019	-2.01002	-63.9363	-61.9262
BLOCK01/SES012/SA012S26	SES082	-1.04872	-62.975	-61.9262
BLOCK01/SES012/SA012S26	SES206	0.184574	-61.7417	-61.9262
BLOCK01/SES012/SA012S26	SES292	-1.42672	-63.353	-61.9262
BLOCK01/SES012/SA012S29	SES062	-1.29377	-63.1557	-61.8619
BLOCK01/SES012/SA012S29	SES082	-0.552261	-62.4142	-61.8619
BLOCK01/SES012/SA012S29	SES083	-2.01033	-63.8723	-61.8619
BLOCK01/SES012/SA012S29	SES206	-0.380722	-62.2427	-61.8619
BLOCK01/SES013/SA013S16	SES062	-2.2825	-65.5072	-63.2247
BLOCK01/SES013/SA013S16	SES106	-0.32756	-63.5522	-63.2247
BLOCK01/SES013/SA013S16	SES206	-0.572487	-63.7971	-63.2247
BLOCK01/SES013/SA013S16	SES226	-0.0295639	-63.2542	-63.2247
BLOCK01/SES013/SA013S17	SES062	-1.95024	-63.9554	-62.0052
BLOCK01/SES013/SA013S17	SES106	-1.02277	-63.028	-62.0052
BLOCK01/SES013/SA013S17	SES206	-0.133854	-62.139	-62.0052
BLOCK01/SES013/SA013S17	SES226	0.136044	-61.8691	-62.0052
BLOCK01/SES013/SA013S23	SES104	-0.744087	-63.8528	-63.1087
BLOCK01/SES013/SA013S23	SES106	-0.0876656	-63.1964	-63.1087
BLOCK01/SES013/SA013S23	SES206	-0.472782	-63.5815	-63.1087
BLOCK01/SES013/SA013S23	SES270	0.410133	-62.6986	-63.1087
BLOCK01/SES013/SA013S25	SES042	-0.649906	-63.1334	-62.4835
BLOCK01/SES013/SA013S25	SES104	-0.558109	-63.0416	-62.4835
BLOCK01/SES013/SA013S25	SES106	-0.032711	-62.5162	-62.4835
BLOCK01/SES013/SA013S25	SES206	0.0438766	-62.4396	-62.4835
BLOCK01/SES013/SA013S29	SES062	-2.42111	-65.3615	-62.9404
BLOCK01/SES013/SA013S29	SES104	-0.844696	-63.7851	-62.9404
BLOCK01/SES013/SA013S29	SES106	-0.22575	-63.1661	-62.9404
BLOCK01/SES013/SA013S29	SES206	-0.217079	-63.1575	-62.9404
BLOCK02/SES021/SA021S13	SES016	-1.89437	-64.3572	-62.4629
BLOCK02/SES021/SA021S13	SES029	-1.31919	-63.7821	-62.4629
BLOCK02/SES021/SA021S13	SES087	-1.08251	-63.5454	-62.4629
BLOCK02/SES021/SA021S13	SES206	-0.355427	-62.8183	-62.4629
BLOCK02/SES021/SA021S15	SES087	-0.441196	-61.8451	-61.4039
BLOCK02/SES021/SA021S15	SES125	0.246864	-61.1571	-61.4039
BLOCK02/SES021/SA021S15	SES206	0.414394	-60.9895	-61.4039
BLOCK02/SES021/SA021S15	SES226	-0.486835	-61.8908	-61.4039
BLOCK02/SES021/SA021S23	SES062	-2.30142	-65.9401	-63.6387
BLOCK02/SES021/SA021S23	SES087	-0.767708	-64.4064	-63.6387
BLOCK02/SES021/SA021S23	SES206	-0.628685	-64.2674	-63.6387
BLOCK02/SES021/SA021S23	SES226	-0.149456	-63.7881	-63.6387
BLOCK02/SES021/SA021S27	SES002	-0.932358	-63.1685	-62.2361
BLOCK02/SES021/SA021S27	SES016	-2.79849	-65.0346	-62.2361
BLOCK02/SES021/SA021S27	SES019	-1.40731	-63.6434	-62.2361
BLOCK02/SES021/SA021S27	SES062	-1.20882	-63.4449	-62.2361
BLOCK02/SES021/SA021S29	SES087	-0.832272	-62.5742	-61.7419
BLOCK02/SES021/SA021S29	SES125	-0.176319	-61.9182	-61.7419
BLOCK02/SES021/SA021S29	SES206	-0.181213	-61.9231	-61.7419
BLOCK02/SES021/SA021S29	SES226	-0.774235	-62.5161	-61.7419
BLOCK04/SES043/SA043S09	SES083	-0.821953	-65.7739	-64.952
BLOCK04/SES043/SA043S09	SES101	-1.52301	-66.475	-64.952
BLOCK04/SES043/SA043S09	SES144	-0.105873	-65.0579	-64.952
BLOCK04/SES043/SA043S09	SES172	-2.44051	-67.3925	-64.952
BLOCK04/SES043/SA043S11	SES083	-0.311123	-63.7152	-63.4041
BLOCK04/SES043/SA043S11	SES101	-0.828812	-64.2329	-63.4041
BLOCK04/SES043/SA043S11	SES144	-0.304661	-63.7087	-63.4041
BLOCK04/SES043/SA043S11	SES172	-1.05813	-64.4622	-63.4041
BLOCK04/SES043/SA043S23	SES083	-0.0603828	-63.9996	-63.9392
BLOCK04/SES043/SA043S23	SES144	0.117729	-63.8215	-63.9392
BLOCK04/SES043/SA043S23	SES177	-1.95625	-65.8955	-63.9392
BLOCK04/SES043/SA043S23	SES275	-0.572239	-64.5115	-63.9392
BLOCK04/SES043/SA043S26	SES083	-0.626659	-64.5681	-63.9414
BLOCK04/SES043/SA043S26	SES101	-0.959743	-64.9012	-63.9414
BLOCK04/SES043/SA043S26	SES144	0.00634384	-63.9351	-63.9414
BLOCK04/SES043/SA043S26	SES177	-1.14273	-65.0842	-63.9414
BLOCK04/SES043/SA043S28	SES016	-0.76683	-63.9624	-63.1956
BLOCK04/SES043/SA043S28	SES083	-0.332787	-63.5284	-63.1956
BLOCK04/SES043/SA043S28	SES101	-0.517139	-63.7127	-63.1956
BLOCK04/SES043/SA043S28	SES144	-0.252899	-63.4485	-63.1956
BLOCK04/SES044/SA044S10	SES127	-1.27028	-67.9562	-66.6859
BLOCK04/SES044/SA044S10	SES144	-0.240372	-66.9263	-66.6859
BLOCK04/SES044/SA044S10	SES147	-1.85037	-68.5363	-66.6859
BLOCK04/SES044/SA044S10	SES148	-1.34598	-68.0319	-66.6859
BLOCK04/SES044/SA044S11	SES101	-0.533279	-66.1601	-65.6268
BLOCK04/SES044/SA044S11	SES144	0.405708	-65.2211	-65.6268
BLOCK04/SES044/SA044S11	SES147	-1.58085	-67.2076	-65.6268
BLOCK04/SES044/SA044S11	SES177	-1.27882	-66.9056	-65.6268
BLOCK04/SES044/SA044S24	SES007	-1.41225	-66.3433	-64.9311
BLOCK04/SES044/SA044S24	SES101	-0.463554	-65.3946	-64.9311
BLOCK04/SES044/SA044S24	SES147	-2.10239	-67.0335	-64.9311
BLOCK04/SES044/SA044S24	SES177	-1.60885	-66.5399	-64.9311
BLOCK04/SES044/SA044S26	SES007	-1.15466	-65.4122	-64.2576
BLOCK04/SES044/SA044S26	SES016	-0.424835	-64.6824	-64.2576
BLOCK04/SES044/SA044S26	SES101	-0.375885	-64.6334	-64.2576
BLOCK04/SES044/SA044S26	SES147	-1.07066	-65.3282	-64.2576
BLOCK04/SES044/SA044S29	SES007	-1.25253	-64.7489	-63.4964
BLOCK04/SES044/SA044S29	SES101	-0.191494	-63.6879	-63.4964
BLOCK04/SES044/SA044S29	SES147	-1.13002	-64.6264	-63.4964
BLOCK04/SES044/SA044S29	SES177	-1.52766	-65.0241	-63.4964
BLOCK04/SES046/SA046S13	SES101	-1.49474	-66.4777	-64.983
BLOCK04/SES046/SA046S13	SES144	-0.44326	-65.4263	-64.983
BLOCK04/SES046/SA046S13	SES147	-1.87838	-66.8614	-64.983
BLOCK04/SES046/SA046S13	SES177	-0.886749	-65.8698	-64.983
BLOCK04/SES046/SA046S15	SES048	-1.63427	-64.9343	-63.3001
BLOCK04/SES046/SA046S15	SES083	-0.525799	-63.8259	-63.3001
BLOCK04/SES046/SA046S15	SES120	-1.50146	-64.8015	-63.3001
BLOCK04/SES046/SA046S15	SES148	-0.662159	-63.9622	-63.3001
BLOCK04/SES046/SA046S22	SES101	-0.763603	-65.1482	-64.3846
BLOCK04/SES046/SA046S22	SES144	-0.448982	-64.8335	-64.3846
BLOCK04/SES046/SA046S22	SES147	-1.32232	-65.7069	-64.3846
BLOCK04/SES046/SA046S22	SES172	-1.23724	-65.6218	-64.3846
BLOCK04/SES046/SA046S25	SES083	-0.882141	-64.7347	-63.8526
BLOCK04/SES046/SA046S25	SES127	-0.959198	-64.8118	-63.8526
BLOCK04/SES046/SA046S25	SES144	-1.15588	-65.0084	-63.8526
BLOCK04/SES046/SA046S25	SES148	-0.945412	-64.798	-63.8526
BLOCK04/SES046/SA046S28	SES007	-2.37018	-66.7461	-64.3759
BLOCK04/SES046/SA046S28	SES105	-2.28698	-66.6629	-64.3759
BLOCK04/SES046/SA046S28	SES147	-2.18656	-66.5625	-64.3759
BLOCK04/SES046/SA046S28	SES148	-0.628952	-65.0049	-64.3759
BLOCK04/SES049/SA049S16	SES104	-0.776657	-64.8974	-64.1208
BLOCK04/SES049/SA049S16	SES106	-0.795692	-64.9165	-64.1208
BLOCK04/SES049/SA049S16	SES120	-1.38209	-65.5029	-64.1208
BLOCK04/SES049/SA049S16	SES206	-0.572235	-64.693	-64.1208
BLOCK04/SES049/SA049S18	SES099	0.287842	-64.7441	-65.032
BLOCK04/SES049/SA049S18	SES104	-0.903847	-65.9358	-65.032
BLOCK04/SES049/SA049S18	SES125	-1.13652	-66.1685	-65.032
BLOCK04/SES049/SA049S18	SES206	-0.806946	-65.8389	-65.032
BLOCK04/SES049/SA049S25	SES087	-0.288254	-64.1711	-63.8828
BLOCK04/SES049/SA049S25	SES104	0.0169334	-63.8659	-63.8828
BLOCK04/SES049/SA049S25	SES125	-0.813492	-64.6963	-63.8828
BLOCK04/SES049/SA049S25	SES206	0.205765	-63.677	-63.8828
BLOCK04/SES049/SA049S27	SES099	-0.112823	-63.6319	-63.519
BLOCK04/SES049/SA049S27	SES104	0.0513763	-63.4677	-63.519
BLOCK04/SES049/SA049S27	SES125	-0.610428	-64.1295	-63.519
BLOCK04/SES049/SA049S27	SES206	-0.316437	-63.8355	-63.519
BLOCK04/SES049/SA049S29	SES099	-0.082695	-62.7547	-62.672
BLOCK04/SES049/SA049S29	SES104	0.164967	-62.507	-62.672
BLOCK04/SES049/SA049S29	SES125	-0.264793	-62.9368	-62.672
BLOCK04/SES049/SA049S29	SES206	0.0907974	-62.5812	-62.672
BLOCK06/SES063/SA063S09	SES068	-1.75908	-65.3502	-63.5911
BLOCK06/SES063/SA063S09	SES083	-0.453537	-64.0447	-63.5911
BLOCK06/SES063/SA063S09	SES177	-0.690071	-64.2812	-63.5911
BLOCK06/SES063/SA063S09	SES187	-0.761932	-64.3531	-63.5911
BLOCK06/SES063/SA063S10	SES068	-1.57096	-65.9111	-64.3401
BLOCK06/SES063/SA063S10	SES083	-0.0203629	-64.3605	-64.3401
BLOCK06/SES063/SA063S10	SES172	-0.235992	-64.5761	-64.3401
BLOCK06/SES063/SA063S10	SES187	-0.917755	-65.2579	-64.3401
BLOCK06/SES063/SA063S20	SES068	-1.96634	-66.1244	-64.1581
BLOCK06/SES063/SA063S20	SES083	-0.386375	-64.5445	-64.1581
BLOCK06/SES063/SA063S20	SES172	-1.19917	-65.3573	-64.1581
BLOCK06/SES063/SA063S20	SES187	-0.0285034	-64.1866	-64.1581
BLOCK06/SES063/SA063S24	SES029	-1.4572	-64.723	-63.2658
BLOCK06/SES063/SA063S24	SES083	-0.0291481	-63.295	-63.2658
BLOCK06/SES063/SA063S24	SES177	-0.477753	-63.7436	-63.2658
BLOCK06/SES063/SA063S24	SES189	-0.773903	-64.0397	-63.2658
BLOCK06/SES063/SA063S27	SES083	0.196495	-64.3987	-64.5952
BLOCK06/SES063/SA063S27	SES172	-0.211472	-64.8066	-64.5952
BLOCK06/SES063/SA063S27	SES187	-0.959007	-65.5542	-64.5952
BLOCK06/SES063/SA063S27	SES292	-1.38638	-65.9816	-64.5952
BLOCK06/SES067/SA067S12	SES083	-1.01815	-64.461	-63.4428
BLOCK06/SES067/SA067S12	SES172	-2.65442	-66.0973	-63.4428
BLOCK06/SES067/SA067S12	SES202	0.202427	-63.2404	-63.4428
BLOCK06/SES067/SA067S12	SES292	-1.42495	-64.8678	-63.4428
BLOCK06/SES067/SA067S14	SES085	-1.03678	-63.7772	-62.7404
BLOCK06/SES067/SA067S14	SES177	-1.09897	-63.8394	-62.7404
BLOCK06/SES067/SA067S14	SES183	-0.838352	-63.5788	-62.7404
BLOCK06/SES067/SA067S14	SES202	-0.0388412	-62.7793	-62.7404
BLOCK06/SES067/SA067S21	SES144	-0.649796	-65.2665	-64.6167
BLOCK06/SES067/SA067S21	SES177	-0.761253	-65.3779	-64.6167
BLOCK06/SES067/SA067S21	SES183	-1.85189	-66.4686	-64.6167
BLOCK06/SES067/SA067S21	SES189	-0.298981	-64.9156	-64.6167
BLOCK06/SES067/SA067S25	SES085	-0.677464	-64.2675	-63.59
BLOCK06/SES067/SA067S25	SES177	-0.592731	-64.1828	-63.59
BLOCK06/SES067/SA067S25	SES183	-1.06661	-64.6566	-63.59
BLOCK06/SES067/SA067S25	SES202	-0.14608	-63.7361	-63.59
BLOCK06/SES067/SA067S29	SES085	-0.862705	-64.8	-63.9373
BLOCK06/SES067/SA067S29	SES177	-0.918476	-64.8557	-63.9373
BLOCK06/SES067/SA067S29	SES183	-1.2011	-65.1384	-63.9373
BLOCK06/SES067/SA067S29	SES202	0.265846	-63.6714	-63.9373
BLOCK06/SES069/SA069S12	SES029	-2.20232	-64.9274	-62.7251
BLOCK06/SES069/SA069S12	SES082	-0.237617	-62.9627	-62.7251
BLOCK06/SES069/SA069S12	SES087	-0.946621	-63.6717	-62.7251
BLOCK06/SES069/SA069S12	SES206	-0.340511	-63.0656	-62.7251
BLOCK06/SES069/SA069S13	SES029	-1.77458	-64.4092	-62.6346
BLOCK06/SES069/SA069S13	SES087	-0.731865	-63.3664	-62.6346
BLOCK06/SES069/SA069S13	SES206	-0.455605	-63.0902	-62.6346
BLOCK06/SES069/SA069S13	SES226	-0.613213	-63.2478	-62.6346
BLOCK06/SES069/SA069S23	SES029	-0.897419	-62.0109	-61.1134
BLOCK06/SES069/SA069S23	SES087	-0.614819	-61.7283	-61.1134
BLOCK06/SES069/SA069S23	SES206	-0.0957947	-61.2092	-61.1134
BLOCK06/SES069/SA069S23	SES226	-0.00786972	-61.1213	-61.1134
BLOCK06/SES069/SA069S25	SES087	-0.421967	-62.468	-62.0461
BLOCK06/SES069/SA069S25	SES206	-0.704102	-62.7502	-62.0461
BLOCK06/SES069/SA069S25	SES226	-0.224277	-62.2703	-62.0461
BLOCK06/SES069/SA069S25	SES270	-0.325359	-62.3714	-62.0461
BLOCK06/SES069/SA069S27	SES087	-1.08971	-63.0187	-61.929
BLOCK06/SES069/SA069S27	SES206	-0.0107727	-61.9398	-61.929
BLOCK06/SES069/SA069S27	SES226	0.187416	-61.7416	-61.929
BLOCK06/SES069/SA069S27	SES270	-0.386997	-62.316	-61.929
BLOCK08/SES081/SA081S11	SES060	-1.21906	-64.8103	-63.5912
BLOCK08/SES081/SA081S11	SES062	-2.22161	-65.8128	-63.5912
BLOCK08/SES081/SA081S11	SES117	-1.46975	-65.061	-63.5912
BLOCK08/SES081/SA081S11	SES162	-1.00621	-64.5974	-63.5912
BLOCK08/SES081/SA081S13	SES016	-0.577766	-63.3087	-62.7309
BLOCK08/SES081/SA081S13	SES060	-0.26318	-62.9941	-62.7309
BLOCK08/SES081/SA081S13	SES068	-0.488117	-63.219	-62.7309
BLOCK08/SES081/SA081S13	SES129	-1.32884	-64.0598	-62.7309
BLOCK08/SES081/SA081S24	SES060	-0.934566	-64.5603	-63.6258
BLOCK08/SES081/SA081S24	SES068	-1.0437	-64.6694	-63.6258
BLOCK08/SES081/SA081S24	SES117	-1.63646	-65.2622	-63.6258
BLOCK08/SES081/SA081S24	SES275	-1.78176	-65.4075	-63.6258
BLOCK08/SES081/SA081S27	SES007	-1.65285	-64.9404	-63.2875
BLOCK08/SES081/SA081S27	SES060	-1.26372	-64.5512	-63.2875
BLOCK08/SES081/SA081S27	SES117	-0.695213	-63.9827	-63.2875
BLOCK08/SES081/SA081S27	SES275	-1.80944	-65.097	-63.2875
BLOCK08/SES081/SA081S29	SES007	-1.35992	-64.3069	-62.947
BLOCK08/SES081/SA081S29	SES060	-0.833225	-63.7802	-62.947
BLOCK08/SES081/SA081S29	SES117	-1.18886	-64.1359	-62.947
BLOCK08/SES081/SA081S29	SES275	-2.19497	-65.142	-62.947
BLOCK08/SES086/SA086S11	SES029	-2.96622	-67.9215	-64.9553
BLOCK08/SES086/SA086S11	SES082	-0.74836	-65.7036	-64.9553
BLOCK08/SES086/SA086S11	SES087	-0.0239792	-64.9792	-64.9553
BLOCK08/SES086/SA086S11	SES206	-1.11919	-66.0744	-64.9553
BLOCK08/SES086/SA086S12	SES029	-2.40535	-66.3737	-63.9683
BLOCK08/SES086/SA086S12	SES082	-0.814777	-64.7831	-63.9683
BLOCK08/SES086/SA086S12	SES087	0.69627	-63.2721	-63.9683
BLOCK08/SES086/SA086S12	SES206	-0.240322	-64.2087	-63.9683
BLOCK08/SES086/SA086S20	SES029	-2.3988	-65.0372	-62.6384
BLOCK08/SES086/SA086S20	SES082	-0.943542	-63.582	-62.6384
BLOCK08/SES086/SA086S20	SES087	0.308151	-62.3303	-62.6384
BLOCK08/SES086/SA086S20	SES206	0.208698	-62.4297	-62.6384
BLOCK08/SES086/SA086S24	SES087	0.532803	-62.7131	-63.2459
BLOCK08/SES086/SA086S24	SES104	-0.793465	-64.0393	-63.2459
BLOCK08/SES086/SA086S24	SES120	-1.97628	-65.2222	-63.2459
BLOCK08/SES086/SA086S24	SES206	0.459877	-62.786	-63.2459
BLOCK08/SES086/SA086S28	SES029	-1.99392	-64.5775	-62.5836
BLOCK08/SES086/SA086S28	SES082	-0.824898	-63.4085	-62.5836
BLOCK08/SES086/SA086S28	SES087	0.408714	-62.1749	-62.5836
BLOCK08/SES086/SA086S28	SES206	-0.093998	-62.6776	-62.5836
BLOCK08/SES089/SA089S13	SES087	-0.708824	-64.2481	-63.5393
BLOCK08/SES089/SA089S13	SES206	-0.824959	-64.3642	-63.5393
BLOCK08/SES089/SA089S13	SES226	-0.536598	-64.0759	-63.5393
BLOCK08/SES089/SA089S13	SES270	-1.22596	-64.7652	-63.5393
BLOCK08/SES089/SA089S14	SES062	-0.936726	-64.1266	-63.1899
BLOCK08/SES089/SA089S14	SES087	0.0137863	-63.1761	-63.1899
BLOCK08/SES089/SA089S14	SES206	-0.321793	-63.5117	-63.1899
BLOCK08/SES089/SA089S14	SES226	-0.122894	-63.3128	-63.1899
BLOCK08/SES089/SA089S23	SES087	-0.416794	-64.8821	-64.4653
BLOCK08/SES089/SA089S23	SES206	-0.459915	-64.9252	-64.4653
BLOCK08/SES089/SA089S23	SES226	-0.360077	-64.8253	-64.4653
BLOCK08/SES089/SA089S23	SES270	-1.59972	-66.065	-64.4653
BLOCK08/SES089/SA089S25	SES062	-1.22355	-64.425	-63.2015
BLOCK08/SES089/SA089S25	SES087	-0.196095	-63.3976	-63.2015
BLOCK08/SES089/SA089S25	SES206	-0.323143	-63.5246	-63.2015
BLOCK08/SES089/SA089S25	SES226	0.175987	-63.0255	-63.2015
BLOCK08/SES089/SA089S28	SES062	-1.07151	-64.5091	-63.4376
BLOCK08/SES089/SA089S28	SES087	-0.0658188	-63.5034	-63.4376
BLOCK08/SES089/SA089S28	SES206	-0.319271	-63.7569	-63.4376
BLOCK08/SES089/SA089S28	SES226	0.115421	-63.3222	-63.4376
BLOCK09/SES097/SA097S11	SES099	0.545635	-63.4693	-64.0149
BLOCK09/SES097/SA097S11	SES125	-0.755638	-64.7706	-64.0149
BLOCK09/SES097/SA097S11	SES206	-0.582253	-64.5972	-64.0149
BLOCK09/SES097/SA097S11	SES226	0.271893	-63.743	-64.0149
BLOCK09/SES097/SA097S14	SES062	-1.28835	-64.8126	-63.5243
BLOCK09/SES097/SA097S14	SES099	0.0204201	-63.5039	-63.5243
BLOCK09/SES097/SA097S14	SES104	-0.622345	-64.1466	-63.5243
BLOCK09/SES097/SA097S14	SES206	-0.76915	-64.2934	-63.5243
BLOCK09/SES097/SA097S22	SES099	0.625839	-63.4836	-64.1094
BLOCK09/SES097/SA097S22	SES206	-0.55748	-64.6669	-64.1094
BLOCK09/SES097/SA097S22	SES226	-0.682434	-64.7919	-64.1094
BLOCK09/SES097/SA097S22	SES270	0.727612	-63.3818	-64.1094
BLOCK09/SES097/SA097S26	SES099	0.366272	-62.9407	-63.307
BLOCK09/SES097/SA097S26	SES120	-1.79126	-65.0983	-63.307
BLOCK09/SES097/SA097S26	SES206	-0.50251	-63.8095	-63.307
BLOCK09/SES097/SA097S26	SES226	-1.25221	-64.5592	-63.307
BLOCK09/SES097/SA097S28	SES099	0.20623	-63.2592	-63.4654
BLOCK09/SES097/SA097S28	SES120	-1.28107	-64.7465	-63.4654
BLOCK09/SES097/SA097S28	SES206	-0.858833	-64.3242	-63.4654
BLOCK09/SES097/SA097S28	SES226	-1.23617	-64.7016	-63.4654
BLOCK09/SES098/SA098S11	SES127	-1.88411	-67.2803	-65.3962
BLOCK09/SES098/SA098S11	SES144	-1.17657	-66.5728	-65.3962
BLOCK09/SES098/SA098S11	SES147	-0.213005	-65.6092	-65.3962
BLOCK09/SES098/SA098S11	SES148	-2.58753	-67.9837	-65.3962
BLOCK09/SES098/SA098S12	SES127	-2.94585	-69.4081	-66.4622
BLOCK09/SES098/SA098S12	SES144	-1.59866	-68.0609	-66.4622
BLOCK09/SES098/SA098S12	SES147	-0.688217	-67.1504	-66.4622
BLOCK09/SES098/SA098S12	SES189	-0.649757	-67.112	-66.4622
BLOCK09/SES098/SA098S20	SES127	-2.58463	-68.1487	-65.5641
BLOCK09/SES098/SA098S20	SES147	-0.445923	-66.01	-65.5641
BLOCK09/SES098/SA098S20	SES148	-2.60954	-68.1736	-65.5641
BLOCK09/SES098/SA098S20	SES292	-3.231	-68.7951	-65.5641
BLOCK09/SES098/SA098S23	SES127	-1.6853	-66.6869	-65.0016
BLOCK09/SES098/SA098S23	SES147	-0.333786	-65.3354	-65.0016
BLOCK09/SES098/SA098S23	SES187	-0.587456	-65.5891	-65.0016
BLOCK09/SES098/SA098S23	SES292	-2.38483	-67.3865	-65.0016
BLOCK09/SES098/SA098S27	SES127	-1.81264	-67.2157	-65.4031
BLOCK09/SES098/SA098S27	SES147	-1.07595	-66.479	-65.4031
BLOCK09/SES098/SA098S27	SES148	-2.98201	-68.3851	-65.4031
BLOCK09/SES098/SA098S27	SES292	-2.29864	-67.7017	-65.4031
BLOCK10/SES102/SA102S13	SES101	-0.148872	-64.8744	-64.7255
BLOCK10/SES102/SA102S13	SES105	-1.32649	-66.052	-64.7255
BLOCK10/SES102/SA102S13	SES120	-1.12655	-65.8521	-64.7255
BLOCK10/SES102/SA102S13	SES158	-3.44085	-68.1664	-64.7255
BLOCK10/SES102/SA102S14	SES007	-0.0199165	-62.6851	-62.6652
BLOCK10/SES102/SA102S14	SES101	-0.192192	-62.8573	-62.6652
BLOCK10/SES102/SA102S14	SES105	-0.41449	-63.0796	-62.6652
BLOCK10/SES102/SA102S14	SES147	-1.91514	-64.5803	-62.6652
BLOCK10/SES102/SA102S22	SES007	-0.821541	-64.1023	-63.2808
BLOCK10/SES102/SA102S22	SES101	-0.155693	-63.4365	-63.2808
BLOCK10/SES102/SA102S22	SES105	-0.610409	-63.8912	-63.2808
BLOCK10/SES102/SA102S22	SES158	-2.73537	-66.0161	-63.2808
BLOCK10/SES102/SA102S25	SES007	-0.336342	-63.344	-63.0077
BLOCK10/SES102/SA102S25	SES101	-0.113354	-63.121	-63.0077
BLOCK10/SES102/SA102S25	SES105	-0.687508	-63.6952	-63.0077
BLOCK10/SES102/SA102S25	SES147	-2.30555	-65.3132	-63.0077
BLOCK10/SES102/SA102S27	SES007	-0.861465	-64.3751	-63.5136
BLOCK10/SES102/SA102S27	SES101	-0.460461	-63.9741	-63.5136
BLOCK10/SES102/SA102S27	SES105	-1.1165	-64.6301	-63.5136
BLOCK10/SES102/SA102S27	SES147	-1.54037	-65.054	-63.5136
BLOCK10/SES103/SA103S14	SES105	-1.91248	-66.629	-64.7165
BLOCK10/SES103/SA103S14	SES106	-0.137527	-64.854	-64.7165
BLOCK10/SES103/SA103S14	SES120	-1.86287	-66.5793	-64.7165
BLOCK10/SES103/SA103S14	SES206	-1.02724	-65.7437	-64.7165
BLOCK10/SES103/SA103S15	SES099	-0.358421	-65.7877	-65.4293
BLOCK10/SES103/SA103S15	SES101	-2.2198	-67.649	-65.4293
BLOCK10/SES103/SA103S15	SES104	-1.0035	-66.4328	-65.4293
BLOCK10/SES103/SA103S15	SES125	-0.501854	-65.9311	-65.4293
BLOCK10/SES103/SA103S24	SES104	-0.961239	-64.7841	-63.8228
BLOCK10/SES103/SA103S24	SES125	-0.880352	-64.7032	-63.8228
BLOCK10/SES103/SA103S24	SES148	-2.17885	-66.0017	-63.8228
BLOCK10/SES103/SA103S24	SES158	0.0348549	-63.788	-63.8228
BLOCK10/SES103/SA103S26	SES104	-1.17572	-66.3381	-65.1623
BLOCK10/SES103/SA103S26	SES106	-0.483818	-65.6462	-65.1623
BLOCK10/SES103/SA103S26	SES125	-0.820053	-65.9824	-65.1623
BLOCK10/SES103/SA103S26	SES148	-2.62401	-67.7863	-65.1623
BLOCK10/SES103/SA103S28	SES104	-1.22045	-66.8916	-65.6711
BLOCK10/SES103/SA103S28	SES106	-0.43795	-66.1091	-65.6711
BLOCK10/SES103/SA103S28	SES125	-1.35514	-67.0263	-65.6711
BLOCK10/SES103/SA103S28	SES206	-1.74959	-67.4207	-65.6711
BLOCK12/SES121/SA121S12	SES042	-1.1662	-66.8075	-65.6413
BLOCK12/SES121/SA121S12	SES087	-0.394646	-66.0359	-65.6413
BLOCK12/SES121/SA121S12	SES105	-1.13616	-66.7775	-65.6413
BLOCK12/SES121/SA121S12	SES206	-0.814201	-66.4555	-65.6413
BLOCK12/SES121/SA121S14	SES007	-1.50507	-67.6653	-66.1602
BLOCK12/SES121/SA121S14	SES105	-1.4917	-67.6519	-66.1602
BLOCK12/SES121/SA121S14	SES106	-0.724632	-66.8848	-66.1602
BLOCK12/SES121/SA121S14	SES206	-0.931267	-67.0915	-66.1602
BLOCK12/SES121/SA121S23	SES105	-1.55564	-67.4691	-65.9134
BLOCK12/SES121/SA121S23	SES106	-0.344589	-66.258	-65.9134
BLOCK12/SES121/SA121S23	SES120	-1.80166	-67.7151	-65.9134
BLOCK12/SES121/SA121S23	SES206	-0.635193	-66.5486	-65.9134
BLOCK12/SES121/SA121S25	SES007	-1.19678	-68.0412	-66.8445
BLOCK12/SES121/SA121S25	SES105	-1.54657	-68.391	-66.8445
BLOCK12/SES121/SA121S25	SES106	-0.583977	-67.4284	-66.8445
BLOCK12/SES121/SA121S25	SES206	-1.28625	-68.1307	-66.8445
BLOCK12/SES121/SA121S27	SES087	0.30777	-64.9207	-65.2285
BLOCK12/SES121/SA121S27	SES105	-2.47836	-67.7068	-65.2285
BLOCK12/SES121/SA121S27	SES120	-1.23384	-66.4623	-65.2285
BLOCK12/SES121/SA121S27	SES206	-0.916565	-66.1451	-65.2285
BLOCK12/SES124/SA124S16	SES042	-0.202766	-64.2873	-64.0846
BLOCK12/SES124/SA124S16	SES082	-0.513519	-64.5981	-64.0846
BLOCK12/SES124/SA124S16	SES183	-2.25624	-66.3408	-64.0846
BLOCK12/SES124/SA124S16	SES206	-0.691376	-64.7759	-64.0846
BLOCK12/SES124/SA124S17	SES105	-1.43224	-66.2923	-64.8601
BLOCK12/SES124/SA124S17	SES149	-1.52551	-66.3856	-64.8601
BLOCK12/SES124/SA124S17	SES158	-1.19495	-66.055	-64.8601
BLOCK12/SES124/SA124S17	SES275	-1.61736	-66.4774	-64.8601
BLOCK12/SES124/SA124S23	SES105	-2.32783	-64.9394	-62.6116
BLOCK12/SES124/SA124S23	SES125	0.245651	-62.3659	-62.6116
BLOCK12/SES124/SA124S23	SES129	-2.32063	-64.9322	-62.6116
BLOCK12/SES124/SA124S23	SES158	-0.144051	-62.7556	-62.6116
BLOCK12/SES124/SA124S26	SES105	-2.77777	-65.9915	-63.2138
BLOCK12/SES124/SA124S26	SES125	-0.117844	-63.3316	-63.2138
BLOCK12/SES124/SA124S26	SES129	-2.42352	-65.6373	-63.2138
BLOCK12/SES124/SA124S26	SES158	-0.418674	-63.6325	-63.2138
BLOCK12/SES124/SA124S28	SES104	-0.345108	-63.1306	-62.7855
BLOCK12/SES124/SA124S28	SES106	-0.623463	-63.409	-62.7855
BLOCK12/SES124/SA124S28	SES125	0.0532379	-62.7323	-62.7855
BLOCK12/SES124/SA124S28	SES275	-2.39088	-65.1764	-62.7855
BLOCK12/SES126/SA126S13	SES007	-1.57374	-67.4931	-65.9194
BLOCK12/SES126/SA126S13	SES162	-0.97718	-66.8966	-65.9194
BLOCK12/SES126/SA126S13	SES177	-0.688652	-66.608	-65.9194
BLOCK12/SES126/SA126S13	SES180	-0.655014	-66.5744	-65.9194
BLOCK12/SES126/SA126S14	SES144	-1.22535	-65.1408	-63.9155
BLOCK12/SES126/SA126S14	SES148	-1.5871	-65.5026	-63.9155
BLOCK12/SES126/SA126S14	SES177	-0.557262	-64.4728	-63.9155
BLOCK12/SES126/SA126S14	SES180	-0.69701	-64.6125	-63.9155
BLOCK12/SES126/SA126S20	SES007	-1.57096	-65.9974	-64.4265
BLOCK12/SES126/SA126S20	SES162	-1.58135	-66.0078	-64.4265
BLOCK12/SES126/SA126S20	SES172	-4.13348	-68.5599	-64.4265
BLOCK12/SES126/SA126S20	SES180	-1.40982	-65.8363	-64.4265
BLOCK12/SES126/SA126S24	SES120	-0.878017	-64.5137	-63.6357
BLOCK12/SES126/SA126S24	SES162	-0.726238	-64.3619	-63.6357
BLOCK12/SES126/SA126S24	SES177	-0.758518	-64.3942	-63.6357
BLOCK12/SES126/SA126S24	SES180	-0.47208	-64.1077	-63.6357
BLOCK12/SES126/SA126S26	SES120	-0.724907	-65.5092	-64.7843
BLOCK12/SES126/SA126S26	SES177	-0.65641	-65.4407	-64.7843
BLOCK12/SES126/SA126S26	SES180	-1.03643	-65.8207	-64.7843
BLOCK12/SES126/SA126S26	SES202	-1.30692	-66.0912	-64.7843
BLOCK12/SES128/SA128S10	SES087	-1.18589	-64.5742	-63.3883
BLOCK12/SES128/SA128S10	SES206	-0.375122	-63.7634	-63.3883
BLOCK12/SES128/SA128S10	SES226	-0.248844	-63.6371	-63.3883
BLOCK12/SES128/SA128S10	SES270	-0.126682	-63.5149	-63.3883
BLOCK12/SES128/SA128S12	SES120	-1.44266	-64.9559	-63.5132
BLOCK12/SES128/SA128S12	SES158	-1.12897	-64.6422	-63.5132
BLOCK12/SES128/SA128S12	SES206	-0.211845	-63.7251	-63.5132
BLOCK12/SES128/SA128S12	SES226	-0.375271	-63.8885	-63.5132
BLOCK12/SES128/SA128S21	SES106	-1.46442	-66.0392	-64.5748
BLOCK12/SES128/SA128S21	SES120	-1.53088	-66.1057	-64.5748
BLOCK12/SES128/SA128S21	SES206	-1.20572	-65.7805	-64.5748
BLOCK12/SES128/SA128S21	SES226	-0.377754	-64.9526	-64.5748
BLOCK12/SES128/SA128S24	SES087	-1.03925	-65.2354	-64.1962
BLOCK12/SES128/SA128S24	SES120	-0.832512	-65.0287	-64.1962
BLOCK12/SES128/SA128S24	SES206	-0.718056	-64.9142	-64.1962
BLOCK12/SES128/SA128S24	SES226	-0.709839	-64.906	-64.1962
BLOCK12/SES128/SA128S27	SES099	-0.298256	-63.3079	-63.0097
BLOCK12/SES128/SA128S27	SES120	-1.13353	-64.1432	-63.0097
BLOCK12/SES128/SA128S27	SES206	-0.725159	-63.7348	-63.0097
BLOCK12/SES128/SA128S27	SES226	-0.310837	-63.3205	-63.0097
BLOCK13/SES130/SA130S13	SES143	-1.0441	-65.9995	-64.9554
BLOCK13/SES130/SA130S13	SES144	-0.18132	-65.1367	-64.9554
BLOCK13/SES130/SA130S13	SES146	-0.340759	-65.2962	-64.9554
BLOCK13/SES130/SA130S13	SES275	-2.0848	-67.0402	-64.9554
BLOCK13/SES130/SA130S15	SES143	-1.2665	-65.3967	-64.1302
BLOCK13/SES130/SA130S15	SES144	-0.484619	-64.6148	-64.1302
BLOCK13/SES130/SA130S15	SES146	-0.467873	-64.5981	-64.1302
BLOCK13/SES130/SA130S15	SES275	-0.913559	-65.0438	-64.1302
BLOCK13/SES130/SA130S23	SES127	-1.89934	-67.3982	-65.4989
BLOCK13/SES130/SA130S23	SES144	-0.676086	-66.1749	-65.4989
BLOCK13/SES130/SA130S23	SES146	-0.125053	-65.6239	-65.4989
BLOCK13/SES130/SA130S23	SES162	-1.08568	-66.5845	-65.4989
BLOCK13/SES130/SA130S25	SES127	-1.42949	-65.1307	-63.7012
BLOCK13/SES130/SA130S25	SES144	-0.316345	-64.0176	-63.7012
BLOCK13/SES130/SA130S25	SES146	-0.270718	-63.9719	-63.7012
BLOCK13/SES130/SA130S25	SES275	-0.742584	-64.4438	-63.7012
BLOCK13/SES130/SA130S28	SES127	-1.36332	-65.7401	-64.3768
BLOCK13/SES130/SA130S28	SES144	-0.641388	-65.0182	-64.3768
BLOCK13/SES130/SA130S28	SES146	-0.716583	-65.0934	-64.3768
BLOCK13/SES130/SA130S28	SES275	-0.540703	-64.9175	-64.3768
BLOCK13/SES131/SA131S13	SES002	-1.41609	-67.4657	-66.0496
BLOCK13/SES131/SA131S13	SES007	-1.98174	-68.0314	-66.0496
BLOCK13/SES131/SA131S13	SES099	-1.01479	-67.0644	-66.0496
BLOCK13/SES131/SA131S13	SES105	-1.66153	-67.7112	-66.0496
BLOCK13/SES131/SA131S14	SES104	-0.849857	-64.5808	-63.731
BLOCK13/SES131/SA131S14	SES106	-0.575665	-64.3066	-63.731
BLOCK13/SES131/SA131S14	SES125	-1.01468	-64.7457	-63.731
BLOCK13/SES131/SA131S14	SES148	-1.38319	-65.1142	-63.731
BLOCK13/SES131/SA131S20	SES104	-1.16072	-66.7393	-65.5786
BLOCK13/SES131/SA131S20	SES106	-0.66597	-66.2446	-65.5786
BLOCK13/SES131/SA131S20	SES125	-1.37457	-66.9532	-65.5786
BLOCK13/SES131/SA131S20	SES148	-1.96233	-67.5409	-65.5786
BLOCK13/SES131/SA131S22	SES099	-0.603638	-64.9882	-64.3846
BLOCK13/SES131/SA131S22	SES104	-0.902885	-65.2874	-64.3846
BLOCK13/SES131/SA131S22	SES125	-1.01683	-65.4014	-64.3846
BLOCK13/SES131/SA131S22	SES206	-0.910774	-65.2953	-64.3846
BLOCK13/SES131/SA131S29	SES087	-0.870972	-65.9714	-65.1005
BLOCK13/SES131/SA131S29	SES104	-1.40932	-66.5098	-65.1005
BLOCK13/SES131/SA131S29	SES125	-1.41013	-66.5106	-65.1005
BLOCK13/SES131/SA131S29	SES206	-1.33346	-66.4339	-65.1005
BLOCK13/SES132/SA132S11	SES083	-1.3867	-64.769	-63.3823
BLOCK13/SES132/SA132S11	SES120	-0.0215073	-63.4038	-63.3823
BLOCK13/SES132/SA132S11	SES127	-0.618572	-64.0009	-63.3823
BLOCK13/SES132/SA132S11	SES275	-1.16685	-64.5492	-63.3823
BLOCK13/SES132/SA132S12	SES083	-1.26075	-64.987	-63.7263
BLOCK13/SES132/SA132S12	SES143	-1.11111	-64.8374	-63.7263
BLOCK13/SES132/SA132S12	SES144	-1.24109	-64.9674	-63.7263
BLOCK13/SES132/SA132S12	SES148	-1.32542	-65.0517	-63.7263
BLOCK13/SES132/SA132S22	SES062	-0.763596	-64.1159	-63.3523
BLOCK13/SES132/SA132S22	SES083	-0.893143	-64.2454	-63.3523
BLOCK13/SES132/SA132S22	SES127	-0.622261	-63.9746	-63.3523
BLOCK13/SES132/SA132S22	SES275	-0.978401	-64.3307	-63.3523
BLOCK13/SES132/SA132S24	SES007	-0.84766	-64.0954	-63.2477
BLOCK13/SES132/SA132S24	SES083	-1.26891	-64.5166	-63.2477
BLOCK13/SES132/SA132S24	SES127	-1.05455	-64.3023	-63.2477
BLOCK13/SES132/SA132S24	SES275	-1.1781	-64.4258	-63.2477
BLOCK13/SES132/SA132S27	SES083	-1.40337	-65.156	-63.7527
BLOCK13/SES132/SA132S27	SES120	-0.237434	-63.9901	-63.7527
BLOCK13/SES132/SA132S27	SES127	-1.40858	-65.1613	-63.7527
BLOCK13/SES132/SA132S27	SES275	-1.55331	-65.306	-63.7527
BLOCK14/SES141/SA141S09	SES143	-0.676094	-64.7045	-64.0284
BLOCK14/SES141/SA141S09	SES144	-0.722664	-64.7511	-64.0284
BLOCK14/SES141/SA141S09	SES162	-0.64489	-64.6733	-64.0284
BLOCK14/SES141/SA141S09	SES180	-0.86615	-64.8946	-64.0284
BLOCK14/SES141/SA141S15	SES127	-1.236	-65.4531	-64.2171
BLOCK14/SES141/SA141S15	SES144	-1.01151	-65.2286	-64.2171
BLOCK14/SES141/SA141S15	SES162	-1.0146	-65.2317	-64.2171
BLOCK14/SES141/SA141S15	SES180	-0.913361	-65.1305	-64.2171
BLOCK14/SES141/SA141S24	SES127	-1.00558	-65.0995	-64.0939
BLOCK14/SES141/SA141S24	SES144	-1.28637	-65.3803	-64.0939
BLOCK14/SES141/SA141S24	SES162	-0.597351	-64.6913	-64.0939
BLOCK14/SES141/SA141S24	SES183	-1.46669	-65.5606	-64.0939
BLOCK14/SES141/SA141S26	SES142	-1.47657	-65.8857	-64.4091
BLOCK14/SES141/SA141S26	SES144	-1.08656	-65.4957	-64.4091
BLOCK14/SES141/SA141S26	SES172	-1.81662	-66.2257	-64.4091
BLOCK14/SES141/SA141S26	SES180	-1.2436	-65.6527	-64.4091
BLOCK14/SES141/SA141S29	SES127	-0.466908	-64.3165	-63.8496
BLOCK14/SES141/SA141S29	SES142	-0.495235	-64.3448	-63.8496
BLOCK14/SES141/SA141S29	SES144	-1.39351	-65.2431	-63.8496
BLOCK14/SES141/SA141S29	SES180	-0.392681	-64.2423	-63.8496
BLOCK15/SES157/SA157S08	SES083	-1.50606	-65.712	-64.2059
BLOCK15/SES157/SA157S08	SES127	-1.22997	-65.4359	-64.2059
BLOCK15/SES157/SA157S08	SES148	-0.709091	-64.915	-64.2059
BLOCK15/SES157/SA157S08	SES292	-1.32906	-65.535	-64.2059
BLOCK15/SES157/SA157S11	SES083	-1.69462	-65.3873	-63.6927
BLOCK15/SES157/SA157S11	SES127	-1.53442	-65.2271	-63.6927
BLOCK15/SES157/SA157S11	SES148	-1.09758	-64.7903	-63.6927
BLOCK15/SES157/SA157S11	SES292	-2.0117	-65.7044	-63.6927
BLOCK15/SES157/SA157S21	SES127	-1.32311	-64.7743	-63.4512
BLOCK15/SES157/SA157S21	SES148	-0.471222	-63.9224	-63.4512
BLOCK15/SES157/SA157S21	SES158	-3.79983	-67.251	-63.4512
BLOCK15/SES157/SA157S21	SES292	-0.9786	-64.4298	-63.4512
BLOCK15/SES157/SA157S24	SES127	-1.55307	-65.284	-63.7309
BLOCK15/SES157/SA157S24	SES148	-1.00362	-64.7345	-63.7309
BLOCK15/SES157/SA157S24	SES183	-1.6426	-65.3735	-63.7309
BLOCK15/SES157/SA157S24	SES292	-1.40823	-65.1391	-63.7309
BLOCK15/SES157/SA157S26	SES007	-0.65715	-64.2654	-63.6082
BLOCK15/SES157/SA157S26	SES127	-0.638634	-64.2468	-63.6082
BLOCK15/SES157/SA157S26	SES147	-1.93874	-65.547	-63.6082
BLOCK15/SES157/SA157S26	SES148	-0.897461	-64.5057	-63.6082
BLOCK16/SES161/SA161S10	SES007	-1.54728	-66.9608	-65.4136
BLOCK16/SES161/SA161S10	SES105	-1.04738	-66.4609	-65.4136
BLOCK16/SES161/SA161S10	SES158	-1.30273	-66.7163	-65.4136
BLOCK16/SES161/SA161S10	SES275	-1.20415	-66.6177	-65.4136
BLOCK16/SES161/SA161S12	SES007	-1.05354	-65.8829	-64.8293
BLOCK16/SES161/SA161S12	SES105	-1.32861	-66.1579	-64.8293
BLOCK16/SES161/SA161S12	SES158	-0.741737	-65.5711	-64.8293
BLOCK16/SES161/SA161S12	SES275	-0.632744	-65.4621	-64.8293
BLOCK16/SES161/SA161S20	SES007	-1.44043	-67.8379	-66.3975
BLOCK16/SES161/SA161S20	SES105	-1.44856	-67.846	-66.3975
BLOCK16/SES161/SA161S20	SES158	-0.884109	-67.2816	-66.3975
BLOCK16/SES161/SA161S20	SES275	-1.39822	-67.7957	-66.3975
BLOCK16/SES161/SA161S23	SES007	-1.49686	-65.8047	-64.3079
BLOCK16/SES161/SA161S23	SES105	-0.808464	-65.1163	-64.3079
BLOCK16/SES161/SA161S23	SES148	-1.7858	-66.0937	-64.3079
BLOCK16/SES161/SA161S23	SES158	-0.766739	-65.0746	-64.3079
BLOCK16/SES161/SA161S28	SES007	-1.74235	-66.4402	-64.6979
BLOCK16/SES161/SA161S28	SES105	-1.63716	-66.335	-64.6979
BLOCK16/SES161/SA161S28	SES158	-0.389565	-65.0874	-64.6979
BLOCK16/SES161/SA161S28	SES206	-0.832893	-65.5307	-64.6979
BLOCK16/SES164/SA164S11	SES104	-1.03389	-64.1688	-63.1349
BLOCK16/SES164/SA164S11	SES125	-0.34515	-63.48	-63.1349
BLOCK16/SES164/SA164S11	SES158	0.195961	-62.9389	-63.1349
BLOCK16/SES164/SA164S11	SES206	-1.10997	-64.2449	-63.1349
BLOCK16/SES164/SA164S13	SES099	-0.45549	-65.0202	-64.5647
BLOCK16/SES164/SA164S13	SES104	-0.619789	-65.1845	-64.5647
BLOCK16/SES164/SA164S13	SES125	-1.14525	-65.71	-64.5647
BLOCK16/SES164/SA164S13	SES206	-1.04579	-65.6105	-64.5647
BLOCK16/SES164/SA164S24	SES002	0.38747	-63.3041	-63.6916
BLOCK16/SES164/SA164S24	SES099	-0.132053	-63.8237	-63.6916
BLOCK16/SES164/SA164S24	SES125	-1.31691	-65.0085	-63.6916
BLOCK16/SES164/SA164S24	SES226	0.0327263	-63.6589	-63.6916
BLOCK16/SES164/SA164S27	SES087	-1.57858	-65.7376	-64.159
BLOCK16/SES164/SA164S27	SES125	-1.01794	-65.177	-64.159
BLOCK16/SES164/SA164S27	SES206	-1.1436	-65.3026	-64.159
BLOCK16/SES164/SA164S27	SES226	-0.671982	-64.831	-64.159
BLOCK16/SES164/SA164S29	SES002	0.401672	-63.5804	-63.9821
BLOCK16/SES164/SA164S29	SES019	-0.924927	-64.907	-63.9821
BLOCK16/SES164/SA164S29	SES125	-0.549675	-64.5317	-63.9821
BLOCK16/SES164/SA164S29	SES226	-0.566254	-64.5483	-63.9821
BLOCK16/SES169/SA169S13	SES117	-1.50724	-65.8006	-64.2933
BLOCK16/SES169/SA169S13	SES144	-0.886612	-65.1799	-64.2933
BLOCK16/SES169/SA169S13	SES146	-1.03988	-65.3332	-64.2933
BLOCK16/SES169/SA169S13	SES162	-1.32109	-65.6144	-64.2933
BLOCK16/SES169/SA169S14	SES144	-0.701771	-63.9785	-63.2767
BLOCK16/SES169/SA169S14	SES148	-0.910595	-64.1873	-63.2767
BLOCK16/SES169/SA169S14	SES177	-1.3599	-64.6366	-63.2767
BLOCK16/SES169/SA169S14	SES180	-2.11326	-65.39	-63.2767
BLOCK16/SES169/SA169S24	SES117	-1.13219	-66.1311	-64.9989
BLOCK16/SES169/SA169S24	SES144	-0.599976	-65.5989	-64.9989
BLOCK16/SES169/SA169S24	SES146	-0.654762	-65.6537	-64.9989
BLOCK16/SES169/SA169S24	SES162	-1.12859	-66.1275	-64.9989
BLOCK16/SES169/SA169S27	SES127	-1.00843	-65.3531	-64.3447
BLOCK16/SES169/SA169S27	SES129	-0.919403	-65.2641	-64.3447
BLOCK16/SES169/SA169S27	SES144	-1.22542	-65.5701	-64.3447
BLOCK16/SES169/SA169S27	SES146	-0.544891	-64.8895	-64.3447
BLOCK16/SES169/SA169S29	SES144	-0.787674	-64.2384	-63.4508
BLOCK16/SES169/SA169S29	SES162	-1.14951	-64.6003	-63.4508
BLOCK16/SES169/SA169S29	SES177	-1.9333	-65.3841	-63.4508
BLOCK16/SES169/SA169S29	SES180	-1.46156	-64.9123	-63.4508
BLOCK17/SES171/SA171S12	SES083	-0.683517	-65.6286	-64.9451
BLOCK17/SES171/SA171S12	SES148	-1.25382	-66.1989	-64.9451
BLOCK17/SES171/SA171S12	SES172	-1.10925	-66.0544	-64.9451
BLOCK17/SES171/SA171S12	SES292	-1.44482	-66.3899	-64.9451
BLOCK17/SES171/SA171S15	SES148	-1.27476	-66.3255	-65.0508
BLOCK17/SES171/SA171S15	SES177	-1.04783	-66.0986	-65.0508
BLOCK17/SES171/SA171S15	SES180	-2.23757	-67.2883	-65.0508
BLOCK17/SES171/SA171S15	SES292	-2.77933	-67.8301	-65.0508
BLOCK17/SES171/SA171S22	SES007	-1.29017	-65.014	-63.7239
BLOCK17/SES171/SA171S22	SES148	-1.09058	-64.8144	-63.7239
BLOCK17/SES171/SA171S22	SES177	-0.586437	-64.3103	-63.7239
BLOCK17/SES171/SA171S22	SES180	-1.75346	-65.4773	-63.7239
BLOCK17/SES171/SA171S25	SES101	-1.9659	-67.3032	-65.3373
BLOCK17/SES171/SA171S25	SES120	-2.27475	-67.612	-65.3373
BLOCK17/SES171/SA171S25	SES177	-0.815163	-66.1524	-65.3373
BLOCK17/SES171/SA171S25	SES180	-1.64168	-66.9789	-65.3373
BLOCK17/SES171/SA171S27	SES177	-0.372429	-65.0127	-64.6403
BLOCK17/SES171/SA171S27	SES180	-1.31139	-65.9517	-64.6403
BLOCK17/SES171/SA171S27	SES189	-0.702942	-65.3432	-64.6403
BLOCK17/SES171/SA171S27	SES292	-1.90677	-66.547	-64.6403
BLOCK17/SES173/SA173S13	SES162	-1.43534	-67.0311	-65.5958
BLOCK17/SES173/SA173S13	SES177	-1.72359	-67.3194	-65.5958
BLOCK17/SES173/SA173S13	SES180	-1.86678	-67.4626	-65.5958
BLOCK17/SES173/SA173S13	SES292	-2.7823	-68.3781	-65.5958
BLOCK17/SES173/SA173S14	SES007	-2.25783	-68.284	-66.0262
BLOCK17/SES173/SA173S14	SES162	-1.215	-67.2412	-66.0262
BLOCK17/SES173/SA173S14	SES177	-1.02783	-67.054	-66.0262
BLOCK17/SES173/SA173S14	SES180	-1.69643	-67.7226	-66.0262
BLOCK17/SES173/SA173S24	SES144	-0.870316	-67.1329	-66.2626
BLOCK17/SES173/SA173S24	SES162	-1.35619	-67.6188	-66.2626
BLOCK17/SES173/SA173S24	SES177	-1.35502	-67.6176	-66.2626
BLOCK17/SES173/SA173S24	SES180	-1.83501	-68.0976	-66.2626
BLOCK17/SES173/SA173S27	SES162	-1.51331	-67.0672	-65.5539
BLOCK17/SES173/SA173S27	SES177	-1.13493	-66.6888	-65.5539
BLOCK17/SES173/SA173S27	SES180	-1.03039	-66.5843	-65.5539
BLOCK17/SES173/SA173S27	SES292	-2.65784	-68.2117	-65.5539
BLOCK17/SES173/SA173S29	SES162	-1.49628	-66.9745	-65.4782
BLOCK17/SES173/SA173S29	SES175	-0.501823	-65.9801	-65.4782
BLOCK17/SES173/SA173S29	SES177	-1.29343	-66.7717	-65.4782
BLOCK17/SES173/SA173S29	SES292	-3.44101	-68.9193	-65.4782
BLOCK18/SES182/SA182S10	SES144	-0.750496	-64.9962	-64.2457
BLOCK18/SES182/SA182S10	SES177	-0.696007	-64.9417	-64.2457
BLOCK18/SES182/SA182S10	SES180	-1.62772	-65.8734	-64.2457
BLOCK18/SES182/SA182S10	SES275	-1.40725	-65.6529	-64.2457
BLOCK18/SES182/SA182S12	SES144	-0.437271	-64.3576	-63.9203
BLOCK18/SES182/SA182S12	SES177	-0.922791	-64.8431	-63.9203
BLOCK18/SES182/SA182S12	SES180	-1.063	-64.9833	-63.9203
BLOCK18/SES182/SA182S12	SES275	-1.26663	-65.187	-63.9203
BLOCK18/SES182/SA182S21	SES117	-0.890091	-65.8922	-65.0021
BLOCK18/SES182/SA182S21	SES144	-1.43023	-66.4324	-65.0021
BLOCK18/SES182/SA182S21	SES162	-0.694427	-65.6966	-65.0021
BLOCK18/SES182/SA182S21	SES180	-1.29263	-66.2948	-65.0021
BLOCK18/SES182/SA182S23	SES117	-0.773323	-65.1506	-64.3773
BLOCK18/SES182/SA182S23	SES144	-1.21357	-65.5909	-64.3773
BLOCK18/SES182/SA182S23	SES180	-1.19499	-65.5723	-64.3773
BLOCK18/SES182/SA182S23	SES275	-1.47895	-65.8562	-64.3773
BLOCK18/SES182/SA182S25	SES007	-0.702255	-65.1406	-64.4383
BLOCK18/SES182/SA182S25	SES162	-0.326828	-64.7651	-64.4383
BLOCK18/SES182/SA182S25	SES177	-0.481918	-64.9202	-64.4383
BLOCK18/SES182/SA182S25	SES180	-0.839485	-65.2778	-64.4383
BLOCK18/SES184/SA184S12	SES177	-1.01349	-65.1778	-64.1643
BLOCK18/SES184/SA184S12	SES180	-1.03178	-65.1961	-64.1643
BLOCK18/SES184/SA184S12	SES189	-2.46267	-66.627	-64.1643
BLOCK18/SES184/SA184S12	SES292	-1.53366	-65.698	-64.1643
BLOCK18/SES184/SA184S13	SES101	-0.838158	-64.9209	-64.0828
BLOCK18/SES184/SA184S13	SES177	-1.03223	-65.115	-64.0828
BLOCK18/SES184/SA184S13	SES180	-1.22514	-65.3079	-64.0828
BLOCK18/SES184/SA184S13	SES292	-1.13247	-65.2152	-64.0828
BLOCK18/SES184/SA184S22	SES177	-1.29245	-64.3298	-63.0374
BLOCK18/SES184/SA184S22	SES180	-1.27465	-64.312	-63.0374
BLOCK18/SES184/SA184S22	SES189	-2.32528	-65.3626	-63.0374
BLOCK18/SES184/SA184S22	SES292	-1.34577	-64.3831	-63.0374
BLOCK18/SES184/SA184S25	SES101	-0.368908	-63.1974	-62.8285
BLOCK18/SES184/SA184S25	SES177	-1.31479	-64.1433	-62.8285
BLOCK18/SES184/SA184S25	SES180	-1.15755	-63.9861	-62.8285
BLOCK18/SES184/SA184S25	SES292	-0.985672	-63.8142	-62.8285
BLOCK18/SES184/SA184S27	SES083	-1.12295	-64.708	-63.585
BLOCK18/SES184/SA184S27	SES177	-0.991459	-64.5765	-63.585
BLOCK18/SES184/SA184S27	SES202	-1.88304	-65.4681	-63.585
BLOCK18/SES184/SA184S27	SES292	-1.01016	-64.5952	-63.585
BLOCK20/SES204/SA204S12	SES062	-1.27157	-63.8857	-62.6141
BLOCK20/SES204/SA204S12	SES083	-2.13081	-64.7449	-62.6141
BLOCK20/SES204/SA204S12	SES206	-0.353771	-62.9679	-62.6141
BLOCK20/SES204/SA204S12	SES226	-1.07647	-63.6906	-62.6141
BLOCK20/SES204/SA204S14	SES068	-2.01315	-63.5792	-61.566
BLOCK20/SES204/SA204S14	SES087	-0.00255203	-61.5686	-61.566
BLOCK20/SES204/SA204S14	SES206	-0.628265	-62.1943	-61.566
BLOCK20/SES204/SA204S14	SES226	-1.11298	-62.679	-61.566
BLOCK20/SES204/SA204S22	SES068	-2.4069	-65.0192	-62.6123
BLOCK20/SES204/SA204S22	SES082	-1.98814	-64.6004	-62.6123
BLOCK20/SES204/SA204S22	SES083	-2.34254	-64.9548	-62.6123
BLOCK20/SES204/SA204S22	SES206	-0.525978	-63.1382	-62.6123
BLOCK20/SES204/SA204S25	SES062	-2.00869	-65.037	-63.0284
BLOCK20/SES204/SA204S25	SES083	-2.05809	-65.0864	-63.0284
BLOCK20/SES204/SA204S25	SES206	-0.552544	-63.5809	-63.0284
BLOCK20/SES204/SA204S25	SES226	-1.22628	-64.2546	-63.0284
BLOCK20/SES204/SA204S27	SES068	-1.98232	-65.4998	-63.5175
BLOCK20/SES204/SA204S27	SES082	-1.496	-65.0135	-63.5175
BLOCK20/SES204/SA204S27	SES087	-0.356598	-63.8741	-63.5175
BLOCK20/SES204/SA204S27	SES206	-0.485268	-64.0028	-63.5175
BLOCK20/SES207/SA207S10	SES127	-0.757126	-65.2135	-64.4564
BLOCK20/SES207/SA207S10	SES183	-1.058	-65.5144	-64.4564
BLOCK20/SES207/SA207S10	SES189	-0.713531	-65.1699	-64.4564
BLOCK20/SES207/SA207S10	SES292	-1.00494	-65.4613	-64.4564
BLOCK20/SES207/SA207S11	SES127	-1.544	-65.4669	-63.9229
BLOCK20/SES207/SA207S11	SES183	-1.25502	-65.1779	-63.9229
BLOCK20/SES207/SA207S11	SES187	-0.859936	-64.7829	-63.9229
BLOCK20/SES207/SA207S11	SES292	-1.12833	-65.0512	-63.9229
BLOCK20/SES207/SA207S25	SES068	-1.65152	-66.0226	-64.371
BLOCK20/SES207/SA207S25	SES083	-1.52387	-65.8949	-64.371
BLOCK20/SES207/SA207S25	SES127	-0.961426	-65.3325	-64.371
BLOCK20/SES207/SA207S25	SES187	-0.57959	-64.9506	-64.371
BLOCK20/SES207/SA207S27	SES127	-0.973305	-65.6177	-64.6444
BLOCK20/SES207/SA207S27	SES183	-0.544197	-65.1886	-64.6444
BLOCK20/SES207/SA207S27	SES187	-0.764954	-65.4093	-64.6444
BLOCK20/SES207/SA207S27	SES292	-1.55626	-66.2006	-64.6444
BLOCK20/SES207/SA207S29	SES083	-1.74142	-65.7528	-64.0114
BLOCK20/SES207/SA207S29	SES085	-0.94239	-64.9538	-64.0114
BLOCK20/SES207/SA207S29	SES172	-1.33055	-65.3419	-64.0114
BLOCK20/SES207/SA207S29	SES189	-1.30957	-65.321	-64.0114
BLOCK22/SES221/SA221S12	SES068	-1.95592	-66.138	-64.1821
BLOCK22/SES221/SA221S12	SES143	-1.74217	-65.9243	-64.1821
BLOCK22/SES221/SA221S12	SES175	-0.773468	-64.9556	-64.1821
BLOCK22/SES221/SA221S12	SES202	-0.0721054	-64.2542	-64.1821
BLOCK22/SES221/SA221S15	SES085	-2.34877	-68.1105	-65.7617
BLOCK22/SES221/SA221S15	SES143	-1.89214	-67.6539	-65.7617
BLOCK22/SES221/SA221S15	SES175	-0.757599	-66.5193	-65.7617
BLOCK22/SES221/SA221S15	SES187	-0.590126	-66.3519	-65.7617
BLOCK22/SES221/SA221S23	SES068	-2.3506	-66.7615	-64.4109
BLOCK22/SES221/SA221S23	SES143	-1.63093	-66.0418	-64.4109
BLOCK22/SES221/SA221S23	SES175	-0.168854	-64.5797	-64.4109
BLOCK22/SES221/SA221S23	SES189	0.112442	-64.2984	-64.4109
BLOCK22/SES221/SA221S27	SES085	-3.05764	-67.4123	-64.3547
BLOCK22/SES221/SA221S27	SES143	-1.17586	-65.5306	-64.3547
BLOCK22/SES221/SA221S27	SES175	-0.878952	-65.2337	-64.3547
BLOCK22/SES221/SA221S27	SES189	0.639526	-63.7152	-64.3547
BLOCK22/SES221/SA221S29	SES085	-3.34775	-69.3967	-66.0489
BLOCK22/SES221/SA221S29	SES143	-1.3941	-67.443	-66.0489
BLOCK22/SES221/SA221S29	SES175	-0.681198	-66.7301	-66.0489
BLOCK22/SES221/SA221S29	SES187	-0.191757	-66.2407	-66.0489
BLOCK22/SES223/SA223S11	SES143	-0.773529	-65.6696	-64.896
BLOCK22/SES223/SA223S11	SES144	-1.87221	-66.7683	-64.896
BLOCK22/SES223/SA223S11	SES175	-0.465126	-65.3612	-64.896
BLOCK22/SES223/SA223S11	SES187	-0.721573	-65.6176	-64.896
BLOCK22/SES223/SA223S13	SES068	-1.77988	-67.3767	-65.5968
BLOCK22/SES223/SA223S13	SES143	-1.80924	-67.4061	-65.5968
BLOCK22/SES223/SA223S13	SES146	-2.31136	-67.9082	-65.5968
BLOCK22/SES223/SA223S13	SES202	-0.901917	-66.4987	-65.5968
BLOCK22/SES223/SA223S22	SES143	-1.07768	-66.1624	-65.0847
BLOCK22/SES223/SA223S22	SES144	-1.85757	-66.9423	-65.0847
BLOCK22/SES223/SA223S22	SES175	-0.533012	-65.6177	-65.0847
BLOCK22/SES223/SA223S22	SES187	-0.498573	-65.5833	-65.0847
BLOCK22/SES223/SA223S25	SES068	-1.99242	-67.0718	-65.0793
BLOCK22/SES223/SA223S25	SES143	-1.32801	-66.4073	-65.0793
BLOCK22/SES223/SA223S25	SES175	-0.581322	-65.6607	-65.0793
BLOCK22/SES223/SA223S25	SES187	-0.713577	-65.7929	-65.0793
BLOCK22/SES223/SA223S27	SES143	-1.21716	-66.6339	-65.4168
BLOCK22/SES223/SA223S27	SES146	-1.67438	-67.0911	-65.4168
BLOCK22/SES223/SA223S27	SES187	-0.638069	-66.0548	-65.4168
BLOCK22/SES223/SA223S27	SES292	-2.6134	-68.0302	-65.4168
BLOCK27/SES273/SA273S12	SES099	-0.0399933	-61.2452	-61.2052
BLOCK27/SES273/SA273S12	SES104	0.0508118	-61.1544	-61.2052
BLOCK27/SES273/SA273S12	SES125	-0.56646	-61.7716	-61.2052
BLOCK27/SES273/SA273S12	SES206	0.0377693	-61.1674	-61.2052
BLOCK27/SES273/SA273S13	SES099	-0.118401	-61.5366	-61.4182
BLOCK27/SES273/SA273S13	SES104	-0.0521622	-61.4704	-61.4182
BLOCK27/SES273/SA273S13	SES206	-0.137383	-61.5556	-61.4182
BLOCK27/SES273/SA273S13	SES292	-1.41239	-62.8306	-61.4182
BLOCK27/SES273/SA273S21	SES099	0.258373	-61.4286	-61.687
BLOCK27/SES273/SA273S21	SES148	-1.66271	-63.3497	-61.687
BLOCK27/SES273/SA273S21	SES149	-0.282646	-61.9697	-61.687
BLOCK27/SES273/SA273S21	SES177	-1.77359	-63.4606	-61.687
BLOCK27/SES273/SA273S25	SES104	-0.494835	-62.3151	-61.8203
BLOCK27/SES273/SA273S25	SES125	-0.830265	-62.6505	-61.8203
BLOCK27/SES273/SA273S25	SES158	-0.485821	-62.3061	-61.8203
BLOCK27/SES273/SA273S25	SES206	0.290443	-61.5298	-61.8203
BLOCK27/SES273/SA273S27	SES099	-0.0856972	-62.317	-62.2313
BLOCK27/SES273/SA273S27	SES104	-0.400932	-62.6322	-62.2313
BLOCK27/SES273/SA273S27	SES149	-0.551014	-62.7823	-62.2313
BLOCK27/SES273/SA273S27	SES275	-1.16814	-63.3994	-62.2313
BLOCK27/SES274/SA274S10	SES105	-1.4786	-64.2621	-62.7835
BLOCK27/SES274/SA274S10	SES125	-1.24065	-64.0242	-62.7835
BLOCK27/SES274/SA274S10	SES129	-0.914116	-63.6977	-62.7835
BLOCK27/SES274/SA274S10	SES158	-1.27574	-64.0593	-62.7835
BLOCK27/SES274/SA274S11	SES105	-1.46192	-64.303	-62.8411
BLOCK27/SES274/SA274S11	SES149	-0.815384	-63.6565	-62.8411
BLOCK27/SES274/SA274S11	SES158	-0.805588	-63.6467	-62.8411
BLOCK27/SES274/SA274S11	SES275	-1.13863	-63.9797	-62.8411
BLOCK27/SES274/SA274S21	SES105	-1.46039	-64.5523	-63.0919
BLOCK27/SES274/SA274S21	SES129	-1.12678	-64.2187	-63.0919
BLOCK27/SES274/SA274S21	SES149	-0.868683	-63.9606	-63.0919
BLOCK27/SES274/SA274S21	SES158	-1.70581	-64.7977	-63.0919
BLOCK27/SES274/SA274S24	SES105	-1.24371	-63.6485	-62.4048
BLOCK27/SES274/SA274S24	SES129	-1.06916	-63.474	-62.4048
BLOCK27/SES274/SA274S24	SES149	-1.14124	-63.5461	-62.4048
BLOCK27/SES274/SA274S24	SES158	-1.62797	-64.0328	-62.4048
BLOCK27/SES274/SA274S29	SES105	-1.52905	-64.2806	-62.7516
BLOCK27/SES274/SA274S29	SES106	-1.11966	-63.8713	-62.7516
BLOCK27/SES274/SA274S29	SES120	-1.09801	-63.8496	-62.7516
BLOCK27/SES274/SA274S29	SES275	-0.988224	-63.7398	-62.7516
BLOCK27/SES276/SA276S16	SES148	-1.44724	-65.7243	-64.2771
BLOCK27/SES276/SA276S16	SES172	-1.35345	-65.6305	-64.2771
BLOCK27/SES276/SA276S16	SES180	-2.35641	-66.6335	-64.2771
BLOCK27/SES276/SA276S16	SES292	-0.529846	-64.8069	-64.2771
BLOCK27/SES276/SA276S17	SES101	-1.06932	-65.0124	-63.9431
BLOCK27/SES276/SA276S17	SES177	-1.27147	-65.2146	-63.9431
BLOCK27/SES276/SA276S17	SES180	-1.50036	-65.4435	-63.9431
BLOCK27/SES276/SA276S17	SES292	-1.58039	-65.5235	-63.9431
BLOCK27/SES276/SA276S24	SES101	-0.646667	-63.557	-62.9103
BLOCK27/SES276/SA276S24	SES177	-1.35162	-64.262	-62.9103
BLOCK27/SES276/SA276S24	SES180	-1.45482	-64.3652	-62.9103
BLOCK27/SES276/SA276S24	SES292	-1.77842	-64.6888	-62.9103
BLOCK27/SES276/SA276S26	SES101	-1.3446	-64.6361	-63.2915
BLOCK27/SES276/SA276S26	SES177	-0.978691	-64.2702	-63.2915
BLOCK27/SES276/SA276S26	SES180	-0.797974	-64.0895	-63.2915
BLOCK27/SES276/SA276S26	SES292	-0.880379	-64.1719	-63.2915
BLOCK27/SES276/SA276S28	SES101	-0.55827	-64.0416	-63.4833
BLOCK27/SES276/SA276S28	SES177	-1.2427	-64.7261	-63.4833
BLOCK27/SES276/SA276S28	SES180	-0.960041	-64.4434	-63.4833
BLOCK27/SES276/SA276S28	SES292	-1.43903	-64.9224	-63.4833
BLOCK27/SES277/SA277S12	SES101	-0.659325	-65.3345	-64.6751
BLOCK27/SES277/SA277S12	SES177	-1.05936	-65.7345	-64.6751
BLOCK27/SES277/SA277S12	SES180	-0.976395	-65.6515	-64.6751
BLOCK27/SES277/SA277S12	SES292	-1.83976	-66.5149	-64.6751
BLOCK27/SES277/SA277S14	SES177	-0.771118	-65.8899	-65.1188
BLOCK27/SES277/SA277S14	SES180	-1.17767	-66.2964	-65.1188
BLOCK27/SES277/SA277S14	SES189	-0.413422	-65.5322	-65.1188
BLOCK27/SES277/SA277S14	SES292	-2.26221	-67.381	-65.1188
BLOCK27/SES277/SA277S21	SES177	-0.525383	-64.5265	-64.0011
BLOCK27/SES277/SA277S21	SES180	-1.30937	-65.3105	-64.0011
BLOCK27/SES277/SA277S21	SES189	-0.726501	-64.7276	-64.0011
BLOCK27/SES277/SA277S21	SES292	-2.26809	-66.2692	-64.0011
BLOCK27/SES277/SA277S24	SES144	-0.90654	-66.2661	-65.3595
BLOCK27/SES277/SA277S24	SES177	-1.0347	-66.3942	-65.3595
BLOCK27/SES277/SA277S24	SES180	-1.22602	-66.5855	-65.3595
BLOCK27/SES277/SA277S24	SES189	-0.713921	-66.0734	-65.3595
BLOCK27/SES277/SA277S29	SES177	-0.949173	-64.1465	-63.1974
BLOCK27/SES277/SA277S29	SES180	-0.898033	-64.0954	-63.1974
BLOCK27/SES277/SA277S29	SES202	-1.28597	-64.4833	-63.1974
BLOCK27/SES277/SA277S29	SES292	-1.58101	-64.7784	-63.1974
BLOCK27/SES279/SA279S09	SES120	-0.932671	-63.9909	-63.0582
BLOCK27/SES279/SA279S09	SES146	-0.990032	-64.0483	-63.0582
BLOCK27/SES279/SA279S09	SES206	-0.714462	-63.7727	-63.0582
BLOCK27/SES279/SA279S09	SES226	-1.2233	-64.2815	-63.0582
BLOCK27/SES279/SA279S10	SES099	-0.188343	-63.2012	-63.0128
BLOCK27/SES279/SA279S10	SES206	-0.441479	-63.4543	-63.0128
BLOCK27/SES279/SA279S10	SES226	-1.03743	-64.0503	-63.0128
BLOCK27/SES279/SA279S10	SES292	-0.652359	-63.6652	-63.0128
BLOCK27/SES279/SA279S20	SES099	-1.03143	-64.7	-63.6685
BLOCK27/SES279/SA279S20	SES206	-0.424488	-64.093	-63.6685
BLOCK27/SES279/SA279S20	SES226	-0.976032	-64.6446	-63.6685
BLOCK27/SES279/SA279S20	SES292	-0.0947266	-63.7633	-63.6685
BLOCK27/SES279/SA279S26	SES099	-0.41592	-63.596	-63.1801
BLOCK27/SES279/SA279S26	SES206	0.138641	-63.0415	-63.1801
BLOCK27/SES279/SA279S26	SES226	-0.886024	-64.0661	-63.1801
BLOCK27/SES279/SA279S26	SES292	-0.68895	-63.8691	-63.1801
BLOCK27/SES279/SA279S28	SES099	-0.63446	-62.5842	-61.9498
BLOCK27/SES279/SA279S28	SES120	-1.31477	-63.2645	-61.9498
BLOCK27/SES279/SA279S28	SES177	-2.18685	-64.1366	-61.9498
BLOCK27/SES279/SA279S28	SES206	-0.640614	-62.5904	-61.9498
BLOCK29/SES290/SA290S12	SES162	-1.35132	-65.5537	-64.2024
BLOCK29/SES290/SA290S12	SES177	-1.17392	-65.3763	-64.2024
BLOCK29/SES290/SA290S12	SES180	-1.40904	-65.6114	-64.2024
BLOCK29/SES290/SA290S12	SES292	-2.91198	-67.1144	-64.2024
BLOCK29/SES290/SA290S13	SES007	-2.52692	-66.9357	-64.4088
BLOCK29/SES290/SA290S13	SES162	-1.70344	-66.1123	-64.4088
BLOCK29/SES290/SA290S13	SES177	-0.811539	-65.2204	-64.4088
BLOCK29/SES290/SA290S13	SES180	-1.31105	-65.7199	-64.4088
BLOCK29/SES290/SA290S22	SES177	-0.809322	-64.7323	-63.923
BLOCK29/SES290/SA290S22	SES180	-0.942394	-64.8654	-63.923
BLOCK29/SES290/SA290S22	SES202	-0.807011	-64.73	-63.923
BLOCK29/SES290/SA290S22	SES292	-2.24059	-66.1636	-63.923
BLOCK29/SES290/SA290S25	SES162	-0.842152	-64.6668	-63.8246
BLOCK29/SES290/SA290S25	SES177	-1.28633	-65.111	-63.8246
BLOCK29/SES290/SA290S25	SES180	-1.18845	-65.0131	-63.8246
BLOCK29/SES290/SA290S25	SES292	-2.15106	-65.9757	-63.8246
BLOCK29/SES290/SA290S29	SES177	-0.261478	-64.1443	-63.8828
BLOCK29/SES290/SA290S29	SES180	-0.171413	-64.0542	-63.8828
BLOCK29/SES290/SA290S29	SES275	-1.74549	-65.6283	-63.8828
BLOCK29/SES290/SA290S29	SES292	-1.34603	-65.2288	-63.8828
BLOCK29/SES291/SA291S11	SES105	-2.46743	-66.1703	-63.7029
BLOCK29/SES291/SA291S11	SES125	-0.491306	-64.1942	-63.7029
BLOCK29/SES291/SA291S11	SES158	-0.560734	-64.2636	-63.7029
BLOCK29/SES291/SA291S11	SES275	-2.36547	-66.0684	-63.7029
BLOCK29/SES291/SA291S12	SES158	0.525227	-62.6371	-63.1623
BLOCK29/SES291/SA291S12	SES226	-0.740166	-63.9025	-63.1623
BLOCK29/SES291/SA291S12	SES270	0.764713	-62.3976	-63.1623
BLOCK29/SES291/SA291S12	SES275	-2.78217	-65.9445	-63.1623
BLOCK29/SES291/SA291S22	SES082	-0.197426	-63.297	-63.0995
BLOCK29/SES291/SA291S22	SES158	-0.121197	-63.2207	-63.0995
BLOCK29/SES291/SA291S22	SES259	-0.669113	-63.7686	-63.0995
BLOCK29/SES291/SA291S22	SES275	-2.38353	-65.4831	-63.0995
BLOCK29/SES291/SA291S24	SES104	0.140099	-61.9634	-62.1035
BLOCK29/SES291/SA291S24	SES125	-0.325245	-62.4288	-62.1035
BLOCK29/SES291/SA291S24	SES158	-0.102535	-62.2061	-62.1035
BLOCK29/SES291/SA291S24	SES275	-2.84193	-64.9455	-62.1035
BLOCK29/SES291/SA291S27	SES158	0.282032	-62.4053	-62.6874
BLOCK29/SES291/SA291S27	SES172	-3.49081	-66.1782	-62.6874
BLOCK29/SES291/SA291S27	SES275	-2.92278	-65.6102	-62.6874
BLOCK29/SES291/SA291S27	SES292	-1.94065	-64.628	-62.6874
