BLOCK00/SES002/SA002S12	SES002	0.643502	-5.50996	-6.15346
BLOCK00/SES002/SA002S13	SES002	1.30678	-6.463	-7.76978
BLOCK00/SES002/SA002S23	SES002	0.331615	-6.36431	-6.69592
BLOCK00/SES002/SA002S26	SES002	-0.396383	-8.92259	-8.52621
BLOCK00/SES002/SA002S28	SES002	-0.357756	-7.93301	-7.57525
BLOCK00/SES007/SA007S14	SES007	0.754177	-5.06644	-5.82061
BLOCK00/SES007/SA007S15	SES007	0.486991	-6.27447	-6.76146
BLOCK00/SES007/SA007S24	SES007	0.511409	-5.491	-6.00241
BLOCK00/SES007/SA007S27	SES007	0.0839953	-7.71792	-7.80192
BLOCK00/SES007/SA007S29	SES007	0.109007	-5.54119	-5.6502
BLOCK00/SES008/SA008S11	SES008	1.4841	-3.9964	-5.4805
BLOCK00/SES008/SA008S12	SES008	0.358937	-4.74055	-5.09949
BLOCK00/SES008/SA008S19	SES008	1.5519	-4.011	-5.5629
BLOCK00/SES008/SA008S22	SES008	0.612068	-5.46618	-6.07825
BLOCK00/SES008/SA008S29	SES008	1.60246	-3.08865	-4.69111
BLOCK01/SES014/SA014S10	SES014	0.397306	-5.49925	-5.89656
BLOCK01/SES014/SA014S12	SES014	1.73425	-4.95645	-6.6907
BLOCK01/SES014/SA014S24	SES014	1.49914	-5.61861	-7.11776
BLOCK01/SES014/SA014S26	SES014	1.5539	-6.00128	-7.55518
BLOCK01/SES014/SA014S28	SES014	2.45781	-3.29943	-5.75725
BLOCK01/SES016/SA016S12	SES016	0.591697	-8.3551	-8.94679
BLOCK01/SES016/SA016S13	SES016	0.593462	-6.50699	-7.10045
BLOCK01/SES016/SA016S22	SES016	0.940883	-6.22368	-7.16456
BLOCK01/SES016/SA016S25	SES016	0.684532	-4.48652	-5.17105
BLOCK01/SES016/SA016S27	SES016	0.314758	-7.33552	-7.65028
BLOCK01/SES019/SA019S13	SES019	2.33387	-5.33181	-7.66568
BLOCK01/SES019/SA019S14	SES019	1.23293	-6.59767	-7.8306
BLOCK01/SES019/SA019S22	SES019	2.30503	-4.40891	-6.71394
BLOCK01/SES019/SA019S25	SES019	1.4138	-6.28482	-7.69862
BLOCK01/SES019/SA019S29	SES019	2.23277	-6.79111	-9.02388
BLOCK02/SES029/SA029S11	SES029	1.19408	-4.70688	-5.90096
BLOCK02/SES029/SA029S12	SES029	-0.239137	-6.12489	-5.88576
BLOCK02/SES029/SA029S20	SES029	0.836236	-4.25899	-5.09523
BLOCK02/SES029/SA029S25	SES029	-0.0201449	-6.40394	-6.3838
BLOCK02/SES029/SA029S28	SES029	0.253848	-5.69057	-5.94441
BLOCK04/SES042/SA042S12	SES042	1.51531	-5.31199	-6.82729
BLOCK04/SES042/SA042S15	SES042	0.987802	-6.18495	-7.17275
BLOCK04/SES042/SA042S22	SES042	2.70594	-7.7383	-10.4442
BLOCK04/SES042/SA042S25	SES042	1.5246	-8.39999	-9.92459
BLOCK04/SES042/SA042S27	SES042	2.26045	-7.32883	-9.58928
BLOCK04/SES048/SA048S11	SES048	1.05152	-4.16684	-5.21835
BLOCK04/SES048/SA048S12	SES048	0.280548	-6.57216	-6.85271
BLOCK04/SES048/SA048S20	SES048	0.30082	-5.75018	-6.051
BLOCK04/SES048/SA048S23	SES048	0.917573	-4.43815	-5.35572
BLOCK04/SES048/SA048S27	SES048	-0.176769	-6.28511	-6.10835
BLOCK06/SES060/SA060S11	SES060	0.742729	-6.10734	-6.85007
BLOCK06/SES060/SA060S12	SES060	0.228774	-8.39159	-8.62036
BLOCK06/SES060/SA060S22	SES060	-0.700098	-8.45471	-7.75462
BLOCK06/SES060/SA060S24	SES060	0.721283	-4.15168	-4.87297
BLOCK06/SES060/SA060S28	SES060	0.844842	-3.42851	-4.27336
BLOCK06/SES062/SA062S10	SES062	0.19086	-6.02077	-6.21163
BLOCK06/SES062/SA062S11	SES062	0.512671	-7.95478	-8.46745
BLOCK06/SES062/SA062S21	SES062	0.2794	-3.60821	-3.88761
BLOCK06/SES062/SA062S26	SES062	0.205356	-5.81631	-6.02166
BLOCK06/SES062/SA062S29	SES062	1.03298	-4.08443	-5.11741
BLOCK06/SES068/SA068S14	SES068	0.0637555	-5.80272	-5.86647
BLOCK06/SES068/SA068S15	SES068	0.816683	-5.29845	-6.11514
BLOCK06/SES068/SA068S23	SES068	-0.155559	-6.34057	-6.18501
BLOCK06/SES068/SA068S27	SES068	1.03481	-5.0843	-6.11912
BLOCK06/SES068/SA068S29	SES068	0.462457	-6.04152	-6.50398
BLOCK08/SES082/SA082S12	SES082	-0.688079	-7.21079	-6.52271
BLOCK08/SES082/SA082S14	SES082	0.235811	-6.4295	-6.66531
BLOCK08/SES082/SA082S21	SES082	-0.180566	-6.00726	-5.8267
BLOCK08/SES082/SA082S24	SES082	0.210052	-7.26953	-7.47959
BLOCK08/SES082/SA082S28	SES082	0.116475	-6.79158	-6.90805
BLOCK08/SES083/SA083S14	SES083	-0.0959616	-5.34586	-5.24989
BLOCK08/SES083/SA083S15	SES083	0.296453	-6.09066	-6.38712
BLOCK08/SES083/SA083S24	SES083	-0.0629382	-6.44772	-6.38478
BLOCK08/SES083/SA083S26	SES083	0.356	-7.63475	-7.99075
BLOCK08/SES083/SA083S29	SES083	0.0700035	-7.07127	-7.14128
BLOCK08/SES085/SA085S10	SES085	0.777995	-4.42636	-5.20435
BLOCK08/SES085/SA085S13	SES085	0.00873423	-7.54773	-7.55647
BLOCK08/SES085/SA085S22	SES085	0.95738	-4.51097	-5.46835
BLOCK08/SES085/SA085S26	SES085	-0.295901	-7.47523	-7.17933
BLOCK08/SES085/SA085S28	SES085	0.026166	-5.66369	-5.68986
BLOCK08/SES087/SA087S15	SES087	1.15663	-6.33549	-7.49211
BLOCK08/SES087/SA087S16	SES087	1.67203	-5.26374	-6.93577
BLOCK08/SES087/SA087S24	SES087	1.14817	-8.40339	-9.55156
BLOCK08/SES087/SA087S26	SES087	0.44208	-6.32154	-6.76362
BLOCK08/SES087/SA087S29	SES087	1.35971	-4.78839	-6.1481
BLOCK09/SES099/SA099S15	SES099	1.37805	-6.50573	-7.88377
BLOCK09/SES099/SA099S16	SES099	1.33134	-4.01952	-5.35086
BLOCK09/SES099/SA099S24	SES099	1.37651	-5.2605	-6.63701
BLOCK09/SES099/SA099S26	SES099	1.4563	-5.85705	-7.31335
BLOCK09/SES099/SA099S29	SES099	1.37434	-6.13929	-7.51363
BLOCK10/SES101/SA101S11	SES101	-0.265137	-6.20657	-5.94143
BLOCK10/SES101/SA101S13	SES101	1.1786	-2.19534	-3.37393
BLOCK10/SES101/SA101S22	SES101	0.948421	-6.29065	-7.23907
BLOCK10/SES101/SA101S24	SES101	0.771887	-5.13854	-5.91043
BLOCK10/SES101/SA101S28	SES101	0.911159	-5.29168	-6.20284
BLOCK10/SES104/SA104S11	SES104	0.796778	-4.90974	-5.70652
BLOCK10/SES104/SA104S12	SES104	0.82531	-6.08353	-6.90884
BLOCK10/SES104/SA104S21	SES104	0.997401	-6.02734	-7.02474
BLOCK10/SES104/SA104S24	SES104	-0.497128	-9.004	-8.50687
BLOCK10/SES104/SA104S28	SES104	0.593728	-8.23592	-8.82965
BLOCK10/SES105/SA105S12	SES105	1.00022	-6.72157	-7.7218
BLOCK10/SES105/SA105S13	SES105	-0.730201	-7.21281	-6.4826
BLOCK10/SES105/SA105S22	SES105	0.0170784	-6.86344	-6.88052
BLOCK10/SES105/SA105S26	SES105	0.105641	-7.58701	-7.69265
BLOCK10/SES105/SA105S29	SES105	0.861216	-4.52974	-5.39095
BLOCK10/SES106/SA106S09	SES106	0.62095	-7.6802	-8.30115
BLOCK10/SES106/SA106S11	SES106	1.01451	-5.26952	-6.28403
BLOCK10/SES106/SA106S22	SES106	1.91185	-7.48995	-9.4018
BLOCK10/SES106/SA106S27	SES106	1.10507	-5.21411	-6.31917
BLOCK10/SES106/SA106S29	SES106	1.25134	-5.56992	-6.82126
BLOCK11/SES117/SA117S12	SES117	0.0729709	-7.00643	-7.0794
BLOCK11/SES117/SA117S13	SES117	-0.624427	-7.06381	-6.43939
BLOCK11/SES117/SA117S23	SES117	1.07261	-8.13833	-9.21094
BLOCK11/SES117/SA117S25	SES117	0.539671	-6.34066	-6.88033
BLOCK11/SES117/SA117S28	SES117	1.03993	-7.50504	-8.54497
BLOCK12/SES120/SA120S08	SES120	0.987868	-8.70737	-9.69524
BLOCK12/SES120/SA120S11	SES120	1.07773	-12.0066	-13.0843
BLOCK12/SES120/SA120S22	SES120	0.0311198	-6.11701	-6.14813
BLOCK12/SES120/SA120S24	SES120	0.591629	-9.4342	-10.0258
BLOCK12/SES120/SA120S28	SES120	-0.415021	-8.76296	-8.34794
BLOCK12/SES125/SA125S13	SES125	1.25524	-7.96107	-9.21631
BLOCK12/SES125/SA125S14	SES125	1.10536	-8.71612	-9.82148
BLOCK12/SES125/SA125S25	SES125	1.61612	-7.04711	-8.66323
BLOCK12/SES125/SA125S27	SES125	1.44374	-6.52669	-7.97043
BLOCK12/SES125/SA125S29	SES125	0.30802	-6.24348	-6.5515
BLOCK12/SES127/SA127S11	SES127	0.925066	-4.88059	-5.80565
BLOCK12/SES127/SA127S12	SES127	0.331741	-3.22971	-3.56145
BLOCK12/SES127/SA127S23	SES127	0.278533	-4.57807	-4.8566
BLOCK12/SES127/SA127S25	SES127	0.0245166	-4.21256	-4.23707
BLOCK12/SES127/SA127S27	SES127	0.58704	-4.51475	-5.10179
BLOCK12/SES129/SA129S11	SES129	1.13049	-3.89421	-5.02471
BLOCK12/SES129/SA129S12	SES129	0.788935	-3.60745	-4.39638
BLOCK12/SES129/SA129S22	SES129	0.530303	-4.96487	-5.49517
BLOCK12/SES129/SA129S27	SES129	1.16296	-4.54898	-5.71194
BLOCK12/SES129/SA129S29	SES129	0.0937614	-8.15294	-8.2467
BLOCK14/SES142/SA142S11	SES142	0.994727	-5.21445	-6.20917
BLOCK14/SES142/SA142S12	SES142	0.590043	-7.35208	-7.94212
BLOCK14/SES142/SA142S24	SES142	0.414237	-6.61413	-7.02837
BLOCK14/SES142/SA142S27	SES142	0.51298	-6.3439	-6.85688
BLOCK14/SES142/SA142S29	SES142	0.47335	-5.88035	-6.3537
BLOCK14/SES143/SA143S12	SES143	0.647153	-5.32202	-5.96917
BLOCK14/SES143/SA143S13	SES143	0.902337	-5.15956	-6.0619
BLOCK14/SES143/SA143S23	SES143	0.68918	-5.88581	-6.57499
BLOCK14/SES143/SA143S25	SES143	0.612806	-6.88593	-7.49874
BLOCK14/SES143/SA143S28	SES143	0.699716	-6.75444	-7.45415
BLOCK14/SES144/SA144S09	SES144	0.277052	-5.58813	-5.86519
BLOCK14/SES144/SA144S11	SES144	0.243528	-5.61568	-5.85921
BLOCK14/SES144/SA144S21	SES144	-0.961237	-6.9652	-6.00396
BLOCK14/SES144/SA144S25	SES144	0.312455	-6.09723	-6.40969
BLOCK14/SES144/SA144S29	SES144	-0.614154	-7.5291	-6.91494
BLOCK14/SES146/SA146S14	SES146	0.486307	-6.4664	-6.95271
BLOCK14/SES146/SA146S15	SES146	0.203878	-7.2139	-7.41778
BLOCK14/SES146/SA146S24	SES146	0.200491	-6.98856	-7.18905
BLOCK14/SES146/SA146S26	SES146	0.144275	-7.14229	-7.28657
BLOCK14/SES146/SA146S29	SES146	0.0540152	-7.70279	-7.75681
BLOCK14/SES147/SA147S11	SES147	0.0626755	-6.51084	-6.57352
BLOCK14/SES147/SA147S13	SES147	0.678556	-4.19378	-4.87233
BLOCK14/SES147/SA147S23	SES147	0.528839	-5.014	-5.54284
BLOCK14/SES147/SA147S26	SES147	0.905357	-4.78862	-5.69398
BLOCK14/SES147/SA147S28	SES147	0.98384	-3.439	-4.42284
BLOCK14/SES148/SA148S10	SES148	0.305958	-4.30888	-4.61484
BLOCK14/SES148/SA148S12	SES148	0.494713	-5.88087	-6.37558
BLOCK14/SES148/SA148S22	SES148	0.817046	-4.10304	-4.92009
BLOCK14/SES148/SA148S26	SES148	0.354665	-3.28355	-3.63821
BLOCK14/SES148/SA148S29	SES148	-0.830939	-7.03514	-6.2042
BLOCK14/SES149/SA149S13	SES149	-0.292182	-5.88017	-5.58798
BLOCK14/SES149/SA149S14	SES149	0.449751	-4.2348	-4.68455
BLOCK14/SES149/SA149S24	SES149	0.840883	-4.9597	-5.80059
BLOCK14/SES149/SA149S26	SES149	0.584991	-4.97354	-5.55853
BLOCK14/SES149/SA149S28	SES149	1.20251	-2.07254	-3.27505
BLOCK15/SES158/SA158S13	SES158	1.40788	-7.213	-8.62088
BLOCK15/SES158/SA158S14	SES158	2.16292	-7.68244	-9.84536
BLOCK15/SES158/SA158S23	SES158	0.679996	-6.44238	-7.12238
BLOCK15/SES158/SA158S26	SES158	1.2652	-7.66895	-8.93415
BLOCK15/SES158/SA158S28	SES158	0.780592	-7.40163	-8.18222
BLOCK16/SES162/SA162S10	SES162	0.602996	-7.48832	-8.09131
BLOCK16/SES162/SA162S11	SES162	0.827593	-4.46403	-5.29162
BLOCK16/SES162/SA162S21	SES162	0.920873	-5.34036	-6.26123
BLOCK16/SES162/SA162S24	SES162	1.14128	-5.23936	-6.38064
BLOCK16/SES162/SA162S27	SES162	1.29248	-7.49484	-8.78732
BLOCK16/SES167/SA167S14	SES167	0.909793	-3.77837	-4.68816
BLOCK16/SES167/SA167S15	SES167	1.52005	-3.22289	-4.74294
BLOCK16/SES167/SA167S21	SES167	1.59438	-2.27682	-3.8712
BLOCK16/SES167/SA167S25	SES167	2.11246	-3.76786	-5.88032
BLOCK16/SES167/SA167S29	SES167	1.76224	-2.16698	-3.92922
BLOCK17/SES172/SA172S12	SES172	0.796786	-6.81527	-7.61206
BLOCK17/SES172/SA172S13	SES172	0.720133	-6.76719	-7.48733
BLOCK17/SES172/SA172S23	SES172	1.08211	-4.00979	-5.0919
BLOCK17/SES172/SA172S27	SES172	0.171184	-7.39141	-7.56259
BLOCK17/SES172/SA172S29	SES172	1.52791	-4.90899	-6.4369
BLOCK17/SES175/SA175S11	SES175	-0.0283747	-6.83331	-6.80494
BLOCK17/SES175/SA175S13	SES175	0.906379	-2.60698	-3.51336
BLOCK17/SES175/SA175S23	SES175	0.805973	-3.85087	-4.65685
BLOCK17/SES175/SA175S25	SES175	-0.0235052	-6.70506	-6.68155
BLOCK17/SES175/SA175S28	SES175	0.553136	-4.97633	-5.52946
BLOCK17/SES177/SA177S15	SES177	-0.102379	-6.89901	-6.79663
BLOCK17/SES177/SA177S17	SES177	-0.271932	-6.71867	-6.44674
BLOCK17/SES177/SA177S23	SES177	-0.285972	-6.75755	-6.47158
BLOCK17/SES177/SA177S26	SES177	0.812476	-3.53438	-4.34685
BLOCK17/SES177/SA177S28	SES177	0.0648232	-7.10074	-7.16556
BLOCK18/SES180/SA180S13	SES180	-0.0376568	-8.10857	-8.07091
BLOCK18/SES180/SA180S15	SES180	0.068367	-5.51308	-5.58145
BLOCK18/SES180/SA180S24	SES180	0.00943375	-4.77781	-4.78724
BLOCK18/SES180/SA180S26	SES180	-0.163637	-5.98261	-5.81897
BLOCK18/SES180/SA180S29	SES180	-0.489748	-8.20822	-7.71847
BLOCK18/SES183/SA183S13	SES183	0.876544	-5.83664	-6.71318
BLOCK18/SES183/SA183S14	SES183	-0.210727	-6.12647	-5.91574
BLOCK18/SES183/SA183S24	SES183	0.5859	-7.14635	-7.73225
BLOCK18/SES183/SA183S27	SES183	1.24994	-6.1966	-7.44654
BLOCK18/SES183/SA183S29	SES183	1.58814	-4.9305	-6.51865
BLOCK18/SES187/SA187S13	SES187	0.107827	-7.47211	-7.57994
BLOCK18/SES187/SA187S14	SES187	-0.0669084	-7.56568	-7.49877
BLOCK18/SES187/SA187S24	SES187	1.59479	-6.16231	-7.75711
BLOCK18/SES187/SA187S27	SES187	1.14263	-5.59852	-6.74116
BLOCK18/SES187/SA187S29	SES187	0.308568	-8.76788	-9.07645
BLOCK18/SES189/SA189S10	SES189	1.30999	-6.63567	-7.94565
BLOCK18/SES189/SA189S13	SES189	1.02076	-9.71964	-10.7404
BLOCK18/SES189/SA189S24	SES189	1.16655	-6.61098	-7.77754
BLOCK18/SES189/SA189S26	SES189	0.657503	-6.55347	-7.21097
BLOCK18/SES189/SA189S29	SES189	0.89583	-6.20272	-7.09855
BLOCK20/SES202/SA202S12	SES202	0.613842	-7.95801	-8.57185
BLOCK20/SES202/SA202S14	SES202	0.716547	-7.00853	-7.72507
BLOCK20/SES202/SA202S24	SES202	0.0519004	-7.69462	-7.74652
BLOCK20/SES202/SA202S27	SES202	0.764855	-5.31737	-6.08222
BLOCK20/SES202/SA202S29	SES202	0.418804	-5.91103	-6.32983
BLOCK20/SES206/SA206S15	SES206	-0.518769	-5.37496	-4.85619
BLOCK20/SES206/SA206S17	SES206	0.344026	-6.97293	-7.31696
BLOCK20/SES206/SA206S24	SES206	0.868245	-4.8505	-5.71875
BLOCK20/SES206/SA206S27	SES206	1.00191	-7.45635	-8.45826
BLOCK20/SES206/SA206S29	SES206	1.15339	-6.85373	-8.00712
BLOCK22/SES226/SA226S12	SES226	0.953179	-5.94149	-6.89467
BLOCK22/SES226/SA226S13	SES226	-1.32308	-6.48548	-5.1624
BLOCK22/SES226/SA226S20	SES226	0.658801	-5.77241	-6.43121
BLOCK22/SES226/SA226S23	SES226	0.170373	-5.33481	-5.50519
BLOCK22/SES226/SA226S28	SES226	0.913579	-5.32986	-6.24344
BLOCK25/SES259/SA259S13	SES259	2.58306	-5.88715	-8.47021
BLOCK25/SES259/SA259S14	SES259	1.65518	-5.35123	-7.00641
BLOCK25/SES259/SA259S22	SES259	1.62334	-5.61197	-7.23531
BLOCK25/SES259/SA259S24	SES259	1.00755	-6.8214	-7.82895
BLOCK25/SES259/SA259S28	SES259	1.2779	-5.79591	-7.07381
BLOCK27/SES270/SA270S14	SES270	1.75915	-6.10964	-7.86879
BLOCK27/SES270/SA270S16	SES270	0.177308	-5.76071	-5.93801
BLOCK27/SES270/SA270S22	SES270	1.70045	-5.23504	-6.93549
BLOCK27/SES270/SA270S26	SES270	1.09022	-7.00952	-8.09974
BLOCK27/SES270/SA270S28	SES270	1.52517	-4.44071	-5.96587
BLOCK27/SES275/SA275S17	SES275	0.249692	-5.76239	-6.01209
BLOCK27/SES275/SA275S18	SES275	-0.0644574	-6.31615	-6.25169
BLOCK27/SES275/SA275S24	SES275	0.436681	-6.17603	-6.61271
BLOCK27/SES275/SA275S26	SES275	0.561909	-5.73769	-6.2996
BLOCK27/SES275/SA275S28	SES275	0.380163	-5.75363	-6.13379
BLOCK29/SES292/SA292S10	SES292	-0.718052	-6.59859	-5.88054
BLOCK29/SES292/SA292S12	SES292	0.119867	-7.73631	-7.85618
BLOCK29/SES292/SA292S22	SES292	-0.251212	-6.5396	-6.28839
BLOCK29/SES292/SA292S24	SES292	0.432401	-4.7348	-5.16721
BLOCK29/SES292/SA292S27	SES292	-0.496287	-5.80902	-5.31274
BLOCK00/SES001/SA001S14	SES062	-2.49902	-10.6697	-8.17063
BLOCK00/SES001/SA001S14	SES082	-0.715859	-8.88649	-8.17063
BLOCK00/SES001/SA001S14	SES106	-0.928102	-9.09874	-8.17063
BLOCK00/SES001/SA001S14	SES206	-0.872698	-9.04333	-8.17063
BLOCK00/SES001/SA001S15	SES062	-2.33729	-9.46856	-7.13127
BLOCK00/SES001/SA001S15	SES104	-0.646763	-7.77804	-7.13127
BLOCK00/SES001/SA001S15	SES106	-0.0268188	-7.15809	-7.13127
BLOCK00/SES001/SA001S15	SES206	-1.90737	-9.03865	-7.13127
BLOCK00/SES001/SA001S24	SES062	-2.757	-10.8049	-8.04793
BLOCK00/SES001/SA001S24	SES082	-1.54509	-9.59303	-8.04793
BLOCK00/SES001/SA001S24	SES087	-3.13835	-11.1863	-8.04793
BLOCK00/SES001/SA001S24	SES206	-1.36975	-9.41768	-8.04793
BLOCK00/SES001/SA001S27	SES062	-1.16118	-5.61519	-4.45401
BLOCK00/SES001/SA001S27	SES082	-0.862326	-5.31634	-4.45401
BLOCK00/SES001/SA001S27	SES087	-0.893939	-5.34795	-4.45401
BLOCK00/SES001/SA001S27	SES206	-1.48576	-5.93977	-4.45401
BLOCK00/SES001/SA001S29	SES062	-1.94707	-9.43464	-7.48757
BLOCK00/SES001/SA001S29	SES082	-0.693747	-8.18132	-7.48757
BLOCK00/SES001/SA001S29	SES158	-0.710463	-8.19803	-7.48757
BLOCK00/SES001/SA001S29	SES206	-1.30805	-8.79562	-7.48757
BLOCK00/SES003/SA003S11	SES002	-0.177533	-6.29492	-6.11738
BLOCK00/SES003/SA003S11	SES019	-1.63438	-7.75176	-6.11738
BLOCK00/SES003/SA003S11	SES082	-0.219974	-6.33736	-6.11738
BLOCK00/SES003/SA003S11	SES125	-1.04378	-7.16117	-6.11738
BLOCK00/SES003/SA003S15	SES016	-1.22563	-7.23939	-6.01376
BLOCK00/SES003/SA003S15	SES019	-2.77874	-8.7925	-6.01376
BLOCK00/SES003/SA003S15	SES062	-0.369266	-6.38302	-6.01376
BLOCK00/SES003/SA003S15	SES206	-1.04516	-7.05892	-6.01376
BLOCK00/SES003/SA003S22	SES002	-0.606196	-6.63619	-6.02999
BLOCK00/SES003/SA003S22	SES062	-0.709256	-6.73925	-6.02999
BLOCK00/SES003/SA003S22	SES082	-1.1552	-7.18519	-6.02999
BLOCK00/SES003/SA003S22	SES087	-0.77494	-6.80493	-6.02999
BLOCK00/SES003/SA003S25	SES062	-2.04663	-9.98509	-7.93847
BLOCK00/SES003/SA003S25	SES082	-0.362127	-8.3006	-7.93847
BLOCK00/SES003/SA003S25	SES087	-0.554211	-8.49268	-7.93847
BLOCK00/SES003/SA003S25	SES206	-1.43048	-9.36895	-7.93847
BLOCK00/SES003/SA003S29	SES002	-0.594454	-7.1747	-6.58024
BLOCK00/SES003/SA003S29	SES062	-1.72275	-8.30299	-6.58024
BLOCK00/SES003/SA003S29	SES082	-0.344715	-6.92496	-6.58024
BLOCK00/SES003/SA003S29	SES087	-1.08476	-7.665	-6.58024
BLOCK00/SES004/SA004S12	SES083	-1.55636	-6.69345	-5.13709
BLOCK00/SES004/SA004S12	SES148	-1.53491	-6.672	-5.13709
BLOCK00/SES004/SA004S12	SES172	-0.327408	-5.4645	-5.13709
BLOCK00/SES004/SA004S12	SES292	-2.09198	-7.22907	-5.13709
BLOCK00/SES004/SA004S17	SES083	-1.52867	-6.75916	-5.2305
BLOCK00/SES004/SA004S17	SES162	-0.386214	-5.61671	-5.2305
BLOCK00/SES004/SA004S17	SES172	-0.684941	-5.91544	-5.2305
BLOCK00/SES004/SA004S17	SES292	-1.35414	-6.58463	-5.2305
BLOCK00/SES004/SA004S24	SES083	-1.38151	-6.95993	-5.57842
BLOCK00/SES004/SA004S24	SES148	-2.61736	-8.19579	-5.57842
BLOCK00/SES004/SA004S24	SES172	-0.175329	-5.75375	-5.57842
BLOCK00/SES004/SA004S24	SES292	-1.68862	-7.26705	-5.57842
BLOCK00/SES004/SA004S26	SES083	-1.16343	-7.74524	-6.58181
BLOCK00/SES004/SA004S26	SES127	-2.5005	-9.08231	-6.58181
BLOCK00/SES004/SA004S26	SES148	-3.48069	-10.0625	-6.58181
BLOCK00/SES004/SA004S26	SES292	-2.73224	-9.31405	-6.58181
BLOCK00/SES004/SA004S28	SES083	-0.749598	-4.06726	-3.31766
BLOCK00/SES004/SA004S28	SES127	-0.302751	-3.62041	-3.31766
BLOCK00/SES004/SA004S28	SES187	-0.240129	-3.55779	-3.31766
BLOCK00/SES004/SA004S28	SES292	-1.89364	-5.2113	-3.31766
BLOCK00/SES006/SA006S10	SES014	-5.09032	-15.0624	-9.9721
BLOCK00/SES006/SA006S10	SES158	-4.44201	-14.4141	-9.9721
BLOCK00/SES006/SA006S10	SES226	-5.9081	-15.8802	-9.9721
BLOCK00/SES006/SA006S10	SES270	-2.48453	-12.4566	-9.9721
BLOCK00/SES006/SA006S11	SES158	-3.7245	-12.45	-8.72549
BLOCK00/SES006/SA006S11	SES226	-3.75468	-12.4802	-8.72549
BLOCK00/SES006/SA006S11	SES270	-2.07404	-10.7995	-8.72549
BLOCK00/SES006/SA006S11	SES275	-2.14151	-10.867	-8.72549
BLOCK00/SES006/SA006S23	SES062	-4.45711	-12.8083	-8.35119
BLOCK00/SES006/SA006S23	SES105	-3.8489	-12.2001	-8.35119
BLOCK00/SES006/SA006S23	SES158	-3.72093	-12.0721	-8.35119
BLOCK00/SES006/SA006S23	SES275	-2.36478	-10.716	-8.35119
BLOCK00/SES006/SA006S26	SES104	-4.91876	-13.603	-8.68426
BLOCK00/SES006/SA006S26	SES158	-4.56158	-13.2458	-8.68426
BLOCK00/SES006/SA006S26	SES270	-1.11933	-9.80359	-8.68426
BLOCK00/SES006/SA006S26	SES275	-2.25824	-10.9425	-8.68426
BLOCK00/SES006/SA006S28	SES007	-3.01875	-12.1024	-9.08363
BLOCK00/SES006/SA006S28	SES105	-3.01946	-12.1031	-9.08363
BLOCK00/SES006/SA006S28	SES158	-1.77051	-10.8541	-9.08363
BLOCK00/SES006/SA006S28	SES275	-2.46221	-11.5458	-9.08363
BLOCK00/SES009/SA009S12	SES083	-2.28141	-9.3371	-7.05569
BLOCK00/SES009/SA009S12	SES148	-3.23773	-10.2934	-7.05569
BLOCK00/SES009/SA009S12	SES177	-0.594074	-7.64976	-7.05569
BLOCK00/SES009/SA009S12	SES292	-1.29354	-8.34923	-7.05569
BLOCK00/SES009/SA009S15	SES007	-0.484325	-6.86768	-6.38336
BLOCK00/SES009/SA009S15	SES099	-3.3587	-9.74206	-6.38336
BLOCK00/SES009/SA009S15	SES148	-2.73317	-9.11653	-6.38336
BLOCK00/SES009/SA009S15	SES172	-0.47656	-6.85992	-6.38336
BLOCK00/SES009/SA009S24	SES146	-1.06391	-8.67501	-7.61109
BLOCK00/SES009/SA009S24	SES148	-3.3336	-10.9447	-7.61109
BLOCK00/SES009/SA009S24	SES177	-0.600577	-8.21167	-7.61109
BLOCK00/SES009/SA009S24	SES292	-1.49177	-9.10286	-7.61109
BLOCK00/SES009/SA009S26	SES083	-2.23052	-8.61276	-6.38224
BLOCK00/SES009/SA009S26	SES101	-2.25616	-8.6384	-6.38224
BLOCK00/SES009/SA009S26	SES120	-1.04279	-7.42502	-6.38224
BLOCK00/SES009/SA009S26	SES177	-0.450361	-6.8326	-6.38224
BLOCK00/SES009/SA009S29	SES083	-1.98246	-8.10483	-6.12237
BLOCK00/SES009/SA009S29	SES101	-1.76784	-7.89021	-6.12237
BLOCK00/SES009/SA009S29	SES177	-0.673143	-6.79551	-6.12237
BLOCK00/SES009/SA009S29	SES292	-1.52355	-7.64592	-6.12237
BLOCK01/SES011/SA011S10	SES019	-2.8413	-12.255	-9.41368
BLOCK01/SES011/SA011S10	SES042	-0.103338	-9.51702	-9.41368
BLOCK01/SES011/SA011S10	SES082	-1.35427	-10.768	-9.41368
BLOCK01/SES011/SA011S10	SES206	-0.563894	-9.97758	-9.41368
BLOCK01/SES011/SA011S11	SES019	-1.99197	-10.6421	-8.65012
BLOCK01/SES011/SA011S11	SES042	-0.39005	-9.04017	-8.65012
BLOCK01/SES011/SA011S11	SES082	-0.689183	-9.3393	-8.65012
BLOCK01/SES011/SA011S11	SES206	-1.96652	-10.6166	-8.65012
BLOCK01/SES011/SA011S22	SES019	-2.12941	-11.1847	-9.05532
BLOCK01/SES011/SA011S22	SES042	0.346806	-8.70852	-9.05532
BLOCK01/SES011/SA011S22	SES082	-0.833424	-9.88875	-9.05532
BLOCK01/SES011/SA011S22	SES206	-1.3034	-10.3587	-9.05532
BLOCK01/SES011/SA011S24	SES019	-3.90272	-12.2051	-8.30235
BLOCK01/SES011/SA011S24	SES042	-0.25374	-8.55609	-8.30235
BLOCK01/SES011/SA011S24	SES104	-0.939054	-9.2414	-8.30235
BLOCK01/SES011/SA011S24	SES206	-0.389646	-8.692	-8.30235
BLOCK01/SES011/SA011S27	SES082	-0.851658	-8.2872	-7.43554
BLOCK01/SES011/SA011S27	SES087	-3.19015	-10.6257	-7.43554
BLOCK01/SES011/SA011S27	SES125	-1.4674	-8.90295	-7.43554
BLOCK01/SES011/SA011S27	SES206	-1.60596	-9.0415	-7.43554
BLOCK01/SES012/SA012S11	SES007	-0.278752	-6.3353	-6.05655
BLOCK01/SES012/SA012S11	SES082	-0.70639	-6.76294	-6.05655
BLOCK01/SES012/SA012S11	SES083	-1.67848	-7.73503	-6.05655
BLOCK01/SES012/SA012S11	SES206	-0.789859	-6.84641	-6.05655
BLOCK01/SES012/SA012S14	SES082	-0.554425	-8.26955	-7.71512
BLOCK01/SES012/SA012S14	SES087	-2.35328	-10.0684	-7.71512
BLOCK01/SES012/SA012S14	SES206	-0.173877	-7.889	-7.71512
BLOCK01/SES012/SA012S14	SES292	-1.35961	-9.07473	-7.71512
BLOCK01/SES012/SA012S24	SES082	-0.104654	-9.75192	-9.64727
BLOCK01/SES012/SA012S24	SES087	-1.8107	-11.458	-9.64727
BLOCK01/SES012/SA012S24	SES120	-2.06044	-11.7077	-9.64727
BLOCK01/SES012/SA012S24	SES206	-1.09063	-10.7379	-9.64727
BLOCK01/SES012/SA012S26	SES019	-5.52508	-14.8661	-9.34098
BLOCK01/SES012/SA012S26	SES082	-1.38039	-10.7214	-9.34098
BLOCK01/SES012/SA012S26	SES206	-0.0677128	-9.40869	-9.34098
BLOCK01/SES012/SA012S26	SES292	-0.758782	-10.0998	-9.34098
BLOCK01/SES012/SA012S29	SES062	-1.57253	-5.92759	-4.35506
BLOCK01/SES012/SA012S29	SES082	-0.329013	-4.68407	-4.35506
BLOCK01/SES012/SA012S29	SES083	-1.76844	-6.1235	-4.35506
BLOCK01/SES012/SA012S29	SES206	-0.0108709	-4.36593	-4.35506
BLOCK01/SES013/SA013S16	SES062	-3.30327	-12.3146	-9.01136
BLOCK01/SES013/SA013S16	SES106	-1.53707	-10.5484	-9.01136
BLOCK01/SES013/SA013S16	SES206	-1.79073	-10.8021	-9.01136
BLOCK01/SES013/SA013S16	SES226	-2.07204	-11.0834	-9.01136
BLOCK01/SES013/SA013S17	SES062	-1.57246	-8.45759	-6.88513
BLOCK01/SES013/SA013S17	SES106	-1.42668	-8.31181	-6.88513
BLOCK01/SES013/SA013S17	SES206	-0.374868	-7.26	-6.88513
BLOCK01/SES013/SA013S17	SES226	0.248949	-6.63618	-6.88513
BLOCK01/SES013/SA013S23	SES104	-0.622095	-8.63738	-8.01529
BLOCK01/SES013/SA013S23	SES106	-0.563838	-8.57913	-8.01529
BLOCK01/SES013/SA013S23	SES206	-1.64564	-9.66093	-8.01529
BLOCK01/SES013/SA013S23	SES270	-1.72563	-9.74092	-8.01529
BLOCK01/SES013/SA013S25	SES042	-3.31225	-11.4022	-8.08992
BLOCK01/SES013/SA013S25	SES104	0.0315876	-8.05833	-8.08992
BLOCK01/SES013/SA013S25	SES106	-0.459148	-8.54906	-8.08992
BLOCK01/SES013/SA013S25	SES206	-1.04792	-9.13784	-8.08992
BLOCK01/SES013/SA013S29	SES062	-2.40785	-10.9439	-8.53605
BLOCK01/SES013/SA013S29	SES104	-0.58407	-9.12012	-8.53605
BLOCK01/SES013/SA013S29	SES106	-0.586755	-9.12281	-8.53605
BLOCK01/SES013/SA013S29	SES206	-1.55558	-10.0916	-8.53605
BLOCK02/SES021/SA021S13	SES016	-2.16514	-9.14653	-6.98139
BLOCK02/SES021/SA021S13	SES029	-0.733809	-7.71519	-6.98139
BLOCK02/SES021/SA021S13	SES087	-3.11511	-10.0965	-6.98139
BLOCK02/SES021/SA021S13	SES206	-2.23769	-9.21907	-6.98139
BLOCK02/SES021/SA021S15	SES087	-0.5013	-7.3556	-6.8543
BLOCK02/SES021/SA021S15	SES125	-0.331738	-7.18604	-6.8543
BLOCK02/SES021/SA021S15	SES206	-1.2951	-8.14939	-6.8543
BLOCK02/SES021/SA021S15	SES226	-1.26241	-8.11671	-6.8543
BLOCK02/SES021/SA021S23	SES062	-2.81289	-10.9963	-8.18345
BLOCK02/SES021/SA021S23	SES087	-0.172799	-8.35625	-8.18345
BLOCK02/SES021/SA021S23	SES206	-1.02284	-9.20629	-8.18345
BLOCK02/SES021/SA021S23	SES226	-0.426439	-8.60989	-8.18345
BLOCK02/SES021/SA021S27	SES002	-1.59026	-6.91016	-5.3199
BLOCK02/SES021/SA021S27	SES016	-3.45629	-8.77618	-5.3199
BLOCK02/SES021/SA021S27	SES019	-2.21901	-7.53891	-5.3199
BLOCK02/SES021/SA021S27	SES062	-1.2678	-6.5877	-5.3199
BLOCK02/SES021/SA021S29	SES087	-0.799604	-7.81344	-7.01384
BLOCK02/SES021/SA021S29	SES125	-1.74838	-8.76222	-7.01384
BLOCK02/SES021/SA021S29	SES206	-0.239723	-7.25356	-7.01384
BLOCK02/SES021/SA021S29	SES226	-0.717434	-7.73127	-7.01384
BLOCK04/SES043/SA043S09	SES083	-0.575638	-8.43003	-7.85439
BLOCK04/SES043/SA043S09	SES101	-0.589161	-8.44355	-7.85439
BLOCK04/SES043/SA043S09	SES144	-0.392586	-8.24698	-7.85439
BLOCK04/SES043/SA043S09	SES172	-1.07995	-8.93434	-7.85439
BLOCK04/SES043/SA043S11	SES083	-0.393278	-5.72641	-5.33313
BLOCK04/SES043/SA043S11	SES101	-0.522217	-5.85535	-5.33313
BLOCK04/SES043/SA043S11	SES144	0.126844	-5.20629	-5.33313
BLOCK04/SES043/SA043S11	SES172	-1.29354	-6.62667	-5.33313
BLOCK04/SES043/SA043S23	SES083	-0.484488	-6.53623	-6.05175
BLOCK04/SES043/SA043S23	SES144	0.187839	-5.86391	-6.05175
BLOCK04/SES043/SA043S23	SES177	-0.679639	-6.73139	-6.05175
BLOCK04/SES043/SA043S23	SES275	-0.791916	-6.84366	-6.05175
BLOCK04/SES043/SA043S26	SES083	-0.555409	-9.98974	-9.43433
BLOCK04/SES043/SA043S26	SES101	-0.641743	-10.0761	-9.43433
BLOCK04/SES043/SA043S26	SES144	-0.481788	-9.91612	-9.43433
BLOCK04/SES043/SA043S26	SES177	-1.7437	-11.178	-9.43433
BLOCK04/SES043/SA043S28	SES016	-1.19441	-7.98348	-6.78907
BLOCK04/SES043/SA043S28	SES083	-0.728792	-7.51787	-6.78907
BLOCK04/SES043/SA043S28	SES101	-0.426331	-7.21541	-6.78907
BLOCK04/SES043/SA043S28	SES144	-0.857083	-7.64616	-6.78907
BLOCK04/SES044/SA044S10	SES127	-4.64768	-15.0947	-10.447
BLOCK04/SES044/SA044S10	SES144	-0.955246	-11.4022	-10.447
BLOCK04/SES044/SA044S10	SES147	-3.50941	-13.9564	-10.447
BLOCK04/SES044/SA044S10	SES148	-3.87307	-14.32	-10.447
BLOCK04/SES044/SA044S11	SES101	-1.24922	-9.36246	-8.11324
BLOCK04/SES044/SA044S11	SES144	-0.361897	-8.47514	-8.11324
BLOCK04/SES044/SA044S11	SES147	-1.79174	-9.90498	-8.11324
BLOCK04/SES044/SA044S11	SES177	-1.79465	-9.90789	-8.11324
BLOCK04/SES044/SA044S24	SES007	-1.76847	-9.63436	-7.86589
BLOCK04/SES044/SA044S24	SES101	-0.921987	-8.78788	-7.86589
BLOCK04/SES044/SA044S24	SES147	-1.91504	-9.78094	-7.86589
BLOCK04/SES044/SA044S24	SES177	-1.02403	-8.88993	-7.86589
BLOCK04/SES044/SA044S26	SES007	-1.09235	-6.95326	-5.8609
BLOCK04/SES044/SA044S26	SES016	-1.12921	-6.99012	-5.8609
BLOCK04/SES044/SA044S26	SES101	-1.47821	-7.33911	-5.8609
BLOCK04/SES044/SA044S26	SES147	-0.432837	-6.29374	-5.8609
BLOCK04/SES044/SA044S29	SES007	-2.34938	-8.38081	-6.03142
BLOCK04/SES044/SA044S29	SES101	-1.93378	-7.96521	-6.03142
BLOCK04/SES044/SA044S29	SES147	-1.71809	-7.74951	-6.03142
BLOCK04/SES044/SA044S29	SES177	-2.05045	-8.08187	-6.03142
BLOCK04/SES046/SA046S13	SES101	-0.946757	-8.93992	-7.99316
BLOCK04/SES046/SA046S13	SES144	-0.480952	-8.47411	-7.99316
BLOCK04/SES046/SA046S13	SES147	-1.48225	-9.47541	-7.99316
BLOCK04/SES046/SA046S13	SES177	-1.85642	-9.84958	-7.99316
BLOCK04/SES046/SA046S15	SES048	-0.361879	-4.80434	-4.44246
BLOCK04/SES046/SA046S15	SES083	-0.85333	-5.29579	-4.44246
BLOCK04/SES046/SA046S15	SES120	-2.22146	-6.66392	-4.44246
BLOCK04/SES046/SA046S15	SES148	-1.12294	-5.5654	-4.44246
BLOCK04/SES046/SA046S22	SES101	-0.61657	-7.70161	-7.08504
BLOCK04/SES046/SA046S22	SES144	0.185943	-6.89909	-7.08504
BLOCK04/SES046/SA046S22	SES147	-1.14163	-8.22667	-7.08504
BLOCK04/SES046/SA046S22	SES172	-0.179931	-7.26497	-7.08504
BLOCK04/SES046/SA046S25	SES083	-0.518382	-5.64296	-5.12458
BLOCK04/SES046/SA046S25	SES127	-1.41983	-6.5444	-5.12458
BLOCK04/SES046/SA046S25	SES144	-0.261081	-5.38566	-5.12458
BLOCK04/SES046/SA046S25	SES148	-0.882944	-6.00752	-5.12458
BLOCK04/SES046/SA046S28	SES007	-2.00377	-8.18667	-6.1829
BLOCK04/SES046/SA046S28	SES105	-2.47029	-8.6532	-6.1829
BLOCK04/SES046/SA046S28	SES147	-1.31304	-7.49595	-6.1829
BLOCK04/SES046/SA046S28	SES148	-2.4193	-8.60221	-6.1829
BLOCK04/SES049/SA049S16	SES104	-0.903735	-9.3825	-8.47877
BLOCK04/SES049/SA049S16	SES106	-2.10987	-10.5886	-8.47877
BLOCK04/SES049/SA049S16	SES120	-1.70347	-10.1822	-8.47877
BLOCK04/SES049/SA049S16	SES206	-1.48233	-9.9611	-8.47877
BLOCK04/SES049/SA049S18	SES099	-0.227848	-8.69024	-8.46239
BLOCK04/SES049/SA049S18	SES104	-1.38095	-9.84334	-8.46239
BLOCK04/SES049/SA049S18	SES125	-2.33056	-10.793	-8.46239
BLOCK04/SES049/SA049S18	SES206	-2.34256	-10.805	-8.46239
BLOCK04/SES049/SA049S25	SES087	-1.33926	-9.95349	-8.61423
BLOCK04/SES049/SA049S25	SES104	-0.0380955	-8.65232	-8.61423
BLOCK04/SES049/SA049S25	SES125	-1.73443	-10.3487	-8.61423
BLOCK04/SES049/SA049S25	SES206	-1.11838	-9.73261	-8.61423
BLOCK04/SES049/SA049S27	SES099	-0.544449	-5.162	-4.61755
BLOCK04/SES049/SA049S27	SES104	0.0629072	-4.55464	-4.61755
BLOCK04/SES049/SA049S27	SES125	-1.57134	-6.18889	-4.61755
BLOCK04/SES049/SA049S27	SES206	-1.75268	-6.37023	-4.61755
BLOCK04/SES049/SA049S29	SES099	0.10069	-5.39092	-5.49161
BLOCK04/SES049/SA049S29	SES104	0.104738	-5.38687	-5.49161
BLOCK04/SES049/SA049S29	SES125	-0.453162	-5.94477	-5.49161
BLOCK04/SES049/SA049S29	SES206	-0.937331	-6.42894	-5.49161
BLOCK06/SES063/SA063S09	SES068	-1.97055	-10.6468	-8.67624
BLOCK06/SES063/SA063S09	SES083	-1.06987	-9.74611	-8.67624
BLOCK06/SES063/SA063S09	SES177	-1.06278	-9.73903	-8.67624
BLOCK06/SES063/SA063S09	SES187	-1.0985	-9.77475	-8.67624
BLOCK06/SES063/SA063S10	SES068	-2.10937	-10.136	-8.02659
BLOCK06/SES063/SA063S10	SES083	-1.26167	-9.28826	-8.02659
BLOCK06/SES063/SA063S10	SES172	-1.53391	-9.5605	-8.02659
BLOCK06/SES063/SA063S10	SES187	-0.96973	-8.99632	-8.02659
BLOCK06/SES063/SA063S20	SES068	-2.37766	-11.2417	-8.86405
BLOCK06/SES063/SA063S20	SES083	-0.763639	-9.62769	-8.86405
BLOCK06/SES063/SA063S20	SES172	-0.631168	-9.49521	-8.86405
BLOCK06/SES063/SA063S20	SES187	-1.01453	-9.87858	-8.86405
BLOCK06/SES063/SA063S24	SES029	-2.39858	-10.9809	-8.58233
BLOCK06/SES063/SA063S24	SES083	-0.74207	-9.3244	-8.58233
BLOCK06/SES063/SA063S24	SES177	-0.891473	-9.4738	-8.58233
BLOCK06/SES063/SA063S24	SES189	-0.729606	-9.31194	-8.58233
BLOCK06/SES063/SA063S27	SES083	-0.812292	-9.07896	-8.26667
BLOCK06/SES063/SA063S27	SES172	-0.961975	-9.22864	-8.26667
BLOCK06/SES063/SA063S27	SES187	-1.35493	-9.6216	-8.26667
BLOCK06/SES063/SA063S27	SES292	-1.14297	-9.40964	-8.26667
BLOCK06/SES067/SA067S12	SES083	-1.75873	-7.94739	-6.18865
BLOCK06/SES067/SA067S12	SES172	-2.00838	-8.19703	-6.18865
BLOCK06/SES067/SA067S12	SES202	-1.49768	-7.68633	-6.18865
BLOCK06/SES067/SA067S12	SES292	-1.67567	-7.86432	-6.18865
BLOCK06/SES067/SA067S14	SES085	-0.749168	-4.72703	-3.97786
BLOCK06/SES067/SA067S14	SES177	-1.53814	-5.51601	-3.97786
BLOCK06/SES067/SA067S14	SES183	0.582322	-3.39554	-3.97786
BLOCK06/SES067/SA067S14	SES202	-1.69763	-5.67549	-3.97786
BLOCK06/SES067/SA067S21	SES144	-0.992702	-8.47789	-7.48519
BLOCK06/SES067/SA067S21	SES177	-1.02137	-8.50656	-7.48519
BLOCK06/SES067/SA067S21	SES183	-0.0239024	-7.50909	-7.48519
BLOCK06/SES067/SA067S21	SES189	-0.535658	-8.02085	-7.48519
BLOCK06/SES067/SA067S25	SES085	-2.80734	-9.37117	-6.56383
BLOCK06/SES067/SA067S25	SES177	-0.730376	-7.29421	-6.56383
BLOCK06/SES067/SA067S25	SES183	-1.03835	-7.60218	-6.56383
BLOCK06/SES067/SA067S25	SES202	-1.2104	-7.77423	-6.56383
BLOCK06/SES067/SA067S29	SES085	-3.70726	-11.8771	-8.16985
BLOCK06/SES067/SA067S29	SES177	-2.58097	-10.7508	-8.16985
BLOCK06/SES067/SA067S29	SES183	-0.173758	-8.34361	-8.16985
BLOCK06/SES067/SA067S29	SES202	-1.74379	-9.91364	-8.16985
BLOCK06/SES069/SA069S12	SES029	-1.20314	-7.42417	-6.22103
BLOCK06/SES069/SA069S12	SES082	-0.0546589	-6.27569	-6.22103
BLOCK06/SES069/SA069S12	SES087	-0.523427	-6.74445	-6.22103
BLOCK06/SES069/SA069S12	SES206	-0.00806665	-6.22909	-6.22103
BLOCK06/SES069/SA069S13	SES029	-1.24363	-6.53644	-5.2928
BLOCK06/SES069/SA069S13	SES087	-0.121062	-5.41387	-5.2928
BLOCK06/SES069/SA069S13	SES206	-0.865557	-6.15836	-5.2928
BLOCK06/SES069/SA069S13	SES226	0.0984206	-5.19438	-5.2928
BLOCK06/SES069/SA069S23	SES029	-0.252556	-4.34169	-4.08913
BLOCK06/SES069/SA069S23	SES087	0.6746	-3.41453	-4.08913
BLOCK06/SES069/SA069S23	SES206	-0.607828	-4.69696	-4.08913
BLOCK06/SES069/SA069S23	SES226	0.322771	-3.76636	-4.08913
BLOCK06/SES069/SA069S25	SES087	-0.771974	-6.54449	-5.77251
BLOCK06/SES069/SA069S25	SES206	-2.087	-7.85951	-5.77251
BLOCK06/SES069/SA069S25	SES226	-0.648333	-6.42085	-5.77251
BLOCK06/SES069/SA069S25	SES270	-1.36469	-7.1372	-5.77251
BLOCK06/SES069/SA069S27	SES087	-0.834947	-7.23032	-6.39538
BLOCK06/SES069/SA069S27	SES206	-1.10985	-7.50522	-6.39538
BLOCK06/SES069/SA069S27	SES226	-0.304259	-6.69964	-6.39538
BLOCK06/SES069/SA069S27	SES270	-1.73294	-8.12831	-6.39538
BLOCK08/SES081/SA081S11	SES060	-1.78629	-9.32696	-7.54067
BLOCK08/SES081/SA081S11	SES062	-0.484805	-8.02547	-7.54067
BLOCK08/SES081/SA081S11	SES117	-2.26956	-9.81023	-7.54067
BLOCK08/SES081/SA081S11	SES162	-2.72319	-10.2639	-7.54067
BLOCK08/SES081/SA081S13	SES016	-1.65632	-7.70439	-6.04808
BLOCK08/SES081/SA081S13	SES060	-0.655457	-6.70353	-6.04808
BLOCK08/SES081/SA081S13	SES068	-0.81387	-6.86195	-6.04808
BLOCK08/SES081/SA081S13	SES129	-2.32846	-8.37654	-6.04808
BLOCK08/SES081/SA081S24	SES060	-0.631773	-7.17043	-6.53865
BLOCK08/SES081/SA081S24	SES068	-0.830833	-7.36949	-6.53865
BLOCK08/SES081/SA081S24	SES117	-1.47085	-8.0095	-6.53865
BLOCK08/SES081/SA081S24	SES275	-1.17533	-7.71398	-6.53865
BLOCK08/SES081/SA081S27	SES007	-0.814441	-10.098	-9.28356
BLOCK08/SES081/SA081S27	SES060	-1.54511	-10.8287	-9.28356
BLOCK08/SES081/SA081S27	SES117	-1.30199	-10.5855	-9.28356
BLOCK08/SES081/SA081S27	SES275	-2.25524	-11.5388	-9.28356
BLOCK08/SES081/SA081S29	SES007	-0.668059	-9.68745	-9.01939
BLOCK08/SES081/SA081S29	SES060	-0.624844	-9.64424	-9.01939
BLOCK08/SES081/SA081S29	SES117	-1.14623	-10.1656	-9.01939
BLOCK08/SES081/SA081S29	SES275	-2.64919	-11.6686	-9.01939
BLOCK08/SES086/SA086S11	SES029	-3.31879	-13.3201	-10.0013
BLOCK08/SES086/SA086S11	SES082	-0.964071	-10.9654	-10.0013
BLOCK08/SES086/SA086S11	SES087	-0.00868416	-10.01	-10.0013
BLOCK08/SES086/SA086S11	SES206	-0.996468	-10.9978	-10.0013
BLOCK08/SES086/SA086S12	SES029	-2.90704	-10.9251	-8.01802
BLOCK08/SES086/SA086S12	SES082	-1.85374	-9.87176	-8.01802
BLOCK08/SES086/SA086S12	SES087	0.187524	-7.8305	-8.01802
BLOCK08/SES086/SA086S12	SES206	-0.673519	-8.69154	-8.01802
BLOCK08/SES086/SA086S20	SES029	-1.73037	-9.47475	-7.74438
BLOCK08/SES086/SA086S20	SES082	-0.975409	-8.71979	-7.74438
BLOCK08/SES086/SA086S20	SES087	0.0917816	-7.6526	-7.74438
BLOCK08/SES086/SA086S20	SES206	-0.282482	-8.02687	-7.74438
BLOCK08/SES086/SA086S24	SES087	-0.210685	-8.73083	-8.52015
BLOCK08/SES086/SA086S24	SES104	-0.451821	-8.97197	-8.52015
BLOCK08/SES086/SA086S24	SES120	-0.379695	-8.89984	-8.52015
BLOCK08/SES086/SA086S24	SES206	0.013586	-8.50656	-8.52015
BLOCK08/SES086/SA086S28	SES029	-2.17706	-8.68845	-6.5114
BLOCK08/SES086/SA086S28	SES082	-1.01964	-7.53104	-6.5114
BLOCK08/SES086/SA086S28	SES087	-0.4101	-6.9215	-6.5114
BLOCK08/SES086/SA086S28	SES206	-0.452095	-6.96349	-6.5114
BLOCK08/SES089/SA089S13	SES087	-0.327085	-9.27203	-8.94495
BLOCK08/SES089/SA089S13	SES206	-1.44432	-10.3893	-8.94495
BLOCK08/SES089/SA089S13	SES226	-0.437881	-9.38283	-8.94495
BLOCK08/SES089/SA089S13	SES270	-0.57076	-9.51571	-8.94495
BLOCK08/SES089/SA089S14	SES062	-1.81695	-9.15928	-7.34233
BLOCK08/SES089/SA089S14	SES087	-0.545244	-7.88757	-7.34233
BLOCK08/SES089/SA089S14	SES206	-1.19341	-8.53574	-7.34233
BLOCK08/SES089/SA089S14	SES226	-1.68003	-9.02236	-7.34233
BLOCK08/SES089/SA089S23	SES087	-0.6192	-10.9351	-10.3159
BLOCK08/SES089/SA089S23	SES206	-0.873814	-11.1897	-10.3159
BLOCK08/SES089/SA089S23	SES226	-1.73056	-12.0464	-10.3159
BLOCK08/SES089/SA089S23	SES270	-2.16408	-12.48	-10.3159
BLOCK08/SES089/SA089S25	SES062	-0.984455	-8.69698	-7.71252
BLOCK08/SES089/SA089S25	SES087	0.146762	-7.56576	-7.71252
BLOCK08/SES089/SA089S25	SES206	-1.12584	-8.83836	-7.71252
BLOCK08/SES089/SA089S25	SES226	-0.0845022	-7.79702	-7.71252
BLOCK08/SES089/SA089S28	SES062	-1.0816	-8.45356	-7.37196
BLOCK08/SES089/SA089S28	SES087	0.0708523	-7.30111	-7.37196
BLOCK08/SES089/SA089S28	SES206	-1.1127	-8.48466	-7.37196
BLOCK08/SES089/SA089S28	SES226	-0.14897	-7.52093	-7.37196
BLOCK09/SES097/SA097S11	SES099	0.629955	-7.09331	-7.72327
BLOCK09/SES097/SA097S11	SES125	-0.695651	-8.41892	-7.72327
BLOCK09/SES097/SA097S11	SES206	-1.26097	-8.98423	-7.72327
BLOCK09/SES097/SA097S11	SES226	1.04145	-6.68182	-7.72327
BLOCK09/SES097/SA097S14	SES062	-2.13991	-8.64929	-6.50939
BLOCK09/SES097/SA097S14	SES099	-0.883975	-7.39336	-6.50939
BLOCK09/SES097/SA097S14	SES104	-1.23346	-7.74284	-6.50939
BLOCK09/SES097/SA097S14	SES206	-1.67525	-8.18463	-6.50939
BLOCK09/SES097/SA097S22	SES099	0.587303	-7.02473	-7.61203
BLOCK09/SES097/SA097S22	SES206	-0.730709	-8.34274	-7.61203
BLOCK09/SES097/SA097S22	SES226	-0.946599	-8.55863	-7.61203
BLOCK09/SES097/SA097S22	SES270	-1.04288	-8.65491	-7.61203
BLOCK09/SES097/SA097S26	SES099	0.507325	-7.53142	-8.03875
BLOCK09/SES097/SA097S26	SES120	-1.2307	-9.26945	-8.03875
BLOCK09/SES097/SA097S26	SES206	-1.39829	-9.43704	-8.03875
BLOCK09/SES097/SA097S26	SES226	-0.12066	-8.15941	-8.03875
BLOCK09/SES097/SA097S28	SES099	0.957388	-5.97094	-6.92833
BLOCK09/SES097/SA097S28	SES120	-0.759381	-7.68771	-6.92833
BLOCK09/SES097/SA097S28	SES206	-0.91311	-7.84144	-6.92833
BLOCK09/SES097/SA097S28	SES226	-0.803374	-7.73171	-6.92833
BLOCK09/SES098/SA098S11	SES127	-1.67325	-8.21583	-6.54258
BLOCK09/SES098/SA098S11	SES144	-1.32237	-7.86494	-6.54258
BLOCK09/SES098/SA098S11	SES147	-0.988479	-7.53106	-6.54258
BLOCK09/SES098/SA098S11	SES148	-2.34745	-8.89003	-6.54258
BLOCK09/SES098/SA098S12	SES127	-3.61283	-11.697	-8.08415
BLOCK09/SES098/SA098S12	SES144	-2.61142	-10.6956	-8.08415
BLOCK09/SES098/SA098S12	SES147	-1.74061	-9.82476	-8.08415
BLOCK09/SES098/SA098S12	SES189	-2.28554	-10.3697	-8.08415
BLOCK09/SES098/SA098S20	SES127	-5.2956	-13.9347	-8.63908
BLOCK09/SES098/SA098S20	SES147	-4.27614	-12.9152	-8.63908
BLOCK09/SES098/SA098S20	SES148	-5.11253	-13.7516	-8.63908
BLOCK09/SES098/SA098S20	SES292	-1.98078	-10.6199	-8.63908
BLOCK09/SES098/SA098S23	SES127	-1.9792	-9.31913	-7.33993
BLOCK09/SES098/SA098S23	SES147	-1.79794	-9.13787	-7.33993
BLOCK09/SES098/SA098S23	SES187	-0.864403	-8.20433	-7.33993
BLOCK09/SES098/SA098S23	SES292	-1.14821	-8.48814	-7.33993
BLOCK09/SES098/SA098S27	SES127	-3.99547	-12.0658	-8.07038
BLOCK09/SES098/SA098S27	SES147	-2.68278	-10.7532	-8.07038
BLOCK09/SES098/SA098S27	SES148	-3.09421	-11.1646	-8.07038
BLOCK09/SES098/SA098S27	SES292	-1.06963	-9.14001	-8.07038
BLOCK10/SES102/SA102S13	SES101	-1.11798	-10.6052	-9.48719
BLOCK10/SES102/SA102S13	SES105	-1.62498	-11.1122	-9.48719
BLOCK10/SES102/SA102S13	SES120	-2.41637	-11.9036	-9.48719
BLOCK10/SES102/SA102S13	SES158	-0.533436	-10.0206	-9.48719
BLOCK10/SES102/SA102S14	SES007	0.324256	-4.75391	-5.07817
BLOCK10/SES102/SA102S14	SES101	-0.74798	-5.82614	-5.07817
BLOCK10/SES102/SA102S14	SES105	-1.44654	-6.5247	-5.07817
BLOCK10/SES102/SA102S14	SES147	-2.18758	-7.26574	-5.07817
BLOCK10/SES102/SA102S22	SES007	-1.24426	-7.42648	-6.18222
BLOCK10/SES102/SA102S22	SES101	-0.887904	-7.07012	-6.18222
BLOCK10/SES102/SA102S22	SES105	-1.0543	-7.23651	-6.18222
BLOCK10/SES102/SA102S22	SES158	-1.12577	-7.30799	-6.18222
BLOCK10/SES102/SA102S25	SES007	-0.631962	-6.83611	-6.20415
BLOCK10/SES102/SA102S25	SES101	-1.15126	-7.35541	-6.20415
BLOCK10/SES102/SA102S25	SES105	-1.90383	-8.10798	-6.20415
BLOCK10/SES102/SA102S25	SES147	-2.64969	-8.85384	-6.20415
BLOCK10/SES102/SA102S27	SES007	-0.145362	-5.91921	-5.77384
BLOCK10/SES102/SA102S27	SES101	-0.390943	-6.16479	-5.77384
BLOCK10/SES102/SA102S27	SES105	-1.14789	-6.92174	-5.77384
BLOCK10/SES102/SA102S27	SES147	-1.91803	-7.69188	-5.77384
BLOCK10/SES103/SA103S14	SES105	-2.03972	-11.5969	-9.55721
BLOCK10/SES103/SA103S14	SES106	-1.66956	-11.2268	-9.55721
BLOCK10/SES103/SA103S14	SES120	-2.59212	-12.1493	-9.55721
BLOCK10/SES103/SA103S14	SES206	-1.29029	-10.8475	-9.55721
BLOCK10/SES103/SA103S15	SES099	-3.65038	-14.4959	-10.8456
BLOCK10/SES103/SA103S15	SES101	-3.98701	-14.8326	-10.8456
BLOCK10/SES103/SA103S15	SES104	-0.713675	-11.5592	-10.8456
BLOCK10/SES103/SA103S15	SES125	-3.16106	-14.0066	-10.8456
BLOCK10/SES103/SA103S24	SES104	-1.05186	-8.48726	-7.43539
BLOCK10/SES103/SA103S24	SES125	-3.38614	-10.8215	-7.43539
BLOCK10/SES103/SA103S24	SES148	-3.0261	-10.4615	-7.43539
BLOCK10/SES103/SA103S24	SES158	-1.85008	-9.28547	-7.43539
BLOCK10/SES103/SA103S26	SES104	-1.65612	-10.8053	-9.14918
BLOCK10/SES103/SA103S26	SES106	-0.682961	-9.83214	-9.14918
BLOCK10/SES103/SA103S26	SES125	-2.5239	-11.6731	-9.14918
BLOCK10/SES103/SA103S26	SES148	-4.32733	-13.4765	-9.14918
BLOCK10/SES103/SA103S28	SES104	-1.45548	-11.7303	-10.2748
BLOCK10/SES103/SA103S28	SES106	-2.08313	-12.3579	-10.2748
BLOCK10/SES103/SA103S28	SES125	-3.50321	-13.778	-10.2748
BLOCK10/SES103/SA103S28	SES206	-2.17041	-12.4452	-10.2748
BLOCK12/SES121/SA121S12	SES042	-2.14285	-10.2244	-8.08154
BLOCK12/SES121/SA121S12	SES087	-0.642084	-8.72362	-8.08154
BLOCK12/SES121/SA121S12	SES105	-0.575755	-8.6573	-8.08154
BLOCK12/SES121/SA121S12	SES206	-0.0662088	-8.14775	-8.08154
BLOCK12/SES121/SA121S14	SES007	-1.42635	-12.4982	-11.0718
BLOCK12/SES121/SA121S14	SES105	-1.62617	-12.698	-11.0718
BLOCK12/SES121/SA121S14	SES106	-1.36977	-12.4416	-11.0718
BLOCK12/SES121/SA121S14	SES206	-0.844188	-11.916	-11.0718
BLOCK12/SES121/SA121S23	SES105	-1.53901	-11.4703	-9.93125
BLOCK12/SES121/SA121S23	SES106	-0.398922	-10.3302	-9.93125
BLOCK12/SES121/SA121S23	SES120	-1.23784	-11.1691	-9.93125
BLOCK12/SES121/SA121S23	SES206	0.417801	-9.51345	-9.93125
BLOCK12/SES121/SA121S25	SES007	-0.634306	-11.481	-10.8467
BLOCK12/SES121/SA121S25	SES105	-1.75615	-12.6028	-10.8467
BLOCK12/SES121/SA121S25	SES106	-0.34754	-11.1942	-10.8467
BLOCK12/SES121/SA121S25	SES206	-0.532146	-11.3788	-10.8467
BLOCK12/SES121/SA121S27	SES087	-0.250201	-11.3578	-11.1076
BLOCK12/SES121/SA121S27	SES105	-1.80616	-12.9138	-11.1076
BLOCK12/SES121/SA121S27	SES120	-0.14381	-11.2514	-11.1076
BLOCK12/SES121/SA121S27	SES206	-0.0758257	-11.1835	-11.1076
BLOCK12/SES124/SA124S16	SES042	-0.301495	-6.57481	-6.27332
BLOCK12/SES124/SA124S16	SES082	-0.68759	-6.96091	-6.27332
BLOCK12/SES124/SA124S16	SES183	-0.713828	-6.98715	-6.27332
BLOCK12/SES124/SA124S16	SES206	-1.33736	-7.61068	-6.27332
BLOCK12/SES124/SA124S17	SES105	-1.98073	-10.6843	-8.70361
BLOCK12/SES124/SA124S17	SES149	-1.41309	-10.1167	-8.70361
BLOCK12/SES124/SA124S17	SES158	-2.33111	-11.0347	-8.70361
BLOCK12/SES124/SA124S17	SES275	-1.382	-10.0856	-8.70361
BLOCK12/SES124/SA124S23	SES105	-2.20289	-8.1755	-5.97261
BLOCK12/SES124/SA124S23	SES125	1.24547	-4.72714	-5.97261
BLOCK12/SES124/SA124S23	SES129	-1.75958	-7.73219	-5.97261
BLOCK12/SES124/SA124S23	SES158	-0.669414	-6.64202	-5.97261
BLOCK12/SES124/SA124S26	SES105	-2.75788	-10.2164	-7.45848
BLOCK12/SES124/SA124S26	SES125	-0.81638	-8.27486	-7.45848
BLOCK12/SES124/SA124S26	SES129	-1.61023	-9.06871	-7.45848
BLOCK12/SES124/SA124S26	SES158	-0.472775	-7.93125	-7.45848
BLOCK12/SES124/SA124S28	SES104	0.127759	-6.13179	-6.25955
BLOCK12/SES124/SA124S28	SES106	-0.143124	-6.40267	-6.25955
BLOCK12/SES124/SA124S28	SES125	0.882393	-5.37715	-6.25955
BLOCK12/SES124/SA124S28	SES275	-2.37494	-8.63449	-6.25955
BLOCK12/SES126/SA126S13	SES007	-0.6881	-8.72343	-8.03533
BLOCK12/SES126/SA126S13	SES162	-2.30868	-10.344	-8.03533
BLOCK12/SES126/SA126S13	SES177	-1.38902	-9.42435	-8.03533
BLOCK12/SES126/SA126S13	SES180	-1.91365	-9.94898	-8.03533
BLOCK12/SES126/SA126S14	SES144	-1.15975	-8.13805	-6.9783
BLOCK12/SES126/SA126S14	SES148	-2.24758	-9.22588	-6.9783
BLOCK12/SES126/SA126S14	SES177	-0.902259	-7.88056	-6.9783
BLOCK12/SES126/SA126S14	SES180	-1.08646	-8.06476	-6.9783
BLOCK12/SES126/SA126S20	SES007	-0.914109	-5.91463	-5.00052
BLOCK12/SES126/SA126S20	SES162	-1.60496	-6.60548	-5.00052
BLOCK12/SES126/SA126S20	SES172	-1.22502	-6.22554	-5.00052
BLOCK12/SES126/SA126S20	SES180	-0.71886	-5.71938	-5.00052
BLOCK12/SES126/SA126S24	SES120	-0.360587	-6.50475	-6.14416
BLOCK12/SES126/SA126S24	SES162	-1.32677	-7.47094	-6.14416
BLOCK12/SES126/SA126S24	SES177	-0.342064	-6.48623	-6.14416
BLOCK12/SES126/SA126S24	SES180	-1.02755	-7.17171	-6.14416
BLOCK12/SES126/SA126S26	SES120	0.0342574	-6.03341	-6.06767
BLOCK12/SES126/SA126S26	SES177	-0.951228	-7.0189	-6.06767
BLOCK12/SES126/SA126S26	SES180	-0.3153	-6.38297	-6.06767
BLOCK12/SES126/SA126S26	SES202	-1.16164	-7.22931	-6.06767
BLOCK12/SES128/SA128S10	SES087	-1.15578	-8.05485	-6.89907
BLOCK12/SES128/SA128S10	SES206	-0.808301	-7.70737	-6.89907
BLOCK12/SES128/SA128S10	SES226	-0.765337	-7.6644	-6.89907
BLOCK12/SES128/SA128S10	SES270	-1.2224	-8.12147	-6.89907
BLOCK12/SES128/SA128S12	SES120	-0.303586	-8.07043	-7.76684
BLOCK12/SES128/SA128S12	SES158	-1.63682	-9.40367	-7.76684
BLOCK12/SES128/SA128S12	SES206	-0.525515	-8.29236	-7.76684
BLOCK12/SES128/SA128S12	SES226	-1.77004	-9.53688	-7.76684
BLOCK12/SES128/SA128S21	SES106	-3.57707	-10.0311	-6.45398
BLOCK12/SES128/SA128S21	SES120	-1.58519	-8.03917	-6.45398
BLOCK12/SES128/SA128S21	SES206	-0.963866	-7.41785	-6.45398
BLOCK12/SES128/SA128S21	SES226	-1.1516	-7.60558	-6.45398
BLOCK12/SES128/SA128S24	SES087	-0.695498	-8.8555	-8.16
BLOCK12/SES128/SA128S24	SES120	-0.284657	-8.44466	-8.16
BLOCK12/SES128/SA128S24	SES206	-0.480095	-8.6401	-8.16
BLOCK12/SES128/SA128S24	SES226	-1.16232	-9.32233	-8.16
BLOCK12/SES128/SA128S27	SES099	-0.130477	-6.98037	-6.84989
BLOCK12/SES128/SA128S27	SES120	-0.313323	-7.16322	-6.84989
BLOCK12/SES128/SA128S27	SES206	-0.548921	-7.39881	-6.84989
BLOCK12/SES128/SA128S27	SES226	-1.37597	-8.22586	-6.84989
BLOCK13/SES130/SA130S13	SES143	-0.851056	-8.48721	-7.63615
BLOCK13/SES130/SA130S13	SES144	0.420364	-7.21579	-7.63615
BLOCK13/SES130/SA130S13	SES146	-1.99138	-9.62753	-7.63615
BLOCK13/SES130/SA130S13	SES275	-1.61595	-9.2521	-7.63615
BLOCK13/SES130/SA130S15	SES143	-0.734852	-6.29242	-5.55757
BLOCK13/SES130/SA130S15	SES144	0.0128102	-5.54476	-5.55757
BLOCK13/SES130/SA130S15	SES146	-0.674205	-6.23177	-5.55757
BLOCK13/SES130/SA130S15	SES275	-0.911413	-6.46898	-5.55757
BLOCK13/SES130/SA130S23	SES127	-0.869357	-6.81401	-5.94466
BLOCK13/SES130/SA130S23	SES144	-0.327878	-6.27254	-5.94466
BLOCK13/SES130/SA130S23	SES146	-0.573981	-6.51864	-5.94466
BLOCK13/SES130/SA130S23	SES162	-0.483002	-6.42766	-5.94466
BLOCK13/SES130/SA130S25	SES127	-1.08529	-5.05042	-3.96513
BLOCK13/SES130/SA130S25	SES144	-0.196499	-4.16162	-3.96513
BLOCK13/SES130/SA130S25	SES146	-0.484683	-4.44981	-3.96513
BLOCK13/SES130/SA130S25	SES275	-1.4029	-5.36802	-3.96513
BLOCK13/SES130/SA130S28	SES127	-1.14533	-7.61868	-6.47335
BLOCK13/SES130/SA130S28	SES144	-1.41876	-7.89212	-6.47335
BLOCK13/SES130/SA130S28	SES146	-0.454473	-6.92783	-6.47335
BLOCK13/SES130/SA130S28	SES275	-1.17404	-7.64739	-6.47335
BLOCK13/SES131/SA131S13	SES002	-1.65405	-9.93088	-8.27683
BLOCK13/SES131/SA131S13	SES007	-1.48917	-9.766	-8.27683
BLOCK13/SES131/SA131S13	SES099	-0.972487	-9.24932	-8.27683
BLOCK13/SES131/SA131S13	SES105	-0.901875	-9.1787	-8.27683
BLOCK13/SES131/SA131S14	SES104	-0.496744	-4.75874	-4.262
BLOCK13/SES131/SA131S14	SES106	-1.92	-6.18199	-4.262
BLOCK13/SES131/SA131S14	SES125	-1.13806	-5.40005	-4.262
BLOCK13/SES131/SA131S14	SES148	0.199894	-4.0621	-4.262
BLOCK13/SES131/SA131S20	SES104	-2.37945	-10.7161	-8.33669
BLOCK13/SES131/SA131S20	SES106	-2.26508	-10.6018	-8.33669
BLOCK13/SES131/SA131S20	SES125	-2.45815	-10.7948	-8.33669
BLOCK13/SES131/SA131S20	SES148	-2.54885	-10.8855	-8.33669
BLOCK13/SES131/SA131S22	SES099	-1.91591	-8.12598	-6.21007
BLOCK13/SES131/SA131S22	SES104	-1.24564	-7.45571	-6.21007
BLOCK13/SES131/SA131S22	SES125	-0.8948	-7.10487	-6.21007
BLOCK13/SES131/SA131S22	SES206	-1.54772	-7.75779	-6.21007
BLOCK13/SES131/SA131S29	SES087	-1.69158	-9.55104	-7.85947
BLOCK13/SES131/SA131S29	SES104	-2.86604	-10.7255	-7.85947
BLOCK13/SES131/SA131S29	SES125	-3.54204	-11.4015	-7.85947
BLOCK13/SES131/SA131S29	SES206	-2.68714	-10.5466	-7.85947
BLOCK13/SES132/SA132S11	SES083	-1.83813	-9.72836	-7.89023
BLOCK13/SES132/SA132S11	SES120	-0.101261	-7.99149	-7.89023
BLOCK13/SES132/SA132S11	SES127	-3.30474	-11.195	-7.89023
BLOCK13/SES132/SA132S11	SES275	-2.01632	-9.90655	-7.89023
BLOCK13/SES132/SA132S12	SES083	-2.0918	-8.49208	-6.40028
BLOCK13/SES132/SA132S12	SES143	-2.5667	-8.96698	-6.40028
BLOCK13/SES132/SA132S12	SES144	-1.66436	-8.06464	-6.40028
BLOCK13/SES132/SA132S12	SES148	-1.25635	-7.65663	-6.40028
BLOCK13/SES132/SA132S22	SES062	-1.52032	-8.43132	-6.911
BLOCK13/SES132/SA132S22	SES083	-1.8855	-8.7965	-6.911
BLOCK13/SES132/SA132S22	SES127	-2.31368	-9.22468	-6.911
BLOCK13/SES132/SA132S22	SES275	-1.24957	-8.16057	-6.911
BLOCK13/SES132/SA132S24	SES007	-0.434188	-6.46258	-6.0284
BLOCK13/SES132/SA132S24	SES083	-1.8781	-7.9065	-6.0284
BLOCK13/SES132/SA132S24	SES127	-3.32352	-9.35191	-6.0284
BLOCK13/SES132/SA132S24	SES275	-1.67911	-7.7075	-6.0284
BLOCK13/SES132/SA132S27	SES083	-2.84884	-11.3051	-8.45627
BLOCK13/SES132/SA132S27	SES120	0.679167	-7.7771	-8.45627
BLOCK13/SES132/SA132S27	SES127	-5.60905	-14.0653	-8.45627
BLOCK13/SES132/SA132S27	SES275	-2.59184	-11.0481	-8.45627
BLOCK14/SES141/SA141S09	SES143	-1.28566	-6.60261	-5.31694
BLOCK14/SES141/SA141S09	SES144	-0.802928	-6.11987	-5.31694
BLOCK14/SES141/SA141S09	SES162	-1.22006	-6.537	-5.31694
BLOCK14/SES141/SA141S09	SES180	-1.0186	-6.33554	-5.31694
BLOCK14/SES141/SA141S15	SES127	-1.05579	-7.61281	-6.55702
BLOCK14/SES141/SA141S15	SES144	-1.43912	-7.99614	-6.55702
BLOCK14/SES141/SA141S15	SES162	-2.02097	-8.57799	-6.55702
BLOCK14/SES141/SA141S15	SES180	-0.994843	-7.55186	-6.55702
BLOCK14/SES141/SA141S24	SES127	-1.62679	-9.04128	-7.41449
BLOCK14/SES141/SA141S24	SES144	-1.86474	-9.27923	-7.41449
BLOCK14/SES141/SA141S24	SES162	-1.10666	-8.52114	-7.41449
BLOCK14/SES141/SA141S24	SES183	-1.52602	-8.94051	-7.41449
BLOCK14/SES141/SA141S26	SES142	-0.00471687	-7.70046	-7.69575
BLOCK14/SES141/SA141S26	SES144	-2.18643	-9.88218	-7.69575
BLOCK14/SES141/SA141S26	SES172	-0.886334	-8.58208	-7.69575
BLOCK14/SES141/SA141S26	SES180	-0.945708	-8.64145	-7.69575
BLOCK14/SES141/SA141S29	SES127	-1.0639	-7.10841	-6.0445
BLOCK14/SES141/SA141S29	SES142	-0.245386	-6.28989	-6.0445
BLOCK14/SES141/SA141S29	SES144	-0.949304	-6.99381	-6.0445
BLOCK14/SES141/SA141S29	SES180	-0.147676	-6.19218	-6.0445
BLOCK15/SES157/SA157S08	SES083	-1.37615	-7.2934	-5.91724
BLOCK15/SES157/SA157S08	SES127	-0.833136	-6.75038	-5.91724
BLOCK15/SES157/SA157S08	SES148	-0.52647	-6.44372	-5.91724
BLOCK15/SES157/SA157S08	SES292	-1.51048	-7.42773	-5.91724
BLOCK15/SES157/SA157S11	SES083	-1.93427	-7.94374	-6.00948
BLOCK15/SES157/SA157S11	SES127	-1.71156	-7.72104	-6.00948
BLOCK15/SES157/SA157S11	SES148	-1.88697	-7.89645	-6.00948
BLOCK15/SES157/SA157S11	SES292	-1.73117	-7.74065	-6.00948
BLOCK15/SES157/SA157S21	SES127	0.0322819	-4.65337	-4.68566
BLOCK15/SES157/SA157S21	SES148	0.121918	-4.56374	-4.68566
BLOCK15/SES157/SA157S21	SES158	-4.35843	-9.04408	-4.68566
BLOCK15/SES157/SA157S21	SES292	-1.60276	-6.28842	-4.68566
BLOCK15/SES157/SA157S24	SES127	-0.708597	-7.93545	-7.22685
BLOCK15/SES157/SA157S24	SES148	-1.01813	-8.24498	-7.22685
BLOCK15/SES157/SA157S24	SES183	-1.42959	-8.65644	-7.22685
BLOCK15/SES157/SA157S24	SES292	-1.65358	-8.88043	-7.22685
BLOCK15/SES157/SA157S26	SES007	-1.17596	-7.05074	-5.87478
BLOCK15/SES157/SA157S26	SES127	-0.585004	-6.45978	-5.87478
BLOCK15/SES157/SA157S26	SES147	-0.702263	-6.57704	-5.87478
BLOCK15/SES157/SA157S26	SES148	-1.0768	-6.95158	-5.87478
BLOCK16/SES161/SA161S10	SES007	-1.12723	-8.15277	-7.02554
BLOCK16/SES161/SA161S10	SES105	-0.781823	-7.80736	-7.02554
BLOCK16/SES161/SA161S10	SES158	-1.16352	-8.18906	-7.02554
BLOCK16/SES161/SA161S10	SES275	-1.10222	-8.12776	-7.02554
BLOCK16/SES161/SA161S12	SES007	-2.47877	-12.2339	-9.75517
BLOCK16/SES161/SA161S12	SES105	-1.30371	-11.0589	-9.75517
BLOCK16/SES161/SA161S12	SES158	-1.8775	-11.6327	-9.75517
BLOCK16/SES161/SA161S12	SES275	-2.94501	-12.7002	-9.75517
BLOCK16/SES161/SA161S20	SES007	-1.16856	-10.88	-9.71149
BLOCK16/SES161/SA161S20	SES105	-1.75886	-11.4704	-9.71149
BLOCK16/SES161/SA161S20	SES158	-0.195131	-9.90662	-9.71149
BLOCK16/SES161/SA161S20	SES275	-3.11315	-12.8246	-9.71149
BLOCK16/SES161/SA161S23	SES007	-3.60295	-12.8194	-9.21644
BLOCK16/SES161/SA161S23	SES105	-0.987882	-10.2043	-9.21644
BLOCK16/SES161/SA161S23	SES148	-2.18616	-11.4026	-9.21644
BLOCK16/SES161/SA161S23	SES158	-3.52298	-12.7394	-9.21644
BLOCK16/SES161/SA161S28	SES007	-1.54132	-10.8852	-9.34383
BLOCK16/SES161/SA161S28	SES105	-2.82253	-12.1664	-9.34383
BLOCK16/SES161/SA161S28	SES158	-0.498491	-9.84232	-9.34383
BLOCK16/SES161/SA161S28	SES206	-0.841176	-10.185	-9.34383
BLOCK16/SES164/SA164S11	SES104	-0.740255	-7.58644	-6.84619
BLOCK16/SES164/SA164S11	SES125	-0.203728	-7.04991	-6.84619
BLOCK16/SES164/SA164S11	SES158	-1.49722	-8.34341	-6.84619
BLOCK16/SES164/SA164S11	SES206	-0.901183	-7.74737	-6.84619
BLOCK16/SES164/SA164S13	SES099	-2.47271	-10.3252	-7.85252
BLOCK16/SES164/SA164S13	SES104	-1.6615	-9.51401	-7.85252
BLOCK16/SES164/SA164S13	SES125	-1.45656	-9.30908	-7.85252
BLOCK16/SES164/SA164S13	SES206	-2.28502	-10.1375	-7.85252
BLOCK16/SES164/SA164S24	SES002	0.433065	-6.71095	-7.14402
BLOCK16/SES164/SA164S24	SES099	-1.29942	-8.44344	-7.14402
BLOCK16/SES164/SA164S24	SES125	-0.351209	-7.49523	-7.14402
BLOCK16/SES164/SA164S24	SES226	-0.148808	-7.29282	-7.14402
BLOCK16/SES164/SA164S27	SES087	-0.847264	-9.02111	-8.17385
BLOCK16/SES164/SA164S27	SES125	-1.41023	-9.58408	-8.17385
BLOCK16/SES164/SA164S27	SES206	-2.13455	-10.3084	-8.17385
BLOCK16/SES164/SA164S27	SES226	-1.41128	-9.58512	-8.17385
BLOCK16/SES164/SA164S29	SES002	-0.0908809	-6.84512	-6.75424
BLOCK16/SES164/SA164S29	SES019	-2.76463	-9.51887	-6.75424
BLOCK16/SES164/SA164S29	SES125	-0.849085	-7.60333	-6.75424
BLOCK16/SES164/SA164S29	SES226	-0.472697	-7.22694	-6.75424
BLOCK16/SES169/SA169S13	SES117	-1.58639	-9.13328	-7.54689
BLOCK16/SES169/SA169S13	SES144	-1.35822	-8.90511	-7.54689
BLOCK16/SES169/SA169S13	SES146	-1.32798	-8.87488	-7.54689
BLOCK16/SES169/SA169S13	SES162	-1.31705	-8.86395	-7.54689
BLOCK16/SES169/SA169S14	SES144	-1.02192	-5.60387	-4.58195
BLOCK16/SES169/SA169S14	SES148	-0.303377	-4.88533	-4.58195
BLOCK16/SES169/SA169S14	SES177	-0.869153	-5.4511	-4.58195
BLOCK16/SES169/SA169S14	SES180	-1.03255	-5.6145	-4.58195
BLOCK16/SES169/SA169S24	SES117	-0.911364	-7.79165	-6.88028
BLOCK16/SES169/SA169S24	SES144	-0.882955	-7.76324	-6.88028
BLOCK16/SES169/SA169S24	SES146	-1.27506	-8.15534	-6.88028
BLOCK16/SES169/SA169S24	SES162	-0.787957	-7.66824	-6.88028
BLOCK16/SES169/SA169S27	SES127	-1.03143	-7.58422	-6.55279
BLOCK16/SES169/SA169S27	SES129	-1.2398	-7.79258	-6.55279
BLOCK16/SES169/SA169S27	SES144	-1.54173	-8.09452	-6.55279
BLOCK16/SES169/SA169S27	SES146	-1.20048	-7.75327	-6.55279
BLOCK16/SES169/SA169S29	SES144	-0.438933	-5.39253	-4.95359
BLOCK16/SES169/SA169S29	SES162	-0.764034	-5.71763	-4.95359
BLOCK16/SES169/SA169S29	SES177	-0.919669	-5.87326	-4.95359
BLOCK16/SES169/SA169S29	SES180	-1.08456	-6.03816	-4.95359
BLOCK17/SES171/SA171S12	SES083	-1.10516	-8.09928	-6.99411
BLOCK17/SES171/SA171S12	SES148	-1.64258	-8.6367	-6.99411
BLOCK17/SES171/SA171S12	SES172	-1.27926	-8.27337	-6.99411
BLOCK17/SES171/SA171S12	SES292	-2.68186	-9.67597	-6.99411
BLOCK17/SES171/SA171S15	SES148	-2.71331	-9.72147	-7.00816
BLOCK17/SES171/SA171S15	SES177	-1.17239	-8.18055	-7.00816
BLOCK17/SES171/SA171S15	SES180	-3.59819	-10.6063	-7.00816
BLOCK17/SES171/SA171S15	SES292	-2.39901	-9.40717	-7.00816
BLOCK17/SES171/SA171S22	SES007	-0.987878	-4.80515	-3.81727
BLOCK17/SES171/SA171S22	SES148	-0.329035	-4.14631	-3.81727
BLOCK17/SES171/SA171S22	SES177	-0.525195	-4.34247	-3.81727
BLOCK17/SES171/SA171S22	SES180	-2.08866	-5.90593	-3.81727
BLOCK17/SES171/SA171S25	SES101	-1.92514	-9.44867	-7.52353
BLOCK17/SES171/SA171S25	SES120	-3.35757	-10.8811	-7.52353
BLOCK17/SES171/SA171S25	SES177	-1.64222	-9.16575	-7.52353
BLOCK17/SES171/SA171S25	SES180	-1.70951	-9.23304	-7.52353
BLOCK17/SES171/SA171S27	SES177	-1.38048	-8.95401	-7.57353
BLOCK17/SES171/SA171S27	SES180	-2.35695	-9.93048	-7.57353
BLOCK17/SES171/SA171S27	SES189	-0.885668	-8.4592	-7.57353
BLOCK17/SES171/SA171S27	SES292	-1.63133	-9.20486	-7.57353
BLOCK17/SES173/SA173S13	SES162	-3.63067	-10.5175	-6.88685
BLOCK17/SES173/SA173S13	SES177	-1.40094	-8.28779	-6.88685
BLOCK17/SES173/SA173S13	SES180	-1.1647	-8.05155	-6.88685
BLOCK17/SES173/SA173S13	SES292	-0.592477	-7.47933	-6.88685
BLOCK17/SES173/SA173S14	SES007	-1.6846	-8.37056	-6.68596
BLOCK17/SES173/SA173S14	SES162	-2.99835	-9.68431	-6.68596
BLOCK17/SES173/SA173S14	SES177	-1.1528	-7.83876	-6.68596
BLOCK17/SES173/SA173S14	SES180	-1.85584	-8.54181	-6.68596
BLOCK17/SES173/SA173S24	SES144	-2.19295	-9.33562	-7.14266
BLOCK17/SES173/SA173S24	SES162	-1.80355	-8.94622	-7.14266
BLOCK17/SES173/SA173S24	SES177	-0.566073	-7.70874	-7.14266
BLOCK17/SES173/SA173S24	SES180	-1.87951	-9.02217	-7.14266
BLOCK17/SES173/SA173S27	SES162	-3.75248	-11.5917	-7.83922
BLOCK17/SES173/SA173S27	SES177	-1.6333	-9.47252	-7.83922
BLOCK17/SES173/SA173S27	SES180	-2.63236	-10.4716	-7.83922
BLOCK17/SES173/SA173S27	SES292	-1.04282	-8.88205	-7.83922
BLOCK17/SES173/SA173S29	SES162	-2.21994	-7.66557	-5.44563
BLOCK17/SES173/SA173S29	SES175	-0.56608	-6.01171	-5.44563
BLOCK17/SES173/SA173S29	SES177	-0.622833	-6.06846	-5.44563
BLOCK17/SES173/SA173S29	SES292	-0.748202	-6.19383	-5.44563
BLOCK18/SES182/SA182S10	SES144	-1.59728	-8.19573	-6.59845
BLOCK18/SES182/SA182S10	SES177	-1.16067	-7.75912	-6.59845
BLOCK18/SES182/SA182S10	SES180	-2.3325	-8.93095	-6.59845
BLOCK18/SES182/SA182S10	SES275	-1.78289	-8.38134	-6.59845
BLOCK18/SES182/SA182S12	SES144	-1.18031	-7.50578	-6.32546
BLOCK18/SES182/SA182S12	SES177	-1.14361	-7.46908	-6.32546
BLOCK18/SES182/SA182S12	SES180	-3.23455	-9.56001	-6.32546
BLOCK18/SES182/SA182S12	SES275	-0.911631	-7.23709	-6.32546
BLOCK18/SES182/SA182S21	SES117	-1.15202	-9.82937	-8.67736
BLOCK18/SES182/SA182S21	SES144	-1.10958	-9.78694	-8.67736
BLOCK18/SES182/SA182S21	SES162	-1.14291	-9.82027	-8.67736
BLOCK18/SES182/SA182S21	SES180	-2.00611	-10.6835	-8.67736
BLOCK18/SES182/SA182S23	SES117	-1.81603	-11.2213	-9.40531
BLOCK18/SES182/SA182S23	SES144	-3.49532	-12.9006	-9.40531
BLOCK18/SES182/SA182S23	SES180	-4.60969	-14.015	-9.40531
BLOCK18/SES182/SA182S23	SES275	-3.83796	-13.2433	-9.40531
BLOCK18/SES182/SA182S25	SES007	0.0268478	-7.37851	-7.40536
BLOCK18/SES182/SA182S25	SES162	-1.37493	-8.78028	-7.40536
BLOCK18/SES182/SA182S25	SES177	-0.945143	-8.3505	-7.40536
BLOCK18/SES182/SA182S25	SES180	-2.96482	-10.3702	-7.40536
BLOCK18/SES184/SA184S12	SES177	-0.46471	-5.82159	-5.35688
BLOCK18/SES184/SA184S12	SES180	-0.566622	-5.9235	-5.35688
BLOCK18/SES184/SA184S12	SES189	-2.04357	-7.40045	-5.35688
BLOCK18/SES184/SA184S12	SES292	-0.384124	-5.741	-5.35688
BLOCK18/SES184/SA184S13	SES101	-0.779842	-7.21973	-6.43989
BLOCK18/SES184/SA184S13	SES177	-1.07885	-7.51874	-6.43989
BLOCK18/SES184/SA184S13	SES180	-1.16424	-7.60413	-6.43989
BLOCK18/SES184/SA184S13	SES292	-1.77066	-8.21055	-6.43989
BLOCK18/SES184/SA184S22	SES177	-1.20061	-7.34361	-6.14299
BLOCK18/SES184/SA184S22	SES180	-0.647686	-6.79068	-6.14299
BLOCK18/SES184/SA184S22	SES189	-1.78346	-7.92645	-6.14299
BLOCK18/SES184/SA184S22	SES292	-1.71555	-7.85855	-6.14299
BLOCK18/SES184/SA184S25	SES101	-1.34461	-6.72909	-5.38448
BLOCK18/SES184/SA184S25	SES177	-1.46325	-6.84773	-5.38448
BLOCK18/SES184/SA184S25	SES180	-1.11134	-6.49582	-5.38448
BLOCK18/SES184/SA184S25	SES292	-1.04229	-6.42676	-5.38448
BLOCK18/SES184/SA184S27	SES083	-1.43842	-7.21446	-5.77604
BLOCK18/SES184/SA184S27	SES177	-1.30454	-7.08057	-5.77604
BLOCK18/SES184/SA184S27	SES202	-1.49645	-7.27248	-5.77604
BLOCK18/SES184/SA184S27	SES292	-1.66416	-7.4402	-5.77604
BLOCK20/SES204/SA204S12	SES062	-0.915705	-6.98553	-6.06982
BLOCK20/SES204/SA204S12	SES083	-1.3877	-7.45752	-6.06982
BLOCK20/SES204/SA204S12	SES206	-0.927001	-6.99682	-6.06982
BLOCK20/SES204/SA204S12	SES226	-1.65346	-7.72328	-6.06982
BLOCK20/SES204/SA204S14	SES068	-0.355643	-4.86745	-4.5118
BLOCK20/SES204/SA204S14	SES087	0.144099	-4.3677	-4.5118
BLOCK20/SES204/SA204S14	SES206	-0.791917	-5.30372	-4.5118
BLOCK20/SES204/SA204S14	SES226	-1.2094	-5.7212	-4.5118
BLOCK20/SES204/SA204S22	SES068	-0.713203	-6.66601	-5.95281
BLOCK20/SES204/SA204S22	SES082	-0.94945	-6.90226	-5.95281
BLOCK20/SES204/SA204S22	SES083	-2.79024	-8.74305	-5.95281
BLOCK20/SES204/SA204S22	SES206	-0.121933	-6.07474	-5.95281
BLOCK20/SES204/SA204S25	SES062	-0.947188	-6.88956	-5.94237
BLOCK20/SES204/SA204S25	SES083	-2.3493	-8.29167	-5.94237
BLOCK20/SES204/SA204S25	SES206	-0.514331	-6.45671	-5.94237
BLOCK20/SES204/SA204S25	SES226	-1.43263	-7.37501	-5.94237
BLOCK20/SES204/SA204S27	SES068	-1.31552	-8.67484	-7.35932
BLOCK20/SES204/SA204S27	SES082	-1.75662	-9.11594	-7.35932
BLOCK20/SES204/SA204S27	SES087	-0.0411563	-7.40048	-7.35932
BLOCK20/SES204/SA204S27	SES206	-1.0054	-8.36472	-7.35932
BLOCK20/SES207/SA207S10	SES127	-2.11228	-7.69805	-5.58577
BLOCK20/SES207/SA207S10	SES183	-1.05367	-6.63944	-5.58577
BLOCK20/SES207/SA207S10	SES189	-0.723795	-6.30957	-5.58577
BLOCK20/SES207/SA207S10	SES292	-1.34678	-6.93256	-5.58577
BLOCK20/SES207/SA207S11	SES127	-1.29074	-7.40642	-6.11568
BLOCK20/SES207/SA207S11	SES183	-1.18547	-7.30115	-6.11568
BLOCK20/SES207/SA207S11	SES187	-0.874163	-6.98984	-6.11568
BLOCK20/SES207/SA207S11	SES292	-0.631855	-6.74753	-6.11568
BLOCK20/SES207/SA207S25	SES068	-1.23016	-8.06507	-6.83492
BLOCK20/SES207/SA207S25	SES083	-1.86812	-8.70303	-6.83492
BLOCK20/SES207/SA207S25	SES127	-0.717607	-7.55253	-6.83492
BLOCK20/SES207/SA207S25	SES187	-1.12938	-7.96429	-6.83492
BLOCK20/SES207/SA207S27	SES127	-2.44305	-9.92364	-7.48059
BLOCK20/SES207/SA207S27	SES183	-1.86995	-9.35054	-7.48059
BLOCK20/SES207/SA207S27	SES187	-1.16677	-8.64736	-7.48059
BLOCK20/SES207/SA207S27	SES292	-1.88182	-9.36241	-7.48059
BLOCK20/SES207/SA207S29	SES083	-2.08646	-7.46016	-5.37369
BLOCK20/SES207/SA207S29	SES085	-1.44346	-6.81715	-5.37369
BLOCK20/SES207/SA207S29	SES172	-0.238245	-5.61194	-5.37369
BLOCK20/SES207/SA207S29	SES189	-3.44687	-8.82057	-5.37369
BLOCK22/SES221/SA221S12	SES068	0.142332	-4.68325	-4.82558
BLOCK22/SES221/SA221S12	SES143	-1.50179	-6.32737	-4.82558
BLOCK22/SES221/SA221S12	SES175	-0.664331	-5.48991	-4.82558
BLOCK22/SES221/SA221S12	SES202	-0.818692	-5.64427	-4.82558
BLOCK22/SES221/SA221S15	SES085	-0.692638	-6.8201	-6.12746
BLOCK22/SES221/SA221S15	SES143	-1.46907	-7.59653	-6.12746
BLOCK22/SES221/SA221S15	SES175	-1.44885	-7.57631	-6.12746
BLOCK22/SES221/SA221S15	SES187	-1.90455	-8.03201	-6.12746
BLOCK22/SES221/SA221S23	SES068	0.0808606	-5.91138	-5.99224
BLOCK22/SES221/SA221S23	SES143	-2.06445	-8.05669	-5.99224
BLOCK22/SES221/SA221S23	SES175	-1.25173	-7.24397	-5.99224
BLOCK22/SES221/SA221S23	SES189	-2.02547	-8.01772	-5.99224
BLOCK22/SES221/SA221S27	SES085	-0.130323	-6.32818	-6.19786
BLOCK22/SES221/SA221S27	SES143	-0.951463	-7.14932	-6.19786
BLOCK22/SES221/SA221S27	SES175	-0.681538	-6.8794	-6.19786
BLOCK22/SES221/SA221S27	SES189	-2.30547	-8.50333	-6.19786
BLOCK22/SES221/SA221S29	SES085	-0.77508	-7.75857	-6.98349
BLOCK22/SES221/SA221S29	SES143	-1.28238	-8.26587	-6.98349
BLOCK22/SES221/SA221S29	SES175	-0.971114	-7.95461	-6.98349
BLOCK22/SES221/SA221S29	SES187	-1.88249	-8.86598	-6.98349
BLOCK22/SES223/SA223S11	SES143	-0.764695	-8.6117	-7.847
BLOCK22/SES223/SA223S11	SES144	-3.21149	-11.0585	-7.847
BLOCK22/SES223/SA223S11	SES175	-0.768038	-8.61504	-7.847
BLOCK22/SES223/SA223S11	SES187	-1.54706	-9.39407	-7.847
BLOCK22/SES223/SA223S13	SES068	-0.600315	-9.47946	-8.87914
BLOCK22/SES223/SA223S13	SES143	-2.16885	-11.048	-8.87914
BLOCK22/SES223/SA223S13	SES146	-1.17878	-10.0579	-8.87914
BLOCK22/SES223/SA223S13	SES202	-1.07531	-9.95446	-8.87914
BLOCK22/SES223/SA223S22	SES143	-1.36711	-7.52702	-6.15991
BLOCK22/SES223/SA223S22	SES144	-2.9637	-9.12361	-6.15991
BLOCK22/SES223/SA223S22	SES175	-1.03599	-7.1959	-6.15991
BLOCK22/SES223/SA223S22	SES187	-1.79992	-7.95982	-6.15991
BLOCK22/SES223/SA223S25	SES068	-0.680192	-7.30322	-6.62303
BLOCK22/SES223/SA223S25	SES143	-1.87409	-8.49712	-6.62303
BLOCK22/SES223/SA223S25	SES175	-0.579385	-7.20241	-6.62303
BLOCK22/SES223/SA223S25	SES187	-1.3661	-7.98913	-6.62303
BLOCK22/SES223/SA223S27	SES143	-1.0667	-8.99763	-7.93093
BLOCK22/SES223/SA223S27	SES146	-2.33523	-10.2662	-7.93093
BLOCK22/SES223/SA223S27	SES187	-1.07632	-9.00725	-7.93093
BLOCK22/SES223/SA223S27	SES292	-0.634166	-8.5651	-7.93093
BLOCK27/SES273/SA273S12	SES099	-0.0200667	-7.34234	-7.32227
BLOCK27/SES273/SA273S12	SES104	0.0706716	-7.2516	-7.32227
BLOCK27/SES273/SA273S12	SES125	-0.486246	-7.80852	-7.32227
BLOCK27/SES273/SA273S12	SES206	0.16467	-7.1576	-7.32227
BLOCK27/SES273/SA273S13	SES099	-0.966832	-5.74729	-4.78046
BLOCK27/SES273/SA273S13	SES104	-0.869577	-5.65004	-4.78046
BLOCK27/SES273/SA273S13	SES206	-1.00102	-5.78148	-4.78046
BLOCK27/SES273/SA273S13	SES292	-0.910449	-5.69091	-4.78046
BLOCK27/SES273/SA273S21	SES099	-1.16643	-7.38098	-6.21455
BLOCK27/SES273/SA273S21	SES148	-2.34801	-8.56256	-6.21455
BLOCK27/SES273/SA273S21	SES149	-1.47195	-7.6865	-6.21455
BLOCK27/SES273/SA273S21	SES177	-0.865369	-7.07992	-6.21455
BLOCK27/SES273/SA273S25	SES104	-0.0710111	-7.85323	-7.78221
BLOCK27/SES273/SA273S25	SES125	-1.03462	-8.81683	-7.78221
BLOCK27/SES273/SA273S25	SES158	0.768518	-7.0137	-7.78221
BLOCK27/SES273/SA273S25	SES206	-0.0932827	-7.8755	-7.78221
BLOCK27/SES273/SA273S27	SES099	-0.783427	-4.82828	-4.04485
BLOCK27/SES273/SA273S27	SES104	-1.19021	-5.23506	-4.04485
BLOCK27/SES273/SA273S27	SES149	-0.937548	-4.9824	-4.04485
BLOCK27/SES273/SA273S27	SES275	-1.22881	-5.27366	-4.04485
BLOCK27/SES274/SA274S10	SES105	-2.41521	-6.83291	-4.4177
BLOCK27/SES274/SA274S10	SES125	-2.94008	-7.35779	-4.4177
BLOCK27/SES274/SA274S10	SES129	-0.167582	-4.58529	-4.4177
BLOCK27/SES274/SA274S10	SES158	-4.63242	-9.05012	-4.4177
BLOCK27/SES274/SA274S11	SES105	-2.05815	-7.99607	-5.93792
BLOCK27/SES274/SA274S11	SES149	-1.32801	-7.26593	-5.93792
BLOCK27/SES274/SA274S11	SES158	-2.56906	-8.50698	-5.93792
BLOCK27/SES274/SA274S11	SES275	-1.03741	-6.97532	-5.93792
BLOCK27/SES274/SA274S21	SES105	-1.56174	-7.51311	-5.95137
BLOCK27/SES274/SA274S21	SES129	-0.853878	-6.80525	-5.95137
BLOCK27/SES274/SA274S21	SES149	-1.7301	-7.68147	-5.95137
BLOCK27/SES274/SA274S21	SES158	-3.54969	-9.50106	-5.95137
BLOCK27/SES274/SA274S24	SES105	-1.83449	-8.25589	-6.4214
BLOCK27/SES274/SA274S24	SES129	-0.296189	-6.71759	-6.4214
BLOCK27/SES274/SA274S24	SES149	-1.47133	-7.89273	-6.4214
BLOCK27/SES274/SA274S24	SES158	-4.02846	-10.4499	-6.4214
BLOCK27/SES274/SA274S29	SES105	-1.96166	-7.96516	-6.0035
BLOCK27/SES274/SA274S29	SES106	-2.2816	-8.28511	-6.0035
BLOCK27/SES274/SA274S29	SES120	-1.26353	-7.26703	-6.0035
BLOCK27/SES274/SA274S29	SES275	-0.915068	-6.91857	-6.0035
BLOCK27/SES276/SA276S16	SES148	-0.945548	-7.16198	-6.21643
BLOCK27/SES276/SA276S16	SES172	0.325386	-5.89104	-6.21643
BLOCK27/SES276/SA276S16	SES180	-0.141293	-6.35772	-6.21643
BLOCK27/SES276/SA276S16	SES292	-0.89789	-7.11432	-6.21643
BLOCK27/SES276/SA276S17	SES101	-0.694789	-6.79383	-6.09904
BLOCK27/SES276/SA276S17	SES177	-1.34814	-7.44718	-6.09904
BLOCK27/SES276/SA276S17	SES180	-0.989865	-7.08891	-6.09904
BLOCK27/SES276/SA276S17	SES292	-0.708512	-6.80755	-6.09904
BLOCK27/SES276/SA276S24	SES101	-0.90828	-6.04412	-5.13584
BLOCK27/SES276/SA276S24	SES177	-0.657478	-5.79332	-5.13584
BLOCK27/SES276/SA276S24	SES180	-0.926491	-6.06233	-5.13584
BLOCK27/SES276/SA276S24	SES292	-1.51364	-6.64948	-5.13584
BLOCK27/SES276/SA276S26	SES101	-1.66901	-5.80911	-4.1401
BLOCK27/SES276/SA276S26	SES177	-0.823936	-4.96404	-4.1401
BLOCK27/SES276/SA276S26	SES180	-0.676623	-4.81672	-4.1401
BLOCK27/SES276/SA276S26	SES292	-0.108717	-4.24882	-4.1401
BLOCK27/SES276/SA276S28	SES101	-1.00145	-5.09353	-4.09208
BLOCK27/SES276/SA276S28	SES177	-1.31938	-5.41147	-4.09208
BLOCK27/SES276/SA276S28	SES180	-0.346992	-4.43907	-4.09208
BLOCK27/SES276/SA276S28	SES292	-0.805485	-4.89757	-4.09208
BLOCK27/SES277/SA277S12	SES101	-0.721699	-8.94284	-8.22114
BLOCK27/SES277/SA277S12	SES177	-1.72839	-9.94954	-8.22114
BLOCK27/SES277/SA277S12	SES180	-1.55383	-9.77497	-8.22114
BLOCK27/SES277/SA277S12	SES292	-1.76452	-9.98566	-8.22114
BLOCK27/SES277/SA277S14	SES177	-1.29286	-9.28989	-7.99703
BLOCK27/SES277/SA277S14	SES180	-2.44653	-10.4436	-7.99703
BLOCK27/SES277/SA277S14	SES189	-0.53872	-8.53575	-7.99703
BLOCK27/SES277/SA277S14	SES292	-2.446	-10.443	-7.99703
BLOCK27/SES277/SA277S21	SES177	-0.855052	-8.01603	-7.16098
BLOCK27/SES277/SA277S21	SES180	-1.18707	-8.34805	-7.16098
BLOCK27/SES277/SA277S21	SES189	-0.665942	-7.82692	-7.16098
BLOCK27/SES277/SA277S21	SES292	-1.69063	-8.85161	-7.16098
BLOCK27/SES277/SA277S24	SES144	-1.44419	-9.69322	-8.24903
BLOCK27/SES277/SA277S24	SES177	-1.86551	-10.1145	-8.24903
BLOCK27/SES277/SA277S24	SES180	-2.32058	-10.5696	-8.24903
BLOCK27/SES277/SA277S24	SES189	-1.109	-9.35803	-8.24903
BLOCK27/SES277/SA277S29	SES177	-0.811086	-5.17065	-4.35956
BLOCK27/SES277/SA277S29	SES180	-1.13819	-5.49775	-4.35956
BLOCK27/SES277/SA277S29	SES202	-1.31776	-5.67733	-4.35956
BLOCK27/SES277/SA277S29	SES292	-2.16232	-6.52188	-4.35956
BLOCK27/SES279/SA279S09	SES120	-1.57504	-6.65355	-5.07851
BLOCK27/SES279/SA279S09	SES146	-1.48994	-6.56845	-5.07851
BLOCK27/SES279/SA279S09	SES206	-0.280502	-5.35901	-5.07851
BLOCK27/SES279/SA279S09	SES226	-1.84533	-6.92384	-5.07851
BLOCK27/SES279/SA279S10	SES099	-0.499093	-6.86455	-6.36546
BLOCK27/SES279/SA279S10	SES206	-0.940176	-7.30564	-6.36546
BLOCK27/SES279/SA279S10	SES226	-2.5621	-8.92756	-6.36546
BLOCK27/SES279/SA279S10	SES292	-0.212172	-6.57763	-6.36546
BLOCK27/SES279/SA279S20	SES099	-2.29626	-9.89476	-7.5985
BLOCK27/SES279/SA279S20	SES206	-0.670035	-8.26854	-7.5985
BLOCK27/SES279/SA279S20	SES226	-2.50129	-10.0998	-7.5985
BLOCK27/SES279/SA279S20	SES292	-0.115945	-7.71445	-7.5985
BLOCK27/SES279/SA279S26	SES099	-0.283465	-8.25201	-7.96854
BLOCK27/SES279/SA279S26	SES206	0.137201	-7.83134	-7.96854
BLOCK27/SES279/SA279S26	SES226	-2.59497	-10.5635	-7.96854
BLOCK27/SES279/SA279S26	SES292	-0.018579	-7.98712	-7.96854
BLOCK27/SES279/SA279S28	SES099	-0.059164	-4.34855	-4.28938
BLOCK27/SES279/SA279S28	SES120	-0.648331	-4.93772	-4.28938
BLOCK27/SES279/SA279S28	SES177	-1.54553	-5.83491	-4.28938
BLOCK27/SES279/SA279S28	SES206	-0.782896	-5.07228	-4.28938
BLOCK29/SES290/SA290S12	SES162	0.0393739	-5.15604	-5.19541
BLOCK29/SES290/SA290S12	SES177	-0.459002	-5.65442	-5.19541
BLOCK29/SES290/SA290S12	SES180	-0.63007	-5.82548	-5.19541
BLOCK29/SES290/SA290S12	SES292	-1.1961	-6.39151	-5.19541
BLOCK29/SES290/SA290S13	SES007	-0.768743	-6.32821	-5.55947
BLOCK29/SES290/SA290S13	SES162	-1.10198	-6.66145	-5.55947
BLOCK29/SES290/SA290S13	SES177	-0.957499	-6.51697	-5.55947
BLOCK29/SES290/SA290S13	SES180	-1.11736	-6.67683	-5.55947
BLOCK29/SES290/SA290S22	SES177	-0.85192	-5.86446	-5.01254
BLOCK29/SES290/SA290S22	SES180	-0.849732	-5.86228	-5.01254
BLOCK29/SES290/SA290S22	SES202	-0.834189	-5.84673	-5.01254
BLOCK29/SES290/SA290S22	SES292	-0.978723	-5.99127	-5.01254
BLOCK29/SES290/SA290S25	SES162	-1.40199	-6.81721	-5.41521
BLOCK29/SES290/SA290S25	SES177	-1.20854	-6.62376	-5.41521
BLOCK29/SES290/SA290S25	SES180	-1.22228	-6.63749	-5.41521
BLOCK29/SES290/SA290S25	SES292	-1.20597	-6.62119	-5.41521
BLOCK29/SES290/SA290S29	SES177	-0.309703	-4.67619	-4.36649
BLOCK29/SES290/SA290S29	SES180	0.117177	-4.24931	-4.36649
BLOCK29/SES290/SA290S29	SES275	-0.0725999	-4.43909	-4.36649
BLOCK29/SES290/SA290S29	SES292	-1.07562	-5.44211	-4.36649
BLOCK29/SES291/SA291S11	SES105	-1.24769	-9.12648	-7.87879
BLOCK29/SES291/SA291S11	SES125	-0.949635	-8.82842	-7.87879
BLOCK29/SES291/SA291S11	SES158	-1.24694	-9.12573	-7.87879
BLOCK29/SES291/SA291S11	SES275	-1.39589	-9.27468	-7.87879
BLOCK29/SES291/SA291S12	SES158	1.17861	-7.42277	-8.60138
BLOCK29/SES291/SA291S12	SES226	-1.7631	-10.3645	-8.60138
BLOCK29/SES291/SA291S12	SES270	-0.541723	-9.1431	-8.60138
BLOCK29/SES291/SA291S12	SES275	-3.11868	-11.7201	-8.60138
BLOCK29/SES291/SA291S22	SES082	-0.721608	-7.61866	-6.89705
BLOCK29/SES291/SA291S22	SES158	-0.384174	-7.28122	-6.89705
BLOCK29/SES291/SA291S22	SES259	-0.526465	-7.42352	-6.89705
BLOCK29/SES291/SA291S22	SES275	-2.0073	-8.90435	-6.89705
BLOCK29/SES291/SA291S24	SES104	-0.20819	-7.33732	-7.12913
BLOCK29/SES291/SA291S24	SES125	-0.455081	-7.58421	-7.12913
BLOCK29/SES291/SA291S24	SES158	0.0907221	-7.0384	-7.12913
BLOCK29/SES291/SA291S24	SES275	-2.37287	-9.50199	-7.12913
BLOCK29/SES291/SA291S27	SES158	0.043622	-5.98549	-6.02912
BLOCK29/SES291/SA291S27	SES172	-1.81538	-7.8445	-6.02912
BLOCK29/SES291/SA291S27	SES275	-1.85483	-7.88395	-6.02912
BLOCK29/SES291/SA291S27	SES292	-0.92519	-6.95431	-6.02912
