BLOCK00/SES002/SA002S12	SES002	1e+38	19.7181	-1e+38
BLOCK00/SES002/SA002S13	SES002	1e+38	19.3089	-1e+38
BLOCK00/SES002/SA002S23	SES002	1e+38	19.9331	-1e+38
BLOCK00/SES002/SA002S26	SES002	1e+38	20.906	-1e+38
BLOCK00/SES002/SA002S28	SES002	1e+38	18.2153	-1e+38
BLOCK00/SES007/SA007S14	SES007	1e+38	20.0071	-1e+38
BLOCK00/SES007/SA007S15	SES007	1e+38	18.1224	-1e+38
BLOCK00/SES007/SA007S24	SES007	1e+38	18.3027	-1e+38
BLOCK00/SES007/SA007S27	SES007	1e+38	17.6653	-1e+38
BLOCK00/SES007/SA007S29	SES007	1e+38	18.4604	-1e+38
BLOCK00/SES008/SA008S11	SES008	1e+38	18.8351	-1e+38
BLOCK00/SES008/SA008S12	SES008	1e+38	18.2299	-1e+38
BLOCK00/SES008/SA008S19	SES008	1e+38	20.0077	-1e+38
BLOCK00/SES008/SA008S22	SES008	1e+38	17.6372	-1e+38
BLOCK00/SES008/SA008S29	SES008	1e+38	19.7571	-1e+38
BLOCK01/SES014/SA014S10	SES014	1e+38	20.5273	-1e+38
BLOCK01/SES014/SA014S12	SES014	1e+38	23.5956	-1e+38
BLOCK01/SES014/SA014S24	SES014	1e+38	20.7234	-1e+38
BLOCK01/SES014/SA014S26	SES014	1e+38	24.2425	-1e+38
BLOCK01/SES014/SA014S28	SES014	1e+38	24.0009	-1e+38
BLOCK01/SES016/SA016S12	SES016	1e+38	17.2346	-1e+38
BLOCK01/SES016/SA016S13	SES016	1e+38	18.9724	-1e+38
BLOCK01/SES016/SA016S22	SES016	1e+38	18.7657	-1e+38
BLOCK01/SES016/SA016S25	SES016	1e+38	21.3319	-1e+38
BLOCK01/SES016/SA016S27	SES016	1e+38	21.5496	-1e+38
BLOCK01/SES019/SA019S13	SES019	1e+38	18.6605	-1e+38
BLOCK01/SES019/SA019S14	SES019	1e+38	19.0998	-1e+38
BLOCK01/SES019/SA019S22	SES019	1e+38	19.0445	-1e+38
BLOCK01/SES019/SA019S25	SES019	1e+38	19.0369	-1e+38
BLOCK01/SES019/SA019S29	SES019	1e+38	19.6839	-1e+38
BLOCK02/SES029/SA029S11	SES029	1e+38	18.7236	-1e+38
BLOCK02/SES029/SA029S12	SES029	1e+38	19.0677	-1e+38
BLOCK02/SES029/SA029S20	SES029	1e+38	18.168	-1e+38
BLOCK02/SES029/SA029S25	SES029	1e+38	19.8513	-1e+38
BLOCK02/SES029/SA029S28	SES029	1e+38	18.5013	-1e+38
BLOCK04/SES042/SA042S12	SES042	1e+38	20.0807	-1e+38
BLOCK04/SES042/SA042S15	SES042	1e+38	20.3588	-1e+38
BLOCK04/SES042/SA042S22	SES042	1e+38	23.7409	-1e+38
BLOCK04/SES042/SA042S25	SES042	1e+38	19.5189	-1e+38
BLOCK04/SES042/SA042S27	SES042	1e+38	21.2104	-1e+38
BLOCK04/SES048/SA048S11	SES048	1e+38	19.7656	-1e+38
BLOCK04/SES048/SA048S12	SES048	1e+38	19.6527	-1e+38
BLOCK04/SES048/SA048S20	SES048	1e+38	19.3366	-1e+38
BLOCK04/SES048/SA048S23	SES048	1e+38	18.6089	-1e+38
BLOCK04/SES048/SA048S27	SES048	1e+38	20.9756	-1e+38
BLOCK06/SES060/SA060S11	SES060	1e+38	19.3385	-1e+38
BLOCK06/SES060/SA060S12	SES060	1e+38	16.478	-1e+38
BLOCK06/SES060/SA060S22	SES060	1e+38	16.3516	-1e+38
BLOCK06/SES060/SA060S24	SES060	1e+38	19.1284	-1e+38
BLOCK06/SES060/SA060S28	SES060	1e+38	21.1533	-1e+38
BLOCK06/SES062/SA062S10	SES062	1e+38	19.2654	-1e+38
BLOCK06/SES062/SA062S11	SES062	1e+38	19.761	-1e+38
BLOCK06/SES062/SA062S21	SES062	1e+38	22.5767	-1e+38
BLOCK06/SES062/SA062S26	SES062	1e+38	20.8152	-1e+38
BLOCK06/SES062/SA062S29	SES062	1e+38	21.7181	-1e+38
BLOCK06/SES068/SA068S14	SES068	1e+38	19.0857	-1e+38
BLOCK06/SES068/SA068S15	SES068	1e+38	20.6326	-1e+38
BLOCK06/SES068/SA068S23	SES068	1e+38	19.1396	-1e+38
BLOCK06/SES068/SA068S27	SES068	1e+38	20.8394	-1e+38
BLOCK06/SES068/SA068S29	SES068	1e+38	19.1152	-1e+38
BLOCK08/SES082/SA082S12	SES082	1e+38	17.7972	-1e+38
BLOCK08/SES082/SA082S14	SES082	1e+38	17.779	-1e+38
BLOCK08/SES082/SA082S21	SES082	1e+38	18.3736	-1e+38
BLOCK08/SES082/SA082S24	SES082	1e+38	20.0293	-1e+38
BLOCK08/SES082/SA082S28	SES082	1e+38	18.2311	-1e+38
BLOCK08/SES083/SA083S14	SES083	1e+38	18.1717	-1e+38
BLOCK08/SES083/SA083S15	SES083	1e+38	19.8014	-1e+38
BLOCK08/SES083/SA083S24	SES083	1e+38	18.7455	-1e+38
BLOCK08/SES083/SA083S26	SES083	1e+38	18.58	-1e+38
BLOCK08/SES083/SA083S29	SES083	1e+38	19.6218	-1e+38
BLOCK08/SES085/SA085S10	SES085	1e+38	19.4867	-1e+38
BLOCK08/SES085/SA085S13	SES085	1e+38	18.0885	-1e+38
BLOCK08/SES085/SA085S22	SES085	1e+38	19.595	-1e+38
BLOCK08/SES085/SA085S26	SES085	1e+38	19.8157	-1e+38
BLOCK08/SES085/SA085S28	SES085	1e+38	19.6678	-1e+38
BLOCK08/SES087/SA087S15	SES087	1e+38	19.4932	-1e+38
BLOCK08/SES087/SA087S16	SES087	1e+38	19.2933	-1e+38
BLOCK08/SES087/SA087S24	SES087	1e+38	19.5989	-1e+38
BLOCK08/SES087/SA087S26	SES087	1e+38	20.682	-1e+38
BLOCK08/SES087/SA087S29	SES087	1e+38	19.1988	-1e+38
BLOCK09/SES099/SA099S15	SES099	1e+38	18.9166	-1e+38
BLOCK09/SES099/SA099S16	SES099	1e+38	19.1049	-1e+38
BLOCK09/SES099/SA099S24	SES099	1e+38	19.1264	-1e+38
BLOCK09/SES099/SA099S26	SES099	1e+38	19.5277	-1e+38
BLOCK09/SES099/SA099S29	SES099	1e+38	19.9222	-1e+38
BLOCK10/SES101/SA101S11	SES101	1e+38	19.0235	-1e+38
BLOCK10/SES101/SA101S13	SES101	1e+38	19.7915	-1e+38
BLOCK10/SES101/SA101S22	SES101	1e+38	18.5305	-1e+38
BLOCK10/SES101/SA101S24	SES101	1e+38	19.397	-1e+38
BLOCK10/SES101/SA101S28	SES101	1e+38	17.6819	-1e+38
BLOCK10/SES104/SA104S11	SES104	1e+38	22.0659	-1e+38
BLOCK10/SES104/SA104S12	SES104	1e+38	19.9199	-1e+38
BLOCK10/SES104/SA104S21	SES104	1e+38	19.5342	-1e+38
BLOCK10/SES104/SA104S24	SES104	1e+38	19.5706	-1e+38
BLOCK10/SES104/SA104S28	SES104	1e+38	20.7429	-1e+38
BLOCK10/SES105/SA105S12	SES105	1e+38	17.4393	-1e+38
BLOCK10/SES105/SA105S13	SES105	1e+38	17.9721	-1e+38
BLOCK10/SES105/SA105S22	SES105	1e+38	16.8166	-1e+38
BLOCK10/SES105/SA105S26	SES105	1e+38	17.8014	-1e+38
BLOCK10/SES105/SA105S29	SES105	1e+38	18.3922	-1e+38
BLOCK10/SES106/SA106S09	SES106	1e+38	17.812	-1e+38
BLOCK10/SES106/SA106S11	SES106	1e+38	19.8147	-1e+38
BLOCK10/SES106/SA106S22	SES106	1e+38	20.5733	-1e+38
BLOCK10/SES106/SA106S27	SES106	1e+38	18.6289	-1e+38
BLOCK10/SES106/SA106S29	SES106	1e+38	18.5092	-1e+38
BLOCK11/SES117/SA117S12	SES117	1e+38	17.9625	-1e+38
BLOCK11/SES117/SA117S13	SES117	1e+38	18.1974	-1e+38
BLOCK11/SES117/SA117S23	SES117	1e+38	16.7316	-1e+38
BLOCK11/SES117/SA117S25	SES117	1e+38	17.2868	-1e+38
BLOCK11/SES117/SA117S28	SES117	1e+38	16.8922	-1e+38
BLOCK12/SES120/SA120S08	SES120	1e+38	15.8816	-1e+38
BLOCK12/SES120/SA120S11	SES120	1e+38	15.3646	-1e+38
BLOCK12/SES120/SA120S22	SES120	1e+38	17.7411	-1e+38
BLOCK12/SES120/SA120S24	SES120	1e+38	17.2788	-1e+38
BLOCK12/SES120/SA120S28	SES120	1e+38	15.2988	-1e+38
BLOCK12/SES125/SA125S13	SES125	1e+38	19.8291	-1e+38
BLOCK12/SES125/SA125S14	SES125	1e+38	18.4091	-1e+38
BLOCK12/SES125/SA125S25	SES125	1e+38	20.3444	-1e+38
BLOCK12/SES125/SA125S27	SES125	1e+38	21.5826	-1e+38
BLOCK12/SES125/SA125S29	SES125	1e+38	19.5508	-1e+38
BLOCK12/SES127/SA127S11	SES127	1e+38	18.1803	-1e+38
BLOCK12/SES127/SA127S12	SES127	1e+38	18.8888	-1e+38
BLOCK12/SES127/SA127S23	SES127	1e+38	18.6642	-1e+38
BLOCK12/SES127/SA127S25	SES127	1e+38	17.3233	-1e+38
BLOCK12/SES127/SA127S27	SES127	1e+38	18.8001	-1e+38
BLOCK12/SES129/SA129S11	SES129	1e+38	20.5478	-1e+38
BLOCK12/SES129/SA129S12	SES129	1e+38	19.8672	-1e+38
BLOCK12/SES129/SA129S22	SES129	1e+38	18.7974	-1e+38
BLOCK12/SES129/SA129S27	SES129	1e+38	19.7286	-1e+38
BLOCK12/SES129/SA129S29	SES129	1e+38	20.1957	-1e+38
BLOCK14/SES142/SA142S11	SES142	1e+38	18.1015	-1e+38
BLOCK14/SES142/SA142S12	SES142	1e+38	17.3772	-1e+38
BLOCK14/SES142/SA142S24	SES142	1e+38	18.6079	-1e+38
BLOCK14/SES142/SA142S27	SES142	1e+38	19.0943	-1e+38
BLOCK14/SES142/SA142S29	SES142	1e+38	18.3529	-1e+38
BLOCK14/SES143/SA143S12	SES143	1e+38	17.388	-1e+38
BLOCK14/SES143/SA143S13	SES143	1e+38	17.0977	-1e+38
BLOCK14/SES143/SA143S23	SES143	1e+38	17.5811	-1e+38
BLOCK14/SES143/SA143S25	SES143	1e+38	17.8682	-1e+38
BLOCK14/SES143/SA143S28	SES143	1e+38	17.7595	-1e+38
BLOCK14/SES144/SA144S09	SES144	1e+38	19.1078	-1e+38
BLOCK14/SES144/SA144S11	SES144	1e+38	18.1556	-1e+38
BLOCK14/SES144/SA144S21	SES144	1e+38	17.8544	-1e+38
BLOCK14/SES144/SA144S25	SES144	1e+38	17.2062	-1e+38
BLOCK14/SES144/SA144S29	SES144	1e+38	18.1192	-1e+38
BLOCK14/SES146/SA146S14	SES146	1e+38	16.9919	-1e+38
BLOCK14/SES146/SA146S15	SES146	1e+38	16.5337	-1e+38
BLOCK14/SES146/SA146S24	SES146	1e+38	17.673	-1e+38
BLOCK14/SES146/SA146S26	SES146	1e+38	17.2879	-1e+38
BLOCK14/SES146/SA146S29	SES146	1e+38	16.8014	-1e+38
BLOCK14/SES147/SA147S11	SES147	1e+38	17.5189	-1e+38
BLOCK14/SES147/SA147S13	SES147	1e+38	18.3912	-1e+38
BLOCK14/SES147/SA147S23	SES147	1e+38	17.6891	-1e+38
BLOCK14/SES147/SA147S26	SES147	1e+38	17.897	-1e+38
BLOCK14/SES147/SA147S28	SES147	1e+38	18.0786	-1e+38
BLOCK14/SES148/SA148S10	SES148	1e+38	17.5695	-1e+38
BLOCK14/SES148/SA148S12	SES148	1e+38	16.8489	-1e+38
BLOCK14/SES148/SA148S22	SES148	1e+38	18.9353	-1e+38
BLOCK14/SES148/SA148S26	SES148	1e+38	17.8185	-1e+38
BLOCK14/SES148/SA148S29	SES148	1e+38	17.6175	-1e+38
BLOCK14/SES149/SA149S13	SES149	1e+38	18.6549	-1e+38
BLOCK14/SES149/SA149S14	SES149	1e+38	19.1007	-1e+38
BLOCK14/SES149/SA149S24	SES149	1e+38	20.0065	-1e+38
BLOCK14/SES149/SA149S26	SES149	1e+38	21.1566	-1e+38
BLOCK14/SES149/SA149S28	SES149	1e+38	21.97	-1e+38
BLOCK15/SES158/SA158S13	SES158	1e+38	17.8954	-1e+38
BLOCK15/SES158/SA158S14	SES158	1e+38	18.1359	-1e+38
BLOCK15/SES158/SA158S23	SES158	1e+38	18.2635	-1e+38
BLOCK15/SES158/SA158S26	SES158	1e+38	18.063	-1e+38
BLOCK15/SES158/SA158S28	SES158	1e+38	17.0192	-1e+38
BLOCK16/SES162/SA162S10	SES162	1e+38	16.4378	-1e+38
BLOCK16/SES162/SA162S11	SES162	1e+38	18.6599	-1e+38
BLOCK16/SES162/SA162S21	SES162	1e+38	18.6954	-1e+38
BLOCK16/SES162/SA162S24	SES162	1e+38	18.2935	-1e+38
BLOCK16/SES162/SA162S27	SES162	1e+38	17.954	-1e+38
BLOCK16/SES167/SA167S14	SES167	1e+38	20.0223	-1e+38
BLOCK16/SES167/SA167S15	SES167	1e+38	18.9248	-1e+38
BLOCK16/SES167/SA167S21	SES167	1e+38	19.4598	-1e+38
BLOCK16/SES167/SA167S25	SES167	1e+38	18.6422	-1e+38
BLOCK16/SES167/SA167S29	SES167	1e+38	20.7403	-1e+38
BLOCK17/SES172/SA172S12	SES172	1e+38	18.8152	-1e+38
BLOCK17/SES172/SA172S13	SES172	1e+38	18.4467	-1e+38
BLOCK17/SES172/SA172S23	SES172	1e+38	19.6022	-1e+38
BLOCK17/SES172/SA172S27	SES172	1e+38	18.7304	-1e+38
BLOCK17/SES172/SA172S29	SES172	1e+38	19.2227	-1e+38
BLOCK17/SES175/SA175S11	SES175	1e+38	18.3656	-1e+38
BLOCK17/SES175/SA175S13	SES175	1e+38	18.3895	-1e+38
BLOCK17/SES175/SA175S23	SES175	1e+38	18.538	-1e+38
BLOCK17/SES175/SA175S25	SES175	1e+38	16.5936	-1e+38
BLOCK17/SES175/SA175S28	SES175	1e+38	18.6217	-1e+38
BLOCK17/SES177/SA177S15	SES177	1e+38	18.5899	-1e+38
BLOCK17/SES177/SA177S17	SES177	1e+38	18.7466	-1e+38
BLOCK17/SES177/SA177S23	SES177	1e+38	17.392	-1e+38
BLOCK17/SES177/SA177S26	SES177	1e+38	20.4242	-1e+38
BLOCK17/SES177/SA177S28	SES177	1e+38	18.9208	-1e+38
BLOCK18/SES180/SA180S13	SES180	1e+38	17.7468	-1e+38
BLOCK18/SES180/SA180S15	SES180	1e+38	18.3565	-1e+38
BLOCK18/SES180/SA180S24	SES180	1e+38	19.2556	-1e+38
BLOCK18/SES180/SA180S26	SES180	1e+38	19.2279	-1e+38
BLOCK18/SES180/SA180S29	SES180	1e+38	18.4282	-1e+38
BLOCK18/SES183/SA183S13	SES183	1e+38	17.0208	-1e+38
BLOCK18/SES183/SA183S14	SES183	1e+38	16.7498	-1e+38
BLOCK18/SES183/SA183S24	SES183	1e+38	16.4249	-1e+38
BLOCK18/SES183/SA183S27	SES183	1e+38	17.2341	-1e+38
BLOCK18/SES183/SA183S29	SES183	1e+38	17.9279	-1e+38
BLOCK18/SES187/SA187S13	SES187	1e+38	18.141	-1e+38
BLOCK18/SES187/SA187S14	SES187	1e+38	17.2662	-1e+38
BLOCK18/SES187/SA187S24	SES187	1e+38	17.2757	-1e+38
BLOCK18/SES187/SA187S27	SES187	1e+38	18.3312	-1e+38
BLOCK18/SES187/SA187S29	SES187	1e+38	18.562	-1e+38
BLOCK18/SES189/SA189S10	SES189	1e+38	16.9224	-1e+38
BLOCK18/SES189/SA189S13	SES189	1e+38	16.8597	-1e+38
BLOCK18/SES189/SA189S24	SES189	1e+38	16.9699	-1e+38
BLOCK18/SES189/SA189S26	SES189	1e+38	17.2119	-1e+38
BLOCK18/SES189/SA189S29	SES189	1e+38	17.3967	-1e+38
BLOCK20/SES202/SA202S12	SES202	1e+38	15.612	-1e+38
BLOCK20/SES202/SA202S14	SES202	1e+38	18.1916	-1e+38
BLOCK20/SES202/SA202S24	SES202	1e+38	17.4828	-1e+38
BLOCK20/SES202/SA202S27	SES202	1e+38	19.3869	-1e+38
BLOCK20/SES202/SA202S29	SES202	1e+38	18.7978	-1e+38
BLOCK20/SES206/SA206S15	SES206	1e+38	18.4627	-1e+38
BLOCK20/SES206/SA206S17	SES206	1e+38	21.0965	-1e+38
BLOCK20/SES206/SA206S24	SES206	1e+38	20.9281	-1e+38
BLOCK20/SES206/SA206S27	SES206	1e+38	20.2649	-1e+38
BLOCK20/SES206/SA206S29	SES206	1e+38	21.3713	-1e+38
BLOCK22/SES226/SA226S12	SES226	1e+38	18.5567	-1e+38
BLOCK22/SES226/SA226S13	SES226	1e+38	17.0617	-1e+38
BLOCK22/SES226/SA226S20	SES226	1e+38	18.5752	-1e+38
BLOCK22/SES226/SA226S23	SES226	1e+38	19.2458	-1e+38
BLOCK22/SES226/SA226S28	SES226	1e+38	19.8118	-1e+38
BLOCK25/SES259/SA259S13	SES259	1e+38	21.4052	-1e+38
BLOCK25/SES259/SA259S14	SES259	1e+38	20.1196	-1e+38
BLOCK25/SES259/SA259S22	SES259	1e+38	19.928	-1e+38
BLOCK25/SES259/SA259S24	SES259	1e+38	21.7765	-1e+38
BLOCK25/SES259/SA259S28	SES259	1e+38	20.0777	-1e+38
BLOCK27/SES270/SA270S14	SES270	1e+38	18.3451	-1e+38
BLOCK27/SES270/SA270S16	SES270	1e+38	18.0686	-1e+38
BLOCK27/SES270/SA270S22	SES270	1e+38	18.5651	-1e+38
BLOCK27/SES270/SA270S26	SES270	1e+38	17.4525	-1e+38
BLOCK27/SES270/SA270S28	SES270	1e+38	18.4967	-1e+38
BLOCK27/SES275/SA275S17	SES275	1e+38	18.2706	-1e+38
BLOCK27/SES275/SA275S18	SES275	1e+38	18.1354	-1e+38
BLOCK27/SES275/SA275S24	SES275	1e+38	16.9816	-1e+38
BLOCK27/SES275/SA275S26	SES275	1e+38	18.3839	-1e+38
BLOCK27/SES275/SA275S28	SES275	1e+38	17.8849	-1e+38
BLOCK29/SES292/SA292S10	SES292	1e+38	18.3318	-1e+38
BLOCK29/SES292/SA292S12	SES292	1e+38	17.4946	-1e+38
BLOCK29/SES292/SA292S22	SES292	1e+38	18.8546	-1e+38
BLOCK29/SES292/SA292S24	SES292	1e+38	18.4661	-1e+38
BLOCK29/SES292/SA292S27	SES292	1e+38	18.6369	-1e+38
BLOCK00/SES001/SA001S14	SES062	1e+38	13.4489	-1e+38
BLOCK00/SES001/SA001S14	SES082	1e+38	13.7165	-1e+38
BLOCK00/SES001/SA001S14	SES106	1e+38	13.9332	-1e+38
BLOCK00/SES001/SA001S14	SES206	1e+38	14.1703	-1e+38
BLOCK00/SES001/SA001S15	SES062	1e+38	15.6474	-1e+38
BLOCK00/SES001/SA001S15	SES104	1e+38	15.4501	-1e+38
BLOCK00/SES001/SA001S15	SES106	1e+38	15.7709	-1e+38
BLOCK00/SES001/SA001S15	SES206	1e+38	15.6152	-1e+38
BLOCK00/SES001/SA001S24	SES062	1e+38	12.9581	-1e+38
BLOCK00/SES001/SA001S24	SES082	1e+38	14.1847	-1e+38
BLOCK00/SES001/SA001S24	SES087	1e+38	14.3438	-1e+38
BLOCK00/SES001/SA001S24	SES206	1e+38	14.2698	-1e+38
BLOCK00/SES001/SA001S27	SES062	1e+38	16.1102	-1e+38
BLOCK00/SES001/SA001S27	SES082	1e+38	16.349	-1e+38
BLOCK00/SES001/SA001S27	SES087	1e+38	16.271	-1e+38
BLOCK00/SES001/SA001S27	SES206	1e+38	16.2208	-1e+38
BLOCK00/SES001/SA001S29	SES062	1e+38	12.6697	-1e+38
BLOCK00/SES001/SA001S29	SES082	1e+38	14.7539	-1e+38
BLOCK00/SES001/SA001S29	SES158	1e+38	15.1299	-1e+38
BLOCK00/SES001/SA001S29	SES206	1e+38	13.8834	-1e+38
BLOCK00/SES003/SA003S11	SES002	1e+38	17.0638	-1e+38
BLOCK00/SES003/SA003S11	SES019	1e+38	15.8787	-1e+38
BLOCK00/SES003/SA003S11	SES082	1e+38	16.7841	-1e+38
BLOCK00/SES003/SA003S11	SES125	1e+38	16.1286	-1e+38
BLOCK00/SES003/SA003S15	SES016	1e+38	16.5157	-1e+38
BLOCK00/SES003/SA003S15	SES019	1e+38	16.867	-1e+38
BLOCK00/SES003/SA003S15	SES062	1e+38	16.4277	-1e+38
BLOCK00/SES003/SA003S15	SES206	1e+38	17.0581	-1e+38
BLOCK00/SES003/SA003S22	SES002	1e+38	16.563	-1e+38
BLOCK00/SES003/SA003S22	SES062	1e+38	16.2383	-1e+38
BLOCK00/SES003/SA003S22	SES082	1e+38	16.4564	-1e+38
BLOCK00/SES003/SA003S22	SES087	1e+38	16.8022	-1e+38
BLOCK00/SES003/SA003S25	SES062	1e+38	14.0994	-1e+38
BLOCK00/SES003/SA003S25	SES082	1e+38	16.1556	-1e+38
BLOCK00/SES003/SA003S25	SES087	1e+38	15.6705	-1e+38
BLOCK00/SES003/SA003S25	SES206	1e+38	14.5622	-1e+38
BLOCK00/SES003/SA003S29	SES002	1e+38	15.4855	-1e+38
BLOCK00/SES003/SA003S29	SES062	1e+38	14.3129	-1e+38
BLOCK00/SES003/SA003S29	SES082	1e+38	15.8018	-1e+38
BLOCK00/SES003/SA003S29	SES087	1e+38	15.8242	-1e+38
BLOCK00/SES004/SA004S12	SES083	1e+38	14.8506	-1e+38
BLOCK00/SES004/SA004S12	SES148	1e+38	14.3417	-1e+38
BLOCK00/SES004/SA004S12	SES172	1e+38	15.6025	-1e+38
BLOCK00/SES004/SA004S12	SES292	1e+38	14.9	-1e+38
BLOCK00/SES004/SA004S17	SES083	1e+38	15.1127	-1e+38
BLOCK00/SES004/SA004S17	SES162	1e+38	15.4303	-1e+38
BLOCK00/SES004/SA004S17	SES172	1e+38	15.5625	-1e+38
BLOCK00/SES004/SA004S17	SES292	1e+38	15.1369	-1e+38
BLOCK00/SES004/SA004S24	SES083	1e+38	15.004	-1e+38
BLOCK00/SES004/SA004S24	SES148	1e+38	14.2764	-1e+38
BLOCK00/SES004/SA004S24	SES172	1e+38	15.861	-1e+38
BLOCK00/SES004/SA004S24	SES292	1e+38	15.9867	-1e+38
BLOCK00/SES004/SA004S26	SES083	1e+38	15.019	-1e+38
BLOCK00/SES004/SA004S26	SES127	1e+38	15.3254	-1e+38
BLOCK00/SES004/SA004S26	SES148	1e+38	13.4488	-1e+38
BLOCK00/SES004/SA004S26	SES292	1e+38	14.7608	-1e+38
BLOCK00/SES004/SA004S28	SES083	1e+38	16.5293	-1e+38
BLOCK00/SES004/SA004S28	SES127	1e+38	16.9609	-1e+38
BLOCK00/SES004/SA004S28	SES187	1e+38	16.9673	-1e+38
BLOCK00/SES004/SA004S28	SES292	1e+38	16.3391	-1e+38
BLOCK00/SES006/SA006S10	SES014	1e+38	10.1098	-1e+38
BLOCK00/SES006/SA006S10	SES158	1e+38	12.3707	-1e+38
BLOCK00/SES006/SA006S10	SES226	1e+38	10.566	-1e+38
BLOCK00/SES006/SA006S10	SES270	1e+38	12.8827	-1e+38
BLOCK00/SES006/SA006S11	SES158	1e+38	12.8963	-1e+38
BLOCK00/SES006/SA006S11	SES226	1e+38	11.9569	-1e+38
BLOCK00/SES006/SA006S11	SES270	1e+38	13.3028	-1e+38
BLOCK00/SES006/SA006S11	SES275	1e+38	12.765	-1e+38
BLOCK00/SES006/SA006S23	SES062	1e+38	14.3787	-1e+38
BLOCK00/SES006/SA006S23	SES105	1e+38	13.9487	-1e+38
BLOCK00/SES006/SA006S23	SES158	1e+38	14.9667	-1e+38
BLOCK00/SES006/SA006S23	SES275	1e+38	14.5188	-1e+38
BLOCK00/SES006/SA006S26	SES104	1e+38	12.9128	-1e+38
BLOCK00/SES006/SA006S26	SES158	1e+38	14.816	-1e+38
BLOCK00/SES006/SA006S26	SES270	1e+38	15.2576	-1e+38
BLOCK00/SES006/SA006S26	SES275	1e+38	13.8603	-1e+38
BLOCK00/SES006/SA006S28	SES007	1e+38	12.3225	-1e+38
BLOCK00/SES006/SA006S28	SES105	1e+38	12.2814	-1e+38
BLOCK00/SES006/SA006S28	SES158	1e+38	12.6597	-1e+38
BLOCK00/SES006/SA006S28	SES275	1e+38	12.4181	-1e+38
BLOCK00/SES009/SA009S12	SES083	1e+38	16.1263	-1e+38
BLOCK00/SES009/SA009S12	SES148	1e+38	15.8922	-1e+38
BLOCK00/SES009/SA009S12	SES177	1e+38	17.4642	-1e+38
BLOCK00/SES009/SA009S12	SES292	1e+38	17.2486	-1e+38
BLOCK00/SES009/SA009S15	SES007	1e+38	18.7787	-1e+38
BLOCK00/SES009/SA009S15	SES099	1e+38	15.512	-1e+38
BLOCK00/SES009/SA009S15	SES148	1e+38	16.3612	-1e+38
BLOCK00/SES009/SA009S15	SES172	1e+38	17.4898	-1e+38
BLOCK00/SES009/SA009S24	SES146	1e+38	17.5611	-1e+38
BLOCK00/SES009/SA009S24	SES148	1e+38	16.1138	-1e+38
BLOCK00/SES009/SA009S24	SES177	1e+38	18.2511	-1e+38
BLOCK00/SES009/SA009S24	SES292	1e+38	17.745	-1e+38
BLOCK00/SES009/SA009S26	SES083	1e+38	16.047	-1e+38
BLOCK00/SES009/SA009S26	SES101	1e+38	16.2293	-1e+38
BLOCK00/SES009/SA009S26	SES120	1e+38	16.5624	-1e+38
BLOCK00/SES009/SA009S26	SES177	1e+38	16.9461	-1e+38
BLOCK00/SES009/SA009S29	SES083	1e+38	17.22	-1e+38
BLOCK00/SES009/SA009S29	SES101	1e+38	17.5342	-1e+38
BLOCK00/SES009/SA009S29	SES177	1e+38	18.219	-1e+38
BLOCK00/SES009/SA009S29	SES292	1e+38	17.8537	-1e+38
BLOCK01/SES011/SA011S10	SES019	1e+38	16.8342	-1e+38
BLOCK01/SES011/SA011S10	SES042	1e+38	18.4215	-1e+38
BLOCK01/SES011/SA011S10	SES082	1e+38	16.9158	-1e+38
BLOCK01/SES011/SA011S10	SES206	1e+38	17.2624	-1e+38
BLOCK01/SES011/SA011S11	SES019	1e+38	15.1151	-1e+38
BLOCK01/SES011/SA011S11	SES042	1e+38	16.1306	-1e+38
BLOCK01/SES011/SA011S11	SES082	1e+38	15.8784	-1e+38
BLOCK01/SES011/SA011S11	SES206	1e+38	15.8175	-1e+38
BLOCK01/SES011/SA011S22	SES019	1e+38	15.7503	-1e+38
BLOCK01/SES011/SA011S22	SES042	1e+38	16.8222	-1e+38
BLOCK01/SES011/SA011S22	SES082	1e+38	15.6084	-1e+38
BLOCK01/SES011/SA011S22	SES206	1e+38	15.357	-1e+38
BLOCK01/SES011/SA011S24	SES019	1e+38	16.2816	-1e+38
BLOCK01/SES011/SA011S24	SES042	1e+38	17.4096	-1e+38
BLOCK01/SES011/SA011S24	SES104	1e+38	15.9625	-1e+38
BLOCK01/SES011/SA011S24	SES206	1e+38	16.711	-1e+38
BLOCK01/SES011/SA011S27	SES082	1e+38	16.6705	-1e+38
BLOCK01/SES011/SA011S27	SES087	1e+38	15.5425	-1e+38
BLOCK01/SES011/SA011S27	SES125	1e+38	15.9834	-1e+38
BLOCK01/SES011/SA011S27	SES206	1e+38	15.953	-1e+38
BLOCK01/SES012/SA012S11	SES007	1e+38	18.3764	-1e+38
BLOCK01/SES012/SA012S11	SES082	1e+38	18.3753	-1e+38
BLOCK01/SES012/SA012S11	SES083	1e+38	18.3131	-1e+38
BLOCK01/SES012/SA012S11	SES206	1e+38	18.6916	-1e+38
BLOCK01/SES012/SA012S14	SES082	1e+38	18.5725	-1e+38
BLOCK01/SES012/SA012S14	SES087	1e+38	17.6888	-1e+38
BLOCK01/SES012/SA012S14	SES206	1e+38	18.2723	-1e+38
BLOCK01/SES012/SA012S14	SES292	1e+38	17.3511	-1e+38
BLOCK01/SES012/SA012S24	SES082	1e+38	17.9252	-1e+38
BLOCK01/SES012/SA012S24	SES087	1e+38	16.35	-1e+38
BLOCK01/SES012/SA012S24	SES120	1e+38	16.1645	-1e+38
BLOCK01/SES012/SA012S24	SES206	1e+38	17.0256	-1e+38
BLOCK01/SES012/SA012S26	SES019	1e+38	16.6059	-1e+38
BLOCK01/SES012/SA012S26	SES082	1e+38	18.5574	-1e+38
BLOCK01/SES012/SA012S26	SES206	1e+38	19.8884	-1e+38
BLOCK01/SES012/SA012S26	SES292	1e+38	18.5996	-1e+38
BLOCK01/SES012/SA012S29	SES062	1e+38	17.9553	-1e+38
BLOCK01/SES012/SA012S29	SES082	1e+38	18.9608	-1e+38
BLOCK01/SES012/SA012S29	SES083	1e+38	17.3454	-1e+38
BLOCK01/SES012/SA012S29	SES206	1e+38	18.9374	-1e+38
BLOCK01/SES013/SA013S16	SES062	1e+38	14.3172	-1e+38
BLOCK01/SES013/SA013S16	SES106	1e+38	15.9163	-1e+38
BLOCK01/SES013/SA013S16	SES206	1e+38	15.747	-1e+38
BLOCK01/SES013/SA013S16	SES226	1e+38	15.9498	-1e+38
BLOCK01/SES013/SA013S17	SES062	1e+38	16.5142	-1e+38
BLOCK01/SES013/SA013S17	SES106	1e+38	16.7441	-1e+38
BLOCK01/SES013/SA013S17	SES206	1e+38	18.5296	-1e+38
BLOCK01/SES013/SA013S17	SES226	1e+38	18.5863	-1e+38
BLOCK01/SES013/SA013S23	SES104	1e+38	16.9183	-1e+38
BLOCK01/SES013/SA013S23	SES106	1e+38	17.1161	-1e+38
BLOCK01/SES013/SA013S23	SES206	1e+38	17.322	-1e+38
BLOCK01/SES013/SA013S23	SES270	1e+38	17.2861	-1e+38
BLOCK01/SES013/SA013S25	SES042	1e+38	18.3493	-1e+38
BLOCK01/SES013/SA013S25	SES104	1e+38	19.0167	-1e+38
BLOCK01/SES013/SA013S25	SES106	1e+38	18.5353	-1e+38
BLOCK01/SES013/SA013S25	SES206	1e+38	18.8367	-1e+38
BLOCK01/SES013/SA013S29	SES062	1e+38	15.154	-1e+38
BLOCK01/SES013/SA013S29	SES104	1e+38	16.7092	-1e+38
BLOCK01/SES013/SA013S29	SES106	1e+38	17.4571	-1e+38
BLOCK01/SES013/SA013S29	SES206	1e+38	17.3533	-1e+38
BLOCK02/SES021/SA021S13	SES016	1e+38	16.5238	-1e+38
BLOCK02/SES021/SA021S13	SES029	1e+38	18.0002	-1e+38
BLOCK02/SES021/SA021S13	SES087	1e+38	18.0618	-1e+38
BLOCK02/SES021/SA021S13	SES206	1e+38	18.1782	-1e+38
BLOCK02/SES021/SA021S15	SES087	1e+38	19.6262	-1e+38
BLOCK02/SES021/SA021S15	SES125	1e+38	19.974	-1e+38
BLOCK02/SES021/SA021S15	SES206	1e+38	19.7446	-1e+38
BLOCK02/SES021/SA021S15	SES226	1e+38	18.4345	-1e+38
BLOCK02/SES021/SA021S23	SES062	1e+38	14.7972	-1e+38
BLOCK02/SES021/SA021S23	SES087	1e+38	16.8082	-1e+38
BLOCK02/SES021/SA021S23	SES206	1e+38	16.4344	-1e+38
BLOCK02/SES021/SA021S23	SES226	1e+38	16.5542	-1e+38
BLOCK02/SES021/SA021S27	SES002	1e+38	18.169	-1e+38
BLOCK02/SES021/SA021S27	SES016	1e+38	15.2467	-1e+38
BLOCK02/SES021/SA021S27	SES019	1e+38	17.243	-1e+38
BLOCK02/SES021/SA021S27	SES062	1e+38	17.5118	-1e+38
BLOCK02/SES021/SA021S29	SES087	1e+38	18.2443	-1e+38
BLOCK02/SES021/SA021S29	SES125	1e+38	18.8208	-1e+38
BLOCK02/SES021/SA021S29	SES206	1e+38	18.4342	-1e+38
BLOCK02/SES021/SA021S29	SES226	1e+38	17.4203	-1e+38
BLOCK04/SES043/SA043S09	SES083	1e+38	14.7842	-1e+38
BLOCK04/SES043/SA043S09	SES101	1e+38	14.9023	-1e+38
BLOCK04/SES043/SA043S09	SES144	1e+38	15.7293	-1e+38
BLOCK04/SES043/SA043S09	SES172	1e+38	14.2915	-1e+38
BLOCK04/SES043/SA043S11	SES083	1e+38	17.3496	-1e+38
BLOCK04/SES043/SA043S11	SES101	1e+38	17.2626	-1e+38
BLOCK04/SES043/SA043S11	SES144	1e+38	17.5426	-1e+38
BLOCK04/SES043/SA043S11	SES172	1e+38	17.288	-1e+38
BLOCK04/SES043/SA043S23	SES083	1e+38	16.4815	-1e+38
BLOCK04/SES043/SA043S23	SES144	1e+38	17.0735	-1e+38
BLOCK04/SES043/SA043S23	SES177	1e+38	16.1614	-1e+38
BLOCK04/SES043/SA043S23	SES275	1e+38	16.4556	-1e+38
BLOCK04/SES043/SA043S26	SES083	1e+38	15.7707	-1e+38
BLOCK04/SES043/SA043S26	SES101	1e+38	15.4943	-1e+38
BLOCK04/SES043/SA043S26	SES144	1e+38	16.3996	-1e+38
BLOCK04/SES043/SA043S26	SES177	1e+38	15.3871	-1e+38
BLOCK04/SES043/SA043S28	SES016	1e+38	16.8481	-1e+38
BLOCK04/SES043/SA043S28	SES083	1e+38	17.79	-1e+38
BLOCK04/SES043/SA043S28	SES101	1e+38	17.9262	-1e+38
BLOCK04/SES043/SA043S28	SES144	1e+38	17.5532	-1e+38
BLOCK04/SES044/SA044S10	SES127	1e+38	12.0615	-1e+38
BLOCK04/SES044/SA044S10	SES144	1e+38	13.9381	-1e+38
BLOCK04/SES044/SA044S10	SES147	1e+38	12.1734	-1e+38
BLOCK04/SES044/SA044S10	SES148	1e+38	12.2466	-1e+38
BLOCK04/SES044/SA044S11	SES101	1e+38	14.9347	-1e+38
BLOCK04/SES044/SA044S11	SES144	1e+38	15.889	-1e+38
BLOCK04/SES044/SA044S11	SES147	1e+38	13.6958	-1e+38
BLOCK04/SES044/SA044S11	SES177	1e+38	13.7903	-1e+38
BLOCK04/SES044/SA044S24	SES007	1e+38	14.4349	-1e+38
BLOCK04/SES044/SA044S24	SES101	1e+38	15.1039	-1e+38
BLOCK04/SES044/SA044S24	SES147	1e+38	13.8875	-1e+38
BLOCK04/SES044/SA044S24	SES177	1e+38	14.4365	-1e+38
BLOCK04/SES044/SA044S26	SES007	1e+38	15.6862	-1e+38
BLOCK04/SES044/SA044S26	SES016	1e+38	15.759	-1e+38
BLOCK04/SES044/SA044S26	SES101	1e+38	15.903	-1e+38
BLOCK04/SES044/SA044S26	SES147	1e+38	15.6975	-1e+38
BLOCK04/SES044/SA044S29	SES007	1e+38	15.3687	-1e+38
BLOCK04/SES044/SA044S29	SES101	1e+38	16.5544	-1e+38
BLOCK04/SES044/SA044S29	SES147	1e+38	15.4614	-1e+38
BLOCK04/SES044/SA044S29	SES177	1e+38	15.2308	-1e+38
BLOCK04/SES046/SA046S13	SES101	1e+38	14.846	-1e+38
BLOCK04/SES046/SA046S13	SES144	1e+38	15.2015	-1e+38
BLOCK04/SES046/SA046S13	SES147	1e+38	13.9581	-1e+38
BLOCK04/SES046/SA046S13	SES177	1e+38	15.0045	-1e+38
BLOCK04/SES046/SA046S15	SES048	1e+38	17.6313	-1e+38
BLOCK04/SES046/SA046S15	SES083	1e+38	17.4728	-1e+38
BLOCK04/SES046/SA046S15	SES120	1e+38	15.5552	-1e+38
BLOCK04/SES046/SA046S15	SES148	1e+38	16.0883	-1e+38
BLOCK04/SES046/SA046S22	SES101	1e+38	15.8064	-1e+38
BLOCK04/SES046/SA046S22	SES144	1e+38	15.924	-1e+38
BLOCK04/SES046/SA046S22	SES147	1e+38	14.6193	-1e+38
BLOCK04/SES046/SA046S22	SES172	1e+38	15.9813	-1e+38
BLOCK04/SES046/SA046S25	SES083	1e+38	15.2903	-1e+38
BLOCK04/SES046/SA046S25	SES127	1e+38	14.8651	-1e+38
BLOCK04/SES046/SA046S25	SES144	1e+38	14.9263	-1e+38
BLOCK04/SES046/SA046S25	SES148	1e+38	15.0317	-1e+38
BLOCK04/SES046/SA046S28	SES007	1e+38	14.7942	-1e+38
BLOCK04/SES046/SA046S28	SES105	1e+38	14.5912	-1e+38
BLOCK04/SES046/SA046S28	SES147	1e+38	15.0956	-1e+38
BLOCK04/SES046/SA046S28	SES148	1e+38	15.589	-1e+38
BLOCK04/SES049/SA049S16	SES104	1e+38	14.8424	-1e+38
BLOCK04/SES049/SA049S16	SES106	1e+38	15.3021	-1e+38
BLOCK04/SES049/SA049S16	SES120	1e+38	14.6696	-1e+38
BLOCK04/SES049/SA049S16	SES206	1e+38	15.1197	-1e+38
BLOCK04/SES049/SA049S18	SES099	1e+38	15.8843	-1e+38
BLOCK04/SES049/SA049S18	SES104	1e+38	15.1854	-1e+38
BLOCK04/SES049/SA049S18	SES125	1e+38	14.0145	-1e+38
BLOCK04/SES049/SA049S18	SES206	1e+38	14.9903	-1e+38
BLOCK04/SES049/SA049S25	SES087	1e+38	16.3644	-1e+38
BLOCK04/SES049/SA049S25	SES104	1e+38	16.8545	-1e+38
BLOCK04/SES049/SA049S25	SES125	1e+38	15.7899	-1e+38
BLOCK04/SES049/SA049S25	SES206	1e+38	17.061	-1e+38
BLOCK04/SES049/SA049S27	SES099	1e+38	16.1406	-1e+38
BLOCK04/SES049/SA049S27	SES104	1e+38	16.2952	-1e+38
BLOCK04/SES049/SA049S27	SES125	1e+38	15.7672	-1e+38
BLOCK04/SES049/SA049S27	SES206	1e+38	15.9651	-1e+38
BLOCK04/SES049/SA049S29	SES099	1e+38	18.0438	-1e+38
BLOCK04/SES049/SA049S29	SES104	1e+38	17.986	-1e+38
BLOCK04/SES049/SA049S29	SES125	1e+38	17.4846	-1e+38
BLOCK04/SES049/SA049S29	SES206	1e+38	18.1772	-1e+38
BLOCK06/SES063/SA063S09	SES068	1e+38	17.3316	-1e+38
BLOCK06/SES063/SA063S09	SES083	1e+38	17.9252	-1e+38
BLOCK06/SES063/SA063S09	SES177	1e+38	17.9322	-1e+38
BLOCK06/SES063/SA063S09	SES187	1e+38	17.6445	-1e+38
BLOCK06/SES063/SA063S10	SES068	1e+38	16.8554	-1e+38
BLOCK06/SES063/SA063S10	SES083	1e+38	17.4393	-1e+38
BLOCK06/SES063/SA063S10	SES172	1e+38	17.3844	-1e+38
BLOCK06/SES063/SA063S10	SES187	1e+38	16.9837	-1e+38
BLOCK06/SES063/SA063S20	SES068	1e+38	15.6039	-1e+38
BLOCK06/SES063/SA063S20	SES083	1e+38	16.6186	-1e+38
BLOCK06/SES063/SA063S20	SES172	1e+38	16.6056	-1e+38
BLOCK06/SES063/SA063S20	SES187	1e+38	16.8451	-1e+38
BLOCK06/SES063/SA063S24	SES029	1e+38	14.9926	-1e+38
BLOCK06/SES063/SA063S24	SES083	1e+38	17.0048	-1e+38
BLOCK06/SES063/SA063S24	SES177	1e+38	17.1458	-1e+38
BLOCK06/SES063/SA063S24	SES189	1e+38	16.8673	-1e+38
BLOCK06/SES063/SA063S27	SES083	1e+38	16.7601	-1e+38
BLOCK06/SES063/SA063S27	SES172	1e+38	16.2479	-1e+38
BLOCK06/SES063/SA063S27	SES187	1e+38	15.7926	-1e+38
BLOCK06/SES063/SA063S27	SES292	1e+38	15.5906	-1e+38
BLOCK06/SES067/SA067S12	SES083	1e+38	16.088	-1e+38
BLOCK06/SES067/SA067S12	SES172	1e+38	16.1309	-1e+38
BLOCK06/SES067/SA067S12	SES202	1e+38	17.2189	-1e+38
BLOCK06/SES067/SA067S12	SES292	1e+38	16.4362	-1e+38
BLOCK06/SES067/SA067S14	SES085	1e+38	17.9106	-1e+38
BLOCK06/SES067/SA067S14	SES177	1e+38	16.9841	-1e+38
BLOCK06/SES067/SA067S14	SES183	1e+38	18.2042	-1e+38
BLOCK06/SES067/SA067S14	SES202	1e+38	17.8862	-1e+38
BLOCK06/SES067/SA067S21	SES144	1e+38	16.8876	-1e+38
BLOCK06/SES067/SA067S21	SES177	1e+38	16.4377	-1e+38
BLOCK06/SES067/SA067S21	SES183	1e+38	17.0186	-1e+38
BLOCK06/SES067/SA067S21	SES189	1e+38	16.8581	-1e+38
BLOCK06/SES067/SA067S25	SES085	1e+38	17.5	-1e+38
BLOCK06/SES067/SA067S25	SES177	1e+38	17.2424	-1e+38
BLOCK06/SES067/SA067S25	SES183	1e+38	17.627	-1e+38
BLOCK06/SES067/SA067S25	SES202	1e+38	17.234	-1e+38
BLOCK06/SES067/SA067S29	SES085	1e+38	16.8567	-1e+38
BLOCK06/SES067/SA067S29	SES177	1e+38	16.144	-1e+38
BLOCK06/SES067/SA067S29	SES183	1e+38	17.4899	-1e+38
BLOCK06/SES067/SA067S29	SES202	1e+38	17.3107	-1e+38
BLOCK06/SES069/SA069S12	SES029	1e+38	16.3713	-1e+38
BLOCK06/SES069/SA069S12	SES082	1e+38	18.5526	-1e+38
BLOCK06/SES069/SA069S12	SES087	1e+38	17.9105	-1e+38
BLOCK06/SES069/SA069S12	SES206	1e+38	18.4542	-1e+38
BLOCK06/SES069/SA069S13	SES029	1e+38	16.5141	-1e+38
BLOCK06/SES069/SA069S13	SES087	1e+38	17.909	-1e+38
BLOCK06/SES069/SA069S13	SES206	1e+38	17.6224	-1e+38
BLOCK06/SES069/SA069S13	SES226	1e+38	18.1557	-1e+38
BLOCK06/SES069/SA069S23	SES029	1e+38	19.511	-1e+38
BLOCK06/SES069/SA069S23	SES087	1e+38	20.2234	-1e+38
BLOCK06/SES069/SA069S23	SES206	1e+38	19.5336	-1e+38
BLOCK06/SES069/SA069S23	SES226	1e+38	20.209	-1e+38
BLOCK06/SES069/SA069S25	SES087	1e+38	18.7338	-1e+38
BLOCK06/SES069/SA069S25	SES206	1e+38	17.4757	-1e+38
BLOCK06/SES069/SA069S25	SES226	1e+38	18.6144	-1e+38
BLOCK06/SES069/SA069S25	SES270	1e+38	17.7033	-1e+38
BLOCK06/SES069/SA069S27	SES087	1e+38	17.9444	-1e+38
BLOCK06/SES069/SA069S27	SES206	1e+38	18.9998	-1e+38
BLOCK06/SES069/SA069S27	SES226	1e+38	19.039	-1e+38
BLOCK06/SES069/SA069S27	SES270	1e+38	18.3152	-1e+38
BLOCK08/SES081/SA081S11	SES060	1e+38	14.6167	-1e+38
BLOCK08/SES081/SA081S11	SES062	1e+38	14.6414	-1e+38
BLOCK08/SES081/SA081S11	SES117	1e+38	14.4364	-1e+38
BLOCK08/SES081/SA081S11	SES162	1e+38	14.887	-1e+38
BLOCK08/SES081/SA081S13	SES016	1e+38	17.3443	-1e+38
BLOCK08/SES081/SA081S13	SES060	1e+38	18.2322	-1e+38
BLOCK08/SES081/SA081S13	SES068	1e+38	18.1204	-1e+38
BLOCK08/SES081/SA081S13	SES129	1e+38	16.6712	-1e+38
BLOCK08/SES081/SA081S24	SES060	1e+38	17.0553	-1e+38
BLOCK08/SES081/SA081S24	SES068	1e+38	17.1752	-1e+38
BLOCK08/SES081/SA081S24	SES117	1e+38	15.7154	-1e+38
BLOCK08/SES081/SA081S24	SES275	1e+38	16.1601	-1e+38
BLOCK08/SES081/SA081S27	SES007	1e+38	15.4501	-1e+38
BLOCK08/SES081/SA081S27	SES060	1e+38	15.0033	-1e+38
BLOCK08/SES081/SA081S27	SES117	1e+38	15.3835	-1e+38
BLOCK08/SES081/SA081S27	SES275	1e+38	15.022	-1e+38
BLOCK08/SES081/SA081S29	SES007	1e+38	16.8742	-1e+38
BLOCK08/SES081/SA081S29	SES060	1e+38	17.4862	-1e+38
BLOCK08/SES081/SA081S29	SES117	1e+38	16.376	-1e+38
BLOCK08/SES081/SA081S29	SES275	1e+38	16.3315	-1e+38
BLOCK08/SES086/SA086S11	SES029	1e+38	12.3664	-1e+38
BLOCK08/SES086/SA086S11	SES082	1e+38	15.2293	-1e+38
BLOCK08/SES086/SA086S11	SES087	1e+38	16.1739	-1e+38
BLOCK08/SES086/SA086S11	SES206	1e+38	14.6792	-1e+38
BLOCK08/SES086/SA086S12	SES029	1e+38	14.7138	-1e+38
BLOCK08/SES086/SA086S12	SES082	1e+38	16.4456	-1e+38
BLOCK08/SES086/SA086S12	SES087	1e+38	17.9478	-1e+38
BLOCK08/SES086/SA086S12	SES206	1e+38	16.6622	-1e+38
BLOCK08/SES086/SA086S20	SES029	1e+38	15.8609	-1e+38
BLOCK08/SES086/SA086S20	SES082	1e+38	17.3081	-1e+38
BLOCK08/SES086/SA086S20	SES087	1e+38	18.9046	-1e+38
BLOCK08/SES086/SA086S20	SES206	1e+38	18.3476	-1e+38
BLOCK08/SES086/SA086S24	SES087	1e+38	17.8283	-1e+38
BLOCK08/SES086/SA086S24	SES104	1e+38	16.5568	-1e+38
BLOCK08/SES086/SA086S24	SES120	1e+38	15.7893	-1e+38
BLOCK08/SES086/SA086S24	SES206	1e+38	17.8404	-1e+38
BLOCK08/SES086/SA086S28	SES029	1e+38	15.9799	-1e+38
BLOCK08/SES086/SA086S28	SES082	1e+38	17.2553	-1e+38
BLOCK08/SES086/SA086S28	SES087	1e+38	18.0493	-1e+38
BLOCK08/SES086/SA086S28	SES206	1e+38	17.8392	-1e+38
BLOCK08/SES089/SA089S13	SES087	1e+38	16.1196	-1e+38
BLOCK08/SES089/SA089S13	SES206	1e+38	15.8012	-1e+38
BLOCK08/SES089/SA089S13	SES226	1e+38	16.1883	-1e+38
BLOCK08/SES089/SA089S13	SES270	1e+38	15.2469	-1e+38
BLOCK08/SES089/SA089S14	SES062	1e+38	15.554	-1e+38
BLOCK08/SES089/SA089S14	SES087	1e+38	17.0937	-1e+38
BLOCK08/SES089/SA089S14	SES206	1e+38	16.3018	-1e+38
BLOCK08/SES089/SA089S14	SES226	1e+38	16.4949	-1e+38
BLOCK08/SES089/SA089S23	SES087	1e+38	15.7446	-1e+38
BLOCK08/SES089/SA089S23	SES206	1e+38	14.3402	-1e+38
BLOCK08/SES089/SA089S23	SES226	1e+38	14.564	-1e+38
BLOCK08/SES089/SA089S23	SES270	1e+38	13.5749	-1e+38
BLOCK08/SES089/SA089S25	SES062	1e+38	15.36	-1e+38
BLOCK08/SES089/SA089S25	SES087	1e+38	17.3213	-1e+38
BLOCK08/SES089/SA089S25	SES206	1e+38	15.8098	-1e+38
BLOCK08/SES089/SA089S25	SES226	1e+38	17.1558	-1e+38
BLOCK08/SES089/SA089S28	SES062	1e+38	15.9689	-1e+38
BLOCK08/SES089/SA089S28	SES087	1e+38	17.5537	-1e+38
BLOCK08/SES089/SA089S28	SES206	1e+38	16.5278	-1e+38
BLOCK08/SES089/SA089S28	SES226	1e+38	17.2719	-1e+38
BLOCK09/SES097/SA097S11	SES099	1e+38	16.9674	-1e+38
BLOCK09/SES097/SA097S11	SES125	1e+38	15.9094	-1e+38
BLOCK09/SES097/SA097S11	SES206	1e+38	16.3454	-1e+38
BLOCK09/SES097/SA097S11	SES226	1e+38	16.4737	-1e+38
BLOCK09/SES097/SA097S14	SES062	1e+38	15.2439	-1e+38
BLOCK09/SES097/SA097S14	SES099	1e+38	16.1455	-1e+38
BLOCK09/SES097/SA097S14	SES104	1e+38	15.0941	-1e+38
BLOCK09/SES097/SA097S14	SES206	1e+38	15.2089	-1e+38
BLOCK09/SES097/SA097S22	SES099	1e+38	17.8531	-1e+38
BLOCK09/SES097/SA097S22	SES206	1e+38	16.6759	-1e+38
BLOCK09/SES097/SA097S22	SES226	1e+38	16.0875	-1e+38
BLOCK09/SES097/SA097S22	SES270	1e+38	17.5784	-1e+38
BLOCK09/SES097/SA097S26	SES099	1e+38	18.0185	-1e+38
BLOCK09/SES097/SA097S26	SES120	1e+38	16.0801	-1e+38
BLOCK09/SES097/SA097S26	SES206	1e+38	17.0915	-1e+38
BLOCK09/SES097/SA097S26	SES226	1e+38	15.9808	-1e+38
BLOCK09/SES097/SA097S28	SES099	1e+38	16.7556	-1e+38
BLOCK09/SES097/SA097S28	SES120	1e+38	15.9762	-1e+38
BLOCK09/SES097/SA097S28	SES206	1e+38	15.4165	-1e+38
BLOCK09/SES097/SA097S28	SES226	1e+38	15.0424	-1e+38
BLOCK09/SES098/SA098S11	SES127	1e+38	13.7561	-1e+38
BLOCK09/SES098/SA098S11	SES144	1e+38	13.9545	-1e+38
BLOCK09/SES098/SA098S11	SES147	1e+38	14.8308	-1e+38
BLOCK09/SES098/SA098S11	SES148	1e+38	12.8592	-1e+38
BLOCK09/SES098/SA098S12	SES127	1e+38	12.4638	-1e+38
BLOCK09/SES098/SA098S12	SES144	1e+38	12.9405	-1e+38
BLOCK09/SES098/SA098S12	SES147	1e+38	13.9751	-1e+38
BLOCK09/SES098/SA098S12	SES189	1e+38	13.6591	-1e+38
BLOCK09/SES098/SA098S20	SES127	1e+38	13.321	-1e+38
BLOCK09/SES098/SA098S20	SES147	1e+38	15.1149	-1e+38
BLOCK09/SES098/SA098S20	SES148	1e+38	13.1868	-1e+38
BLOCK09/SES098/SA098S20	SES292	1e+38	13.8897	-1e+38
BLOCK09/SES098/SA098S23	SES127	1e+38	15.8903	-1e+38
BLOCK09/SES098/SA098S23	SES147	1e+38	16.1041	-1e+38
BLOCK09/SES098/SA098S23	SES187	1e+38	16.038	-1e+38
BLOCK09/SES098/SA098S23	SES292	1e+38	15.7269	-1e+38
BLOCK09/SES098/SA098S27	SES127	1e+38	12.8279	-1e+38
BLOCK09/SES098/SA098S27	SES147	1e+38	13.2199	-1e+38
BLOCK09/SES098/SA098S27	SES148	1e+38	12.5212	-1e+38
BLOCK09/SES098/SA098S27	SES292	1e+38	13.6153	-1e+38
BLOCK10/SES102/SA102S13	SES101	1e+38	15.1048	-1e+38
BLOCK10/SES102/SA102S13	SES105	1e+38	15.0019	-1e+38
BLOCK10/SES102/SA102S13	SES120	1e+38	14.2141	-1e+38
BLOCK10/SES102/SA102S13	SES158	1e+38	13.0197	-1e+38
BLOCK10/SES102/SA102S14	SES007	1e+38	17.6633	-1e+38
BLOCK10/SES102/SA102S14	SES101	1e+38	17.8894	-1e+38
BLOCK10/SES102/SA102S14	SES105	1e+38	17.8685	-1e+38
BLOCK10/SES102/SA102S14	SES147	1e+38	15.5026	-1e+38
BLOCK10/SES102/SA102S22	SES007	1e+38	16.2273	-1e+38
BLOCK10/SES102/SA102S22	SES101	1e+38	17.2684	-1e+38
BLOCK10/SES102/SA102S22	SES105	1e+38	17.2938	-1e+38
BLOCK10/SES102/SA102S22	SES158	1e+38	15.4599	-1e+38
BLOCK10/SES102/SA102S25	SES007	1e+38	16.976	-1e+38
BLOCK10/SES102/SA102S25	SES101	1e+38	17.7556	-1e+38
BLOCK10/SES102/SA102S25	SES105	1e+38	16.9523	-1e+38
BLOCK10/SES102/SA102S25	SES147	1e+38	15.3006	-1e+38
BLOCK10/SES102/SA102S27	SES007	1e+38	16.2497	-1e+38
BLOCK10/SES102/SA102S27	SES101	1e+38	17.2285	-1e+38
BLOCK10/SES102/SA102S27	SES105	1e+38	16.3943	-1e+38
BLOCK10/SES102/SA102S27	SES147	1e+38	15.4171	-1e+38
BLOCK10/SES103/SA103S14	SES105	1e+38	14.0008	-1e+38
BLOCK10/SES103/SA103S14	SES106	1e+38	15.0293	-1e+38
BLOCK10/SES103/SA103S14	SES120	1e+38	13.3673	-1e+38
BLOCK10/SES103/SA103S14	SES206	1e+38	13.7303	-1e+38
BLOCK10/SES103/SA103S15	SES099	1e+38	13.4127	-1e+38
BLOCK10/SES103/SA103S15	SES101	1e+38	11.9721	-1e+38
BLOCK10/SES103/SA103S15	SES104	1e+38	13.4303	-1e+38
BLOCK10/SES103/SA103S15	SES125	1e+38	13.4633	-1e+38
BLOCK10/SES103/SA103S24	SES104	1e+38	16.3083	-1e+38
BLOCK10/SES103/SA103S24	SES125	1e+38	15.9755	-1e+38
BLOCK10/SES103/SA103S24	SES148	1e+38	14.8277	-1e+38
BLOCK10/SES103/SA103S24	SES158	1e+38	16.5433	-1e+38
BLOCK10/SES103/SA103S26	SES104	1e+38	13.2613	-1e+38
BLOCK10/SES103/SA103S26	SES106	1e+38	14.1364	-1e+38
BLOCK10/SES103/SA103S26	SES125	1e+38	13.1944	-1e+38
BLOCK10/SES103/SA103S26	SES148	1e+38	11.2796	-1e+38
BLOCK10/SES103/SA103S28	SES104	1e+38	12.4888	-1e+38
BLOCK10/SES103/SA103S28	SES106	1e+38	13.5892	-1e+38
BLOCK10/SES103/SA103S28	SES125	1e+38	12.5935	-1e+38
BLOCK10/SES103/SA103S28	SES206	1e+38	11.7591	-1e+38
BLOCK12/SES121/SA121S12	SES042	1e+38	11.0883	-1e+38
BLOCK12/SES121/SA121S12	SES087	1e+38	11.4284	-1e+38
BLOCK12/SES121/SA121S12	SES105	1e+38	12.1573	-1e+38
BLOCK12/SES121/SA121S12	SES206	1e+38	11.491	-1e+38
BLOCK12/SES121/SA121S14	SES007	1e+38	11.3872	-1e+38
BLOCK12/SES121/SA121S14	SES105	1e+38	12.2862	-1e+38
BLOCK12/SES121/SA121S14	SES106	1e+38	12.2434	-1e+38
BLOCK12/SES121/SA121S14	SES206	1e+38	11.8861	-1e+38
BLOCK12/SES121/SA121S23	SES105	1e+38	11.3072	-1e+38
BLOCK12/SES121/SA121S23	SES106	1e+38	12.629	-1e+38
BLOCK12/SES121/SA121S23	SES120	1e+38	11.3203	-1e+38
BLOCK12/SES121/SA121S23	SES206	1e+38	11.4079	-1e+38
BLOCK12/SES121/SA121S25	SES007	1e+38	10.1516	-1e+38
BLOCK12/SES121/SA121S25	SES105	1e+38	10.733	-1e+38
BLOCK12/SES121/SA121S25	SES106	1e+38	10.8346	-1e+38
BLOCK12/SES121/SA121S25	SES206	1e+38	9.6785	-1e+38
BLOCK12/SES121/SA121S27	SES087	1e+38	12.9049	-1e+38
BLOCK12/SES121/SA121S27	SES105	1e+38	11.3947	-1e+38
BLOCK12/SES121/SA121S27	SES120	1e+38	13.9572	-1e+38
BLOCK12/SES121/SA121S27	SES206	1e+38	12.3535	-1e+38
BLOCK12/SES124/SA124S16	SES042	1e+38	16.0021	-1e+38
BLOCK12/SES124/SA124S16	SES082	1e+38	14.9288	-1e+38
BLOCK12/SES124/SA124S16	SES183	1e+38	14.1016	-1e+38
BLOCK12/SES124/SA124S16	SES206	1e+38	14.4453	-1e+38
BLOCK12/SES124/SA124S17	SES105	1e+38	12.7688	-1e+38
BLOCK12/SES124/SA124S17	SES149	1e+38	11.5882	-1e+38
BLOCK12/SES124/SA124S17	SES158	1e+38	12.5202	-1e+38
BLOCK12/SES124/SA124S17	SES275	1e+38	13.1992	-1e+38
BLOCK12/SES124/SA124S23	SES105	1e+38	15.6169	-1e+38
BLOCK12/SES124/SA124S23	SES125	1e+38	18.1511	-1e+38
BLOCK12/SES124/SA124S23	SES129	1e+38	15.8524	-1e+38
BLOCK12/SES124/SA124S23	SES158	1e+38	17.3089	-1e+38
BLOCK12/SES124/SA124S26	SES105	1e+38	14.6901	-1e+38
BLOCK12/SES124/SA124S26	SES125	1e+38	16.2328	-1e+38
BLOCK12/SES124/SA124S26	SES129	1e+38	15.1474	-1e+38
BLOCK12/SES124/SA124S26	SES158	1e+38	16.5507	-1e+38
BLOCK12/SES124/SA124S28	SES104	1e+38	16.4389	-1e+38
BLOCK12/SES124/SA124S28	SES106	1e+38	16.4734	-1e+38
BLOCK12/SES124/SA124S28	SES125	1e+38	17.1624	-1e+38
BLOCK12/SES124/SA124S28	SES275	1e+38	15.0204	-1e+38
BLOCK12/SES126/SA126S13	SES007	1e+38	15.5139	-1e+38
BLOCK12/SES126/SA126S13	SES162	1e+38	14.9266	-1e+38
BLOCK12/SES126/SA126S13	SES177	1e+38	15.6578	-1e+38
BLOCK12/SES126/SA126S13	SES180	1e+38	14.6637	-1e+38
BLOCK12/SES126/SA126S14	SES144	1e+38	17.1592	-1e+38
BLOCK12/SES126/SA126S14	SES148	1e+38	16.173	-1e+38
BLOCK12/SES126/SA126S14	SES177	1e+38	17.3939	-1e+38
BLOCK12/SES126/SA126S14	SES180	1e+38	16.2082	-1e+38
BLOCK12/SES126/SA126S20	SES007	1e+38	15.8286	-1e+38
BLOCK12/SES126/SA126S20	SES162	1e+38	15.5888	-1e+38
BLOCK12/SES126/SA126S20	SES172	1e+38	14.8946	-1e+38
BLOCK12/SES126/SA126S20	SES180	1e+38	15.6572	-1e+38
BLOCK12/SES126/SA126S24	SES120	1e+38	17.8018	-1e+38
BLOCK12/SES126/SA126S24	SES162	1e+38	16.8917	-1e+38
BLOCK12/SES126/SA126S24	SES177	1e+38	17.3266	-1e+38
BLOCK12/SES126/SA126S24	SES180	1e+38	17.4771	-1e+38
BLOCK12/SES126/SA126S26	SES120	1e+38	16.9181	-1e+38
BLOCK12/SES126/SA126S26	SES177	1e+38	16.1665	-1e+38
BLOCK12/SES126/SA126S26	SES180	1e+38	15.3732	-1e+38
BLOCK12/SES126/SA126S26	SES202	1e+38	15.4701	-1e+38
BLOCK12/SES128/SA128S10	SES087	1e+38	16.0205	-1e+38
BLOCK12/SES128/SA128S10	SES206	1e+38	16.5469	-1e+38
BLOCK12/SES128/SA128S10	SES226	1e+38	17.0409	-1e+38
BLOCK12/SES128/SA128S10	SES270	1e+38	16.8274	-1e+38
BLOCK12/SES128/SA128S12	SES120	1e+38	16.3081	-1e+38
BLOCK12/SES128/SA128S12	SES158	1e+38	15.5313	-1e+38
BLOCK12/SES128/SA128S12	SES206	1e+38	16.3225	-1e+38
BLOCK12/SES128/SA128S12	SES226	1e+38	15.607	-1e+38
BLOCK12/SES128/SA128S21	SES106	1e+38	14.1415	-1e+38
BLOCK12/SES128/SA128S21	SES120	1e+38	14.6201	-1e+38
BLOCK12/SES128/SA128S21	SES206	1e+38	14.8229	-1e+38
BLOCK12/SES128/SA128S21	SES226	1e+38	15.143	-1e+38
BLOCK12/SES128/SA128S24	SES087	1e+38	15.397	-1e+38
BLOCK12/SES128/SA128S24	SES120	1e+38	15.7667	-1e+38
BLOCK12/SES128/SA128S24	SES206	1e+38	16.0259	-1e+38
BLOCK12/SES128/SA128S24	SES226	1e+38	15.1779	-1e+38
BLOCK12/SES128/SA128S27	SES099	1e+38	16.3803	-1e+38
BLOCK12/SES128/SA128S27	SES120	1e+38	16.8622	-1e+38
BLOCK12/SES128/SA128S27	SES206	1e+38	16.5352	-1e+38
BLOCK12/SES128/SA128S27	SES226	1e+38	16.6932	-1e+38
BLOCK13/SES130/SA130S13	SES143	1e+38	15.4906	-1e+38
BLOCK13/SES130/SA130S13	SES144	1e+38	16.474	-1e+38
BLOCK13/SES130/SA130S13	SES146	1e+38	16.0455	-1e+38
BLOCK13/SES130/SA130S13	SES275	1e+38	14.8687	-1e+38
BLOCK13/SES130/SA130S15	SES143	1e+38	16.1252	-1e+38
BLOCK13/SES130/SA130S15	SES144	1e+38	17.3506	-1e+38
BLOCK13/SES130/SA130S15	SES146	1e+38	16.9244	-1e+38
BLOCK13/SES130/SA130S15	SES275	1e+38	16.8839	-1e+38
BLOCK13/SES130/SA130S23	SES127	1e+38	14.2729	-1e+38
BLOCK13/SES130/SA130S23	SES144	1e+38	15.1106	-1e+38
BLOCK13/SES130/SA130S23	SES146	1e+38	15.739	-1e+38
BLOCK13/SES130/SA130S23	SES162	1e+38	15.1835	-1e+38
BLOCK13/SES130/SA130S25	SES127	1e+38	16.9272	-1e+38
BLOCK13/SES130/SA130S25	SES144	1e+38	17.4303	-1e+38
BLOCK13/SES130/SA130S25	SES146	1e+38	17.6497	-1e+38
BLOCK13/SES130/SA130S25	SES275	1e+38	17.2555	-1e+38
BLOCK13/SES130/SA130S28	SES127	1e+38	15.9299	-1e+38
BLOCK13/SES130/SA130S28	SES144	1e+38	16.1704	-1e+38
BLOCK13/SES130/SA130S28	SES146	1e+38	16.506	-1e+38
BLOCK13/SES130/SA130S28	SES275	1e+38	16.4275	-1e+38
BLOCK13/SES131/SA131S13	SES002	1e+38	12.8787	-1e+38
BLOCK13/SES131/SA131S13	SES007	1e+38	12.3975	-1e+38
BLOCK13/SES131/SA131S13	SES099	1e+38	12.4875	-1e+38
BLOCK13/SES131/SA131S13	SES105	1e+38	12.8143	-1e+38
BLOCK13/SES131/SA131S14	SES104	1e+38	15.8292	-1e+38
BLOCK13/SES131/SA131S14	SES106	1e+38	15.2258	-1e+38
BLOCK13/SES131/SA131S14	SES125	1e+38	14.9409	-1e+38
BLOCK13/SES131/SA131S14	SES148	1e+38	14.6479	-1e+38
BLOCK13/SES131/SA131S20	SES104	1e+38	11.9285	-1e+38
BLOCK13/SES131/SA131S20	SES106	1e+38	12.4319	-1e+38
BLOCK13/SES131/SA131S20	SES125	1e+38	11.7339	-1e+38
BLOCK13/SES131/SA131S20	SES148	1e+38	12.7512	-1e+38
BLOCK13/SES131/SA131S22	SES099	1e+38	14.3548	-1e+38
BLOCK13/SES131/SA131S22	SES104	1e+38	14.257	-1e+38
BLOCK13/SES131/SA131S22	SES125	1e+38	14.1473	-1e+38
BLOCK13/SES131/SA131S22	SES206	1e+38	13.377	-1e+38
BLOCK13/SES131/SA131S29	SES087	1e+38	13.0782	-1e+38
BLOCK13/SES131/SA131S29	SES104	1e+38	12.0311	-1e+38
BLOCK13/SES131/SA131S29	SES125	1e+38	12.4103	-1e+38
BLOCK13/SES131/SA131S29	SES206	1e+38	12.1323	-1e+38
BLOCK13/SES132/SA132S11	SES083	1e+38	16.1135	-1e+38
BLOCK13/SES132/SA132S11	SES120	1e+38	17.5858	-1e+38
BLOCK13/SES132/SA132S11	SES127	1e+38	16.4921	-1e+38
BLOCK13/SES132/SA132S11	SES275	1e+38	16.6489	-1e+38
BLOCK13/SES132/SA132S12	SES083	1e+38	16.1133	-1e+38
BLOCK13/SES132/SA132S12	SES143	1e+38	16.8059	-1e+38
BLOCK13/SES132/SA132S12	SES144	1e+38	16.5258	-1e+38
BLOCK13/SES132/SA132S12	SES148	1e+38	16.8075	-1e+38
BLOCK13/SES132/SA132S22	SES062	1e+38	17.325	-1e+38
BLOCK13/SES132/SA132S22	SES083	1e+38	16.6955	-1e+38
BLOCK13/SES132/SA132S22	SES127	1e+38	16.9449	-1e+38
BLOCK13/SES132/SA132S22	SES275	1e+38	16.6955	-1e+38
BLOCK13/SES132/SA132S24	SES007	1e+38	18.1375	-1e+38
BLOCK13/SES132/SA132S24	SES083	1e+38	17.1498	-1e+38
BLOCK13/SES132/SA132S24	SES127	1e+38	17.3564	-1e+38
BLOCK13/SES132/SA132S24	SES275	1e+38	17.7544	-1e+38
BLOCK13/SES132/SA132S27	SES083	1e+38	15.7285	-1e+38
BLOCK13/SES132/SA132S27	SES120	1e+38	17.4884	-1e+38
BLOCK13/SES132/SA132S27	SES127	1e+38	15.7862	-1e+38
BLOCK13/SES132/SA132S27	SES275	1e+38	16.4075	-1e+38
BLOCK14/SES141/SA141S09	SES143	1e+38	16.6608	-1e+38
BLOCK14/SES141/SA141S09	SES144	1e+38	16.7763	-1e+38
BLOCK14/SES141/SA141S09	SES162	1e+38	16.4486	-1e+38
BLOCK14/SES141/SA141S09	SES180	1e+38	16.4585	-1e+38
BLOCK14/SES141/SA141S15	SES127	1e+38	16.2114	-1e+38
BLOCK14/SES141/SA141S15	SES144	1e+38	16.1737	-1e+38
BLOCK14/SES141/SA141S15	SES162	1e+38	16.0102	-1e+38
BLOCK14/SES141/SA141S15	SES180	1e+38	15.7534	-1e+38
BLOCK14/SES141/SA141S24	SES127	1e+38	16.4997	-1e+38
BLOCK14/SES141/SA141S24	SES144	1e+38	15.7571	-1e+38
BLOCK14/SES141/SA141S24	SES162	1e+38	16.4092	-1e+38
BLOCK14/SES141/SA141S24	SES183	1e+38	16.0105	-1e+38
BLOCK14/SES141/SA141S26	SES142	1e+38	16.5882	-1e+38
BLOCK14/SES141/SA141S26	SES144	1e+38	15.9262	-1e+38
BLOCK14/SES141/SA141S26	SES172	1e+38	16.4157	-1e+38
BLOCK14/SES141/SA141S26	SES180	1e+38	16.0408	-1e+38
BLOCK14/SES141/SA141S29	SES127	1e+38	17.0734	-1e+38
BLOCK14/SES141/SA141S29	SES142	1e+38	17.2616	-1e+38
BLOCK14/SES141/SA141S29	SES144	1e+38	16.6113	-1e+38
BLOCK14/SES141/SA141S29	SES180	1e+38	16.6888	-1e+38
BLOCK15/SES157/SA157S08	SES083	1e+38	15.5269	-1e+38
BLOCK15/SES157/SA157S08	SES127	1e+38	15.9964	-1e+38
BLOCK15/SES157/SA157S08	SES148	1e+38	16.0842	-1e+38
BLOCK15/SES157/SA157S08	SES292	1e+38	15.8448	-1e+38
BLOCK15/SES157/SA157S11	SES083	1e+38	15.9865	-1e+38
BLOCK15/SES157/SA157S11	SES127	1e+38	16.0749	-1e+38
BLOCK15/SES157/SA157S11	SES148	1e+38	15.9085	-1e+38
BLOCK15/SES157/SA157S11	SES292	1e+38	16.0647	-1e+38
BLOCK15/SES157/SA157S21	SES127	1e+38	17.0356	-1e+38
BLOCK15/SES157/SA157S21	SES148	1e+38	17.097	-1e+38
BLOCK15/SES157/SA157S21	SES158	1e+38	13.5967	-1e+38
BLOCK15/SES157/SA157S21	SES292	1e+38	17.0179	-1e+38
BLOCK15/SES157/SA157S24	SES127	1e+38	16.7562	-1e+38
BLOCK15/SES157/SA157S24	SES148	1e+38	16.5371	-1e+38
BLOCK15/SES157/SA157S24	SES183	1e+38	16.2444	-1e+38
BLOCK15/SES157/SA157S24	SES292	1e+38	16.5111	-1e+38
BLOCK15/SES157/SA157S26	SES007	1e+38	17.1654	-1e+38
BLOCK15/SES157/SA157S26	SES127	1e+38	16.645	-1e+38
BLOCK15/SES157/SA157S26	SES147	1e+38	16.2306	-1e+38
BLOCK15/SES157/SA157S26	SES148	1e+38	16.2381	-1e+38
BLOCK16/SES161/SA161S10	SES007	1e+38	13.6013	-1e+38
BLOCK16/SES161/SA161S10	SES105	1e+38	14.2156	-1e+38
BLOCK16/SES161/SA161S10	SES158	1e+38	13.9703	-1e+38
BLOCK16/SES161/SA161S10	SES275	1e+38	14.3794	-1e+38
BLOCK16/SES161/SA161S12	SES007	1e+38	14.4901	-1e+38
BLOCK16/SES161/SA161S12	SES105	1e+38	13.8012	-1e+38
BLOCK16/SES161/SA161S12	SES158	1e+38	14.6675	-1e+38
BLOCK16/SES161/SA161S12	SES275	1e+38	14.9049	-1e+38
BLOCK16/SES161/SA161S20	SES007	1e+38	13.2765	-1e+38
BLOCK16/SES161/SA161S20	SES105	1e+38	13.0215	-1e+38
BLOCK16/SES161/SA161S20	SES158	1e+38	13.4337	-1e+38
BLOCK16/SES161/SA161S20	SES275	1e+38	13.2148	-1e+38
BLOCK16/SES161/SA161S23	SES007	1e+38	13.4156	-1e+38
BLOCK16/SES161/SA161S23	SES105	1e+38	14.4597	-1e+38
BLOCK16/SES161/SA161S23	SES148	1e+38	14.1957	-1e+38
BLOCK16/SES161/SA161S23	SES158	1e+38	14.0306	-1e+38
BLOCK16/SES161/SA161S28	SES007	1e+38	14.5836	-1e+38
BLOCK16/SES161/SA161S28	SES105	1e+38	14.4792	-1e+38
BLOCK16/SES161/SA161S28	SES158	1e+38	15.5601	-1e+38
BLOCK16/SES161/SA161S28	SES206	1e+38	15.0946	-1e+38
BLOCK16/SES164/SA164S11	SES104	1e+38	17.6517	-1e+38
BLOCK16/SES164/SA164S11	SES125	1e+38	17.5705	-1e+38
BLOCK16/SES164/SA164S11	SES158	1e+38	18.1181	-1e+38
BLOCK16/SES164/SA164S11	SES206	1e+38	17.0941	-1e+38
BLOCK16/SES164/SA164S13	SES099	1e+38	15.1342	-1e+38
BLOCK16/SES164/SA164S13	SES104	1e+38	15.4028	-1e+38
BLOCK16/SES164/SA164S13	SES125	1e+38	15.1434	-1e+38
BLOCK16/SES164/SA164S13	SES206	1e+38	15.2307	-1e+38
BLOCK16/SES164/SA164S24	SES002	1e+38	17.7874	-1e+38
BLOCK16/SES164/SA164S24	SES099	1e+38	15.9807	-1e+38
BLOCK16/SES164/SA164S24	SES125	1e+38	15.8406	-1e+38
BLOCK16/SES164/SA164S24	SES226	1e+38	17.155	-1e+38
BLOCK16/SES164/SA164S27	SES087	1e+38	16.4527	-1e+38
BLOCK16/SES164/SA164S27	SES125	1e+38	16.3546	-1e+38
BLOCK16/SES164/SA164S27	SES206	1e+38	16.1705	-1e+38
BLOCK16/SES164/SA164S27	SES226	1e+38	16.2208	-1e+38
BLOCK16/SES164/SA164S29	SES002	1e+38	16.8504	-1e+38
BLOCK16/SES164/SA164S29	SES019	1e+38	15.1848	-1e+38
BLOCK16/SES164/SA164S29	SES125	1e+38	16.2189	-1e+38
BLOCK16/SES164/SA164S29	SES226	1e+38	15.5164	-1e+38
BLOCK16/SES169/SA169S13	SES117	1e+38	15.8363	-1e+38
BLOCK16/SES169/SA169S13	SES144	1e+38	16.1743	-1e+38
BLOCK16/SES169/SA169S13	SES146	1e+38	16.3171	-1e+38
BLOCK16/SES169/SA169S13	SES162	1e+38	16.1934	-1e+38
BLOCK16/SES169/SA169S14	SES144	1e+38	16.7835	-1e+38
BLOCK16/SES169/SA169S14	SES148	1e+38	16.2654	-1e+38
BLOCK16/SES169/SA169S14	SES177	1e+38	17.0999	-1e+38
BLOCK16/SES169/SA169S14	SES180	1e+38	16.7297	-1e+38
BLOCK16/SES169/SA169S24	SES117	1e+38	15.0863	-1e+38
BLOCK16/SES169/SA169S24	SES144	1e+38	15.787	-1e+38
BLOCK16/SES169/SA169S24	SES146	1e+38	15.7656	-1e+38
BLOCK16/SES169/SA169S24	SES162	1e+38	15.6743	-1e+38
BLOCK16/SES169/SA169S27	SES127	1e+38	15.9706	-1e+38
BLOCK16/SES169/SA169S27	SES129	1e+38	15.7818	-1e+38
BLOCK16/SES169/SA169S27	SES144	1e+38	15.6111	-1e+38
BLOCK16/SES169/SA169S27	SES146	1e+38	16.3042	-1e+38
BLOCK16/SES169/SA169S29	SES144	1e+38	16.8121	-1e+38
BLOCK16/SES169/SA169S29	SES162	1e+38	17.0677	-1e+38
BLOCK16/SES169/SA169S29	SES177	1e+38	15.8655	-1e+38
BLOCK16/SES169/SA169S29	SES180	1e+38	16.5517	-1e+38
BLOCK17/SES171/SA171S12	SES083	1e+38	15.4623	-1e+38
BLOCK17/SES171/SA171S12	SES148	1e+38	14.8637	-1e+38
BLOCK17/SES171/SA171S12	SES172	1e+38	15.6683	-1e+38
BLOCK17/SES171/SA171S12	SES292	1e+38	14.8891	-1e+38
BLOCK17/SES171/SA171S15	SES148	1e+38	14.0766	-1e+38
BLOCK17/SES171/SA171S15	SES177	1e+38	14.865	-1e+38
BLOCK17/SES171/SA171S15	SES180	1e+38	13.5795	-1e+38
BLOCK17/SES171/SA171S15	SES292	1e+38	13.7754	-1e+38
BLOCK17/SES171/SA171S22	SES007	1e+38	16.3496	-1e+38
BLOCK17/SES171/SA171S22	SES148	1e+38	16.3413	-1e+38
BLOCK17/SES171/SA171S22	SES177	1e+38	17.236	-1e+38
BLOCK17/SES171/SA171S22	SES180	1e+38	15.5959	-1e+38
BLOCK17/SES171/SA171S25	SES101	1e+38	14.5322	-1e+38
BLOCK17/SES171/SA171S25	SES120	1e+38	13.9729	-1e+38
BLOCK17/SES171/SA171S25	SES177	1e+38	15.1944	-1e+38
BLOCK17/SES171/SA171S25	SES180	1e+38	14.3661	-1e+38
BLOCK17/SES171/SA171S27	SES177	1e+38	15.9515	-1e+38
BLOCK17/SES171/SA171S27	SES180	1e+38	14.8066	-1e+38
BLOCK17/SES171/SA171S27	SES189	1e+38	15.3838	-1e+38
BLOCK17/SES171/SA171S27	SES292	1e+38	14.9449	-1e+38
BLOCK17/SES173/SA173S13	SES162	1e+38	13.6291	-1e+38
BLOCK17/SES173/SA173S13	SES177	1e+38	15.3133	-1e+38
BLOCK17/SES173/SA173S13	SES180	1e+38	14.397	-1e+38
BLOCK17/SES173/SA173S13	SES292	1e+38	15.721	-1e+38
BLOCK17/SES173/SA173S14	SES007	1e+38	13.8404	-1e+38
BLOCK17/SES173/SA173S14	SES162	1e+38	13.1095	-1e+38
BLOCK17/SES173/SA173S14	SES177	1e+38	14.3382	-1e+38
BLOCK17/SES173/SA173S14	SES180	1e+38	13.1338	-1e+38
BLOCK17/SES173/SA173S24	SES144	1e+38	13.7441	-1e+38
BLOCK17/SES173/SA173S24	SES162	1e+38	13.3023	-1e+38
BLOCK17/SES173/SA173S24	SES177	1e+38	14.2773	-1e+38
BLOCK17/SES173/SA173S24	SES180	1e+38	12.9752	-1e+38
BLOCK17/SES173/SA173S27	SES162	1e+38	13.3209	-1e+38
BLOCK17/SES173/SA173S27	SES177	1e+38	14.7703	-1e+38
BLOCK17/SES173/SA173S27	SES180	1e+38	14.689	-1e+38
BLOCK17/SES173/SA173S27	SES292	1e+38	15.5814	-1e+38
BLOCK17/SES173/SA173S29	SES162	1e+38	14.7773	-1e+38
BLOCK17/SES173/SA173S29	SES175	1e+38	14.8399	-1e+38
BLOCK17/SES173/SA173S29	SES177	1e+38	15.4866	-1e+38
BLOCK17/SES173/SA173S29	SES292	1e+38	15.1871	-1e+38
BLOCK18/SES182/SA182S10	SES144	1e+38	15.879	-1e+38
BLOCK18/SES182/SA182S10	SES177	1e+38	15.7117	-1e+38
BLOCK18/SES182/SA182S10	SES180	1e+38	14.608	-1e+38
BLOCK18/SES182/SA182S10	SES275	1e+38	15.6834	-1e+38
BLOCK18/SES182/SA182S12	SES144	1e+38	16.503	-1e+38
BLOCK18/SES182/SA182S12	SES177	1e+38	16.4189	-1e+38
BLOCK18/SES182/SA182S12	SES180	1e+38	15.8326	-1e+38
BLOCK18/SES182/SA182S12	SES275	1e+38	16.4118	-1e+38
BLOCK18/SES182/SA182S21	SES117	1e+38	14.9229	-1e+38
BLOCK18/SES182/SA182S21	SES144	1e+38	15.0712	-1e+38
BLOCK18/SES182/SA182S21	SES162	1e+38	15.4792	-1e+38
BLOCK18/SES182/SA182S21	SES180	1e+38	14.6162	-1e+38
BLOCK18/SES182/SA182S23	SES117	1e+38	16.0757	-1e+38
BLOCK18/SES182/SA182S23	SES144	1e+38	15.8105	-1e+38
BLOCK18/SES182/SA182S23	SES180	1e+38	15.5337	-1e+38
BLOCK18/SES182/SA182S23	SES275	1e+38	16.4984	-1e+38
BLOCK18/SES182/SA182S25	SES007	1e+38	16.9854	-1e+38
BLOCK18/SES182/SA182S25	SES162	1e+38	16.5297	-1e+38
BLOCK18/SES182/SA182S25	SES177	1e+38	16.2767	-1e+38
BLOCK18/SES182/SA182S25	SES180	1e+38	15.729	-1e+38
BLOCK18/SES184/SA184S12	SES177	1e+38	16.4619	-1e+38
BLOCK18/SES184/SA184S12	SES180	1e+38	16.3378	-1e+38
BLOCK18/SES184/SA184S12	SES189	1e+38	14.8683	-1e+38
BLOCK18/SES184/SA184S12	SES292	1e+38	15.4663	-1e+38
BLOCK18/SES184/SA184S13	SES101	1e+38	15.533	-1e+38
BLOCK18/SES184/SA184S13	SES177	1e+38	15.6178	-1e+38
BLOCK18/SES184/SA184S13	SES180	1e+38	15.4287	-1e+38
BLOCK18/SES184/SA184S13	SES292	1e+38	15.2223	-1e+38
BLOCK18/SES184/SA184S22	SES177	1e+38	17.3098	-1e+38
BLOCK18/SES184/SA184S22	SES180	1e+38	17.3443	-1e+38
BLOCK18/SES184/SA184S22	SES189	1e+38	15.749	-1e+38
BLOCK18/SES184/SA184S22	SES292	1e+38	17.1604	-1e+38
BLOCK18/SES184/SA184S25	SES101	1e+38	17.7882	-1e+38
BLOCK18/SES184/SA184S25	SES177	1e+38	17.5835	-1e+38
BLOCK18/SES184/SA184S25	SES180	1e+38	17.9893	-1e+38
BLOCK18/SES184/SA184S25	SES292	1e+38	17.8553	-1e+38
BLOCK18/SES184/SA184S27	SES083	1e+38	16.2672	-1e+38
BLOCK18/SES184/SA184S27	SES177	1e+38	16.371	-1e+38
BLOCK18/SES184/SA184S27	SES202	1e+38	16.0766	-1e+38
BLOCK18/SES184/SA184S27	SES292	1e+38	15.7501	-1e+38
BLOCK20/SES204/SA204S12	SES062	1e+38	16.9963	-1e+38
BLOCK20/SES204/SA204S12	SES083	1e+38	16.4565	-1e+38
BLOCK20/SES204/SA204S12	SES206	1e+38	16.8911	-1e+38
BLOCK20/SES204/SA204S12	SES226	1e+38	15.8649	-1e+38
BLOCK20/SES204/SA204S14	SES068	1e+38	18.6082	-1e+38
BLOCK20/SES204/SA204S14	SES087	1e+38	19.8504	-1e+38
BLOCK20/SES204/SA204S14	SES206	1e+38	18.0614	-1e+38
BLOCK20/SES204/SA204S14	SES226	1e+38	17.5746	-1e+38
BLOCK20/SES204/SA204S22	SES068	1e+38	17.1988	-1e+38
BLOCK20/SES204/SA204S22	SES082	1e+38	16.3206	-1e+38
BLOCK20/SES204/SA204S22	SES083	1e+38	15.9771	-1e+38
BLOCK20/SES204/SA204S22	SES206	1e+38	17.2268	-1e+38
BLOCK20/SES204/SA204S25	SES062	1e+38	16.5793	-1e+38
BLOCK20/SES204/SA204S25	SES083	1e+38	16.5599	-1e+38
BLOCK20/SES204/SA204S25	SES206	1e+38	17.3759	-1e+38
BLOCK20/SES204/SA204S25	SES226	1e+38	16.802	-1e+38
BLOCK20/SES204/SA204S27	SES068	1e+38	16.6754	-1e+38
BLOCK20/SES204/SA204S27	SES082	1e+38	15.6179	-1e+38
BLOCK20/SES204/SA204S27	SES087	1e+38	17.4345	-1e+38
BLOCK20/SES204/SA204S27	SES206	1e+38	16.657	-1e+38
BLOCK20/SES207/SA207S10	SES127	1e+38	14.6226	-1e+38
BLOCK20/SES207/SA207S10	SES183	1e+38	15.2941	-1e+38
BLOCK20/SES207/SA207S10	SES189	1e+38	14.7826	-1e+38
BLOCK20/SES207/SA207S10	SES292	1e+38	14.6361	-1e+38
BLOCK20/SES207/SA207S11	SES127	1e+38	14.0804	-1e+38
BLOCK20/SES207/SA207S11	SES183	1e+38	14.9894	-1e+38
BLOCK20/SES207/SA207S11	SES187	1e+38	14.4638	-1e+38
BLOCK20/SES207/SA207S11	SES292	1e+38	14.9529	-1e+38
BLOCK20/SES207/SA207S25	SES068	1e+38	15.4158	-1e+38
BLOCK20/SES207/SA207S25	SES083	1e+38	15.14	-1e+38
BLOCK20/SES207/SA207S25	SES127	1e+38	15.9792	-1e+38
BLOCK20/SES207/SA207S25	SES187	1e+38	15.5564	-1e+38
BLOCK20/SES207/SA207S27	SES127	1e+38	13.7014	-1e+38
BLOCK20/SES207/SA207S27	SES183	1e+38	14.8306	-1e+38
BLOCK20/SES207/SA207S27	SES187	1e+38	13.7687	-1e+38
BLOCK20/SES207/SA207S27	SES292	1e+38	13.3789	-1e+38
BLOCK20/SES207/SA207S29	SES083	1e+38	15.3946	-1e+38
BLOCK20/SES207/SA207S29	SES085	1e+38	16.2094	-1e+38
BLOCK20/SES207/SA207S29	SES172	1e+38	16.6502	-1e+38
BLOCK20/SES207/SA207S29	SES189	1e+38	15.0227	-1e+38
BLOCK22/SES221/SA221S12	SES068	1e+38	17.2149	-1e+38
BLOCK22/SES221/SA221S12	SES143	1e+38	16.9525	-1e+38
BLOCK22/SES221/SA221S12	SES175	1e+38	17.3884	-1e+38
BLOCK22/SES221/SA221S12	SES202	1e+38	17.0829	-1e+38
BLOCK22/SES221/SA221S15	SES085	1e+38	15.6775	-1e+38
BLOCK22/SES221/SA221S15	SES143	1e+38	14.6326	-1e+38
BLOCK22/SES221/SA221S15	SES175	1e+38	15.2838	-1e+38
BLOCK22/SES221/SA221S15	SES187	1e+38	14.9099	-1e+38
BLOCK22/SES221/SA221S23	SES068	1e+38	15.6485	-1e+38
BLOCK22/SES221/SA221S23	SES143	1e+38	15.5356	-1e+38
BLOCK22/SES221/SA221S23	SES175	1e+38	16.4721	-1e+38
BLOCK22/SES221/SA221S23	SES189	1e+38	16.5178	-1e+38
BLOCK22/SES221/SA221S27	SES085	1e+38	17.7973	-1e+38
BLOCK22/SES221/SA221S27	SES143	1e+38	16.6619	-1e+38
BLOCK22/SES221/SA221S27	SES175	1e+38	16.6295	-1e+38
BLOCK22/SES221/SA221S27	SES189	1e+38	17.4935	-1e+38
BLOCK22/SES221/SA221S29	SES085	1e+38	15.0586	-1e+38
BLOCK22/SES221/SA221S29	SES143	1e+38	14.4275	-1e+38
BLOCK22/SES221/SA221S29	SES175	1e+38	14.9709	-1e+38
BLOCK22/SES221/SA221S29	SES187	1e+38	14.6789	-1e+38
BLOCK22/SES223/SA223S11	SES143	1e+38	14.3045	-1e+38
BLOCK22/SES223/SA223S11	SES144	1e+38	12.9661	-1e+38
BLOCK22/SES223/SA223S11	SES175	1e+38	14.6593	-1e+38
BLOCK22/SES223/SA223S11	SES187	1e+38	13.4069	-1e+38
BLOCK22/SES223/SA223S13	SES068	1e+38	14.1999	-1e+38
BLOCK22/SES223/SA223S13	SES143	1e+38	13.6879	-1e+38
BLOCK22/SES223/SA223S13	SES146	1e+38	14.3293	-1e+38
BLOCK22/SES223/SA223S13	SES202	1e+38	13.4821	-1e+38
BLOCK22/SES223/SA223S22	SES143	1e+38	15.0891	-1e+38
BLOCK22/SES223/SA223S22	SES144	1e+38	14.0704	-1e+38
BLOCK22/SES223/SA223S22	SES175	1e+38	14.9797	-1e+38
BLOCK22/SES223/SA223S22	SES187	1e+38	14.7926	-1e+38
BLOCK22/SES223/SA223S25	SES068	1e+38	15.2046	-1e+38
BLOCK22/SES223/SA223S25	SES143	1e+38	15.1225	-1e+38
BLOCK22/SES223/SA223S25	SES175	1e+38	15.2085	-1e+38
BLOCK22/SES223/SA223S25	SES187	1e+38	15.1655	-1e+38
BLOCK22/SES223/SA223S27	SES143	1e+38	13.7998	-1e+38
BLOCK22/SES223/SA223S27	SES146	1e+38	13.9219	-1e+38
BLOCK22/SES223/SA223S27	SES187	1e+38	13.6239	-1e+38
BLOCK22/SES223/SA223S27	SES292	1e+38	13.578	-1e+38
BLOCK27/SES273/SA273S12	SES099	1e+38	19.6278	-1e+38
BLOCK27/SES273/SA273S12	SES104	1e+38	19.6037	-1e+38
BLOCK27/SES273/SA273S12	SES125	1e+38	18.8108	-1e+38
BLOCK27/SES273/SA273S12	SES206	1e+38	19.6581	-1e+38
BLOCK27/SES273/SA273S13	SES099	1e+38	19.8952	-1e+38
BLOCK27/SES273/SA273S13	SES104	1e+38	19.6426	-1e+38
BLOCK27/SES273/SA273S13	SES206	1e+38	20.0469	-1e+38
BLOCK27/SES273/SA273S13	SES292	1e+38	19.1457	-1e+38
BLOCK27/SES273/SA273S21	SES099	1e+38	19.6618	-1e+38
BLOCK27/SES273/SA273S21	SES148	1e+38	17.5888	-1e+38
BLOCK27/SES273/SA273S21	SES149	1e+38	18.7131	-1e+38
BLOCK27/SES273/SA273S21	SES177	1e+38	18.5042	-1e+38
BLOCK27/SES273/SA273S25	SES104	1e+38	18.3011	-1e+38
BLOCK27/SES273/SA273S25	SES125	1e+38	18.3882	-1e+38
BLOCK27/SES273/SA273S25	SES158	1e+38	18.8466	-1e+38
BLOCK27/SES273/SA273S25	SES206	1e+38	19.2604	-1e+38
BLOCK27/SES273/SA273S27	SES099	1e+38	18.5731	-1e+38
BLOCK27/SES273/SA273S27	SES104	1e+38	17.8156	-1e+38
BLOCK27/SES273/SA273S27	SES149	1e+38	18.1913	-1e+38
BLOCK27/SES273/SA273S27	SES275	1e+38	17.6071	-1e+38
BLOCK27/SES274/SA274S10	SES105	1e+38	16.8664	-1e+38
BLOCK27/SES274/SA274S10	SES125	1e+38	16.1059	-1e+38
BLOCK27/SES274/SA274S10	SES129	1e+38	18.2018	-1e+38
BLOCK27/SES274/SA274S10	SES158	1e+38	15.6221	-1e+38
BLOCK27/SES274/SA274S11	SES105	1e+38	17.4995	-1e+38
BLOCK27/SES274/SA274S11	SES149	1e+38	16.3594	-1e+38
BLOCK27/SES274/SA274S11	SES158	1e+38	16.0205	-1e+38
BLOCK27/SES274/SA274S11	SES275	1e+38	17.894	-1e+38
BLOCK27/SES274/SA274S21	SES105	1e+38	16.843	-1e+38
BLOCK27/SES274/SA274S21	SES129	1e+38	17.8344	-1e+38
BLOCK27/SES274/SA274S21	SES149	1e+38	16.5728	-1e+38
BLOCK27/SES274/SA274S21	SES158	1e+38	14.7494	-1e+38
BLOCK27/SES274/SA274S24	SES105	1e+38	18.0759	-1e+38
BLOCK27/SES274/SA274S24	SES129	1e+38	19.3784	-1e+38
BLOCK27/SES274/SA274S24	SES149	1e+38	17.1465	-1e+38
BLOCK27/SES274/SA274S24	SES158	1e+38	15.9685	-1e+38
BLOCK27/SES274/SA274S29	SES105	1e+38	16.1829	-1e+38
BLOCK27/SES274/SA274S29	SES106	1e+38	14.5865	-1e+38
BLOCK27/SES274/SA274S29	SES120	1e+38	16.5743	-1e+38
BLOCK27/SES274/SA274S29	SES275	1e+38	16.7254	-1e+38
BLOCK27/SES276/SA276S16	SES148	1e+38	15.4187	-1e+38
BLOCK27/SES276/SA276S16	SES172	1e+38	16.0501	-1e+38
BLOCK27/SES276/SA276S16	SES180	1e+38	15.3396	-1e+38
BLOCK27/SES276/SA276S16	SES292	1e+38	16.1447	-1e+38
BLOCK27/SES276/SA276S17	SES101	1e+38	16.5255	-1e+38
BLOCK27/SES276/SA276S17	SES177	1e+38	16.4194	-1e+38
BLOCK27/SES276/SA276S17	SES180	1e+38	16.671	-1e+38
BLOCK27/SES276/SA276S17	SES292	1e+38	16.5152	-1e+38
BLOCK27/SES276/SA276S24	SES101	1e+38	17.2303	-1e+38
BLOCK27/SES276/SA276S24	SES177	1e+38	17.0106	-1e+38
BLOCK27/SES276/SA276S24	SES180	1e+38	17.068	-1e+38
BLOCK27/SES276/SA276S24	SES292	1e+38	16.3312	-1e+38
BLOCK27/SES276/SA276S26	SES101	1e+38	17.2882	-1e+38
BLOCK27/SES276/SA276S26	SES177	1e+38	18.3485	-1e+38
BLOCK27/SES276/SA276S26	SES180	1e+38	18.4527	-1e+38
BLOCK27/SES276/SA276S26	SES292	1e+38	18.5921	-1e+38
BLOCK27/SES276/SA276S28	SES101	1e+38	16.7732	-1e+38
BLOCK27/SES276/SA276S28	SES177	1e+38	16.4433	-1e+38
BLOCK27/SES276/SA276S28	SES180	1e+38	16.9468	-1e+38
BLOCK27/SES276/SA276S28	SES292	1e+38	16.9779	-1e+38
BLOCK27/SES277/SA277S12	SES101	1e+38	15.0811	-1e+38
BLOCK27/SES277/SA277S12	SES177	1e+38	14.16	-1e+38
BLOCK27/SES277/SA277S12	SES180	1e+38	14.2286	-1e+38
BLOCK27/SES277/SA277S12	SES292	1e+38	14.0095	-1e+38
BLOCK27/SES277/SA277S14	SES177	1e+38	14.9087	-1e+38
BLOCK27/SES277/SA277S14	SES180	1e+38	13.9114	-1e+38
BLOCK27/SES277/SA277S14	SES189	1e+38	14.9383	-1e+38
BLOCK27/SES277/SA277S14	SES292	1e+38	13.8135	-1e+38
BLOCK27/SES277/SA277S21	SES177	1e+38	16.2566	-1e+38
BLOCK27/SES277/SA277S21	SES180	1e+38	15.001	-1e+38
BLOCK27/SES277/SA277S21	SES189	1e+38	16.0228	-1e+38
BLOCK27/SES277/SA277S21	SES292	1e+38	14.9021	-1e+38
BLOCK27/SES277/SA277S24	SES144	1e+38	14.2319	-1e+38
BLOCK27/SES277/SA277S24	SES177	1e+38	14.0479	-1e+38
BLOCK27/SES277/SA277S24	SES180	1e+38	13.0035	-1e+38
BLOCK27/SES277/SA277S24	SES189	1e+38	14.4668	-1e+38
BLOCK27/SES277/SA277S29	SES177	1e+38	16.8848	-1e+38
BLOCK27/SES277/SA277S29	SES180	1e+38	16.1321	-1e+38
BLOCK27/SES277/SA277S29	SES202	1e+38	16.2756	-1e+38
BLOCK27/SES277/SA277S29	SES292	1e+38	15.7439	-1e+38
BLOCK27/SES279/SA279S09	SES120	1e+38	16.3008	-1e+38
BLOCK27/SES279/SA279S09	SES146	1e+38	16.0529	-1e+38
BLOCK27/SES279/SA279S09	SES206	1e+38	16.4333	-1e+38
BLOCK27/SES279/SA279S09	SES226	1e+38	15.5399	-1e+38
BLOCK27/SES279/SA279S10	SES099	1e+38	17.9481	-1e+38
BLOCK27/SES279/SA279S10	SES206	1e+38	17.2276	-1e+38
BLOCK27/SES279/SA279S10	SES226	1e+38	16.1373	-1e+38
BLOCK27/SES279/SA279S10	SES292	1e+38	17.7932	-1e+38
BLOCK27/SES279/SA279S20	SES099	1e+38	16.7757	-1e+38
BLOCK27/SES279/SA279S20	SES206	1e+38	17.6384	-1e+38
BLOCK27/SES279/SA279S20	SES226	1e+38	16.2336	-1e+38
BLOCK27/SES279/SA279S20	SES292	1e+38	17.4755	-1e+38
BLOCK27/SES279/SA279S26	SES099	1e+38	17.7836	-1e+38
BLOCK27/SES279/SA279S26	SES206	1e+38	18.1543	-1e+38
BLOCK27/SES279/SA279S26	SES226	1e+38	16.307	-1e+38
BLOCK27/SES279/SA279S26	SES292	1e+38	17.4779	-1e+38
BLOCK27/SES279/SA279S28	SES099	1e+38	18.5849	-1e+38
BLOCK27/SES279/SA279S28	SES120	1e+38	18.5803	-1e+38
BLOCK27/SES279/SA279S28	SES177	1e+38	18.0181	-1e+38
BLOCK27/SES279/SA279S28	SES206	1e+38	18.9651	-1e+38
BLOCK29/SES290/SA290S12	SES162	1e+38	15.4107	-1e+38
BLOCK29/SES290/SA290S12	SES177	1e+38	15.9315	-1e+38
BLOCK29/SES290/SA290S12	SES180	1e+38	14.8349	-1e+38
BLOCK29/SES290/SA290S12	SES292	1e+38	14.7861	-1e+38
BLOCK29/SES290/SA290S13	SES007	1e+38	15.7209	-1e+38
BLOCK29/SES290/SA290S13	SES162	1e+38	14.7595	-1e+38
BLOCK29/SES290/SA290S13	SES177	1e+38	16.0514	-1e+38
BLOCK29/SES290/SA290S13	SES180	1e+38	15.9653	-1e+38
BLOCK29/SES290/SA290S22	SES177	1e+38	15.8232	-1e+38
BLOCK29/SES290/SA290S22	SES180	1e+38	15.4357	-1e+38
BLOCK29/SES290/SA290S22	SES202	1e+38	15.4054	-1e+38
BLOCK29/SES290/SA290S22	SES292	1e+38	15.4473	-1e+38
BLOCK29/SES290/SA290S25	SES162	1e+38	15.735	-1e+38
BLOCK29/SES290/SA290S25	SES177	1e+38	16.0212	-1e+38
BLOCK29/SES290/SA290S25	SES180	1e+38	16.2708	-1e+38
BLOCK29/SES290/SA290S25	SES292	1e+38	16.1056	-1e+38
BLOCK29/SES290/SA290S29	SES177	1e+38	16.5445	-1e+38
BLOCK29/SES290/SA290S29	SES180	1e+38	16.7661	-1e+38
BLOCK29/SES290/SA290S29	SES275	1e+38	15.8078	-1e+38
BLOCK29/SES290/SA290S29	SES292	1e+38	16.1302	-1e+38
BLOCK29/SES291/SA291S11	SES105	1e+38	14.0243	-1e+38
BLOCK29/SES291/SA291S11	SES125	1e+38	15.6366	-1e+38
BLOCK29/SES291/SA291S11	SES158	1e+38	15.6447	-1e+38
BLOCK29/SES291/SA291S11	SES275	1e+38	14.379	-1e+38
BLOCK29/SES291/SA291S12	SES158	1e+38	17.4594	-1e+38
BLOCK29/SES291/SA291S12	SES226	1e+38	15.2156	-1e+38
BLOCK29/SES291/SA291S12	SES270	1e+38	17.4514	-1e+38
BLOCK29/SES291/SA291S12	SES275	1e+38	14.1577	-1e+38
BLOCK29/SES291/SA291S22	SES082	1e+38	16.6511	-1e+38
BLOCK29/SES291/SA291S22	SES158	1e+38	16.733	-1e+38
BLOCK29/SES291/SA291S22	SES259	1e+38	15.9918	-1e+38
BLOCK29/SES291/SA291S22	SES275	1e+38	14.9431	-1e+38
BLOCK29/SES291/SA291S24	SES104	1e+38	18.7005	-1e+38
BLOCK29/SES291/SA291S24	SES125	1e+38	18.148	-1e+38
BLOCK29/SES291/SA291S24	SES158	1e+38	18.3693	-1e+38
BLOCK29/SES291/SA291S24	SES275	1e+38	16.0506	-1e+38
BLOCK29/SES291/SA291S27	SES158	1e+38	18.1736	-1e+38
BLOCK29/SES291/SA291S27	SES172	1e+38	14.2563	-1e+38
BLOCK29/SES291/SA291S27	SES275	1e+38	14.8107	-1e+38
BLOCK29/SES291/SA291S27	SES292	1e+38	16.2043	-1e+38
