BLOCK00/SES002/SA002S12	SES002	1e+38	38.8169	-1e+38
BLOCK00/SES002/SA002S13	SES002	1e+38	33.4579	-1e+38
BLOCK00/SES002/SA002S23	SES002	1e+38	35.6531	-1e+38
BLOCK00/SES002/SA002S26	SES002	1e+38	34.7931	-1e+38
BLOCK00/SES002/SA002S28	SES002	1e+38	38.4181	-1e+38
BLOCK00/SES007/SA007S14	SES007	1e+38	41.4268	-1e+38
BLOCK00/SES007/SA007S15	SES007	1e+38	39.5749	-1e+38
BLOCK00/SES007/SA007S24	SES007	1e+38	39.3183	-1e+38
BLOCK00/SES007/SA007S27	SES007	1e+38	38.5244	-1e+38
BLOCK00/SES007/SA007S29	SES007	1e+38	42.7789	-1e+38
BLOCK00/SES008/SA008S11	SES008	1e+38	38.5545	-1e+38
BLOCK00/SES008/SA008S12	SES008	1e+38	40.7794	-1e+38
BLOCK00/SES008/SA008S19	SES008	1e+38	42.6044	-1e+38
BLOCK00/SES008/SA008S22	SES008	1e+38	37.4131	-1e+38
BLOCK00/SES008/SA008S29	SES008	1e+38	42.3615	-1e+38
BLOCK01/SES014/SA014S10	SES014	1e+38	38.8472	-1e+38
BLOCK01/SES014/SA014S12	SES014	1e+38	44.2193	-1e+38
BLOCK01/SES014/SA014S24	SES014	1e+38	38.2523	-1e+38
BLOCK01/SES014/SA014S26	SES014	1e+38	44.385	-1e+38
BLOCK01/SES014/SA014S28	SES014	1e+38	42.9325	-1e+38
BLOCK01/SES016/SA016S12	SES016	1e+38	35.1845	-1e+38
BLOCK01/SES016/SA016S13	SES016	1e+38	37.1718	-1e+38
BLOCK01/SES016/SA016S22	SES016	1e+38	40.9051	-1e+38
BLOCK01/SES016/SA016S25	SES016	1e+38	44.2363	-1e+38
BLOCK01/SES016/SA016S27	SES016	1e+38	39.7686	-1e+38
BLOCK01/SES019/SA019S13	SES019	1e+38	37.0646	-1e+38
BLOCK01/SES019/SA019S14	SES019	1e+38	38.2244	-1e+38
BLOCK01/SES019/SA019S22	SES019	1e+38	38.8755	-1e+38
BLOCK01/SES019/SA019S25	SES019	1e+38	36.9041	-1e+38
BLOCK01/SES019/SA019S29	SES019	1e+38	36.8638	-1e+38
BLOCK02/SES029/SA029S11	SES029	1e+38	42.4341	-1e+38
BLOCK02/SES029/SA029S12	SES029	1e+38	42.0803	-1e+38
BLOCK02/SES029/SA029S20	SES029	1e+38	42.96	-1e+38
BLOCK02/SES029/SA029S25	SES029	1e+38	39.6899	-1e+38
BLOCK02/SES029/SA029S28	SES029	1e+38	41.2404	-1e+38
BLOCK04/SES042/SA042S12	SES042	1e+38	39.3884	-1e+38
BLOCK04/SES042/SA042S15	SES042	1e+38	43.3556	-1e+38
BLOCK04/SES042/SA042S22	SES042	1e+38	40.8755	-1e+38
BLOCK04/SES042/SA042S25	SES042	1e+38	39.1892	-1e+38
BLOCK04/SES042/SA042S27	SES042	1e+38	40.345	-1e+38
BLOCK04/SES048/SA048S11	SES048	1e+38	43.9936	-1e+38
BLOCK04/SES048/SA048S12	SES048	1e+38	41.2791	-1e+38
BLOCK04/SES048/SA048S20	SES048	1e+38	44.2958	-1e+38
BLOCK04/SES048/SA048S23	SES048	1e+38	39.9278	-1e+38
BLOCK04/SES048/SA048S27	SES048	1e+38	45.6637	-1e+38
BLOCK06/SES060/SA060S11	SES060	1e+38	40.0772	-1e+38
BLOCK06/SES060/SA060S12	SES060	1e+38	38.2304	-1e+38
BLOCK06/SES060/SA060S22	SES060	1e+38	39.0062	-1e+38
BLOCK06/SES060/SA060S24	SES060	1e+38	44.4213	-1e+38
BLOCK06/SES060/SA060S28	SES060	1e+38	44.0591	-1e+38
BLOCK06/SES062/SA062S10	SES062	1e+38	38.5853	-1e+38
BLOCK06/SES062/SA062S11	SES062	1e+38	40.9498	-1e+38
BLOCK06/SES062/SA062S21	SES062	1e+38	47.85	-1e+38
BLOCK06/SES062/SA062S26	SES062	1e+38	42.9856	-1e+38
BLOCK06/SES062/SA062S29	SES062	1e+38	44.0213	-1e+38
BLOCK06/SES068/SA068S14	SES068	1e+38	39.3202	-1e+38
BLOCK06/SES068/SA068S15	SES068	1e+38	41.5282	-1e+38
BLOCK06/SES068/SA068S23	SES068	1e+38	42.6644	-1e+38
BLOCK06/SES068/SA068S27	SES068	1e+38	37.2435	-1e+38
BLOCK06/SES068/SA068S29	SES068	1e+38	41.973	-1e+38
BLOCK08/SES082/SA082S12	SES082	1e+38	36.7796	-1e+38
BLOCK08/SES082/SA082S14	SES082	1e+38	34.1528	-1e+38
BLOCK08/SES082/SA082S21	SES082	1e+38	36.9702	-1e+38
BLOCK08/SES082/SA082S24	SES082	1e+38	35.1125	-1e+38
BLOCK08/SES082/SA082S28	SES082	1e+38	35.8057	-1e+38
BLOCK08/SES083/SA083S14	SES083	1e+38	42.3854	-1e+38
BLOCK08/SES083/SA083S15	SES083	1e+38	41.054	-1e+38
BLOCK08/SES083/SA083S24	SES083	1e+38	40.5658	-1e+38
BLOCK08/SES083/SA083S26	SES083	1e+38	40.1972	-1e+38
BLOCK08/SES083/SA083S29	SES083	1e+38	40.9808	-1e+38
BLOCK08/SES085/SA085S10	SES085	1e+38	44.6204	-1e+38
BLOCK08/SES085/SA085S13	SES085	1e+38	39.0514	-1e+38
BLOCK08/SES085/SA085S22	SES085	1e+38	36.27	-1e+38
BLOCK08/SES085/SA085S26	SES085	1e+38	39.7223	-1e+38
BLOCK08/SES085/SA085S28	SES085	1e+38	45.8046	-1e+38
BLOCK08/SES087/SA087S15	SES087	1e+38	41.7798	-1e+38
BLOCK08/SES087/SA087S16	SES087	1e+38	36.8647	-1e+38
BLOCK08/SES087/SA087S24	SES087	1e+38	38.6607	-1e+38
BLOCK08/SES087/SA087S26	SES087	1e+38	41.3176	-1e+38
BLOCK08/SES087/SA087S29	SES087	1e+38	42.8148	-1e+38
BLOCK09/SES099/SA099S15	SES099	1e+38	37.1809	-1e+38
BLOCK09/SES099/SA099S16	SES099	1e+38	37.2546	-1e+38
BLOCK09/SES099/SA099S24	SES099	1e+38	39.1634	-1e+38
BLOCK09/SES099/SA099S26	SES099	1e+38	39.8138	-1e+38
BLOCK09/SES099/SA099S29	SES099	1e+38	38.8697	-1e+38
BLOCK10/SES101/SA101S11	SES101	1e+38	39.7269	-1e+38
BLOCK10/SES101/SA101S13	SES101	1e+38	44.6762	-1e+38
BLOCK10/SES101/SA101S22	SES101	1e+38	35.386	-1e+38
BLOCK10/SES101/SA101S24	SES101	1e+38	39.62	-1e+38
BLOCK10/SES101/SA101S28	SES101	1e+38	39.6284	-1e+38
BLOCK10/SES104/SA104S11	SES104	1e+38	42.4216	-1e+38
BLOCK10/SES104/SA104S12	SES104	1e+38	42.0634	-1e+38
BLOCK10/SES104/SA104S21	SES104	1e+38	38.8931	-1e+38
BLOCK10/SES104/SA104S24	SES104	1e+38	39.2094	-1e+38
BLOCK10/SES104/SA104S28	SES104	1e+38	39.6775	-1e+38
BLOCK10/SES105/SA105S12	SES105	1e+38	37.0141	-1e+38
BLOCK10/SES105/SA105S13	SES105	1e+38	40.8414	-1e+38
BLOCK10/SES105/SA105S22	SES105	1e+38	37.8567	-1e+38
BLOCK10/SES105/SA105S26	SES105	1e+38	39.2486	-1e+38
BLOCK10/SES105/SA105S29	SES105	1e+38	40.0396	-1e+38
BLOCK10/SES106/SA106S09	SES106	1e+38	37.1366	-1e+38
BLOCK10/SES106/SA106S11	SES106	1e+38	40.1447	-1e+38
BLOCK10/SES106/SA106S22	SES106	1e+38	33.8557	-1e+38
BLOCK10/SES106/SA106S27	SES106	1e+38	40.606	-1e+38
BLOCK10/SES106/SA106S29	SES106	1e+38	42.6077	-1e+38
BLOCK11/SES117/SA117S12	SES117	1e+38	40.4521	-1e+38
BLOCK11/SES117/SA117S13	SES117	1e+38	42.3034	-1e+38
BLOCK11/SES117/SA117S23	SES117	1e+38	37.8333	-1e+38
BLOCK11/SES117/SA117S25	SES117	1e+38	37.4576	-1e+38
BLOCK11/SES117/SA117S28	SES117	1e+38	38.3309	-1e+38
BLOCK12/SES120/SA120S08	SES120	1e+38	36.7684	-1e+38
BLOCK12/SES120/SA120S11	SES120	1e+38	33.2781	-1e+38
BLOCK12/SES120/SA120S22	SES120	1e+38	40.8499	-1e+38
BLOCK12/SES120/SA120S24	SES120	1e+38	36.2292	-1e+38
BLOCK12/SES120/SA120S28	SES120	1e+38	35.631	-1e+38
BLOCK12/SES125/SA125S13	SES125	1e+38	39.6961	-1e+38
BLOCK12/SES125/SA125S14	SES125	1e+38	37.4578	-1e+38
BLOCK12/SES125/SA125S25	SES125	1e+38	37.6966	-1e+38
BLOCK12/SES125/SA125S27	SES125	1e+38	41.5688	-1e+38
BLOCK12/SES125/SA125S29	SES125	1e+38	38.8797	-1e+38
BLOCK12/SES127/SA127S11	SES127	1e+38	40.6519	-1e+38
BLOCK12/SES127/SA127S12	SES127	1e+38	47.1585	-1e+38
BLOCK12/SES127/SA127S23	SES127	1e+38	40.9112	-1e+38
BLOCK12/SES127/SA127S25	SES127	1e+38	39.3137	-1e+38
BLOCK12/SES127/SA127S27	SES127	1e+38	38.0678	-1e+38
BLOCK12/SES129/SA129S11	SES129	1e+38	45.8349	-1e+38
BLOCK12/SES129/SA129S12	SES129	1e+38	41.9138	-1e+38
BLOCK12/SES129/SA129S22	SES129	1e+38	41.9787	-1e+38
BLOCK12/SES129/SA129S27	SES129	1e+38	42.9361	-1e+38
BLOCK12/SES129/SA129S29	SES129	1e+38	42.4191	-1e+38
BLOCK14/SES142/SA142S11	SES142	1e+38	37.227	-1e+38
BLOCK14/SES142/SA142S12	SES142	1e+38	39.0723	-1e+38
BLOCK14/SES142/SA142S24	SES142	1e+38	37.7762	-1e+38
BLOCK14/SES142/SA142S27	SES142	1e+38	40.7028	-1e+38
BLOCK14/SES142/SA142S29	SES142	1e+38	41.9826	-1e+38
BLOCK14/SES143/SA143S12	SES143	1e+38	40.77	-1e+38
BLOCK14/SES143/SA143S13	SES143	1e+38	40.1057	-1e+38
BLOCK14/SES143/SA143S23	SES143	1e+38	40.722	-1e+38
BLOCK14/SES143/SA143S25	SES143	1e+38	42.0004	-1e+38
BLOCK14/SES143/SA143S28	SES143	1e+38	40.0919	-1e+38
BLOCK14/SES144/SA144S09	SES144	1e+38	42.6125	-1e+38
BLOCK14/SES144/SA144S11	SES144	1e+38	41.1172	-1e+38
BLOCK14/SES144/SA144S21	SES144	1e+38	37.1272	-1e+38
BLOCK14/SES144/SA144S25	SES144	1e+38	42.7781	-1e+38
BLOCK14/SES144/SA144S29	SES144	1e+38	38.1183	-1e+38
BLOCK14/SES146/SA146S14	SES146	1e+38	39.0798	-1e+38
BLOCK14/SES146/SA146S15	SES146	1e+38	39.7208	-1e+38
BLOCK14/SES146/SA146S24	SES146	1e+38	37.9114	-1e+38
BLOCK14/SES146/SA146S26	SES146	1e+38	38.5865	-1e+38
BLOCK14/SES146/SA146S29	SES146	1e+38	36.8372	-1e+38
BLOCK14/SES147/SA147S11	SES147	1e+38	41.1073	-1e+38
BLOCK14/SES147/SA147S13	SES147	1e+38	45.727	-1e+38
BLOCK14/SES147/SA147S23	SES147	1e+38	39.2903	-1e+38
BLOCK14/SES147/SA147S26	SES147	1e+38	37.8374	-1e+38
BLOCK14/SES147/SA147S28	SES147	1e+38	41.618	-1e+38
BLOCK14/SES148/SA148S10	SES148	1e+38	45.09	-1e+38
BLOCK14/SES148/SA148S12	SES148	1e+38	41.5988	-1e+38
BLOCK14/SES148/SA148S22	SES148	1e+38	45.6832	-1e+38
BLOCK14/SES148/SA148S26	SES148	1e+38	44.4396	-1e+38
BLOCK14/SES148/SA148S29	SES148	1e+38	44.373	-1e+38
BLOCK14/SES149/SA149S13	SES149	1e+38	39.1888	-1e+38
BLOCK14/SES149/SA149S14	SES149	1e+38	42.2485	-1e+38
BLOCK14/SES149/SA149S24	SES149	1e+38	41.2487	-1e+38
BLOCK14/SES149/SA149S26	SES149	1e+38	44.1639	-1e+38
BLOCK14/SES149/SA149S28	SES149	1e+38	42.4816	-1e+38
BLOCK15/SES158/SA158S13	SES158	1e+38	37.732	-1e+38
BLOCK15/SES158/SA158S14	SES158	1e+38	35.8643	-1e+38
BLOCK15/SES158/SA158S23	SES158	1e+38	37.9152	-1e+38
BLOCK15/SES158/SA158S26	SES158	1e+38	33.466	-1e+38
BLOCK15/SES158/SA158S28	SES158	1e+38	37.17	-1e+38
BLOCK16/SES162/SA162S10	SES162	1e+38	38.842	-1e+38
BLOCK16/SES162/SA162S11	SES162	1e+38	40.8581	-1e+38
BLOCK16/SES162/SA162S21	SES162	1e+38	40.1967	-1e+38
BLOCK16/SES162/SA162S24	SES162	1e+38	40.0233	-1e+38
BLOCK16/SES162/SA162S27	SES162	1e+38	36.9555	-1e+38
BLOCK16/SES167/SA167S14	SES167	1e+38	43.7187	-1e+38
BLOCK16/SES167/SA167S15	SES167	1e+38	43.3433	-1e+38
BLOCK16/SES167/SA167S21	SES167	1e+38	47.2407	-1e+38
BLOCK16/SES167/SA167S25	SES167	1e+38	46.0551	-1e+38
BLOCK16/SES167/SA167S29	SES167	1e+38	49.1741	-1e+38
BLOCK17/SES172/SA172S12	SES172	1e+38	35.9521	-1e+38
BLOCK17/SES172/SA172S13	SES172	1e+38	37.1512	-1e+38
BLOCK17/SES172/SA172S23	SES172	1e+38	38.1626	-1e+38
BLOCK17/SES172/SA172S27	SES172	1e+38	37.2695	-1e+38
BLOCK17/SES172/SA172S29	SES172	1e+38	37.3701	-1e+38
BLOCK17/SES175/SA175S11	SES175	1e+38	41.4196	-1e+38
BLOCK17/SES175/SA175S13	SES175	1e+38	45.6135	-1e+38
BLOCK17/SES175/SA175S23	SES175	1e+38	43.0252	-1e+38
BLOCK17/SES175/SA175S25	SES175	1e+38	38.9075	-1e+38
BLOCK17/SES175/SA175S28	SES175	1e+38	41.6983	-1e+38
BLOCK17/SES177/SA177S15	SES177	1e+38	41.871	-1e+38
BLOCK17/SES177/SA177S17	SES177	1e+38	40.1376	-1e+38
BLOCK17/SES177/SA177S23	SES177	1e+38	39.0136	-1e+38
BLOCK17/SES177/SA177S26	SES177	1e+38	46.5866	-1e+38
BLOCK17/SES177/SA177S28	SES177	1e+38	40.1317	-1e+38
BLOCK18/SES180/SA180S13	SES180	1e+38	38.9777	-1e+38
BLOCK18/SES180/SA180S15	SES180	1e+38	38.8125	-1e+38
BLOCK18/SES180/SA180S24	SES180	1e+38	41.8935	-1e+38
BLOCK18/SES180/SA180S26	SES180	1e+38	40.7447	-1e+38
BLOCK18/SES180/SA180S29	SES180	1e+38	43.5993	-1e+38
BLOCK18/SES183/SA183S13	SES183	1e+38	41.1528	-1e+38
BLOCK18/SES183/SA183S14	SES183	1e+38	41.0285	-1e+38
BLOCK18/SES183/SA183S24	SES183	1e+38	37.7193	-1e+38
BLOCK18/SES183/SA183S27	SES183	1e+38	41.8297	-1e+38
BLOCK18/SES183/SA183S29	SES183	1e+38	41.4809	-1e+38
BLOCK18/SES187/SA187S13	SES187	1e+38	36.6301	-1e+38
BLOCK18/SES187/SA187S14	SES187	1e+38	38.4083	-1e+38
BLOCK18/SES187/SA187S24	SES187	1e+38	37.1785	-1e+38
BLOCK18/SES187/SA187S27	SES187	1e+38	38.1375	-1e+38
BLOCK18/SES187/SA187S29	SES187	1e+38	35.9475	-1e+38
BLOCK18/SES189/SA189S10	SES189	1e+38	39.2768	-1e+38
BLOCK18/SES189/SA189S13	SES189	1e+38	36.3758	-1e+38
BLOCK18/SES189/SA189S24	SES189	1e+38	42.5365	-1e+38
BLOCK18/SES189/SA189S26	SES189	1e+38	43.3563	-1e+38
BLOCK18/SES189/SA189S29	SES189	1e+38	42.4237	-1e+38
BLOCK20/SES202/SA202S12	SES202	1e+38	43.6894	-1e+38
BLOCK20/SES202/SA202S14	SES202	1e+38	42.7241	-1e+38
BLOCK20/SES202/SA202S24	SES202	1e+38	41.1079	-1e+38
BLOCK20/SES202/SA202S27	SES202	1e+38	42.2548	-1e+38
BLOCK20/SES202/SA202S29	SES202	1e+38	41.6833	-1e+38
BLOCK20/SES206/SA206S15	SES206	1e+38	40.7852	-1e+38
BLOCK20/SES206/SA206S17	SES206	1e+38	39.0312	-1e+38
BLOCK20/SES206/SA206S24	SES206	1e+38	43.2541	-1e+38
BLOCK20/SES206/SA206S27	SES206	1e+38	39.6535	-1e+38
BLOCK20/SES206/SA206S29	SES206	1e+38	44.1874	-1e+38
BLOCK22/SES226/SA226S12	SES226	1e+38	37.1904	-1e+38
BLOCK22/SES226/SA226S13	SES226	1e+38	38.1164	-1e+38
BLOCK22/SES226/SA226S20	SES226	1e+38	38.0322	-1e+38
BLOCK22/SES226/SA226S23	SES226	1e+38	42.1203	-1e+38
BLOCK22/SES226/SA226S28	SES226	1e+38	42.231	-1e+38
BLOCK25/SES259/SA259S13	SES259	1e+38	42.0687	-1e+38
BLOCK25/SES259/SA259S14	SES259	1e+38	43.4842	-1e+38
BLOCK25/SES259/SA259S22	SES259	1e+38	43.9772	-1e+38
BLOCK25/SES259/SA259S24	SES259	1e+38	42.8364	-1e+38
BLOCK25/SES259/SA259S28	SES259	1e+38	40.4874	-1e+38
BLOCK27/SES270/SA270S14	SES270	1e+38	33.2617	-1e+38
BLOCK27/SES270/SA270S16	SES270	1e+38	36.0732	-1e+38
BLOCK27/SES270/SA270S22	SES270	1e+38	36.0012	-1e+38
BLOCK27/SES270/SA270S26	SES270	1e+38	34.4872	-1e+38
BLOCK27/SES270/SA270S28	SES270	1e+38	35.3633	-1e+38
BLOCK27/SES275/SA275S17	SES275	1e+38	40.7531	-1e+38
BLOCK27/SES275/SA275S18	SES275	1e+38	37.3007	-1e+38
BLOCK27/SES275/SA275S24	SES275	1e+38	37.8073	-1e+38
BLOCK27/SES275/SA275S26	SES275	1e+38	40.1419	-1e+38
BLOCK27/SES275/SA275S28	SES275	1e+38	41.2669	-1e+38
BLOCK29/SES292/SA292S10	SES292	1e+38	43.1004	-1e+38
BLOCK29/SES292/SA292S12	SES292	1e+38	37.8967	-1e+38
BLOCK29/SES292/SA292S22	SES292	1e+38	42.565	-1e+38
BLOCK29/SES292/SA292S24	SES292	1e+38	41.7872	-1e+38
BLOCK29/SES292/SA292S27	SES292	1e+38	40.191	-1e+38
BLOCK00/SES001/SA001S14	SES062	1e+38	35.5313	-1e+38
BLOCK00/SES001/SA001S14	SES082	1e+38	37.8709	-1e+38
BLOCK00/SES001/SA001S14	SES106	1e+38	37.8462	-1e+38
BLOCK00/SES001/SA001S14	SES206	1e+38	37.0365	-1e+38
BLOCK00/SES001/SA001S15	SES062	1e+38	38.9406	-1e+38
BLOCK00/SES001/SA001S15	SES104	1e+38	39.0187	-1e+38
BLOCK00/SES001/SA001S15	SES106	1e+38	39.5543	-1e+38
BLOCK00/SES001/SA001S15	SES206	1e+38	39.071	-1e+38
BLOCK00/SES001/SA001S24	SES062	1e+38	34.0246	-1e+38
BLOCK00/SES001/SA001S24	SES082	1e+38	37.1237	-1e+38
BLOCK00/SES001/SA001S24	SES087	1e+38	36.8918	-1e+38
BLOCK00/SES001/SA001S24	SES206	1e+38	37.6542	-1e+38
BLOCK00/SES001/SA001S27	SES062	1e+38	41.7359	-1e+38
BLOCK00/SES001/SA001S27	SES082	1e+38	43.0158	-1e+38
BLOCK00/SES001/SA001S27	SES087	1e+38	43.7873	-1e+38
BLOCK00/SES001/SA001S27	SES206	1e+38	43.14	-1e+38
BLOCK00/SES001/SA001S29	SES062	1e+38	35.8932	-1e+38
BLOCK00/SES001/SA001S29	SES082	1e+38	37.5861	-1e+38
BLOCK00/SES001/SA001S29	SES158	1e+38	36.5639	-1e+38
BLOCK00/SES001/SA001S29	SES206	1e+38	36.7521	-1e+38
BLOCK00/SES003/SA003S11	SES002	1e+38	34.6854	-1e+38
BLOCK00/SES003/SA003S11	SES019	1e+38	32.6895	-1e+38
BLOCK00/SES003/SA003S11	SES082	1e+38	33.3001	-1e+38
BLOCK00/SES003/SA003S11	SES125	1e+38	34.6211	-1e+38
BLOCK00/SES003/SA003S15	SES016	1e+38	39.0591	-1e+38
BLOCK00/SES003/SA003S15	SES019	1e+38	38.3879	-1e+38
BLOCK00/SES003/SA003S15	SES062	1e+38	39.0603	-1e+38
BLOCK00/SES003/SA003S15	SES206	1e+38	39.6981	-1e+38
BLOCK00/SES003/SA003S22	SES002	1e+38	34.317	-1e+38
BLOCK00/SES003/SA003S22	SES062	1e+38	35.3474	-1e+38
BLOCK00/SES003/SA003S22	SES082	1e+38	34.104	-1e+38
BLOCK00/SES003/SA003S22	SES087	1e+38	32.6617	-1e+38
BLOCK00/SES003/SA003S25	SES062	1e+38	31.2962	-1e+38
BLOCK00/SES003/SA003S25	SES082	1e+38	34.1964	-1e+38
BLOCK00/SES003/SA003S25	SES087	1e+38	34.1062	-1e+38
BLOCK00/SES003/SA003S25	SES206	1e+38	35.1779	-1e+38
BLOCK00/SES003/SA003S29	SES002	1e+38	37.1774	-1e+38
BLOCK00/SES003/SA003S29	SES062	1e+38	37.1001	-1e+38
BLOCK00/SES003/SA003S29	SES082	1e+38	37.393	-1e+38
BLOCK00/SES003/SA003S29	SES087	1e+38	36.1071	-1e+38
BLOCK00/SES004/SA004S12	SES083	1e+38	36.9356	-1e+38
BLOCK00/SES004/SA004S12	SES148	1e+38	35.4646	-1e+38
BLOCK00/SES004/SA004S12	SES172	1e+38	38.9556	-1e+38
BLOCK00/SES004/SA004S12	SES292	1e+38	37.4207	-1e+38
BLOCK00/SES004/SA004S17	SES083	1e+38	38.5793	-1e+38
BLOCK00/SES004/SA004S17	SES162	1e+38	39.6438	-1e+38
BLOCK00/SES004/SA004S17	SES172	1e+38	39.2118	-1e+38
BLOCK00/SES004/SA004S17	SES292	1e+38	38.6883	-1e+38
BLOCK00/SES004/SA004S24	SES083	1e+38	37.3879	-1e+38
BLOCK00/SES004/SA004S24	SES148	1e+38	37.439	-1e+38
BLOCK00/SES004/SA004S24	SES172	1e+38	40.0783	-1e+38
BLOCK00/SES004/SA004S24	SES292	1e+38	38.7161	-1e+38
BLOCK00/SES004/SA004S26	SES083	1e+38	36.3353	-1e+38
BLOCK00/SES004/SA004S26	SES127	1e+38	37.2498	-1e+38
BLOCK00/SES004/SA004S26	SES148	1e+38	35.6059	-1e+38
BLOCK00/SES004/SA004S26	SES292	1e+38	36.3289	-1e+38
BLOCK00/SES004/SA004S28	SES083	1e+38	36.673	-1e+38
BLOCK00/SES004/SA004S28	SES127	1e+38	36.5753	-1e+38
BLOCK00/SES004/SA004S28	SES187	1e+38	36.4963	-1e+38
BLOCK00/SES004/SA004S28	SES292	1e+38	34.5522	-1e+38
BLOCK00/SES006/SA006S10	SES014	1e+38	28.7713	-1e+38
BLOCK00/SES006/SA006S10	SES158	1e+38	31.6389	-1e+38
BLOCK00/SES006/SA006S10	SES226	1e+38	27.4521	-1e+38
BLOCK00/SES006/SA006S10	SES270	1e+38	31.7861	-1e+38
BLOCK00/SES006/SA006S11	SES158	1e+38	32.7987	-1e+38
BLOCK00/SES006/SA006S11	SES226	1e+38	29.834	-1e+38
BLOCK00/SES006/SA006S11	SES270	1e+38	33.5545	-1e+38
BLOCK00/SES006/SA006S11	SES275	1e+38	31.1917	-1e+38
BLOCK00/SES006/SA006S23	SES062	1e+38	31.6831	-1e+38
BLOCK00/SES006/SA006S23	SES105	1e+38	34.9488	-1e+38
BLOCK00/SES006/SA006S23	SES158	1e+38	36.0264	-1e+38
BLOCK00/SES006/SA006S23	SES275	1e+38	35.8869	-1e+38
BLOCK00/SES006/SA006S26	SES104	1e+38	33.6832	-1e+38
BLOCK00/SES006/SA006S26	SES158	1e+38	35.6378	-1e+38
BLOCK00/SES006/SA006S26	SES270	1e+38	37.4183	-1e+38
BLOCK00/SES006/SA006S26	SES275	1e+38	34.609	-1e+38
BLOCK00/SES006/SA006S28	SES007	1e+38	30.2461	-1e+38
BLOCK00/SES006/SA006S28	SES105	1e+38	31.1026	-1e+38
BLOCK00/SES006/SA006S28	SES158	1e+38	31.5141	-1e+38
BLOCK00/SES006/SA006S28	SES275	1e+38	29.4398	-1e+38
BLOCK00/SES009/SA009S12	SES083	1e+38	37.4162	-1e+38
BLOCK00/SES009/SA009S12	SES148	1e+38	38.7238	-1e+38
BLOCK00/SES009/SA009S12	SES177	1e+38	39.8597	-1e+38
BLOCK00/SES009/SA009S12	SES292	1e+38	39.0391	-1e+38
BLOCK00/SES009/SA009S15	SES007	1e+38	42.1058	-1e+38
BLOCK00/SES009/SA009S15	SES099	1e+38	39.5371	-1e+38
BLOCK00/SES009/SA009S15	SES148	1e+38	40.3261	-1e+38
BLOCK00/SES009/SA009S15	SES172	1e+38	40.9252	-1e+38
BLOCK00/SES009/SA009S24	SES146	1e+38	39.3465	-1e+38
BLOCK00/SES009/SA009S24	SES148	1e+38	37.7344	-1e+38
BLOCK00/SES009/SA009S24	SES177	1e+38	39.8844	-1e+38
BLOCK00/SES009/SA009S24	SES292	1e+38	39.1563	-1e+38
BLOCK00/SES009/SA009S26	SES083	1e+38	35.87	-1e+38
BLOCK00/SES009/SA009S26	SES101	1e+38	35.6937	-1e+38
BLOCK00/SES009/SA009S26	SES120	1e+38	37.3953	-1e+38
BLOCK00/SES009/SA009S26	SES177	1e+38	37.5057	-1e+38
BLOCK00/SES009/SA009S29	SES083	1e+38	39.2739	-1e+38
BLOCK00/SES009/SA009S29	SES101	1e+38	40.0255	-1e+38
BLOCK00/SES009/SA009S29	SES177	1e+38	41.7762	-1e+38
BLOCK00/SES009/SA009S29	SES292	1e+38	40.7632	-1e+38
BLOCK01/SES011/SA011S10	SES019	1e+38	30.8481	-1e+38
BLOCK01/SES011/SA011S10	SES042	1e+38	34.311	-1e+38
BLOCK01/SES011/SA011S10	SES082	1e+38	30.06	-1e+38
BLOCK01/SES011/SA011S10	SES206	1e+38	32.3844	-1e+38
BLOCK01/SES011/SA011S11	SES019	1e+38	27.3955	-1e+38
BLOCK01/SES011/SA011S11	SES042	1e+38	29.9424	-1e+38
BLOCK01/SES011/SA011S11	SES082	1e+38	30.3897	-1e+38
BLOCK01/SES011/SA011S11	SES206	1e+38	30.8553	-1e+38
BLOCK01/SES011/SA011S22	SES019	1e+38	32.2626	-1e+38
BLOCK01/SES011/SA011S22	SES042	1e+38	34.8908	-1e+38
BLOCK01/SES011/SA011S22	SES082	1e+38	33.1682	-1e+38
BLOCK01/SES011/SA011S22	SES206	1e+38	33.4452	-1e+38
BLOCK01/SES011/SA011S24	SES019	1e+38	35.5678	-1e+38
BLOCK01/SES011/SA011S24	SES042	1e+38	38.8563	-1e+38
BLOCK01/SES011/SA011S24	SES104	1e+38	37.2497	-1e+38
BLOCK01/SES011/SA011S24	SES206	1e+38	37.6269	-1e+38
BLOCK01/SES011/SA011S27	SES082	1e+38	36.9997	-1e+38
BLOCK01/SES011/SA011S27	SES087	1e+38	35.2579	-1e+38
BLOCK01/SES011/SA011S27	SES125	1e+38	37.2836	-1e+38
BLOCK01/SES011/SA011S27	SES206	1e+38	36.4646	-1e+38
BLOCK01/SES012/SA012S11	SES007	1e+38	41.1366	-1e+38
BLOCK01/SES012/SA012S11	SES082	1e+38	40.9556	-1e+38
BLOCK01/SES012/SA012S11	SES083	1e+38	40.2632	-1e+38
BLOCK01/SES012/SA012S11	SES206	1e+38	39.5364	-1e+38
BLOCK01/SES012/SA012S14	SES082	1e+38	41.8765	-1e+38
BLOCK01/SES012/SA012S14	SES087	1e+38	40.6802	-1e+38
BLOCK01/SES012/SA012S14	SES206	1e+38	40.2451	-1e+38
BLOCK01/SES012/SA012S14	SES292	1e+38	40.9175	-1e+38
BLOCK01/SES012/SA012S24	SES082	1e+38	36.0383	-1e+38
BLOCK01/SES012/SA012S24	SES087	1e+38	34.1904	-1e+38
BLOCK01/SES012/SA012S24	SES120	1e+38	34.2342	-1e+38
BLOCK01/SES012/SA012S24	SES206	1e+38	34.8667	-1e+38
BLOCK01/SES012/SA012S26	SES019	1e+38	34.5305	-1e+38
BLOCK01/SES012/SA012S26	SES082	1e+38	38.066	-1e+38
BLOCK01/SES012/SA012S26	SES206	1e+38	39.0608	-1e+38
BLOCK01/SES012/SA012S26	SES292	1e+38	39.278	-1e+38
BLOCK01/SES012/SA012S29	SES062	1e+38	37.09	-1e+38
BLOCK01/SES012/SA012S29	SES082	1e+38	37.5429	-1e+38
BLOCK01/SES012/SA012S29	SES083	1e+38	35.4206	-1e+38
BLOCK01/SES012/SA012S29	SES206	1e+38	37.3376	-1e+38
BLOCK01/SES013/SA013S16	SES062	1e+38	31.637	-1e+38
BLOCK01/SES013/SA013S16	SES106	1e+38	35.2291	-1e+38
BLOCK01/SES013/SA013S16	SES206	1e+38	34.797	-1e+38
BLOCK01/SES013/SA013S16	SES226	1e+38	35.2849	-1e+38
BLOCK01/SES013/SA013S17	SES062	1e+38	36.135	-1e+38
BLOCK01/SES013/SA013S17	SES106	1e+38	38.7101	-1e+38
BLOCK01/SES013/SA013S17	SES206	1e+38	40.2311	-1e+38
BLOCK01/SES013/SA013S17	SES226	1e+38	40.6315	-1e+38
BLOCK01/SES013/SA013S23	SES104	1e+38	32.1288	-1e+38
BLOCK01/SES013/SA013S23	SES106	1e+38	32.7354	-1e+38
BLOCK01/SES013/SA013S23	SES206	1e+38	32.478	-1e+38
BLOCK01/SES013/SA013S23	SES270	1e+38	33.9002	-1e+38
BLOCK01/SES013/SA013S25	SES042	1e+38	34.2688	-1e+38
BLOCK01/SES013/SA013S25	SES104	1e+38	34.9114	-1e+38
BLOCK01/SES013/SA013S25	SES106	1e+38	35.4228	-1e+38
BLOCK01/SES013/SA013S25	SES206	1e+38	34.1965	-1e+38
BLOCK01/SES013/SA013S29	SES062	1e+38	29.538	-1e+38
BLOCK01/SES013/SA013S29	SES104	1e+38	33.0681	-1e+38
BLOCK01/SES013/SA013S29	SES106	1e+38	33.9446	-1e+38
BLOCK01/SES013/SA013S29	SES206	1e+38	33.3929	-1e+38
BLOCK02/SES021/SA021S13	SES016	1e+38	35.9976	-1e+38
BLOCK02/SES021/SA021S13	SES029	1e+38	37.1484	-1e+38
BLOCK02/SES021/SA021S13	SES087	1e+38	35.8755	-1e+38
BLOCK02/SES021/SA021S13	SES206	1e+38	37.0158	-1e+38
BLOCK02/SES021/SA021S15	SES087	1e+38	38.48	-1e+38
BLOCK02/SES021/SA021S15	SES125	1e+38	40.574	-1e+38
BLOCK02/SES021/SA021S15	SES206	1e+38	39.0771	-1e+38
BLOCK02/SES021/SA021S15	SES226	1e+38	38.4395	-1e+38
BLOCK02/SES021/SA021S23	SES062	1e+38	31.853	-1e+38
BLOCK02/SES021/SA021S23	SES087	1e+38	32.4494	-1e+38
BLOCK02/SES021/SA021S23	SES206	1e+38	34.0363	-1e+38
BLOCK02/SES021/SA021S23	SES226	1e+38	34.5812	-1e+38
BLOCK02/SES021/SA021S27	SES002	1e+38	38.5386	-1e+38
BLOCK02/SES021/SA021S27	SES016	1e+38	36.4577	-1e+38
BLOCK02/SES021/SA021S27	SES019	1e+38	39.1878	-1e+38
BLOCK02/SES021/SA021S27	SES062	1e+38	40.1092	-1e+38
BLOCK02/SES021/SA021S29	SES087	1e+38	34.8293	-1e+38
BLOCK02/SES021/SA021S29	SES125	1e+38	36.3044	-1e+38
BLOCK02/SES021/SA021S29	SES206	1e+38	36.8606	-1e+38
BLOCK02/SES021/SA021S29	SES226	1e+38	34.8968	-1e+38
BLOCK04/SES043/SA043S09	SES083	1e+38	36.6103	-1e+38
BLOCK04/SES043/SA043S09	SES101	1e+38	36.2877	-1e+38
BLOCK04/SES043/SA043S09	SES144	1e+38	37.9587	-1e+38
BLOCK04/SES043/SA043S09	SES172	1e+38	36.739	-1e+38
BLOCK04/SES043/SA043S11	SES083	1e+38	41.1734	-1e+38
BLOCK04/SES043/SA043S11	SES101	1e+38	41.875	-1e+38
BLOCK04/SES043/SA043S11	SES144	1e+38	42.3359	-1e+38
BLOCK04/SES043/SA043S11	SES172	1e+38	41.6251	-1e+38
BLOCK04/SES043/SA043S23	SES083	1e+38	38.4206	-1e+38
BLOCK04/SES043/SA043S23	SES144	1e+38	39.7332	-1e+38
BLOCK04/SES043/SA043S23	SES177	1e+38	37.9621	-1e+38
BLOCK04/SES043/SA043S23	SES275	1e+38	38.4228	-1e+38
BLOCK04/SES043/SA043S26	SES083	1e+38	39.7762	-1e+38
BLOCK04/SES043/SA043S26	SES101	1e+38	38.7338	-1e+38
BLOCK04/SES043/SA043S26	SES144	1e+38	40.935	-1e+38
BLOCK04/SES043/SA043S26	SES177	1e+38	38.892	-1e+38
BLOCK04/SES043/SA043S28	SES016	1e+38	39.2105	-1e+38
BLOCK04/SES043/SA043S28	SES083	1e+38	40.0613	-1e+38
BLOCK04/SES043/SA043S28	SES101	1e+38	40.0983	-1e+38
BLOCK04/SES043/SA043S28	SES144	1e+38	40.6804	-1e+38
BLOCK04/SES044/SA044S10	SES127	1e+38	35.264	-1e+38
BLOCK04/SES044/SA044S10	SES144	1e+38	36.7256	-1e+38
BLOCK04/SES044/SA044S10	SES147	1e+38	35.8604	-1e+38
BLOCK04/SES044/SA044S10	SES148	1e+38	36.2438	-1e+38
BLOCK04/SES044/SA044S11	SES101	1e+38	36.4323	-1e+38
BLOCK04/SES044/SA044S11	SES144	1e+38	37.5822	-1e+38
BLOCK04/SES044/SA044S11	SES147	1e+38	36.4116	-1e+38
BLOCK04/SES044/SA044S11	SES177	1e+38	35.7817	-1e+38
BLOCK04/SES044/SA044S24	SES007	1e+38	36.0254	-1e+38
BLOCK04/SES044/SA044S24	SES101	1e+38	37.0073	-1e+38
BLOCK04/SES044/SA044S24	SES147	1e+38	36.7108	-1e+38
BLOCK04/SES044/SA044S24	SES177	1e+38	36.3921	-1e+38
BLOCK04/SES044/SA044S26	SES007	1e+38	35.4893	-1e+38
BLOCK04/SES044/SA044S26	SES016	1e+38	35.697	-1e+38
BLOCK04/SES044/SA044S26	SES101	1e+38	37.1528	-1e+38
BLOCK04/SES044/SA044S26	SES147	1e+38	37.3853	-1e+38
BLOCK04/SES044/SA044S29	SES007	1e+38	40.2929	-1e+38
BLOCK04/SES044/SA044S29	SES101	1e+38	42.0683	-1e+38
BLOCK04/SES044/SA044S29	SES147	1e+38	40.9479	-1e+38
BLOCK04/SES044/SA044S29	SES177	1e+38	40.8153	-1e+38
BLOCK04/SES046/SA046S13	SES101	1e+38	35.3312	-1e+38
BLOCK04/SES046/SA046S13	SES144	1e+38	36.1755	-1e+38
BLOCK04/SES046/SA046S13	SES147	1e+38	34.7081	-1e+38
BLOCK04/SES046/SA046S13	SES177	1e+38	34.8526	-1e+38
BLOCK04/SES046/SA046S15	SES048	1e+38	41.8877	-1e+38
BLOCK04/SES046/SA046S15	SES083	1e+38	43.2569	-1e+38
BLOCK04/SES046/SA046S15	SES120	1e+38	40.387	-1e+38
BLOCK04/SES046/SA046S15	SES148	1e+38	42.7698	-1e+38
BLOCK04/SES046/SA046S22	SES101	1e+38	37.0519	-1e+38
BLOCK04/SES046/SA046S22	SES144	1e+38	37.2613	-1e+38
BLOCK04/SES046/SA046S22	SES147	1e+38	36.1194	-1e+38
BLOCK04/SES046/SA046S22	SES172	1e+38	37.4749	-1e+38
BLOCK04/SES046/SA046S25	SES083	1e+38	41.9625	-1e+38
BLOCK04/SES046/SA046S25	SES127	1e+38	41.2786	-1e+38
BLOCK04/SES046/SA046S25	SES144	1e+38	42.1592	-1e+38
BLOCK04/SES046/SA046S25	SES148	1e+38	42.085	-1e+38
BLOCK04/SES046/SA046S28	SES007	1e+38	41.2482	-1e+38
BLOCK04/SES046/SA046S28	SES105	1e+38	41.3523	-1e+38
BLOCK04/SES046/SA046S28	SES147	1e+38	41.2111	-1e+38
BLOCK04/SES046/SA046S28	SES148	1e+38	41.9646	-1e+38
BLOCK04/SES049/SA049S16	SES104	1e+38	32.2544	-1e+38
BLOCK04/SES049/SA049S16	SES106	1e+38	31.7763	-1e+38
BLOCK04/SES049/SA049S16	SES120	1e+38	32.9074	-1e+38
BLOCK04/SES049/SA049S16	SES206	1e+38	33.4149	-1e+38
BLOCK04/SES049/SA049S18	SES099	1e+38	33.0423	-1e+38
BLOCK04/SES049/SA049S18	SES104	1e+38	31.1375	-1e+38
BLOCK04/SES049/SA049S18	SES125	1e+38	31.7785	-1e+38
BLOCK04/SES049/SA049S18	SES206	1e+38	31.5079	-1e+38
BLOCK04/SES049/SA049S25	SES087	1e+38	29.1592	-1e+38
BLOCK04/SES049/SA049S25	SES104	1e+38	31.587	-1e+38
BLOCK04/SES049/SA049S25	SES125	1e+38	31.4279	-1e+38
BLOCK04/SES049/SA049S25	SES206	1e+38	31.8371	-1e+38
BLOCK04/SES049/SA049S27	SES099	1e+38	38.0916	-1e+38
BLOCK04/SES049/SA049S27	SES104	1e+38	39.0045	-1e+38
BLOCK04/SES049/SA049S27	SES125	1e+38	37.2179	-1e+38
BLOCK04/SES049/SA049S27	SES206	1e+38	37.6201	-1e+38
BLOCK04/SES049/SA049S29	SES099	1e+38	39.1001	-1e+38
BLOCK04/SES049/SA049S29	SES104	1e+38	37.7979	-1e+38
BLOCK04/SES049/SA049S29	SES125	1e+38	37.6649	-1e+38
BLOCK04/SES049/SA049S29	SES206	1e+38	38.5121	-1e+38
BLOCK06/SES063/SA063S09	SES068	1e+38	41.5174	-1e+38
BLOCK06/SES063/SA063S09	SES083	1e+38	42.9226	-1e+38
BLOCK06/SES063/SA063S09	SES177	1e+38	41.1782	-1e+38
BLOCK06/SES063/SA063S09	SES187	1e+38	40.6025	-1e+38
BLOCK06/SES063/SA063S10	SES068	1e+38	39.8238	-1e+38
BLOCK06/SES063/SA063S10	SES083	1e+38	41.1749	-1e+38
BLOCK06/SES063/SA063S10	SES172	1e+38	41.6456	-1e+38
BLOCK06/SES063/SA063S10	SES187	1e+38	40.035	-1e+38
BLOCK06/SES063/SA063S20	SES068	1e+38	37.7781	-1e+38
BLOCK06/SES063/SA063S20	SES083	1e+38	39.4079	-1e+38
BLOCK06/SES063/SA063S20	SES172	1e+38	40.2008	-1e+38
BLOCK06/SES063/SA063S20	SES187	1e+38	40.2687	-1e+38
BLOCK06/SES063/SA063S24	SES029	1e+38	40.6153	-1e+38
BLOCK06/SES063/SA063S24	SES083	1e+38	44.9712	-1e+38
BLOCK06/SES063/SA063S24	SES177	1e+38	44.414	-1e+38
BLOCK06/SES063/SA063S24	SES189	1e+38	44.9139	-1e+38
BLOCK06/SES063/SA063S27	SES083	1e+38	40.413	-1e+38
BLOCK06/SES063/SA063S27	SES172	1e+38	39.6666	-1e+38
BLOCK06/SES063/SA063S27	SES187	1e+38	40.0356	-1e+38
BLOCK06/SES063/SA063S27	SES292	1e+38	39.0784	-1e+38
BLOCK06/SES067/SA067S12	SES083	1e+38	45.1103	-1e+38
BLOCK06/SES067/SA067S12	SES172	1e+38	44.2787	-1e+38
BLOCK06/SES067/SA067S12	SES202	1e+38	45.4521	-1e+38
BLOCK06/SES067/SA067S12	SES292	1e+38	43.9127	-1e+38
BLOCK06/SES067/SA067S14	SES085	1e+38	46.6297	-1e+38
BLOCK06/SES067/SA067S14	SES177	1e+38	47.629	-1e+38
BLOCK06/SES067/SA067S14	SES183	1e+38	49.5227	-1e+38
BLOCK06/SES067/SA067S14	SES202	1e+38	47.914	-1e+38
BLOCK06/SES067/SA067S21	SES144	1e+38	43.5932	-1e+38
BLOCK06/SES067/SA067S21	SES177	1e+38	43.1724	-1e+38
BLOCK06/SES067/SA067S21	SES183	1e+38	42.3178	-1e+38
BLOCK06/SES067/SA067S21	SES189	1e+38	42.6243	-1e+38
BLOCK06/SES067/SA067S25	SES085	1e+38	43.1574	-1e+38
BLOCK06/SES067/SA067S25	SES177	1e+38	43.473	-1e+38
BLOCK06/SES067/SA067S25	SES183	1e+38	45.5786	-1e+38
BLOCK06/SES067/SA067S25	SES202	1e+38	43.4568	-1e+38
BLOCK06/SES067/SA067S29	SES085	1e+38	42.3761	-1e+38
BLOCK06/SES067/SA067S29	SES177	1e+38	44.2598	-1e+38
BLOCK06/SES067/SA067S29	SES183	1e+38	45.4569	-1e+38
BLOCK06/SES067/SA067S29	SES202	1e+38	45.3623	-1e+38
BLOCK06/SES069/SA069S12	SES029	1e+38	34.8204	-1e+38
BLOCK06/SES069/SA069S12	SES082	1e+38	38.4325	-1e+38
BLOCK06/SES069/SA069S12	SES087	1e+38	36.4539	-1e+38
BLOCK06/SES069/SA069S12	SES206	1e+38	36.9943	-1e+38
BLOCK06/SES069/SA069S13	SES029	1e+38	34.7799	-1e+38
BLOCK06/SES069/SA069S13	SES087	1e+38	39.0482	-1e+38
BLOCK06/SES069/SA069S13	SES206	1e+38	39.717	-1e+38
BLOCK06/SES069/SA069S13	SES226	1e+38	40.1567	-1e+38
BLOCK06/SES069/SA069S23	SES029	1e+38	39.5218	-1e+38
BLOCK06/SES069/SA069S23	SES087	1e+38	41.2763	-1e+38
BLOCK06/SES069/SA069S23	SES206	1e+38	41.3748	-1e+38
BLOCK06/SES069/SA069S23	SES226	1e+38	42.4759	-1e+38
BLOCK06/SES069/SA069S25	SES087	1e+38	44.0003	-1e+38
BLOCK06/SES069/SA069S25	SES206	1e+38	43.7656	-1e+38
BLOCK06/SES069/SA069S25	SES226	1e+38	45.0535	-1e+38
BLOCK06/SES069/SA069S25	SES270	1e+38	43.2383	-1e+38
BLOCK06/SES069/SA069S27	SES087	1e+38	37.9187	-1e+38
BLOCK06/SES069/SA069S27	SES206	1e+38	39.6559	-1e+38
BLOCK06/SES069/SA069S27	SES226	1e+38	39.6352	-1e+38
BLOCK06/SES069/SA069S27	SES270	1e+38	39.1736	-1e+38
BLOCK08/SES081/SA081S11	SES060	1e+38	34.9597	-1e+38
BLOCK08/SES081/SA081S11	SES062	1e+38	35.4216	-1e+38
BLOCK08/SES081/SA081S11	SES117	1e+38	34.731	-1e+38
BLOCK08/SES081/SA081S11	SES162	1e+38	34.6202	-1e+38
BLOCK08/SES081/SA081S13	SES016	1e+38	41.3694	-1e+38
BLOCK08/SES081/SA081S13	SES060	1e+38	42.3424	-1e+38
BLOCK08/SES081/SA081S13	SES068	1e+38	40.6525	-1e+38
BLOCK08/SES081/SA081S13	SES129	1e+38	40.6108	-1e+38
BLOCK08/SES081/SA081S24	SES060	1e+38	39.0696	-1e+38
BLOCK08/SES081/SA081S24	SES068	1e+38	38.4175	-1e+38
BLOCK08/SES081/SA081S24	SES117	1e+38	38.9708	-1e+38
BLOCK08/SES081/SA081S24	SES275	1e+38	39.2265	-1e+38
BLOCK08/SES081/SA081S27	SES007	1e+38	37.5236	-1e+38
BLOCK08/SES081/SA081S27	SES060	1e+38	36.5461	-1e+38
BLOCK08/SES081/SA081S27	SES117	1e+38	36.9489	-1e+38
BLOCK08/SES081/SA081S27	SES275	1e+38	36.1003	-1e+38
BLOCK08/SES081/SA081S29	SES007	1e+38	37.4534	-1e+38
BLOCK08/SES081/SA081S29	SES060	1e+38	36.9945	-1e+38
BLOCK08/SES081/SA081S29	SES117	1e+38	35.8855	-1e+38
BLOCK08/SES081/SA081S29	SES275	1e+38	36.7759	-1e+38
BLOCK08/SES086/SA086S11	SES029	1e+38	29.8868	-1e+38
BLOCK08/SES086/SA086S11	SES082	1e+38	33.3362	-1e+38
BLOCK08/SES086/SA086S11	SES087	1e+38	34.2987	-1e+38
BLOCK08/SES086/SA086S11	SES206	1e+38	32.0573	-1e+38
BLOCK08/SES086/SA086S12	SES029	1e+38	33.0676	-1e+38
BLOCK08/SES086/SA086S12	SES082	1e+38	34.6532	-1e+38
BLOCK08/SES086/SA086S12	SES087	1e+38	35.8772	-1e+38
BLOCK08/SES086/SA086S12	SES206	1e+38	34.4321	-1e+38
BLOCK08/SES086/SA086S20	SES029	1e+38	37.8755	-1e+38
BLOCK08/SES086/SA086S20	SES082	1e+38	40.6058	-1e+38
BLOCK08/SES086/SA086S20	SES087	1e+38	42.8046	-1e+38
BLOCK08/SES086/SA086S20	SES206	1e+38	42.2527	-1e+38
BLOCK08/SES086/SA086S24	SES087	1e+38	35.1264	-1e+38
BLOCK08/SES086/SA086S24	SES104	1e+38	33.6272	-1e+38
BLOCK08/SES086/SA086S24	SES120	1e+38	33.5765	-1e+38
BLOCK08/SES086/SA086S24	SES206	1e+38	34.7472	-1e+38
BLOCK08/SES086/SA086S28	SES029	1e+38	37.5292	-1e+38
BLOCK08/SES086/SA086S28	SES082	1e+38	39.8155	-1e+38
BLOCK08/SES086/SA086S28	SES087	1e+38	39.7698	-1e+38
BLOCK08/SES086/SA086S28	SES206	1e+38	38.6895	-1e+38
BLOCK08/SES089/SA089S13	SES087	1e+38	34.1029	-1e+38
BLOCK08/SES089/SA089S13	SES206	1e+38	34.7511	-1e+38
BLOCK08/SES089/SA089S13	SES226	1e+38	34.3428	-1e+38
BLOCK08/SES089/SA089S13	SES270	1e+38	33.9988	-1e+38
BLOCK08/SES089/SA089S14	SES062	1e+38	38.3352	-1e+38
BLOCK08/SES089/SA089S14	SES087	1e+38	40.3784	-1e+38
BLOCK08/SES089/SA089S14	SES206	1e+38	39.7714	-1e+38
BLOCK08/SES089/SA089S14	SES226	1e+38	38.8851	-1e+38
BLOCK08/SES089/SA089S23	SES087	1e+38	32.8471	-1e+38
BLOCK08/SES089/SA089S23	SES206	1e+38	31.6205	-1e+38
BLOCK08/SES089/SA089S23	SES226	1e+38	32.1915	-1e+38
BLOCK08/SES089/SA089S23	SES270	1e+38	30.8932	-1e+38
BLOCK08/SES089/SA089S25	SES062	1e+38	33.9514	-1e+38
BLOCK08/SES089/SA089S25	SES087	1e+38	37.3788	-1e+38
BLOCK08/SES089/SA089S25	SES206	1e+38	35.6508	-1e+38
BLOCK08/SES089/SA089S25	SES226	1e+38	37.606	-1e+38
BLOCK08/SES089/SA089S28	SES062	1e+38	33.8036	-1e+38
BLOCK08/SES089/SA089S28	SES087	1e+38	36.598	-1e+38
BLOCK08/SES089/SA089S28	SES206	1e+38	37.0052	-1e+38
BLOCK08/SES089/SA089S28	SES226	1e+38	36.5732	-1e+38
BLOCK09/SES097/SA097S11	SES099	1e+38	33.6937	-1e+38
BLOCK09/SES097/SA097S11	SES125	1e+38	31.0071	-1e+38
BLOCK09/SES097/SA097S11	SES206	1e+38	32.5118	-1e+38
BLOCK09/SES097/SA097S11	SES226	1e+38	32.919	-1e+38
BLOCK09/SES097/SA097S14	SES062	1e+38	33.1519	-1e+38
BLOCK09/SES097/SA097S14	SES099	1e+38	35.2819	-1e+38
BLOCK09/SES097/SA097S14	SES104	1e+38	35.2554	-1e+38
BLOCK09/SES097/SA097S14	SES206	1e+38	34.78	-1e+38
BLOCK09/SES097/SA097S22	SES099	1e+38	33.5085	-1e+38
BLOCK09/SES097/SA097S22	SES206	1e+38	31.5213	-1e+38
BLOCK09/SES097/SA097S22	SES226	1e+38	30.0299	-1e+38
BLOCK09/SES097/SA097S22	SES270	1e+38	34.1071	-1e+38
BLOCK09/SES097/SA097S26	SES099	1e+38	31.961	-1e+38
BLOCK09/SES097/SA097S26	SES120	1e+38	30.0912	-1e+38
BLOCK09/SES097/SA097S26	SES206	1e+38	30.2508	-1e+38
BLOCK09/SES097/SA097S26	SES226	1e+38	27.9251	-1e+38
BLOCK09/SES097/SA097S28	SES099	1e+38	36.2744	-1e+38
BLOCK09/SES097/SA097S28	SES120	1e+38	34.8919	-1e+38
BLOCK09/SES097/SA097S28	SES206	1e+38	34.3678	-1e+38
BLOCK09/SES097/SA097S28	SES226	1e+38	32.3833	-1e+38
BLOCK09/SES098/SA098S11	SES127	1e+38	36.4397	-1e+38
BLOCK09/SES098/SA098S11	SES144	1e+38	36.7741	-1e+38
BLOCK09/SES098/SA098S11	SES147	1e+38	36.5675	-1e+38
BLOCK09/SES098/SA098S11	SES148	1e+38	33.0409	-1e+38
BLOCK09/SES098/SA098S12	SES127	1e+38	30.0845	-1e+38
BLOCK09/SES098/SA098S12	SES144	1e+38	31.3445	-1e+38
BLOCK09/SES098/SA098S12	SES147	1e+38	31.9339	-1e+38
BLOCK09/SES098/SA098S12	SES189	1e+38	30.6051	-1e+38
BLOCK09/SES098/SA098S20	SES127	1e+38	35.9428	-1e+38
BLOCK09/SES098/SA098S20	SES147	1e+38	36.4397	-1e+38
BLOCK09/SES098/SA098S20	SES148	1e+38	34.4884	-1e+38
BLOCK09/SES098/SA098S20	SES292	1e+38	36.4502	-1e+38
BLOCK09/SES098/SA098S23	SES127	1e+38	33.4157	-1e+38
BLOCK09/SES098/SA098S23	SES147	1e+38	33.7263	-1e+38
BLOCK09/SES098/SA098S23	SES187	1e+38	33.9074	-1e+38
BLOCK09/SES098/SA098S23	SES292	1e+38	32.7414	-1e+38
BLOCK09/SES098/SA098S27	SES127	1e+38	32.6272	-1e+38
BLOCK09/SES098/SA098S27	SES147	1e+38	33.1356	-1e+38
BLOCK09/SES098/SA098S27	SES148	1e+38	30.6153	-1e+38
BLOCK09/SES098/SA098S27	SES292	1e+38	34.9354	-1e+38
BLOCK10/SES102/SA102S13	SES101	1e+38	38.7019	-1e+38
BLOCK10/SES102/SA102S13	SES105	1e+38	38.9462	-1e+38
BLOCK10/SES102/SA102S13	SES120	1e+38	38.1738	-1e+38
BLOCK10/SES102/SA102S13	SES158	1e+38	36.417	-1e+38
BLOCK10/SES102/SA102S14	SES007	1e+38	42.3844	-1e+38
BLOCK10/SES102/SA102S14	SES101	1e+38	43.1803	-1e+38
BLOCK10/SES102/SA102S14	SES105	1e+38	41.6842	-1e+38
BLOCK10/SES102/SA102S14	SES147	1e+38	41.2222	-1e+38
BLOCK10/SES102/SA102S22	SES007	1e+38	40.8901	-1e+38
BLOCK10/SES102/SA102S22	SES101	1e+38	42.0475	-1e+38
BLOCK10/SES102/SA102S22	SES105	1e+38	41.948	-1e+38
BLOCK10/SES102/SA102S22	SES158	1e+38	39.4184	-1e+38
BLOCK10/SES102/SA102S25	SES007	1e+38	41.3232	-1e+38
BLOCK10/SES102/SA102S25	SES101	1e+38	41.5702	-1e+38
BLOCK10/SES102/SA102S25	SES105	1e+38	40.3919	-1e+38
BLOCK10/SES102/SA102S25	SES147	1e+38	40.3139	-1e+38
BLOCK10/SES102/SA102S27	SES007	1e+38	38.3534	-1e+38
BLOCK10/SES102/SA102S27	SES101	1e+38	40.4591	-1e+38
BLOCK10/SES102/SA102S27	SES105	1e+38	37.9744	-1e+38
BLOCK10/SES102/SA102S27	SES147	1e+38	38.0952	-1e+38
BLOCK10/SES103/SA103S14	SES105	1e+38	34.0318	-1e+38
BLOCK10/SES103/SA103S14	SES106	1e+38	34.4231	-1e+38
BLOCK10/SES103/SA103S14	SES120	1e+38	33.9921	-1e+38
BLOCK10/SES103/SA103S14	SES206	1e+38	33.6044	-1e+38
BLOCK10/SES103/SA103S15	SES099	1e+38	32.7532	-1e+38
BLOCK10/SES103/SA103S15	SES101	1e+38	29.6361	-1e+38
BLOCK10/SES103/SA103S15	SES104	1e+38	31.9952	-1e+38
BLOCK10/SES103/SA103S15	SES125	1e+38	31.675	-1e+38
BLOCK10/SES103/SA103S24	SES104	1e+38	36.0233	-1e+38
BLOCK10/SES103/SA103S24	SES125	1e+38	37.0598	-1e+38
BLOCK10/SES103/SA103S24	SES148	1e+38	36.2867	-1e+38
BLOCK10/SES103/SA103S24	SES158	1e+38	36.7498	-1e+38
BLOCK10/SES103/SA103S26	SES104	1e+38	36.6408	-1e+38
BLOCK10/SES103/SA103S26	SES106	1e+38	37.3638	-1e+38
BLOCK10/SES103/SA103S26	SES125	1e+38	36.9298	-1e+38
BLOCK10/SES103/SA103S26	SES148	1e+38	35.8415	-1e+38
BLOCK10/SES103/SA103S28	SES104	1e+38	31.9286	-1e+38
BLOCK10/SES103/SA103S28	SES106	1e+38	32.869	-1e+38
BLOCK10/SES103/SA103S28	SES125	1e+38	32.4402	-1e+38
BLOCK10/SES103/SA103S28	SES206	1e+38	30.6842	-1e+38
BLOCK12/SES121/SA121S12	SES042	1e+38	31.9802	-1e+38
BLOCK12/SES121/SA121S12	SES087	1e+38	32.1948	-1e+38
BLOCK12/SES121/SA121S12	SES105	1e+38	34.3187	-1e+38
BLOCK12/SES121/SA121S12	SES206	1e+38	33.2517	-1e+38
BLOCK12/SES121/SA121S14	SES007	1e+38	26.3815	-1e+38
BLOCK12/SES121/SA121S14	SES105	1e+38	28.2189	-1e+38
BLOCK12/SES121/SA121S14	SES106	1e+38	27.9128	-1e+38
BLOCK12/SES121/SA121S14	SES206	1e+38	28.2301	-1e+38
BLOCK12/SES121/SA121S23	SES105	1e+38	28.5259	-1e+38
BLOCK12/SES121/SA121S23	SES106	1e+38	30.4028	-1e+38
BLOCK12/SES121/SA121S23	SES120	1e+38	29.2265	-1e+38
BLOCK12/SES121/SA121S23	SES206	1e+38	30.6559	-1e+38
BLOCK12/SES121/SA121S25	SES007	1e+38	26.0263	-1e+38
BLOCK12/SES121/SA121S25	SES105	1e+38	27.5116	-1e+38
BLOCK12/SES121/SA121S25	SES106	1e+38	26.9348	-1e+38
BLOCK12/SES121/SA121S25	SES206	1e+38	27.4383	-1e+38
BLOCK12/SES121/SA121S27	SES087	1e+38	29.1313	-1e+38
BLOCK12/SES121/SA121S27	SES105	1e+38	26.1778	-1e+38
BLOCK12/SES121/SA121S27	SES120	1e+38	29.9527	-1e+38
BLOCK12/SES121/SA121S27	SES206	1e+38	29.9045	-1e+38
BLOCK12/SES124/SA124S16	SES042	1e+38	37.9004	-1e+38
BLOCK12/SES124/SA124S16	SES082	1e+38	37.201	-1e+38
BLOCK12/SES124/SA124S16	SES183	1e+38	34.4117	-1e+38
BLOCK12/SES124/SA124S16	SES206	1e+38	36.9583	-1e+38
BLOCK12/SES124/SA124S17	SES105	1e+38	33.4331	-1e+38
BLOCK12/SES124/SA124S17	SES149	1e+38	32.1802	-1e+38
BLOCK12/SES124/SA124S17	SES158	1e+38	31.2611	-1e+38
BLOCK12/SES124/SA124S17	SES275	1e+38	33.809	-1e+38
BLOCK12/SES124/SA124S23	SES105	1e+38	38.7344	-1e+38
BLOCK12/SES124/SA124S23	SES125	1e+38	42.1973	-1e+38
BLOCK12/SES124/SA124S23	SES129	1e+38	36.6157	-1e+38
BLOCK12/SES124/SA124S23	SES158	1e+38	40.5784	-1e+38
BLOCK12/SES124/SA124S26	SES105	1e+38	33.071	-1e+38
BLOCK12/SES124/SA124S26	SES125	1e+38	36.8112	-1e+38
BLOCK12/SES124/SA124S26	SES129	1e+38	31.1923	-1e+38
BLOCK12/SES124/SA124S26	SES158	1e+38	35.2896	-1e+38
BLOCK12/SES124/SA124S28	SES104	1e+38	37.4951	-1e+38
BLOCK12/SES124/SA124S28	SES106	1e+38	36.9116	-1e+38
BLOCK12/SES124/SA124S28	SES125	1e+38	39.056	-1e+38
BLOCK12/SES124/SA124S28	SES275	1e+38	35.7334	-1e+38
BLOCK12/SES126/SA126S13	SES007	1e+38	35.0302	-1e+38
BLOCK12/SES126/SA126S13	SES162	1e+38	34.7737	-1e+38
BLOCK12/SES126/SA126S13	SES177	1e+38	36.4764	-1e+38
BLOCK12/SES126/SA126S13	SES180	1e+38	35.9236	-1e+38
BLOCK12/SES126/SA126S14	SES144	1e+38	41.9415	-1e+38
BLOCK12/SES126/SA126S14	SES148	1e+38	40.8708	-1e+38
BLOCK12/SES126/SA126S14	SES177	1e+38	42.3578	-1e+38
BLOCK12/SES126/SA126S14	SES180	1e+38	40.4287	-1e+38
BLOCK12/SES126/SA126S20	SES007	1e+38	41.9556	-1e+38
BLOCK12/SES126/SA126S20	SES162	1e+38	41.8456	-1e+38
BLOCK12/SES126/SA126S20	SES172	1e+38	42.3922	-1e+38
BLOCK12/SES126/SA126S20	SES180	1e+38	40.9523	-1e+38
BLOCK12/SES126/SA126S24	SES120	1e+38	40.0553	-1e+38
BLOCK12/SES126/SA126S24	SES162	1e+38	37.9565	-1e+38
BLOCK12/SES126/SA126S24	SES177	1e+38	39.1005	-1e+38
BLOCK12/SES126/SA126S24	SES180	1e+38	39.3661	-1e+38
BLOCK12/SES126/SA126S26	SES120	1e+38	34.9889	-1e+38
BLOCK12/SES126/SA126S26	SES177	1e+38	33.6173	-1e+38
BLOCK12/SES126/SA126S26	SES180	1e+38	34.2128	-1e+38
BLOCK12/SES126/SA126S26	SES202	1e+38	36.1225	-1e+38
BLOCK12/SES128/SA128S10	SES087	1e+38	33.3203	-1e+38
BLOCK12/SES128/SA128S10	SES206	1e+38	35.4283	-1e+38
BLOCK12/SES128/SA128S10	SES226	1e+38	35.9762	-1e+38
BLOCK12/SES128/SA128S10	SES270	1e+38	36.7458	-1e+38
BLOCK12/SES128/SA128S12	SES120	1e+38	37.7067	-1e+38
BLOCK12/SES128/SA128S12	SES158	1e+38	35.7511	-1e+38
BLOCK12/SES128/SA128S12	SES206	1e+38	36.8042	-1e+38
BLOCK12/SES128/SA128S12	SES226	1e+38	36.4938	-1e+38
BLOCK12/SES128/SA128S21	SES106	1e+38	33.5655	-1e+38
BLOCK12/SES128/SA128S21	SES120	1e+38	33.7204	-1e+38
BLOCK12/SES128/SA128S21	SES206	1e+38	34.8095	-1e+38
BLOCK12/SES128/SA128S21	SES226	1e+38	34.5367	-1e+38
BLOCK12/SES128/SA128S24	SES087	1e+38	35.3732	-1e+38
BLOCK12/SES128/SA128S24	SES120	1e+38	35.3193	-1e+38
BLOCK12/SES128/SA128S24	SES206	1e+38	35.8364	-1e+38
BLOCK12/SES128/SA128S24	SES226	1e+38	34.7376	-1e+38
BLOCK12/SES128/SA128S27	SES099	1e+38	38.7681	-1e+38
BLOCK12/SES128/SA128S27	SES120	1e+38	37.7091	-1e+38
BLOCK12/SES128/SA128S27	SES206	1e+38	38.8768	-1e+38
BLOCK12/SES128/SA128S27	SES226	1e+38	37.1963	-1e+38
BLOCK13/SES130/SA130S13	SES143	1e+38	36.1292	-1e+38
BLOCK13/SES130/SA130S13	SES144	1e+38	34.8732	-1e+38
BLOCK13/SES130/SA130S13	SES146	1e+38	34.9397	-1e+38
BLOCK13/SES130/SA130S13	SES275	1e+38	34.6115	-1e+38
BLOCK13/SES130/SA130S15	SES143	1e+38	40.3681	-1e+38
BLOCK13/SES130/SA130S15	SES144	1e+38	41.6349	-1e+38
BLOCK13/SES130/SA130S15	SES146	1e+38	41.7578	-1e+38
BLOCK13/SES130/SA130S15	SES275	1e+38	41.8922	-1e+38
BLOCK13/SES130/SA130S23	SES127	1e+38	32.5739	-1e+38
BLOCK13/SES130/SA130S23	SES144	1e+38	33.2587	-1e+38
BLOCK13/SES130/SA130S23	SES146	1e+38	34.6643	-1e+38
BLOCK13/SES130/SA130S23	SES162	1e+38	34.2804	-1e+38
BLOCK13/SES130/SA130S25	SES127	1e+38	38.8963	-1e+38
BLOCK13/SES130/SA130S25	SES144	1e+38	39.5022	-1e+38
BLOCK13/SES130/SA130S25	SES146	1e+38	39.6447	-1e+38
BLOCK13/SES130/SA130S25	SES275	1e+38	39.3122	-1e+38
BLOCK13/SES130/SA130S28	SES127	1e+38	35.6926	-1e+38
BLOCK13/SES130/SA130S28	SES144	1e+38	35.8906	-1e+38
BLOCK13/SES130/SA130S28	SES146	1e+38	36.8419	-1e+38
BLOCK13/SES130/SA130S28	SES275	1e+38	36.2803	-1e+38
BLOCK13/SES131/SA131S13	SES002	1e+38	28.6953	-1e+38
BLOCK13/SES131/SA131S13	SES007	1e+38	29.7136	-1e+38
BLOCK13/SES131/SA131S13	SES099	1e+38	30.4123	-1e+38
BLOCK13/SES131/SA131S13	SES105	1e+38	30.6061	-1e+38
BLOCK13/SES131/SA131S14	SES104	1e+38	40.4065	-1e+38
BLOCK13/SES131/SA131S14	SES106	1e+38	40.7171	-1e+38
BLOCK13/SES131/SA131S14	SES125	1e+38	40.5159	-1e+38
BLOCK13/SES131/SA131S14	SES148	1e+38	40.5126	-1e+38
BLOCK13/SES131/SA131S20	SES104	1e+38	32.1539	-1e+38
BLOCK13/SES131/SA131S20	SES106	1e+38	32.2671	-1e+38
BLOCK13/SES131/SA131S20	SES125	1e+38	32.7913	-1e+38
BLOCK13/SES131/SA131S20	SES148	1e+38	32.3125	-1e+38
BLOCK13/SES131/SA131S22	SES099	1e+38	36.0291	-1e+38
BLOCK13/SES131/SA131S22	SES104	1e+38	35.0043	-1e+38
BLOCK13/SES131/SA131S22	SES125	1e+38	34.5604	-1e+38
BLOCK13/SES131/SA131S22	SES206	1e+38	34.2924	-1e+38
BLOCK13/SES131/SA131S29	SES087	1e+38	34.9068	-1e+38
BLOCK13/SES131/SA131S29	SES104	1e+38	33.7834	-1e+38
BLOCK13/SES131/SA131S29	SES125	1e+38	34.7265	-1e+38
BLOCK13/SES131/SA131S29	SES206	1e+38	34.376	-1e+38
BLOCK13/SES132/SA132S11	SES083	1e+38	40.5793	-1e+38
BLOCK13/SES132/SA132S11	SES120	1e+38	42.0457	-1e+38
BLOCK13/SES132/SA132S11	SES127	1e+38	41.1938	-1e+38
BLOCK13/SES132/SA132S11	SES275	1e+38	41.9351	-1e+38
BLOCK13/SES132/SA132S12	SES083	1e+38	42.5202	-1e+38
BLOCK13/SES132/SA132S12	SES143	1e+38	41.3159	-1e+38
BLOCK13/SES132/SA132S12	SES144	1e+38	44.2662	-1e+38
BLOCK13/SES132/SA132S12	SES148	1e+38	44.4927	-1e+38
BLOCK13/SES132/SA132S22	SES062	1e+38	37.425	-1e+38
BLOCK13/SES132/SA132S22	SES083	1e+38	35.6959	-1e+38
BLOCK13/SES132/SA132S22	SES127	1e+38	37.4217	-1e+38
BLOCK13/SES132/SA132S22	SES275	1e+38	38.4891	-1e+38
BLOCK13/SES132/SA132S24	SES007	1e+38	42.3519	-1e+38
BLOCK13/SES132/SA132S24	SES083	1e+38	41.609	-1e+38
BLOCK13/SES132/SA132S24	SES127	1e+38	41.6171	-1e+38
BLOCK13/SES132/SA132S24	SES275	1e+38	42.9936	-1e+38
BLOCK13/SES132/SA132S27	SES083	1e+38	36.9257	-1e+38
BLOCK13/SES132/SA132S27	SES120	1e+38	38.5339	-1e+38
BLOCK13/SES132/SA132S27	SES127	1e+38	36.9787	-1e+38
BLOCK13/SES132/SA132S27	SES275	1e+38	37.6601	-1e+38
BLOCK14/SES141/SA141S09	SES143	1e+38	39.596	-1e+38
BLOCK14/SES141/SA141S09	SES144	1e+38	40.5343	-1e+38
BLOCK14/SES141/SA141S09	SES162	1e+38	39.9623	-1e+38
BLOCK14/SES141/SA141S09	SES180	1e+38	39.3661	-1e+38
BLOCK14/SES141/SA141S15	SES127	1e+38	38.4927	-1e+38
BLOCK14/SES141/SA141S15	SES144	1e+38	38.6709	-1e+38
BLOCK14/SES141/SA141S15	SES162	1e+38	37.8591	-1e+38
BLOCK14/SES141/SA141S15	SES180	1e+38	37.5136	-1e+38
BLOCK14/SES141/SA141S24	SES127	1e+38	39.7717	-1e+38
BLOCK14/SES141/SA141S24	SES144	1e+38	39.3055	-1e+38
BLOCK14/SES141/SA141S24	SES162	1e+38	39.608	-1e+38
BLOCK14/SES141/SA141S24	SES183	1e+38	39.5013	-1e+38
BLOCK14/SES141/SA141S26	SES142	1e+38	36.0387	-1e+38
BLOCK14/SES141/SA141S26	SES144	1e+38	34.6591	-1e+38
BLOCK14/SES141/SA141S26	SES172	1e+38	35.8431	-1e+38
BLOCK14/SES141/SA141S26	SES180	1e+38	34.3022	-1e+38
BLOCK14/SES141/SA141S29	SES127	1e+38	39.2555	-1e+38
BLOCK14/SES141/SA141S29	SES142	1e+38	38.6498	-1e+38
BLOCK14/SES141/SA141S29	SES144	1e+38	37.9821	-1e+38
BLOCK14/SES141/SA141S29	SES180	1e+38	37.7387	-1e+38
BLOCK15/SES157/SA157S08	SES083	1e+38	41.9533	-1e+38
BLOCK15/SES157/SA157S08	SES127	1e+38	42.6576	-1e+38
BLOCK15/SES157/SA157S08	SES148	1e+38	42.488	-1e+38
BLOCK15/SES157/SA157S08	SES292	1e+38	42.7721	-1e+38
BLOCK15/SES157/SA157S11	SES083	1e+38	40.7352	-1e+38
BLOCK15/SES157/SA157S11	SES127	1e+38	41.538	-1e+38
BLOCK15/SES157/SA157S11	SES148	1e+38	41.8923	-1e+38
BLOCK15/SES157/SA157S11	SES292	1e+38	41.2521	-1e+38
BLOCK15/SES157/SA157S21	SES127	1e+38	40.4935	-1e+38
BLOCK15/SES157/SA157S21	SES148	1e+38	41.2131	-1e+38
BLOCK15/SES157/SA157S21	SES158	1e+38	36.6791	-1e+38
BLOCK15/SES157/SA157S21	SES292	1e+38	40.9728	-1e+38
BLOCK15/SES157/SA157S24	SES127	1e+38	41.6225	-1e+38
BLOCK15/SES157/SA157S24	SES148	1e+38	42.3742	-1e+38
BLOCK15/SES157/SA157S24	SES183	1e+38	41.5297	-1e+38
BLOCK15/SES157/SA157S24	SES292	1e+38	42.1437	-1e+38
BLOCK15/SES157/SA157S26	SES007	1e+38	41.4989	-1e+38
BLOCK15/SES157/SA157S26	SES127	1e+38	41.9062	-1e+38
BLOCK15/SES157/SA157S26	SES147	1e+38	41.2683	-1e+38
BLOCK15/SES157/SA157S26	SES148	1e+38	41.135	-1e+38
BLOCK16/SES161/SA161S10	SES007	1e+38	33.9604	-1e+38
BLOCK16/SES161/SA161S10	SES105	1e+38	34.6452	-1e+38
BLOCK16/SES161/SA161S10	SES158	1e+38	33.4791	-1e+38
BLOCK16/SES161/SA161S10	SES275	1e+38	34.8281	-1e+38
BLOCK16/SES161/SA161S12	SES007	1e+38	38.5267	-1e+38
BLOCK16/SES161/SA161S12	SES105	1e+38	37.5357	-1e+38
BLOCK16/SES161/SA161S12	SES158	1e+38	37.2942	-1e+38
BLOCK16/SES161/SA161S12	SES275	1e+38	38.6758	-1e+38
BLOCK16/SES161/SA161S20	SES007	1e+38	31.014	-1e+38
BLOCK16/SES161/SA161S20	SES105	1e+38	30.7828	-1e+38
BLOCK16/SES161/SA161S20	SES158	1e+38	30.8708	-1e+38
BLOCK16/SES161/SA161S20	SES275	1e+38	30.5912	-1e+38
BLOCK16/SES161/SA161S23	SES007	1e+38	38.009	-1e+38
BLOCK16/SES161/SA161S23	SES105	1e+38	39.1975	-1e+38
BLOCK16/SES161/SA161S23	SES148	1e+38	37.9256	-1e+38
BLOCK16/SES161/SA161S23	SES158	1e+38	37.9011	-1e+38
BLOCK16/SES161/SA161S28	SES007	1e+38	34.7684	-1e+38
BLOCK16/SES161/SA161S28	SES105	1e+38	35.6053	-1e+38
BLOCK16/SES161/SA161S28	SES158	1e+38	36.7727	-1e+38
BLOCK16/SES161/SA161S28	SES206	1e+38	36.9454	-1e+38
BLOCK16/SES164/SA164S11	SES104	1e+38	33.1033	-1e+38
BLOCK16/SES164/SA164S11	SES125	1e+38	33.7698	-1e+38
BLOCK16/SES164/SA164S11	SES158	1e+38	36.3746	-1e+38
BLOCK16/SES164/SA164S11	SES206	1e+38	32.6438	-1e+38
BLOCK16/SES164/SA164S13	SES099	1e+38	31.9776	-1e+38
BLOCK16/SES164/SA164S13	SES104	1e+38	32.1084	-1e+38
BLOCK16/SES164/SA164S13	SES125	1e+38	32.3995	-1e+38
BLOCK16/SES164/SA164S13	SES206	1e+38	31.6359	-1e+38
BLOCK16/SES164/SA164S24	SES002	1e+38	32.9068	-1e+38
BLOCK16/SES164/SA164S24	SES099	1e+38	29.9197	-1e+38
BLOCK16/SES164/SA164S24	SES125	1e+38	27.5532	-1e+38
BLOCK16/SES164/SA164S24	SES226	1e+38	29.5481	-1e+38
BLOCK16/SES164/SA164S27	SES087	1e+38	29.8092	-1e+38
BLOCK16/SES164/SA164S27	SES125	1e+38	30.3939	-1e+38
BLOCK16/SES164/SA164S27	SES206	1e+38	30.342	-1e+38
BLOCK16/SES164/SA164S27	SES226	1e+38	30.8964	-1e+38
BLOCK16/SES164/SA164S29	SES002	1e+38	32.6289	-1e+38
BLOCK16/SES164/SA164S29	SES019	1e+38	30.3014	-1e+38
BLOCK16/SES164/SA164S29	SES125	1e+38	30.6494	-1e+38
BLOCK16/SES164/SA164S29	SES226	1e+38	30.4455	-1e+38
BLOCK16/SES169/SA169S13	SES117	1e+38	39.6151	-1e+38
BLOCK16/SES169/SA169S13	SES144	1e+38	38.7879	-1e+38
BLOCK16/SES169/SA169S13	SES146	1e+38	38.1254	-1e+38
BLOCK16/SES169/SA169S13	SES162	1e+38	37.955	-1e+38
BLOCK16/SES169/SA169S14	SES144	1e+38	41.4079	-1e+38
BLOCK16/SES169/SA169S14	SES148	1e+38	41.6248	-1e+38
BLOCK16/SES169/SA169S14	SES177	1e+38	43.126	-1e+38
BLOCK16/SES169/SA169S14	SES180	1e+38	42.0246	-1e+38
BLOCK16/SES169/SA169S24	SES117	1e+38	36.063	-1e+38
BLOCK16/SES169/SA169S24	SES144	1e+38	35.8388	-1e+38
BLOCK16/SES169/SA169S24	SES146	1e+38	35.748	-1e+38
BLOCK16/SES169/SA169S24	SES162	1e+38	35.381	-1e+38
BLOCK16/SES169/SA169S27	SES127	1e+38	37.9419	-1e+38
BLOCK16/SES169/SA169S27	SES129	1e+38	38.5548	-1e+38
BLOCK16/SES169/SA169S27	SES144	1e+38	36.124	-1e+38
BLOCK16/SES169/SA169S27	SES146	1e+38	39.6668	-1e+38
BLOCK16/SES169/SA169S29	SES144	1e+38	42.1841	-1e+38
BLOCK16/SES169/SA169S29	SES162	1e+38	43.1358	-1e+38
BLOCK16/SES169/SA169S29	SES177	1e+38	42.0381	-1e+38
BLOCK16/SES169/SA169S29	SES180	1e+38	41.8326	-1e+38
BLOCK17/SES171/SA171S12	SES083	1e+38	35.7125	-1e+38
BLOCK17/SES171/SA171S12	SES148	1e+38	35.1072	-1e+38
BLOCK17/SES171/SA171S12	SES172	1e+38	35.9591	-1e+38
BLOCK17/SES171/SA171S12	SES292	1e+38	34.1927	-1e+38
BLOCK17/SES171/SA171S15	SES148	1e+38	39.346	-1e+38
BLOCK17/SES171/SA171S15	SES177	1e+38	38.9908	-1e+38
BLOCK17/SES171/SA171S15	SES180	1e+38	37.7342	-1e+38
BLOCK17/SES171/SA171S15	SES292	1e+38	39.2804	-1e+38
BLOCK17/SES171/SA171S22	SES007	1e+38	41.8266	-1e+38
BLOCK17/SES171/SA171S22	SES148	1e+38	43.7504	-1e+38
BLOCK17/SES171/SA171S22	SES177	1e+38	43.0522	-1e+38
BLOCK17/SES171/SA171S22	SES180	1e+38	42.245	-1e+38
BLOCK17/SES171/SA171S25	SES101	1e+38	34.6247	-1e+38
BLOCK17/SES171/SA171S25	SES120	1e+38	32.5603	-1e+38
BLOCK17/SES171/SA171S25	SES177	1e+38	34.4323	-1e+38
BLOCK17/SES171/SA171S25	SES180	1e+38	33.133	-1e+38
BLOCK17/SES171/SA171S27	SES177	1e+38	38.4834	-1e+38
BLOCK17/SES171/SA171S27	SES180	1e+38	36.7247	-1e+38
BLOCK17/SES171/SA171S27	SES189	1e+38	39.1278	-1e+38
BLOCK17/SES171/SA171S27	SES292	1e+38	37.0355	-1e+38
BLOCK17/SES173/SA173S13	SES162	1e+38	36.6602	-1e+38
BLOCK17/SES173/SA173S13	SES177	1e+38	38.5286	-1e+38
BLOCK17/SES173/SA173S13	SES180	1e+38	35.3721	-1e+38
BLOCK17/SES173/SA173S13	SES292	1e+38	38.8897	-1e+38
BLOCK17/SES173/SA173S14	SES007	1e+38	40.8379	-1e+38
BLOCK17/SES173/SA173S14	SES162	1e+38	39.3202	-1e+38
BLOCK17/SES173/SA173S14	SES177	1e+38	40.599	-1e+38
BLOCK17/SES173/SA173S14	SES180	1e+38	37.7779	-1e+38
BLOCK17/SES173/SA173S24	SES144	1e+38	34.4409	-1e+38
BLOCK17/SES173/SA173S24	SES162	1e+38	32.138	-1e+38
BLOCK17/SES173/SA173S24	SES177	1e+38	34.0191	-1e+38
BLOCK17/SES173/SA173S24	SES180	1e+38	31.8355	-1e+38
BLOCK17/SES173/SA173S27	SES162	1e+38	35.786	-1e+38
BLOCK17/SES173/SA173S27	SES177	1e+38	37.1614	-1e+38
BLOCK17/SES173/SA173S27	SES180	1e+38	37.3282	-1e+38
BLOCK17/SES173/SA173S27	SES292	1e+38	38.7352	-1e+38
BLOCK17/SES173/SA173S29	SES162	1e+38	32.7195	-1e+38
BLOCK17/SES173/SA173S29	SES175	1e+38	33.832	-1e+38
BLOCK17/SES173/SA173S29	SES177	1e+38	33.7381	-1e+38
BLOCK17/SES173/SA173S29	SES292	1e+38	32.2639	-1e+38
BLOCK18/SES182/SA182S10	SES144	1e+38	40.5176	-1e+38
BLOCK18/SES182/SA182S10	SES177	1e+38	39.2877	-1e+38
BLOCK18/SES182/SA182S10	SES180	1e+38	37.7738	-1e+38
BLOCK18/SES182/SA182S10	SES275	1e+38	40.4736	-1e+38
BLOCK18/SES182/SA182S12	SES144	1e+38	46.0467	-1e+38
BLOCK18/SES182/SA182S12	SES177	1e+38	43.9058	-1e+38
BLOCK18/SES182/SA182S12	SES180	1e+38	44.1945	-1e+38
BLOCK18/SES182/SA182S12	SES275	1e+38	45.3009	-1e+38
BLOCK18/SES182/SA182S21	SES117	1e+38	34.7685	-1e+38
BLOCK18/SES182/SA182S21	SES144	1e+38	34.5433	-1e+38
BLOCK18/SES182/SA182S21	SES162	1e+38	34.6692	-1e+38
BLOCK18/SES182/SA182S21	SES180	1e+38	32.5767	-1e+38
BLOCK18/SES182/SA182S23	SES117	1e+38	37.7683	-1e+38
BLOCK18/SES182/SA182S23	SES144	1e+38	37.0384	-1e+38
BLOCK18/SES182/SA182S23	SES180	1e+38	34.9739	-1e+38
BLOCK18/SES182/SA182S23	SES275	1e+38	38.099	-1e+38
BLOCK18/SES182/SA182S25	SES007	1e+38	35.1152	-1e+38
BLOCK18/SES182/SA182S25	SES162	1e+38	35.1654	-1e+38
BLOCK18/SES182/SA182S25	SES177	1e+38	35.0072	-1e+38
BLOCK18/SES182/SA182S25	SES180	1e+38	34.1198	-1e+38
BLOCK18/SES184/SA184S12	SES177	1e+38	36.4478	-1e+38
BLOCK18/SES184/SA184S12	SES180	1e+38	35.5787	-1e+38
BLOCK18/SES184/SA184S12	SES189	1e+38	36.8341	-1e+38
BLOCK18/SES184/SA184S12	SES292	1e+38	36.2576	-1e+38
BLOCK18/SES184/SA184S13	SES101	1e+38	36.8232	-1e+38
BLOCK18/SES184/SA184S13	SES177	1e+38	36.3622	-1e+38
BLOCK18/SES184/SA184S13	SES180	1e+38	35.633	-1e+38
BLOCK18/SES184/SA184S13	SES292	1e+38	36.0107	-1e+38
BLOCK18/SES184/SA184S22	SES177	1e+38	32.6869	-1e+38
BLOCK18/SES184/SA184S22	SES180	1e+38	34.0717	-1e+38
BLOCK18/SES184/SA184S22	SES189	1e+38	33.3276	-1e+38
BLOCK18/SES184/SA184S22	SES292	1e+38	33.3487	-1e+38
BLOCK18/SES184/SA184S25	SES101	1e+38	37.4997	-1e+38
BLOCK18/SES184/SA184S25	SES177	1e+38	36.591	-1e+38
BLOCK18/SES184/SA184S25	SES180	1e+38	37.0113	-1e+38
BLOCK18/SES184/SA184S25	SES292	1e+38	37.2962	-1e+38
BLOCK18/SES184/SA184S27	SES083	1e+38	38.7382	-1e+38
BLOCK18/SES184/SA184S27	SES177	1e+38	39.2463	-1e+38
BLOCK18/SES184/SA184S27	SES202	1e+38	39.0315	-1e+38
BLOCK18/SES184/SA184S27	SES292	1e+38	39.3549	-1e+38
BLOCK20/SES204/SA204S12	SES062	1e+38	37.5401	-1e+38
BLOCK20/SES204/SA204S12	SES083	1e+38	37.1167	-1e+38
BLOCK20/SES204/SA204S12	SES206	1e+38	38.9738	-1e+38
BLOCK20/SES204/SA204S12	SES226	1e+38	37.1058	-1e+38
BLOCK20/SES204/SA204S14	SES068	1e+38	44.1391	-1e+38
BLOCK20/SES204/SA204S14	SES087	1e+38	43.3332	-1e+38
BLOCK20/SES204/SA204S14	SES206	1e+38	42.5185	-1e+38
BLOCK20/SES204/SA204S14	SES226	1e+38	41.1914	-1e+38
BLOCK20/SES204/SA204S22	SES068	1e+38	38.8511	-1e+38
BLOCK20/SES204/SA204S22	SES082	1e+38	36.4209	-1e+38
BLOCK20/SES204/SA204S22	SES083	1e+38	36.0126	-1e+38
BLOCK20/SES204/SA204S22	SES206	1e+38	38.9117	-1e+38
BLOCK20/SES204/SA204S25	SES062	1e+38	38.2825	-1e+38
BLOCK20/SES204/SA204S25	SES083	1e+38	38.4482	-1e+38
BLOCK20/SES204/SA204S25	SES206	1e+38	41.1053	-1e+38
BLOCK20/SES204/SA204S25	SES226	1e+38	37.762	-1e+38
BLOCK20/SES204/SA204S27	SES068	1e+38	37.4035	-1e+38
BLOCK20/SES204/SA204S27	SES082	1e+38	36.7363	-1e+38
BLOCK20/SES204/SA204S27	SES087	1e+38	37.4625	-1e+38
BLOCK20/SES204/SA204S27	SES206	1e+38	37.2775	-1e+38
BLOCK20/SES207/SA207S10	SES127	1e+38	41.2551	-1e+38
BLOCK20/SES207/SA207S10	SES183	1e+38	41.9568	-1e+38
BLOCK20/SES207/SA207S10	SES189	1e+38	41.3897	-1e+38
BLOCK20/SES207/SA207S10	SES292	1e+38	40.9448	-1e+38
BLOCK20/SES207/SA207S11	SES127	1e+38	39.5344	-1e+38
BLOCK20/SES207/SA207S11	SES183	1e+38	40.4696	-1e+38
BLOCK20/SES207/SA207S11	SES187	1e+38	39.8444	-1e+38
BLOCK20/SES207/SA207S11	SES292	1e+38	40.3634	-1e+38
BLOCK20/SES207/SA207S25	SES068	1e+38	34.9359	-1e+38
BLOCK20/SES207/SA207S25	SES083	1e+38	34.4497	-1e+38
BLOCK20/SES207/SA207S25	SES127	1e+38	35.398	-1e+38
BLOCK20/SES207/SA207S25	SES187	1e+38	36.096	-1e+38
BLOCK20/SES207/SA207S27	SES127	1e+38	35.6077	-1e+38
BLOCK20/SES207/SA207S27	SES183	1e+38	36.4213	-1e+38
BLOCK20/SES207/SA207S27	SES187	1e+38	36.8402	-1e+38
BLOCK20/SES207/SA207S27	SES292	1e+38	36.4199	-1e+38
BLOCK20/SES207/SA207S29	SES083	1e+38	36.255	-1e+38
BLOCK20/SES207/SA207S29	SES085	1e+38	36.5247	-1e+38
BLOCK20/SES207/SA207S29	SES172	1e+38	37.8958	-1e+38
BLOCK20/SES207/SA207S29	SES189	1e+38	36.4218	-1e+38
BLOCK22/SES221/SA221S12	SES068	1e+38	41.3585	-1e+38
BLOCK22/SES221/SA221S12	SES143	1e+38	38.8233	-1e+38
BLOCK22/SES221/SA221S12	SES175	1e+38	40.7379	-1e+38
BLOCK22/SES221/SA221S12	SES202	1e+38	40.261	-1e+38
BLOCK22/SES221/SA221S15	SES085	1e+38	38.5834	-1e+38
BLOCK22/SES221/SA221S15	SES143	1e+38	36.6097	-1e+38
BLOCK22/SES221/SA221S15	SES175	1e+38	38.6474	-1e+38
BLOCK22/SES221/SA221S15	SES187	1e+38	38.9525	-1e+38
BLOCK22/SES221/SA221S23	SES068	1e+38	39.3431	-1e+38
BLOCK22/SES221/SA221S23	SES143	1e+38	37.4922	-1e+38
BLOCK22/SES221/SA221S23	SES175	1e+38	39.6647	-1e+38
BLOCK22/SES221/SA221S23	SES189	1e+38	39.3693	-1e+38
BLOCK22/SES221/SA221S27	SES085	1e+38	38.4849	-1e+38
BLOCK22/SES221/SA221S27	SES143	1e+38	36.3115	-1e+38
BLOCK22/SES221/SA221S27	SES175	1e+38	37.5323	-1e+38
BLOCK22/SES221/SA221S27	SES189	1e+38	39.4306	-1e+38
BLOCK22/SES221/SA221S29	SES085	1e+38	38.5682	-1e+38
BLOCK22/SES221/SA221S29	SES143	1e+38	35.218	-1e+38
BLOCK22/SES221/SA221S29	SES175	1e+38	37.4145	-1e+38
BLOCK22/SES221/SA221S29	SES187	1e+38	37.408	-1e+38
BLOCK22/SES223/SA223S11	SES143	1e+38	34.7784	-1e+38
BLOCK22/SES223/SA223S11	SES144	1e+38	34.925	-1e+38
BLOCK22/SES223/SA223S11	SES175	1e+38	35.2133	-1e+38
BLOCK22/SES223/SA223S11	SES187	1e+38	35.6212	-1e+38
BLOCK22/SES223/SA223S13	SES068	1e+38	38.7422	-1e+38
BLOCK22/SES223/SA223S13	SES143	1e+38	34.0649	-1e+38
BLOCK22/SES223/SA223S13	SES146	1e+38	35.7422	-1e+38
BLOCK22/SES223/SA223S13	SES202	1e+38	35.3322	-1e+38
BLOCK22/SES223/SA223S22	SES143	1e+38	33.8886	-1e+38
BLOCK22/SES223/SA223S22	SES144	1e+38	34.418	-1e+38
BLOCK22/SES223/SA223S22	SES175	1e+38	34.6473	-1e+38
BLOCK22/SES223/SA223S22	SES187	1e+38	35.3022	-1e+38
BLOCK22/SES223/SA223S25	SES068	1e+38	36.536	-1e+38
BLOCK22/SES223/SA223S25	SES143	1e+38	35.3127	-1e+38
BLOCK22/SES223/SA223S25	SES175	1e+38	36.2442	-1e+38
BLOCK22/SES223/SA223S25	SES187	1e+38	36.5541	-1e+38
BLOCK22/SES223/SA223S27	SES143	1e+38	35.6061	-1e+38
BLOCK22/SES223/SA223S27	SES146	1e+38	36.4562	-1e+38
BLOCK22/SES223/SA223S27	SES187	1e+38	35.8388	-1e+38
BLOCK22/SES223/SA223S27	SES292	1e+38	36.3708	-1e+38
BLOCK27/SES273/SA273S12	SES099	1e+38	39.798	-1e+38
BLOCK27/SES273/SA273S12	SES104	1e+38	41.0381	-1e+38
BLOCK27/SES273/SA273S12	SES125	1e+38	39.6656	-1e+38
BLOCK27/SES273/SA273S12	SES206	1e+38	39.8751	-1e+38
BLOCK27/SES273/SA273S13	SES099	1e+38	39.8272	-1e+38
BLOCK27/SES273/SA273S13	SES104	1e+38	40.7326	-1e+38
BLOCK27/SES273/SA273S13	SES206	1e+38	39.6475	-1e+38
BLOCK27/SES273/SA273S13	SES292	1e+38	40.1867	-1e+38
BLOCK27/SES273/SA273S21	SES099	1e+38	39.0294	-1e+38
BLOCK27/SES273/SA273S21	SES148	1e+38	37.0344	-1e+38
BLOCK27/SES273/SA273S21	SES149	1e+38	38.4168	-1e+38
BLOCK27/SES273/SA273S21	SES177	1e+38	37.9406	-1e+38
BLOCK27/SES273/SA273S25	SES104	1e+38	38.316	-1e+38
BLOCK27/SES273/SA273S25	SES125	1e+38	38.4131	-1e+38
BLOCK27/SES273/SA273S25	SES158	1e+38	37.4794	-1e+38
BLOCK27/SES273/SA273S25	SES206	1e+38	38.8235	-1e+38
BLOCK27/SES273/SA273S27	SES099	1e+38	42.9914	-1e+38
BLOCK27/SES273/SA273S27	SES104	1e+38	42.0262	-1e+38
BLOCK27/SES273/SA273S27	SES149	1e+38	41.9796	-1e+38
BLOCK27/SES273/SA273S27	SES275	1e+38	41.9525	-1e+38
BLOCK27/SES274/SA274S10	SES105	1e+38	38.9796	-1e+38
BLOCK27/SES274/SA274S10	SES125	1e+38	38.6802	-1e+38
BLOCK27/SES274/SA274S10	SES129	1e+38	39.7273	-1e+38
BLOCK27/SES274/SA274S10	SES158	1e+38	37.8927	-1e+38
BLOCK27/SES274/SA274S11	SES105	1e+38	40.6589	-1e+38
BLOCK27/SES274/SA274S11	SES149	1e+38	39.8797	-1e+38
BLOCK27/SES274/SA274S11	SES158	1e+38	39.7968	-1e+38
BLOCK27/SES274/SA274S11	SES275	1e+38	41.2119	-1e+38
BLOCK27/SES274/SA274S21	SES105	1e+38	44.2854	-1e+38
BLOCK27/SES274/SA274S21	SES129	1e+38	45.3154	-1e+38
BLOCK27/SES274/SA274S21	SES149	1e+38	44.2285	-1e+38
BLOCK27/SES274/SA274S21	SES158	1e+38	43.8513	-1e+38
BLOCK27/SES274/SA274S24	SES105	1e+38	38.575	-1e+38
BLOCK27/SES274/SA274S24	SES129	1e+38	39.7135	-1e+38
BLOCK27/SES274/SA274S24	SES149	1e+38	37.3906	-1e+38
BLOCK27/SES274/SA274S24	SES158	1e+38	37.2592	-1e+38
BLOCK27/SES274/SA274S29	SES105	1e+38	40.4479	-1e+38
BLOCK27/SES274/SA274S29	SES106	1e+38	40.1861	-1e+38
BLOCK27/SES274/SA274S29	SES120	1e+38	40.552	-1e+38
BLOCK27/SES274/SA274S29	SES275	1e+38	41.7112	-1e+38
BLOCK27/SES276/SA276S16	SES148	1e+38	36.7045	-1e+38
BLOCK27/SES276/SA276S16	SES172	1e+38	36.7587	-1e+38
BLOCK27/SES276/SA276S16	SES180	1e+38	36.3627	-1e+38
BLOCK27/SES276/SA276S16	SES292	1e+38	38.4213	-1e+38
BLOCK27/SES276/SA276S17	SES101	1e+38	38.9141	-1e+38
BLOCK27/SES276/SA276S17	SES177	1e+38	38.0681	-1e+38
BLOCK27/SES276/SA276S17	SES180	1e+38	37.8305	-1e+38
BLOCK27/SES276/SA276S17	SES292	1e+38	37.5599	-1e+38
BLOCK27/SES276/SA276S24	SES101	1e+38	41.0322	-1e+38
BLOCK27/SES276/SA276S24	SES177	1e+38	40.5018	-1e+38
BLOCK27/SES276/SA276S24	SES180	1e+38	40.1667	-1e+38
BLOCK27/SES276/SA276S24	SES292	1e+38	39.0371	-1e+38
BLOCK27/SES276/SA276S26	SES101	1e+38	40.3348	-1e+38
BLOCK27/SES276/SA276S26	SES177	1e+38	40.6158	-1e+38
BLOCK27/SES276/SA276S26	SES180	1e+38	40.9162	-1e+38
BLOCK27/SES276/SA276S26	SES292	1e+38	41.7827	-1e+38
BLOCK27/SES276/SA276S28	SES101	1e+38	40.4831	-1e+38
BLOCK27/SES276/SA276S28	SES177	1e+38	39.2698	-1e+38
BLOCK27/SES276/SA276S28	SES180	1e+38	40.5505	-1e+38
BLOCK27/SES276/SA276S28	SES292	1e+38	40.4277	-1e+38
BLOCK27/SES277/SA277S12	SES101	1e+38	35.9627	-1e+38
BLOCK27/SES277/SA277S12	SES177	1e+38	34.7692	-1e+38
BLOCK27/SES277/SA277S12	SES180	1e+38	33.0075	-1e+38
BLOCK27/SES277/SA277S12	SES292	1e+38	33.7941	-1e+38
BLOCK27/SES277/SA277S14	SES177	1e+38	36.3062	-1e+38
BLOCK27/SES277/SA277S14	SES180	1e+38	33.5918	-1e+38
BLOCK27/SES277/SA277S14	SES189	1e+38	37.0824	-1e+38
BLOCK27/SES277/SA277S14	SES292	1e+38	35.1561	-1e+38
BLOCK27/SES277/SA277S21	SES177	1e+38	38.8142	-1e+38
BLOCK27/SES277/SA277S21	SES180	1e+38	36.7758	-1e+38
BLOCK27/SES277/SA277S21	SES189	1e+38	40.3933	-1e+38
BLOCK27/SES277/SA277S21	SES292	1e+38	37.4573	-1e+38
BLOCK27/SES277/SA277S24	SES144	1e+38	32.3379	-1e+38
BLOCK27/SES277/SA277S24	SES177	1e+38	31.9005	-1e+38
BLOCK27/SES277/SA277S24	SES180	1e+38	29.9147	-1e+38
BLOCK27/SES277/SA277S24	SES189	1e+38	32.853	-1e+38
BLOCK27/SES277/SA277S29	SES177	1e+38	37.898	-1e+38
BLOCK27/SES277/SA277S29	SES180	1e+38	37.2517	-1e+38
BLOCK27/SES277/SA277S29	SES202	1e+38	37.3773	-1e+38
BLOCK27/SES277/SA277S29	SES292	1e+38	36.9911	-1e+38
BLOCK27/SES279/SA279S09	SES120	1e+38	40.1194	-1e+38
BLOCK27/SES279/SA279S09	SES146	1e+38	39.933	-1e+38
BLOCK27/SES279/SA279S09	SES206	1e+38	40.1458	-1e+38
BLOCK27/SES279/SA279S09	SES226	1e+38	39.2515	-1e+38
BLOCK27/SES279/SA279S10	SES099	1e+38	39.3248	-1e+38
BLOCK27/SES279/SA279S10	SES206	1e+38	39.107	-1e+38
BLOCK27/SES279/SA279S10	SES226	1e+38	38.4709	-1e+38
BLOCK27/SES279/SA279S10	SES292	1e+38	39.1467	-1e+38
BLOCK27/SES279/SA279S20	SES099	1e+38	35.4222	-1e+38
BLOCK27/SES279/SA279S20	SES206	1e+38	35.9965	-1e+38
BLOCK27/SES279/SA279S20	SES226	1e+38	33.5723	-1e+38
BLOCK27/SES279/SA279S20	SES292	1e+38	35.7573	-1e+38
BLOCK27/SES279/SA279S26	SES099	1e+38	36.8102	-1e+38
BLOCK27/SES279/SA279S26	SES206	1e+38	38.0628	-1e+38
BLOCK27/SES279/SA279S26	SES226	1e+38	36.2815	-1e+38
BLOCK27/SES279/SA279S26	SES292	1e+38	38.2741	-1e+38
BLOCK27/SES279/SA279S28	SES099	1e+38	43.2556	-1e+38
BLOCK27/SES279/SA279S28	SES120	1e+38	43.1676	-1e+38
BLOCK27/SES279/SA279S28	SES177	1e+38	41.9188	-1e+38
BLOCK27/SES279/SA279S28	SES206	1e+38	42.8769	-1e+38
BLOCK29/SES290/SA290S12	SES162	1e+38	44.7411	-1e+38
BLOCK29/SES290/SA290S12	SES177	1e+38	44.8111	-1e+38
BLOCK29/SES290/SA290S12	SES180	1e+38	44.0084	-1e+38
BLOCK29/SES290/SA290S12	SES292	1e+38	44.0254	-1e+38
BLOCK29/SES290/SA290S13	SES007	1e+38	37.0042	-1e+38
BLOCK29/SES290/SA290S13	SES162	1e+38	36.4406	-1e+38
BLOCK29/SES290/SA290S13	SES177	1e+38	38.0061	-1e+38
BLOCK29/SES290/SA290S13	SES180	1e+38	37.9462	-1e+38
BLOCK29/SES290/SA290S22	SES177	1e+38	41.2609	-1e+38
BLOCK29/SES290/SA290S22	SES180	1e+38	40.9391	-1e+38
BLOCK29/SES290/SA290S22	SES202	1e+38	40.5492	-1e+38
BLOCK29/SES290/SA290S22	SES292	1e+38	40.6599	-1e+38
BLOCK29/SES290/SA290S25	SES162	1e+38	42.5658	-1e+38
BLOCK29/SES290/SA290S25	SES177	1e+38	42.6084	-1e+38
BLOCK29/SES290/SA290S25	SES180	1e+38	42.2453	-1e+38
BLOCK29/SES290/SA290S25	SES292	1e+38	42.695	-1e+38
BLOCK29/SES290/SA290S29	SES177	1e+38	44.0955	-1e+38
BLOCK29/SES290/SA290S29	SES180	1e+38	42.8824	-1e+38
BLOCK29/SES290/SA290S29	SES275	1e+38	42.546	-1e+38
BLOCK29/SES290/SA290S29	SES292	1e+38	42.9855	-1e+38
BLOCK29/SES291/SA291S11	SES105	1e+38	32.7213	-1e+38
BLOCK29/SES291/SA291S11	SES125	1e+38	35.7542	-1e+38
BLOCK29/SES291/SA291S11	SES158	1e+38	35.0924	-1e+38
BLOCK29/SES291/SA291S11	SES275	1e+38	32.5125	-1e+38
BLOCK29/SES291/SA291S12	SES158	1e+38	39.3442	-1e+38
BLOCK29/SES291/SA291S12	SES226	1e+38	35.0629	-1e+38
BLOCK29/SES291/SA291S12	SES270	1e+38	39.6106	-1e+38
BLOCK29/SES291/SA291S12	SES275	1e+38	33.3031	-1e+38
BLOCK29/SES291/SA291S22	SES082	1e+38	35.5749	-1e+38
BLOCK29/SES291/SA291S22	SES158	1e+38	36.0966	-1e+38
BLOCK29/SES291/SA291S22	SES259	1e+38	35.7011	-1e+38
BLOCK29/SES291/SA291S22	SES275	1e+38	33.6239	-1e+38
BLOCK29/SES291/SA291S24	SES104	1e+38	39.7894	-1e+38
BLOCK29/SES291/SA291S24	SES125	1e+38	40.43	-1e+38
BLOCK29/SES291/SA291S24	SES158	1e+38	39.29	-1e+38
BLOCK29/SES291/SA291S24	SES275	1e+38	35.8971	-1e+38
BLOCK29/SES291/SA291S27	SES158	1e+38	38.1492	-1e+38
BLOCK29/SES291/SA291S27	SES172	1e+38	34.1691	-1e+38
BLOCK29/SES291/SA291S27	SES275	1e+38	34.0742	-1e+38
BLOCK29/SES291/SA291S27	SES292	1e+38	35.4776	-1e+38
