BLOCK00/SES002/SA002S12	SES002	0.491114	-7.68471	-8.17583
BLOCK00/SES002/SA002S13	SES002	1.46765	-7.46506	-8.93271
BLOCK00/SES002/SA002S23	SES002	0.407815	-7.80555	-8.21336
BLOCK00/SES002/SA002S26	SES002	0.128654	-9.00389	-9.13255
BLOCK00/SES002/SA002S28	SES002	0.249536	-7.7776	-8.02713
BLOCK00/SES007/SA007S14	SES007	0.444991	-6.16066	-6.60565
BLOCK00/SES007/SA007S15	SES007	0.186276	-7.19313	-7.37941
BLOCK00/SES007/SA007S24	SES007	0.385459	-6.63943	-7.02488
BLOCK00/SES007/SA007S27	SES007	0.0558252	-8.11893	-8.17476
BLOCK00/SES007/SA007S29	SES007	0.16919	-6.81442	-6.98361
BLOCK00/SES008/SA008S11	SES008	1.11181	-6.46833	-7.58014
BLOCK00/SES008/SA008S12	SES008	0.214645	-7.27291	-7.48756
BLOCK00/SES008/SA008S19	SES008	1.36978	-6.51974	-7.88953
BLOCK00/SES008/SA008S22	SES008	0.603624	-7.23937	-7.843
BLOCK00/SES008/SA008S29	SES008	1.17826	-6.3564	-7.53466
BLOCK01/SES014/SA014S10	SES014	1.0719	-6.95316	-8.02506
BLOCK01/SES014/SA014S12	SES014	1.43645	-6.41817	-7.85461
BLOCK01/SES014/SA014S24	SES014	1.55104	-7.16233	-8.71337
BLOCK01/SES014/SA014S26	SES014	1.68481	-5.95904	-7.64386
BLOCK01/SES014/SA014S28	SES014	2.17871	-5.54929	-7.728
BLOCK01/SES016/SA016S12	SES016	1.39014	-8.34681	-9.73695
BLOCK01/SES016/SA016S13	SES016	0.556439	-7.05788	-7.61432
BLOCK01/SES016/SA016S22	SES016	1.03136	-6.58395	-7.6153
BLOCK01/SES016/SA016S25	SES016	0.973428	-5.31846	-6.29189
BLOCK01/SES016/SA016S27	SES016	0.885202	-6.39668	-7.28188
BLOCK01/SES019/SA019S13	SES019	3.42017	-5.97615	-9.39632
BLOCK01/SES019/SA019S14	SES019	1.53831	-7.93179	-9.4701
BLOCK01/SES019/SA019S22	SES019	2.36291	-6.43488	-8.79778
BLOCK01/SES019/SA019S25	SES019	2.00793	-6.85581	-8.86374
BLOCK01/SES019/SA019S29	SES019	3.96574	-6.50306	-10.4688
BLOCK02/SES029/SA029S11	SES029	0.456935	-6.10336	-6.5603
BLOCK02/SES029/SA029S12	SES029	-0.0304265	-6.84445	-6.81403
BLOCK02/SES029/SA029S20	SES029	0.188562	-6.40578	-6.59434
BLOCK02/SES029/SA029S25	SES029	0.254423	-7.02594	-7.28036
BLOCK02/SES029/SA029S28	SES029	0.141212	-6.74207	-6.88329
BLOCK04/SES042/SA042S12	SES042	1.06046	-6.59828	-7.65874
BLOCK04/SES042/SA042S15	SES042	1.34932	-5.73603	-7.08534
BLOCK04/SES042/SA042S22	SES042	1.87875	-7.08753	-8.96628
BLOCK04/SES042/SA042S25	SES042	0.959051	-8.25185	-9.2109
BLOCK04/SES042/SA042S27	SES042	1.88577	-6.87405	-8.75982
BLOCK04/SES048/SA048S11	SES048	0.641496	-6.1274	-6.7689
BLOCK04/SES048/SA048S12	SES048	0.120865	-7.66005	-7.78091
BLOCK04/SES048/SA048S20	SES048	0.226261	-6.32256	-6.54882
BLOCK04/SES048/SA048S23	SES048	0.908217	-6.65787	-7.56609
BLOCK04/SES048/SA048S27	SES048	-0.0315847	-7.47577	-7.44419
BLOCK06/SES060/SA060S11	SES060	0.93222	-6.65113	-7.58335
BLOCK06/SES060/SA060S12	SES060	0.311529	-7.875	-8.18653
BLOCK06/SES060/SA060S22	SES060	-1.08724	-9.24695	-8.15971
BLOCK06/SES060/SA060S24	SES060	0.946805	-5.72087	-6.66767
BLOCK06/SES060/SA060S28	SES060	0.362837	-5.8563	-6.21914
BLOCK06/SES062/SA062S10	SES062	-0.105372	-7.13512	-7.02975
BLOCK06/SES062/SA062S11	SES062	-0.0396442	-8.15577	-8.11612
BLOCK06/SES062/SA062S21	SES062	0.574369	-5.3828	-5.95717
BLOCK06/SES062/SA062S26	SES062	0.139082	-7.34544	-7.48452
BLOCK06/SES062/SA062S29	SES062	0.572089	-6.28769	-6.85978
BLOCK06/SES068/SA068S14	SES068	0.29738	-7.35119	-7.64857
BLOCK06/SES068/SA068S15	SES068	0.767924	-6.92719	-7.69512
BLOCK06/SES068/SA068S23	SES068	0.0113583	-7.57371	-7.58507
BLOCK06/SES068/SA068S27	SES068	1.32867	-6.24897	-7.57764
BLOCK06/SES068/SA068S29	SES068	0.192967	-7.36412	-7.55708
BLOCK08/SES082/SA082S12	SES082	-0.304642	-8.54335	-8.23871
BLOCK08/SES082/SA082S14	SES082	0.121596	-8.19462	-8.31622
BLOCK08/SES082/SA082S21	SES082	0.516812	-7.12996	-7.64677
BLOCK08/SES082/SA082S24	SES082	0.148359	-7.97322	-8.12158
BLOCK08/SES082/SA082S28	SES082	0.534976	-7.53339	-8.06836
BLOCK08/SES083/SA083S14	SES083	-0.0792851	-7.16545	-7.08616
BLOCK08/SES083/SA083S15	SES083	0.314861	-6.87586	-7.19072
BLOCK08/SES083/SA083S24	SES083	0.202169	-7.2247	-7.42687
BLOCK08/SES083/SA083S26	SES083	0.423628	-7.95896	-8.38258
BLOCK08/SES083/SA083S29	SES083	-0.147431	-7.84	-7.69257
BLOCK08/SES085/SA085S10	SES085	1.02936	-5.92295	-6.95231
BLOCK08/SES085/SA085S13	SES085	-0.261322	-8.15277	-7.89145
BLOCK08/SES085/SA085S22	SES085	0.596918	-6.67258	-7.2695
BLOCK08/SES085/SA085S26	SES085	-0.245232	-7.70494	-7.4597
BLOCK08/SES085/SA085S28	SES085	0.573905	-7.08574	-7.65965
BLOCK08/SES087/SA087S15	SES087	0.899539	-7.71247	-8.61201
BLOCK08/SES087/SA087S16	SES087	1.3858	-7.25734	-8.64314
BLOCK08/SES087/SA087S24	SES087	1.32374	-7.36131	-8.68505
BLOCK08/SES087/SA087S26	SES087	1.08944	-6.47569	-7.56513
BLOCK08/SES087/SA087S29	SES087	1.47421	-6.33563	-7.80984
BLOCK09/SES099/SA099S15	SES099	0.900869	-7.67826	-8.57913
BLOCK09/SES099/SA099S16	SES099	1.01695	-7.06885	-8.08581
BLOCK09/SES099/SA099S24	SES099	1.20956	-7.38091	-8.59047
BLOCK09/SES099/SA099S26	SES099	1.0306	-6.92744	-7.95804
BLOCK09/SES099/SA099S29	SES099	0.580723	-7.85665	-8.43738
BLOCK10/SES101/SA101S11	SES101	0.206641	-6.4772	-6.68384
BLOCK10/SES101/SA101S13	SES101	0.359423	-5.55477	-5.9142
BLOCK10/SES101/SA101S22	SES101	0.735958	-7.54409	-8.28004
BLOCK10/SES101/SA101S24	SES101	0.794286	-6.49515	-7.28944
BLOCK10/SES101/SA101S28	SES101	0.437567	-7.06251	-7.50008
BLOCK10/SES104/SA104S11	SES104	0.482804	-6.71629	-7.1991
BLOCK10/SES104/SA104S12	SES104	0.686222	-7.27306	-7.95928
BLOCK10/SES104/SA104S21	SES104	0.454048	-7.70988	-8.16393
BLOCK10/SES104/SA104S24	SES104	0.0801849	-8.00363	-8.08382
BLOCK10/SES104/SA104S28	SES104	0.958422	-7.03049	-7.98891
BLOCK10/SES105/SA105S12	SES105	0.688138	-7.5643	-8.25244
BLOCK10/SES105/SA105S13	SES105	-0.142499	-7.40368	-7.26118
BLOCK10/SES105/SA105S22	SES105	0.565409	-7.97838	-8.54378
BLOCK10/SES105/SA105S26	SES105	0.333086	-7.98479	-8.31788
BLOCK10/SES105/SA105S29	SES105	0.766446	-6.26509	-7.03154
BLOCK10/SES106/SA106S09	SES106	1.01763	-7.53364	-8.55127
BLOCK10/SES106/SA106S11	SES106	0.932675	-6.72611	-7.65878
BLOCK10/SES106/SA106S22	SES106	1.44993	-7.44556	-8.89549
BLOCK10/SES106/SA106S27	SES106	0.850916	-6.82936	-7.68028
BLOCK10/SES106/SA106S29	SES106	0.79509	-6.45094	-7.24603
BLOCK11/SES117/SA117S12	SES117	0.358119	-7.71661	-8.07473
BLOCK11/SES117/SA117S13	SES117	0.0859585	-8.11168	-8.19763
BLOCK11/SES117/SA117S23	SES117	1.05935	-8.17682	-9.23617
BLOCK11/SES117/SA117S25	SES117	0.556841	-7.64597	-8.20281
BLOCK11/SES117/SA117S28	SES117	0.976951	-7.44042	-8.41737
BLOCK12/SES120/SA120S08	SES120	0.506329	-7.55759	-8.06392
BLOCK12/SES120/SA120S11	SES120	0.169944	-10.1986	-10.3685
BLOCK12/SES120/SA120S22	SES120	0.254644	-6.82299	-7.07763
BLOCK12/SES120/SA120S24	SES120	-0.0604692	-8.05956	-7.9991
BLOCK12/SES120/SA120S28	SES120	-0.00632477	-8.21382	-8.2075
BLOCK12/SES125/SA125S13	SES125	0.740183	-7.10493	-7.84512
BLOCK12/SES125/SA125S14	SES125	0.663199	-7.57012	-8.23332
BLOCK12/SES125/SA125S25	SES125	1.04249	-7.67869	-8.72119
BLOCK12/SES125/SA125S27	SES125	1.15067	-6.59309	-7.74376
BLOCK12/SES125/SA125S29	SES125	0.631821	-7.0051	-7.63692
BLOCK12/SES127/SA127S11	SES127	0.0557461	-7.61172	-7.66747
BLOCK12/SES127/SA127S12	SES127	0.259585	-5.89918	-6.15877
BLOCK12/SES127/SA127S23	SES127	0.292406	-6.50596	-6.79837
BLOCK12/SES127/SA127S25	SES127	0.240118	-6.52653	-6.76665
BLOCK12/SES127/SA127S27	SES127	0.659472	-6.65774	-7.31721
BLOCK12/SES129/SA129S11	SES129	1.18353	-5.65754	-6.84107
BLOCK12/SES129/SA129S12	SES129	0.787269	-5.76619	-6.55346
BLOCK12/SES129/SA129S22	SES129	0.926027	-6.60149	-7.52752
BLOCK12/SES129/SA129S27	SES129	0.810243	-6.62455	-7.43479
BLOCK12/SES129/SA129S29	SES129	0.292652	-7.84869	-8.14134
BLOCK14/SES142/SA142S11	SES142	0.93719	-6.30097	-7.23816
BLOCK14/SES142/SA142S12	SES142	0.390053	-7.27767	-7.66773
BLOCK14/SES142/SA142S24	SES142	0.858938	-6.52117	-7.3801
BLOCK14/SES142/SA142S27	SES142	0.950633	-6.25372	-7.20435
BLOCK14/SES142/SA142S29	SES142	1.09762	-6.01358	-7.11119
BLOCK14/SES143/SA143S12	SES143	0.93138	-6.75476	-7.68613
BLOCK14/SES143/SA143S13	SES143	0.7611	-7.04744	-7.80854
BLOCK14/SES143/SA143S23	SES143	0.181211	-7.02588	-7.20709
BLOCK14/SES143/SA143S25	SES143	0.261535	-7.45766	-7.7192
BLOCK14/SES143/SA143S28	SES143	0.0846267	-7.36256	-7.44719
BLOCK14/SES144/SA144S09	SES144	0.313337	-7.33416	-7.64749
BLOCK14/SES144/SA144S11	SES144	0.125287	-7.04869	-7.17398
BLOCK14/SES144/SA144S21	SES144	-0.428021	-8.0489	-7.62088
BLOCK14/SES144/SA144S25	SES144	0.473407	-7.5258	-7.99921
BLOCK14/SES144/SA144S29	SES144	-0.504993	-8.29511	-7.79011
BLOCK14/SES146/SA146S14	SES146	0.176327	-7.76165	-7.93798
BLOCK14/SES146/SA146S15	SES146	-0.250294	-7.87677	-7.62647
BLOCK14/SES146/SA146S24	SES146	0.177995	-7.38782	-7.56582
BLOCK14/SES146/SA146S26	SES146	0.479737	-7.32784	-7.80758
BLOCK14/SES146/SA146S29	SES146	0.420485	-7.77642	-8.19691
BLOCK14/SES147/SA147S11	SES147	0.377012	-7.24727	-7.62429
BLOCK14/SES147/SA147S13	SES147	0.578956	-6.33382	-6.91278
BLOCK14/SES147/SA147S23	SES147	0.430473	-7.14225	-7.57273
BLOCK14/SES147/SA147S26	SES147	0.860456	-6.96264	-7.8231
BLOCK14/SES147/SA147S28	SES147	1.27069	-6.26647	-7.53717
BLOCK14/SES148/SA148S10	SES148	0.47612	-6.36719	-6.84331
BLOCK14/SES148/SA148S12	SES148	-0.189987	-7.90259	-7.7126
BLOCK14/SES148/SA148S22	SES148	0.531636	-6.58207	-7.1137
BLOCK14/SES148/SA148S26	SES148	0.0562263	-6.22196	-6.27818
BLOCK14/SES148/SA148S29	SES148	0.188785	-7.4344	-7.62318
BLOCK14/SES149/SA149S13	SES149	-0.0773959	-7.01748	-6.94009
BLOCK14/SES149/SA149S14	SES149	0.140744	-6.36814	-6.50889
BLOCK14/SES149/SA149S24	SES149	0.653358	-6.75823	-7.41159
BLOCK14/SES149/SA149S26	SES149	0.589352	-5.9872	-6.57656
BLOCK14/SES149/SA149S28	SES149	1.30324	-5.14269	-6.44593
BLOCK15/SES158/SA158S13	SES158	0.942887	-6.82191	-7.7648
BLOCK15/SES158/SA158S14	SES158	0.766902	-8.01585	-8.78276
BLOCK15/SES158/SA158S23	SES158	0.594166	-6.22909	-6.82325
BLOCK15/SES158/SA158S26	SES158	1.4149	-7.09944	-8.51435
BLOCK15/SES158/SA158S28	SES158	0.45125	-7.52754	-7.97879
BLOCK16/SES162/SA162S10	SES162	0.451264	-7.95572	-8.40698
BLOCK16/SES162/SA162S11	SES162	0.361178	-6.42149	-6.78267
BLOCK16/SES162/SA162S21	SES162	0.897152	-6.60802	-7.50517
BLOCK16/SES162/SA162S24	SES162	0.483612	-6.85688	-7.34049
BLOCK16/SES162/SA162S27	SES162	0.979221	-7.74266	-8.72188
BLOCK16/SES167/SA167S14	SES167	0.977915	-6.19227	-7.17018
BLOCK16/SES167/SA167S15	SES167	1.23898	-6.13916	-7.37814
BLOCK16/SES167/SA167S21	SES167	1.10055	-6.0801	-7.18065
BLOCK16/SES167/SA167S25	SES167	1.73031	-6.28899	-8.0193
BLOCK16/SES167/SA167S29	SES167	1.60793	-5.51534	-7.12327
BLOCK17/SES172/SA172S12	SES172	0.903202	-7.62668	-8.52988
BLOCK17/SES172/SA172S13	SES172	0.943426	-7.4057	-8.34913
BLOCK17/SES172/SA172S23	SES172	0.748659	-6.77131	-7.51997
BLOCK17/SES172/SA172S27	SES172	0.738716	-8.06609	-8.8048
BLOCK17/SES172/SA172S29	SES172	1.1015	-6.91326	-8.01476
BLOCK17/SES175/SA175S11	SES175	-0.0360651	-7.52996	-7.4939
BLOCK17/SES175/SA175S13	SES175	0.33542	-5.30545	-5.64087
BLOCK17/SES175/SA175S23	SES175	0.507164	-6.21518	-6.72234
BLOCK17/SES175/SA175S25	SES175	-0.18396	-8.17228	-7.98832
BLOCK17/SES175/SA175S28	SES175	0.0507755	-6.69015	-6.74092
BLOCK17/SES177/SA177S15	SES177	0.144092	-8.08002	-8.22411
BLOCK17/SES177/SA177S17	SES177	0.422281	-7.43484	-7.85712
BLOCK17/SES177/SA177S23	SES177	0.224333	-7.79494	-8.01927
BLOCK17/SES177/SA177S26	SES177	0.650203	-5.44616	-6.09636
BLOCK17/SES177/SA177S28	SES177	0.762069	-7.35584	-8.11791
BLOCK18/SES180/SA180S13	SES180	0.0206079	-8.20449	-8.2251
BLOCK18/SES180/SA180S15	SES180	0.161867	-7.15181	-7.31368
BLOCK18/SES180/SA180S24	SES180	0.569362	-6.09107	-6.66044
BLOCK18/SES180/SA180S26	SES180	0.0748544	-6.63331	-6.70817
BLOCK18/SES180/SA180S29	SES180	-0.19833	-7.88413	-7.6858
BLOCK18/SES183/SA183S13	SES183	0.992141	-6.87388	-7.86602
BLOCK18/SES183/SA183S14	SES183	-0.345285	-7.47192	-7.12663
BLOCK18/SES183/SA183S24	SES183	0.773086	-7.58061	-8.3537
BLOCK18/SES183/SA183S27	SES183	0.995356	-7.73774	-8.7331
BLOCK18/SES183/SA183S29	SES183	0.85262	-6.88704	-7.73966
BLOCK18/SES187/SA187S13	SES187	0.111062	-8.56894	-8.68
BLOCK18/SES187/SA187S14	SES187	-0.0529852	-8.21962	-8.16663
BLOCK18/SES187/SA187S24	SES187	0.665023	-7.99153	-8.65656
BLOCK18/SES187/SA187S27	SES187	0.642374	-7.85146	-8.49384
BLOCK18/SES187/SA187S29	SES187	-0.0267982	-8.83887	-8.81208
BLOCK18/SES189/SA189S10	SES189	0.924255	-7.73019	-8.65444
BLOCK18/SES189/SA189S13	SES189	0.734543	-8.53675	-9.27129
BLOCK18/SES189/SA189S24	SES189	0.663012	-6.70751	-7.37052
BLOCK18/SES189/SA189S26	SES189	0.88415	-6.83478	-7.71893
BLOCK18/SES189/SA189S29	SES189	0.834248	-6.67707	-7.51132
BLOCK20/SES202/SA202S12	SES202	0.537126	-7.17644	-7.71357
BLOCK20/SES202/SA202S14	SES202	0.773765	-7.00145	-7.77521
BLOCK20/SES202/SA202S24	SES202	0.244979	-7.92802	-8.173
BLOCK20/SES202/SA202S27	SES202	0.707179	-6.6247	-7.33187
BLOCK20/SES202/SA202S29	SES202	0.55995	-6.81558	-7.37553
BLOCK20/SES206/SA206S15	SES206	-0.213448	-7.05117	-6.83772
BLOCK20/SES206/SA206S17	SES206	0.438602	-7.5247	-7.9633
BLOCK20/SES206/SA206S24	SES206	1.08145	-5.9072	-6.98865
BLOCK20/SES206/SA206S27	SES206	1.18449	-7.31197	-8.49646
BLOCK20/SES206/SA206S29	SES206	0.955633	-6.08628	-7.04192
BLOCK22/SES226/SA226S12	SES226	0.945795	-7.24294	-8.18874
BLOCK22/SES226/SA226S13	SES226	0.293164	-8.14624	-8.43941
BLOCK22/SES226/SA226S20	SES226	0.943353	-7.20109	-8.14444
BLOCK22/SES226/SA226S23	SES226	0.82503	-6.74122	-7.56625
BLOCK22/SES226/SA226S28	SES226	1.42476	-6.36526	-7.79001
BLOCK25/SES259/SA259S13	SES259	1.90621	-6.2684	-8.17461
BLOCK25/SES259/SA259S14	SES259	1.11336	-6.48639	-7.59975
BLOCK25/SES259/SA259S22	SES259	1.36831	-6.29727	-7.66559
BLOCK25/SES259/SA259S24	SES259	0.798928	-6.95866	-7.75759
BLOCK25/SES259/SA259S28	SES259	0.808244	-6.85162	-7.65986
BLOCK27/SES270/SA270S14	SES270	1.84227	-7.00671	-8.84898
BLOCK27/SES270/SA270S16	SES270	0.280794	-7.07955	-7.36034
BLOCK27/SES270/SA270S22	SES270	2.05847	-6.35503	-8.4135
BLOCK27/SES270/SA270S26	SES270	1.15532	-7.20586	-8.36118
BLOCK27/SES270/SA270S28	SES270	1.07446	-6.8974	-7.97186
BLOCK27/SES275/SA275S17	SES275	0.401661	-6.82187	-7.22353
BLOCK27/SES275/SA275S18	SES275	0.162179	-7.03268	-7.19486
BLOCK27/SES275/SA275S24	SES275	0.346371	-7.39786	-7.74423
BLOCK27/SES275/SA275S26	SES275	0.590453	-6.86679	-7.45724
BLOCK27/SES275/SA275S28	SES275	0.328213	-7.08528	-7.4135
BLOCK29/SES292/SA292S10	SES292	-0.483722	-7.18605	-6.70233
BLOCK29/SES292/SA292S12	SES292	0.183723	-8.21291	-8.39664
BLOCK29/SES292/SA292S22	SES292	-0.0203114	-7.72217	-7.70186
BLOCK29/SES292/SA292S24	SES292	0.102051	-7.40184	-7.50389
BLOCK29/SES292/SA292S27	SES292	-0.301157	-7.395	-7.09384
BLOCK00/SES001/SA001S14	SES062	-1.81258	-9.99558	-8.183
BLOCK00/SES001/SA001S14	SES082	-0.256168	-8.43917	-8.183
BLOCK00/SES001/SA001S14	SES106	-1.55414	-9.73714	-8.183
BLOCK00/SES001/SA001S14	SES206	-1.51217	-9.69517	-8.183
BLOCK00/SES001/SA001S15	SES062	-0.893945	-8.2698	-7.37585
BLOCK00/SES001/SA001S15	SES104	-1.14803	-8.52388	-7.37585
BLOCK00/SES001/SA001S15	SES106	-1.80858	-9.18443	-7.37585
BLOCK00/SES001/SA001S15	SES206	-1.77737	-9.15322	-7.37585
BLOCK00/SES001/SA001S24	SES062	-0.288352	-8.27465	-7.9863
BLOCK00/SES001/SA001S24	SES082	-0.0707469	-8.05704	-7.9863
BLOCK00/SES001/SA001S24	SES087	-0.309135	-8.29543	-7.9863
BLOCK00/SES001/SA001S24	SES206	0.187342	-7.79896	-7.9863
BLOCK00/SES001/SA001S27	SES062	-0.710928	-6.81495	-6.10402
BLOCK00/SES001/SA001S27	SES082	-0.41293	-6.51695	-6.10402
BLOCK00/SES001/SA001S27	SES087	-0.607971	-6.71199	-6.10402
BLOCK00/SES001/SA001S27	SES206	-1.07877	-7.18279	-6.10402
BLOCK00/SES001/SA001S29	SES062	-1.40038	-9.22146	-7.82108
BLOCK00/SES001/SA001S29	SES082	-0.564939	-8.38602	-7.82108
BLOCK00/SES001/SA001S29	SES158	-0.584935	-8.40602	-7.82108
BLOCK00/SES001/SA001S29	SES206	-0.955037	-8.77612	-7.82108
BLOCK00/SES003/SA003S11	SES002	0.0366802	-8.3666	-8.40328
BLOCK00/SES003/SA003S11	SES019	-0.900261	-9.30354	-8.40328
BLOCK00/SES003/SA003S11	SES082	0.0260315	-8.37724	-8.40328
BLOCK00/SES003/SA003S11	SES125	-0.54186	-8.94514	-8.40328
BLOCK00/SES003/SA003S15	SES016	-1.45414	-8.40738	-6.95324
BLOCK00/SES003/SA003S15	SES019	-3.5486	-10.5018	-6.95324
BLOCK00/SES003/SA003S15	SES062	-0.261518	-7.21476	-6.95324
BLOCK00/SES003/SA003S15	SES206	-0.818292	-7.77153	-6.95324
BLOCK00/SES003/SA003S22	SES002	-0.446695	-7.96709	-7.5204
BLOCK00/SES003/SA003S22	SES062	-0.124057	-7.64445	-7.5204
BLOCK00/SES003/SA003S22	SES082	-0.574422	-8.09482	-7.5204
BLOCK00/SES003/SA003S22	SES087	-0.478309	-7.9987	-7.5204
BLOCK00/SES003/SA003S25	SES062	-1.3824	-10.6197	-9.23727
BLOCK00/SES003/SA003S25	SES082	-1.18398	-10.4213	-9.23727
BLOCK00/SES003/SA003S25	SES087	-0.800224	-10.0375	-9.23727
BLOCK00/SES003/SA003S25	SES206	-0.433813	-9.67109	-9.23727
BLOCK00/SES003/SA003S29	SES002	-0.982326	-9.19301	-8.21068
BLOCK00/SES003/SA003S29	SES062	-2.13199	-10.3427	-8.21068
BLOCK00/SES003/SA003S29	SES082	-1.15663	-9.36731	-8.21068
BLOCK00/SES003/SA003S29	SES087	-1.63829	-9.84898	-8.21068
BLOCK00/SES004/SA004S12	SES083	-1.10043	-7.93666	-6.83622
BLOCK00/SES004/SA004S12	SES148	-0.924375	-7.7606	-6.83622
BLOCK00/SES004/SA004S12	SES172	-0.0788479	-6.91507	-6.83622
BLOCK00/SES004/SA004S12	SES292	-1.04697	-7.88319	-6.83622
BLOCK00/SES004/SA004S17	SES083	-0.869301	-7.975	-7.1057
BLOCK00/SES004/SA004S17	SES162	-0.943513	-8.04921	-7.1057
BLOCK00/SES004/SA004S17	SES172	-0.507608	-7.6133	-7.1057
BLOCK00/SES004/SA004S17	SES292	-1.33878	-8.44448	-7.1057
BLOCK00/SES004/SA004S24	SES083	-0.95892	-7.74593	-6.78701
BLOCK00/SES004/SA004S24	SES148	-1.39646	-8.18347	-6.78701
BLOCK00/SES004/SA004S24	SES172	-0.161105	-6.94811	-6.78701
BLOCK00/SES004/SA004S24	SES292	-0.88553	-7.67254	-6.78701
BLOCK00/SES004/SA004S26	SES083	-1.61732	-9.13187	-7.51455
BLOCK00/SES004/SA004S26	SES127	-0.664758	-8.17931	-7.51455
BLOCK00/SES004/SA004S26	SES148	-2.26586	-9.78041	-7.51455
BLOCK00/SES004/SA004S26	SES292	-1.46529	-8.97984	-7.51455
BLOCK00/SES004/SA004S28	SES083	-1.05365	-8.03917	-6.98553
BLOCK00/SES004/SA004S28	SES127	0.0278683	-6.95766	-6.98553
BLOCK00/SES004/SA004S28	SES187	-0.000365257	-6.98589	-6.98553
BLOCK00/SES004/SA004S28	SES292	-1.32714	-8.31267	-6.98553
BLOCK00/SES006/SA006S10	SES014	-1.02511	-10.3341	-9.30897
BLOCK00/SES006/SA006S10	SES158	-1.24504	-10.554	-9.30897
BLOCK00/SES006/SA006S10	SES226	-2.05799	-11.367	-9.30897
BLOCK00/SES006/SA006S10	SES270	0.325045	-8.98393	-9.30897
BLOCK00/SES006/SA006S11	SES158	-1.3821	-10.3245	-8.94237
BLOCK00/SES006/SA006S11	SES226	-1.10747	-10.0498	-8.94237
BLOCK00/SES006/SA006S11	SES270	0.250516	-8.69186	-8.94237
BLOCK00/SES006/SA006S11	SES275	-1.57509	-10.5175	-8.94237
BLOCK00/SES006/SA006S23	SES062	-3.57474	-12.606	-9.03128
BLOCK00/SES006/SA006S23	SES105	-3.43177	-12.4631	-9.03128
BLOCK00/SES006/SA006S23	SES158	-1.57684	-10.6081	-9.03128
BLOCK00/SES006/SA006S23	SES275	-2.30631	-11.3376	-9.03128
BLOCK00/SES006/SA006S26	SES104	-1.94285	-11.0796	-9.13678
BLOCK00/SES006/SA006S26	SES158	-1.85168	-10.9885	-9.13678
BLOCK00/SES006/SA006S26	SES270	0.155208	-8.98158	-9.13678
BLOCK00/SES006/SA006S26	SES275	-1.7368	-10.8736	-9.13678
BLOCK00/SES006/SA006S28	SES007	-1.94971	-11.2899	-9.34022
BLOCK00/SES006/SA006S28	SES105	-2.72515	-12.0654	-9.34022
BLOCK00/SES006/SA006S28	SES158	-1.52925	-10.8695	-9.34022
BLOCK00/SES006/SA006S28	SES275	-2.19564	-11.5359	-9.34022
BLOCK00/SES009/SA009S12	SES083	-2.43362	-9.99049	-7.55687
BLOCK00/SES009/SA009S12	SES148	-1.76247	-9.31934	-7.55687
BLOCK00/SES009/SA009S12	SES177	-0.427215	-7.98408	-7.55687
BLOCK00/SES009/SA009S12	SES292	-0.849192	-8.40606	-7.55687
BLOCK00/SES009/SA009S15	SES007	-0.143904	-7.09501	-6.95111
BLOCK00/SES009/SA009S15	SES099	-3.47232	-10.4234	-6.95111
BLOCK00/SES009/SA009S15	SES148	-1.33312	-8.28423	-6.95111
BLOCK00/SES009/SA009S15	SES172	-0.604596	-7.5557	-6.95111
BLOCK00/SES009/SA009S24	SES146	-0.411058	-8.02451	-7.61345
BLOCK00/SES009/SA009S24	SES148	-2.04627	-9.65972	-7.61345
BLOCK00/SES009/SA009S24	SES177	-0.41365	-8.0271	-7.61345
BLOCK00/SES009/SA009S24	SES292	-1.05131	-8.66476	-7.61345
BLOCK00/SES009/SA009S26	SES083	-2.08659	-9.53597	-7.44938
BLOCK00/SES009/SA009S26	SES101	-1.95045	-9.39983	-7.44938
BLOCK00/SES009/SA009S26	SES120	-0.567521	-8.0169	-7.44938
BLOCK00/SES009/SA009S26	SES177	-0.930435	-8.37981	-7.44938
BLOCK00/SES009/SA009S29	SES083	-1.57079	-9.14382	-7.57303
BLOCK00/SES009/SA009S29	SES101	-1.22447	-8.7975	-7.57303
BLOCK00/SES009/SA009S29	SES177	-0.28743	-7.86046	-7.57303
BLOCK00/SES009/SA009S29	SES292	-1.05776	-8.63079	-7.57303
BLOCK01/SES011/SA011S10	SES019	-3.72111	-12.7897	-9.06861
BLOCK01/SES011/SA011S10	SES042	1.08229	-7.98632	-9.06861
BLOCK01/SES011/SA011S10	SES082	-0.506286	-9.57489	-9.06861
BLOCK01/SES011/SA011S10	SES206	-0.00502777	-9.07364	-9.06861
BLOCK01/SES011/SA011S11	SES019	-2.66428	-11.2246	-8.56035
BLOCK01/SES011/SA011S11	SES042	0.50631	-8.05404	-8.56035
BLOCK01/SES011/SA011S11	SES082	-0.483768	-9.04412	-8.56035
BLOCK01/SES011/SA011S11	SES206	-0.824901	-9.38525	-8.56035
BLOCK01/SES011/SA011S22	SES019	-2.1285	-10.8911	-8.76264
BLOCK01/SES011/SA011S22	SES042	0.699098	-8.06354	-8.76264
BLOCK01/SES011/SA011S22	SES082	-0.706835	-9.46947	-8.76264
BLOCK01/SES011/SA011S22	SES206	-0.651407	-9.41405	-8.76264
BLOCK01/SES011/SA011S24	SES019	-2.57302	-10.7013	-8.12826
BLOCK01/SES011/SA011S24	SES042	1.12082	-7.00744	-8.12826
BLOCK01/SES011/SA011S24	SES104	-0.00790691	-8.13616	-8.12826
BLOCK01/SES011/SA011S24	SES206	-0.157256	-8.28551	-8.12826
BLOCK01/SES011/SA011S27	SES082	0.17479	-7.96011	-8.1349
BLOCK01/SES011/SA011S27	SES087	-1.42396	-9.55886	-8.1349
BLOCK01/SES011/SA011S27	SES125	-0.00568962	-8.14059	-8.1349
BLOCK01/SES011/SA011S27	SES206	-0.115316	-8.25022	-8.1349
BLOCK01/SES012/SA012S11	SES007	-0.0514169	-6.77026	-6.71885
BLOCK01/SES012/SA012S11	SES082	-0.568548	-7.28739	-6.71885
BLOCK01/SES012/SA012S11	SES083	-1.41106	-8.12991	-6.71885
BLOCK01/SES012/SA012S11	SES206	-0.810986	-7.52983	-6.71885
BLOCK01/SES012/SA012S14	SES082	-0.351999	-8.38971	-8.03771
BLOCK01/SES012/SA012S14	SES087	-1.3059	-9.34362	-8.03771
BLOCK01/SES012/SA012S14	SES206	-0.162232	-8.19995	-8.03771
BLOCK01/SES012/SA012S14	SES292	-0.611749	-8.64946	-8.03771
BLOCK01/SES012/SA012S24	SES082	-0.159824	-8.98043	-8.82061
BLOCK01/SES012/SA012S24	SES087	-1.15307	-9.97368	-8.82061
BLOCK01/SES012/SA012S24	SES120	-1.41592	-10.2365	-8.82061
BLOCK01/SES012/SA012S24	SES206	-0.65528	-9.47589	-8.82061
BLOCK01/SES012/SA012S26	SES019	-5.80702	-14.5106	-8.70356
BLOCK01/SES012/SA012S26	SES082	-1.32025	-10.0238	-8.70356
BLOCK01/SES012/SA012S26	SES206	0.509679	-8.19389	-8.70356
BLOCK01/SES012/SA012S26	SES292	-0.0460768	-8.74964	-8.70356
BLOCK01/SES012/SA012S29	SES062	-0.956147	-7.55451	-6.59836
BLOCK01/SES012/SA012S29	SES082	0.186922	-6.41144	-6.59836
BLOCK01/SES012/SA012S29	SES083	-1.7705	-8.36886	-6.59836
BLOCK01/SES012/SA012S29	SES206	0.142377	-6.45598	-6.59836
BLOCK01/SES013/SA013S16	SES062	-2.89927	-12.0959	-9.19662
BLOCK01/SES013/SA013S16	SES106	-0.822683	-10.0193	-9.19662
BLOCK01/SES013/SA013S16	SES206	-0.760494	-9.95712	-9.19662
BLOCK01/SES013/SA013S16	SES226	-0.386724	-9.58335	-9.19662
BLOCK01/SES013/SA013S17	SES062	-1.05927	-9.26152	-8.20225
BLOCK01/SES013/SA013S17	SES106	-1.38983	-9.59208	-8.20225
BLOCK01/SES013/SA013S17	SES206	-0.00413609	-8.20638	-8.20225
BLOCK01/SES013/SA013S17	SES226	-0.152922	-8.35517	-8.20225
BLOCK01/SES013/SA013S23	SES104	-0.42581	-9.60479	-9.17898
BLOCK01/SES013/SA013S23	SES106	-0.092186	-9.27117	-9.17898
BLOCK01/SES013/SA013S23	SES206	-1.28755	-10.4665	-9.17898
BLOCK01/SES013/SA013S23	SES270	-0.388256	-9.56724	-9.17898
BLOCK01/SES013/SA013S25	SES042	-1.87981	-10.5587	-8.67887
BLOCK01/SES013/SA013S25	SES104	0.0289259	-8.64994	-8.67887
BLOCK01/SES013/SA013S25	SES106	0.236561	-8.4423	-8.67887
BLOCK01/SES013/SA013S25	SES206	-1.17605	-9.85492	-8.67887
BLOCK01/SES013/SA013S29	SES062	-2.3797	-11.3641	-8.9844
BLOCK01/SES013/SA013S29	SES104	-0.582906	-9.5673	-8.9844
BLOCK01/SES013/SA013S29	SES106	-0.348156	-9.33255	-8.9844
BLOCK01/SES013/SA013S29	SES206	-1.37452	-10.3589	-8.9844
BLOCK02/SES021/SA021S13	SES016	-2.21074	-9.88549	-7.67475
BLOCK02/SES021/SA021S13	SES029	-0.948788	-8.62354	-7.67475
BLOCK02/SES021/SA021S13	SES087	-2.06214	-9.73689	-7.67475
BLOCK02/SES021/SA021S13	SES206	-1.68195	-9.3567	-7.67475
BLOCK02/SES021/SA021S15	SES087	-0.688199	-8.14956	-7.46136
BLOCK02/SES021/SA021S15	SES125	-1.04617	-8.50753	-7.46136
BLOCK02/SES021/SA021S15	SES206	-1.09756	-8.55892	-7.46136
BLOCK02/SES021/SA021S15	SES226	-1.27796	-8.73932	-7.46136
BLOCK02/SES021/SA021S23	SES062	-2.4159	-11.0714	-8.65548
BLOCK02/SES021/SA021S23	SES087	-0.903706	-9.55918	-8.65548
BLOCK02/SES021/SA021S23	SES206	-1.01448	-9.66996	-8.65548
BLOCK02/SES021/SA021S23	SES226	-1.10979	-9.76527	-8.65548
BLOCK02/SES021/SA021S27	SES002	-0.814372	-8.11801	-7.30363
BLOCK02/SES021/SA021S27	SES016	-3.59573	-10.8994	-7.30363
BLOCK02/SES021/SA021S27	SES019	-1.30868	-8.61232	-7.30363
BLOCK02/SES021/SA021S27	SES062	-0.94586	-8.24949	-7.30363
BLOCK02/SES021/SA021S29	SES087	-0.998586	-9.14302	-8.14444
BLOCK02/SES021/SA021S29	SES125	-1.53686	-9.6813	-8.14444
BLOCK02/SES021/SA021S29	SES206	-0.231733	-8.37617	-8.14444
BLOCK02/SES021/SA021S29	SES226	-0.834154	-8.97859	-8.14444
BLOCK04/SES043/SA043S09	SES083	-0.194188	-8.44031	-8.24613
BLOCK04/SES043/SA043S09	SES101	-0.64105	-8.88718	-8.24613
BLOCK04/SES043/SA043S09	SES144	-0.237948	-8.48407	-8.24613
BLOCK04/SES043/SA043S09	SES172	-1.35806	-9.60419	-8.24613
BLOCK04/SES043/SA043S11	SES083	-0.177368	-7.2115	-7.03413
BLOCK04/SES043/SA043S11	SES101	-0.643118	-7.67725	-7.03413
BLOCK04/SES043/SA043S11	SES144	-0.0268517	-7.06099	-7.03413
BLOCK04/SES043/SA043S11	SES172	-0.885993	-7.92013	-7.03413
BLOCK04/SES043/SA043S23	SES083	-0.383184	-8.10883	-7.72565
BLOCK04/SES043/SA043S23	SES144	-0.118298	-7.84394	-7.72565
BLOCK04/SES043/SA043S23	SES177	-0.582057	-8.3077	-7.72565
BLOCK04/SES043/SA043S23	SES275	-0.733191	-8.45884	-7.72565
BLOCK04/SES043/SA043S26	SES083	-0.696103	-9.40457	-8.70847
BLOCK04/SES043/SA043S26	SES101	-0.754219	-9.46269	-8.70847
BLOCK04/SES043/SA043S26	SES144	-0.306387	-9.01485	-8.70847
BLOCK04/SES043/SA043S26	SES177	-0.840993	-9.54946	-8.70847
BLOCK04/SES043/SA043S28	SES016	-1.93925	-9.56357	-7.62432
BLOCK04/SES043/SA043S28	SES083	-0.641329	-8.26565	-7.62432
BLOCK04/SES043/SA043S28	SES101	-0.510009	-8.13433	-7.62432
BLOCK04/SES043/SA043S28	SES144	-0.63483	-8.25915	-7.62432
BLOCK04/SES044/SA044S10	SES127	-1.71909	-10.6445	-8.92545
BLOCK04/SES044/SA044S10	SES144	0.282913	-8.64253	-8.92545
BLOCK04/SES044/SA044S10	SES147	-3.26956	-12.195	-8.92545
BLOCK04/SES044/SA044S10	SES148	-2.07269	-10.9981	-8.92545
BLOCK04/SES044/SA044S11	SES101	-0.496132	-8.22815	-7.73202
BLOCK04/SES044/SA044S11	SES144	-0.00323534	-7.73526	-7.73202
BLOCK04/SES044/SA044S11	SES147	-1.66082	-9.39284	-7.73202
BLOCK04/SES044/SA044S11	SES177	-0.900966	-8.63299	-7.73202
BLOCK04/SES044/SA044S24	SES007	-1.88336	-9.85186	-7.9685
BLOCK04/SES044/SA044S24	SES101	-0.126756	-8.09526	-7.9685
BLOCK04/SES044/SA044S24	SES147	-1.7116	-9.6801	-7.9685
BLOCK04/SES044/SA044S24	SES177	-0.205879	-8.17438	-7.9685
BLOCK04/SES044/SA044S26	SES007	-1.22719	-8.59227	-7.36508
BLOCK04/SES044/SA044S26	SES016	-0.646324	-8.01141	-7.36508
BLOCK04/SES044/SA044S26	SES101	-0.0665183	-7.4316	-7.36508
BLOCK04/SES044/SA044S26	SES147	-0.549214	-7.9143	-7.36508
BLOCK04/SES044/SA044S29	SES007	-1.7897	-9.05922	-7.26951
BLOCK04/SES044/SA044S29	SES101	-0.0927663	-7.36228	-7.26951
BLOCK04/SES044/SA044S29	SES147	-0.710329	-7.97984	-7.26951
BLOCK04/SES044/SA044S29	SES177	-2.25173	-9.52124	-7.26951
BLOCK04/SES046/SA046S13	SES101	-0.650151	-9.45399	-8.80384
BLOCK04/SES046/SA046S13	SES144	-0.129942	-8.93378	-8.80384
BLOCK04/SES046/SA046S13	SES147	-1.89684	-10.7007	-8.80384
BLOCK04/SES046/SA046S13	SES177	-1.21459	-10.0184	-8.80384
BLOCK04/SES046/SA046S15	SES048	-0.511904	-6.73465	-6.22274
BLOCK04/SES046/SA046S15	SES083	-1.16059	-7.38333	-6.22274
BLOCK04/SES046/SA046S15	SES120	-2.48197	-8.70471	-6.22274
BLOCK04/SES046/SA046S15	SES148	-0.9477	-7.17044	-6.22274
BLOCK04/SES046/SA046S22	SES101	-0.351904	-8.42721	-8.07531
BLOCK04/SES046/SA046S22	SES144	-0.0513	-8.12661	-8.07531
BLOCK04/SES046/SA046S22	SES147	-1.65036	-9.72567	-8.07531
BLOCK04/SES046/SA046S22	SES172	-0.121243	-8.19655	-8.07531
BLOCK04/SES046/SA046S25	SES083	-0.74528	-8.00216	-7.25688
BLOCK04/SES046/SA046S25	SES127	-1.26808	-8.52496	-7.25688
BLOCK04/SES046/SA046S25	SES144	-0.584373	-7.84125	-7.25688
BLOCK04/SES046/SA046S25	SES148	-1.31581	-8.57269	-7.25688
BLOCK04/SES046/SA046S28	SES007	-1.31408	-8.68022	-7.36613
BLOCK04/SES046/SA046S28	SES105	-1.1208	-8.48694	-7.36613
BLOCK04/SES046/SA046S28	SES147	-1.14839	-8.51452	-7.36613
BLOCK04/SES046/SA046S28	SES148	-1.5234	-8.88953	-7.36613
BLOCK04/SES049/SA049S16	SES104	-0.598431	-10.0182	-9.41979
BLOCK04/SES049/SA049S16	SES106	-1.74395	-11.1637	-9.41979
BLOCK04/SES049/SA049S16	SES120	-1.04577	-10.4656	-9.41979
BLOCK04/SES049/SA049S16	SES206	-1.19251	-10.6123	-9.41979
BLOCK04/SES049/SA049S18	SES099	0.275775	-8.56325	-8.83903
BLOCK04/SES049/SA049S18	SES104	-1.09604	-9.93506	-8.83903
BLOCK04/SES049/SA049S18	SES125	-1.36454	-10.2036	-8.83903
BLOCK04/SES049/SA049S18	SES206	-2.00845	-10.8475	-8.83903
BLOCK04/SES049/SA049S25	SES087	-0.994417	-11.1896	-10.1952
BLOCK04/SES049/SA049S25	SES104	0.0236959	-10.1715	-10.1952
BLOCK04/SES049/SA049S25	SES125	-0.478134	-10.6733	-10.1952
BLOCK04/SES049/SA049S25	SES206	-0.165087	-10.3603	-10.1952
BLOCK04/SES049/SA049S27	SES099	-0.597729	-8.72282	-8.12509
BLOCK04/SES049/SA049S27	SES104	0.00272274	-8.12236	-8.12509
BLOCK04/SES049/SA049S27	SES125	-1.19753	-9.32261	-8.12509
BLOCK04/SES049/SA049S27	SES206	-1.41569	-9.54078	-8.12509
BLOCK04/SES049/SA049S29	SES099	-0.322117	-8.07038	-7.74826
BLOCK04/SES049/SA049S29	SES104	0.084208	-7.66405	-7.74826
BLOCK04/SES049/SA049S29	SES125	-0.485524	-8.23379	-7.74826
BLOCK04/SES049/SA049S29	SES206	-1.15687	-8.90513	-7.74826
BLOCK06/SES063/SA063S09	SES068	-2.51203	-11.576	-9.06397
BLOCK06/SES063/SA063S09	SES083	-0.74603	-9.81	-9.06397
BLOCK06/SES063/SA063S09	SES177	-0.793156	-9.85712	-9.06397
BLOCK06/SES063/SA063S09	SES187	-1.00654	-10.0705	-9.06397
BLOCK06/SES063/SA063S10	SES068	-1.91093	-10.8054	-8.89449
BLOCK06/SES063/SA063S10	SES083	-0.516082	-9.41057	-8.89449
BLOCK06/SES063/SA063S10	SES172	-0.52701	-9.4215	-8.89449
BLOCK06/SES063/SA063S10	SES187	-0.58388	-9.47837	-8.89449
BLOCK06/SES063/SA063S20	SES068	-2.9611	-11.7176	-8.75648
BLOCK06/SES063/SA063S20	SES083	-0.969579	-9.72606	-8.75648
BLOCK06/SES063/SA063S20	SES172	-0.824294	-9.58078	-8.75648
BLOCK06/SES063/SA063S20	SES187	-0.832291	-9.58877	-8.75648
BLOCK06/SES063/SA063S24	SES029	-1.28009	-11.0333	-9.75321
BLOCK06/SES063/SA063S24	SES083	-0.565005	-10.3182	-9.75321
BLOCK06/SES063/SA063S24	SES177	-0.28793	-10.0411	-9.75321
BLOCK06/SES063/SA063S24	SES189	0.801482	-8.95173	-9.75321
BLOCK06/SES063/SA063S27	SES083	-0.558755	-8.97674	-8.41799
BLOCK06/SES063/SA063S27	SES172	-1.69966	-10.1177	-8.41799
BLOCK06/SES063/SA063S27	SES187	-0.957612	-9.3756	-8.41799
BLOCK06/SES063/SA063S27	SES292	-1.65222	-10.0702	-8.41799
BLOCK06/SES067/SA067S12	SES083	-0.713901	-7.99842	-7.28452
BLOCK06/SES067/SA067S12	SES172	-1.37168	-8.6562	-7.28452
BLOCK06/SES067/SA067S12	SES202	-0.635111	-7.91963	-7.28452
BLOCK06/SES067/SA067S12	SES292	-0.960789	-8.24531	-7.28452
BLOCK06/SES067/SA067S14	SES085	-1.22534	-7.24173	-6.01639
BLOCK06/SES067/SA067S14	SES177	-1.60792	-7.62431	-6.01639
BLOCK06/SES067/SA067S14	SES183	0.0881767	-5.92822	-6.01639
BLOCK06/SES067/SA067S14	SES202	-0.268143	-6.28454	-6.01639
BLOCK06/SES067/SA067S21	SES144	-0.819267	-8.53388	-7.71462
BLOCK06/SES067/SA067S21	SES177	-1.49006	-9.20467	-7.71462
BLOCK06/SES067/SA067S21	SES183	-1.24321	-8.95783	-7.71462
BLOCK06/SES067/SA067S21	SES189	-1.21496	-8.92957	-7.71462
BLOCK06/SES067/SA067S25	SES085	-2.1715	-9.21599	-7.04449
BLOCK06/SES067/SA067S25	SES177	-0.864757	-7.90925	-7.04449
BLOCK06/SES067/SA067S25	SES183	-0.634552	-7.67905	-7.04449
BLOCK06/SES067/SA067S25	SES202	-1.56274	-8.60724	-7.04449
BLOCK06/SES067/SA067S29	SES085	-2.06806	-10.3324	-8.26438
BLOCK06/SES067/SA067S29	SES177	-1.73666	-10.001	-8.26438
BLOCK06/SES067/SA067S29	SES183	-0.921725	-9.1861	-8.26438
BLOCK06/SES067/SA067S29	SES202	-0.0252008	-8.28958	-8.26438
BLOCK06/SES069/SA069S12	SES029	-1.27327	-8.75206	-7.47879
BLOCK06/SES069/SA069S12	SES082	-0.762875	-8.24166	-7.47879
BLOCK06/SES069/SA069S12	SES087	-0.981268	-8.46005	-7.47879
BLOCK06/SES069/SA069S12	SES206	-0.264167	-7.74295	-7.47879
BLOCK06/SES069/SA069S13	SES029	-1.8103	-9.37634	-7.56604
BLOCK06/SES069/SA069S13	SES087	-1.17314	-8.73919	-7.56604
BLOCK06/SES069/SA069S13	SES206	-0.894128	-8.46017	-7.56604
BLOCK06/SES069/SA069S13	SES226	0.493663	-7.07238	-7.56604
BLOCK06/SES069/SA069S23	SES029	-0.243292	-7.06362	-6.82033
BLOCK06/SES069/SA069S23	SES087	-0.0643673	-6.8847	-6.82033
BLOCK06/SES069/SA069S23	SES206	-1.20128	-8.02161	-6.82033
BLOCK06/SES069/SA069S23	SES226	0.0987029	-6.72163	-6.82033
BLOCK06/SES069/SA069S25	SES087	-0.475061	-8.05389	-7.57883
BLOCK06/SES069/SA069S25	SES206	-1.16947	-8.7483	-7.57883
BLOCK06/SES069/SA069S25	SES226	0.33758	-7.24125	-7.57883
BLOCK06/SES069/SA069S25	SES270	-0.710674	-8.2895	-7.57883
BLOCK06/SES069/SA069S27	SES087	-1.23652	-9.22877	-7.99226
BLOCK06/SES069/SA069S27	SES206	-0.516024	-8.50828	-7.99226
BLOCK06/SES069/SA069S27	SES226	0.434717	-7.55754	-7.99226
BLOCK06/SES069/SA069S27	SES270	-0.755083	-8.74734	-7.99226
BLOCK08/SES081/SA081S11	SES060	-1.46802	-9.46483	-7.99681
BLOCK08/SES081/SA081S11	SES062	-0.511928	-8.50874	-7.99681
BLOCK08/SES081/SA081S11	SES117	-1.89771	-9.89452	-7.99681
BLOCK08/SES081/SA081S11	SES162	-1.43612	-9.43293	-7.99681
BLOCK08/SES081/SA081S13	SES016	-0.399207	-7.41339	-7.01418
BLOCK08/SES081/SA081S13	SES060	-0.198654	-7.21284	-7.01418
BLOCK08/SES081/SA081S13	SES068	-0.265211	-7.2794	-7.01418
BLOCK08/SES081/SA081S13	SES129	-1.8475	-8.86168	-7.01418
BLOCK08/SES081/SA081S24	SES060	-0.307565	-7.74766	-7.44009
BLOCK08/SES081/SA081S24	SES068	-0.516409	-7.9565	-7.44009
BLOCK08/SES081/SA081S24	SES117	-1.53989	-8.97998	-7.44009
BLOCK08/SES081/SA081S24	SES275	-1.01505	-8.45514	-7.44009
BLOCK08/SES081/SA081S27	SES007	-0.109881	-8.34973	-8.23985
BLOCK08/SES081/SA081S27	SES060	-0.841295	-9.08114	-8.23985
BLOCK08/SES081/SA081S27	SES117	-0.792542	-9.03239	-8.23985
BLOCK08/SES081/SA081S27	SES275	-1.63041	-9.87025	-8.23985
BLOCK08/SES081/SA081S29	SES007	-0.198234	-8.91817	-8.71994
BLOCK08/SES081/SA081S29	SES060	-0.155218	-8.87516	-8.71994
BLOCK08/SES081/SA081S29	SES117	-0.564284	-9.28423	-8.71994
BLOCK08/SES081/SA081S29	SES275	-1.63959	-10.3595	-8.71994
BLOCK08/SES086/SA086S11	SES029	-2.12826	-11.8032	-9.67495
BLOCK08/SES086/SA086S11	SES082	-1.79862	-11.4736	-9.67495
BLOCK08/SES086/SA086S11	SES087	0.109794	-9.56516	-9.67495
BLOCK08/SES086/SA086S11	SES206	-1.25848	-10.9334	-9.67495
BLOCK08/SES086/SA086S12	SES029	-1.75359	-10.485	-8.73136
BLOCK08/SES086/SA086S12	SES082	-1.40841	-10.1398	-8.73136
BLOCK08/SES086/SA086S12	SES087	0.769342	-7.96202	-8.73136
BLOCK08/SES086/SA086S12	SES206	-0.527843	-9.2592	-8.73136
BLOCK08/SES086/SA086S20	SES029	-1.7593	-10.0846	-8.32527
BLOCK08/SES086/SA086S20	SES082	-0.917082	-9.24235	-8.32527
BLOCK08/SES086/SA086S20	SES087	0.162306	-8.16296	-8.32527
BLOCK08/SES086/SA086S20	SES206	-0.492586	-8.81785	-8.32527
BLOCK08/SES086/SA086S24	SES087	0.27035	-9.24	-9.51035
BLOCK08/SES086/SA086S24	SES104	-0.908363	-10.4187	-9.51035
BLOCK08/SES086/SA086S24	SES120	-0.464089	-9.97444	-9.51035
BLOCK08/SES086/SA086S24	SES206	0.158286	-9.35206	-9.51035
BLOCK08/SES086/SA086S28	SES029	-2.01297	-10.0725	-8.05952
BLOCK08/SES086/SA086S28	SES082	-1.46238	-9.5219	-8.05952
BLOCK08/SES086/SA086S28	SES087	0.408958	-7.65056	-8.05952
BLOCK08/SES086/SA086S28	SES206	-0.159392	-8.21891	-8.05952
BLOCK08/SES089/SA089S13	SES087	-0.76449	-9.67769	-8.9132
BLOCK08/SES089/SA089S13	SES206	-1.25958	-10.1728	-8.9132
BLOCK08/SES089/SA089S13	SES226	-0.606849	-9.52005	-8.9132
BLOCK08/SES089/SA089S13	SES270	-1.44908	-10.3623	-8.9132
BLOCK08/SES089/SA089S14	SES062	-1.42253	-9.67847	-8.25594
BLOCK08/SES089/SA089S14	SES087	-0.0739594	-8.3299	-8.25594
BLOCK08/SES089/SA089S14	SES206	-1.14668	-9.40262	-8.25594
BLOCK08/SES089/SA089S14	SES226	-1.24902	-9.50496	-8.25594
BLOCK08/SES089/SA089S23	SES087	-0.0584717	-10.3579	-10.2994
BLOCK08/SES089/SA089S23	SES206	-1.47567	-11.775	-10.2994
BLOCK08/SES089/SA089S23	SES226	-0.72438	-11.0238	-10.2994
BLOCK08/SES089/SA089S23	SES270	-2.89799	-13.1974	-10.2994
BLOCK08/SES089/SA089S25	SES062	-0.419382	-9.33517	-8.91579
BLOCK08/SES089/SA089S25	SES087	-0.0829649	-8.99875	-8.91579
BLOCK08/SES089/SA089S25	SES206	-1.23269	-10.1485	-8.91579
BLOCK08/SES089/SA089S25	SES226	-0.735746	-9.65153	-8.91579
BLOCK08/SES089/SA089S28	SES062	-0.289165	-8.87004	-8.58088
BLOCK08/SES089/SA089S28	SES087	0.119317	-8.46156	-8.58088
BLOCK08/SES089/SA089S28	SES206	-1.01576	-9.59664	-8.58088
BLOCK08/SES089/SA089S28	SES226	-0.519521	-9.1004	-8.58088
BLOCK09/SES097/SA097S11	SES099	0.0837231	-9.3161	-9.39982
BLOCK09/SES097/SA097S11	SES125	-1.39822	-10.798	-9.39982
BLOCK09/SES097/SA097S11	SES206	-0.69373	-10.0936	-9.39982
BLOCK09/SES097/SA097S11	SES226	1.17595	-8.22387	-9.39982
BLOCK09/SES097/SA097S14	SES062	-1.71552	-10.3143	-8.59873
BLOCK09/SES097/SA097S14	SES099	-0.50686	-9.10559	-8.59873
BLOCK09/SES097/SA097S14	SES104	-0.591619	-9.19035	-8.59873
BLOCK09/SES097/SA097S14	SES206	-1.35315	-9.95188	-8.59873
BLOCK09/SES097/SA097S22	SES099	0.564531	-8.51796	-9.0825
BLOCK09/SES097/SA097S22	SES206	-0.983842	-10.0663	-9.0825
BLOCK09/SES097/SA097S22	SES226	-0.418107	-9.5006	-9.0825
BLOCK09/SES097/SA097S22	SES270	-0.555555	-9.63805	-9.0825
BLOCK09/SES097/SA097S26	SES099	1.07347	-8.3991	-9.47257
BLOCK09/SES097/SA097S26	SES120	-0.296185	-9.76876	-9.47257
BLOCK09/SES097/SA097S26	SES206	-1.07581	-10.5484	-9.47257
BLOCK09/SES097/SA097S26	SES226	0.317039	-9.15553	-9.47257
BLOCK09/SES097/SA097S28	SES099	0.323936	-7.80417	-8.1281
BLOCK09/SES097/SA097S28	SES120	-0.609369	-8.73747	-8.1281
BLOCK09/SES097/SA097S28	SES206	-1.17299	-9.3011	-8.1281
BLOCK09/SES097/SA097S28	SES226	-0.508563	-8.63667	-8.1281
BLOCK09/SES098/SA098S11	SES127	-1.09999	-8.13029	-7.0303
BLOCK09/SES098/SA098S11	SES144	-0.854993	-7.88529	-7.0303
BLOCK09/SES098/SA098S11	SES147	-0.604085	-7.63438	-7.0303
BLOCK09/SES098/SA098S11	SES148	-2.18337	-9.21366	-7.0303
BLOCK09/SES098/SA098S12	SES127	-2.06343	-10.606	-8.54254
BLOCK09/SES098/SA098S12	SES144	-1.92147	-10.464	-8.54254
BLOCK09/SES098/SA098S12	SES147	-1.64983	-10.1924	-8.54254
BLOCK09/SES098/SA098S12	SES189	-1.4565	-9.99903	-8.54254
BLOCK09/SES098/SA098S20	SES127	-2.71549	-10.9384	-8.2229
BLOCK09/SES098/SA098S20	SES147	-1.62463	-9.84752	-8.2229
BLOCK09/SES098/SA098S20	SES148	-3.27721	-11.5001	-8.2229
BLOCK09/SES098/SA098S20	SES292	-1.30534	-9.52824	-8.2229
BLOCK09/SES098/SA098S23	SES127	-1.6602	-9.51029	-7.85009
BLOCK09/SES098/SA098S23	SES147	-1.29155	-9.14164	-7.85009
BLOCK09/SES098/SA098S23	SES187	-1.06707	-8.91716	-7.85009
BLOCK09/SES098/SA098S23	SES292	-0.985624	-8.83571	-7.85009
BLOCK09/SES098/SA098S27	SES127	-1.99222	-10.1557	-8.16352
BLOCK09/SES098/SA098S27	SES147	-1.35264	-9.51616	-8.16352
BLOCK09/SES098/SA098S27	SES148	-2.51134	-10.6749	-8.16352
BLOCK09/SES098/SA098S27	SES292	-0.371816	-8.53533	-8.16352
BLOCK10/SES102/SA102S13	SES101	-0.530827	-9.45441	-8.92359
BLOCK10/SES102/SA102S13	SES105	-1.21371	-10.1373	-8.92359
BLOCK10/SES102/SA102S13	SES120	-2.59817	-11.5218	-8.92359
BLOCK10/SES102/SA102S13	SES158	-2.31355	-11.2371	-8.92359
BLOCK10/SES102/SA102S14	SES007	-0.0535965	-6.15446	-6.10087
BLOCK10/SES102/SA102S14	SES101	-1.00342	-7.10429	-6.10087
BLOCK10/SES102/SA102S14	SES105	-1.02875	-7.12962	-6.10087
BLOCK10/SES102/SA102S14	SES147	-2.32916	-8.43002	-6.10087
BLOCK10/SES102/SA102S22	SES007	-1.41061	-8.40981	-6.9992
BLOCK10/SES102/SA102S22	SES101	-0.695953	-7.69515	-6.9992
BLOCK10/SES102/SA102S22	SES105	-1.08518	-8.08438	-6.9992
BLOCK10/SES102/SA102S22	SES158	-2.29052	-9.28972	-6.9992
BLOCK10/SES102/SA102S25	SES007	-0.224716	-7.37004	-7.14533
BLOCK10/SES102/SA102S25	SES101	-0.228768	-7.3741	-7.14533
BLOCK10/SES102/SA102S25	SES105	-1.36024	-8.50557	-7.14533
BLOCK10/SES102/SA102S25	SES147	-2.19632	-9.34165	-7.14533
BLOCK10/SES102/SA102S27	SES007	-0.599223	-7.98118	-7.38196
BLOCK10/SES102/SA102S27	SES101	0.00913239	-7.37283	-7.38196
BLOCK10/SES102/SA102S27	SES105	-1.80461	-9.18657	-7.38196
BLOCK10/SES102/SA102S27	SES147	-2.31086	-9.69282	-7.38196
BLOCK10/SES103/SA103S14	SES105	-1.88394	-10.5492	-8.66522
BLOCK10/SES103/SA103S14	SES106	-1.38732	-10.0525	-8.66522
BLOCK10/SES103/SA103S14	SES120	-2.01713	-10.6823	-8.66522
BLOCK10/SES103/SA103S14	SES206	-1.78537	-10.4506	-8.66522
BLOCK10/SES103/SA103S15	SES099	-1.58381	-11.5118	-9.92802
BLOCK10/SES103/SA103S15	SES101	-2.99178	-12.9198	-9.92802
BLOCK10/SES103/SA103S15	SES104	-0.609335	-10.5374	-9.92802
BLOCK10/SES103/SA103S15	SES125	-1.71533	-11.6434	-9.92802
BLOCK10/SES103/SA103S24	SES104	-0.967794	-9.61913	-8.65134
BLOCK10/SES103/SA103S24	SES125	-2.52705	-11.1784	-8.65134
BLOCK10/SES103/SA103S24	SES148	-1.92906	-10.5804	-8.65134
BLOCK10/SES103/SA103S24	SES158	-1.45391	-10.1053	-8.65134
BLOCK10/SES103/SA103S26	SES104	-0.728624	-9.16945	-8.44083
BLOCK10/SES103/SA103S26	SES106	-1.37402	-9.81485	-8.44083
BLOCK10/SES103/SA103S26	SES125	-1.11193	-9.55276	-8.44083
BLOCK10/SES103/SA103S26	SES148	-2.13229	-10.5731	-8.44083
BLOCK10/SES103/SA103S28	SES104	-0.408252	-9.19156	-8.78331
BLOCK10/SES103/SA103S28	SES106	-1.22186	-10.0052	-8.78331
BLOCK10/SES103/SA103S28	SES125	-2.02328	-10.8066	-8.78331
BLOCK10/SES103/SA103S28	SES206	-1.911	-10.6943	-8.78331
BLOCK12/SES121/SA121S12	SES042	-1.15081	-9.87221	-8.7214
BLOCK12/SES121/SA121S12	SES087	-1.24261	-9.96401	-8.7214
BLOCK12/SES121/SA121S12	SES105	-0.450058	-9.17146	-8.7214
BLOCK12/SES121/SA121S12	SES206	-0.479722	-9.20112	-8.7214
BLOCK12/SES121/SA121S14	SES007	-2.19913	-12.9194	-10.7203
BLOCK12/SES121/SA121S14	SES105	-2.58142	-13.3017	-10.7203
BLOCK12/SES121/SA121S14	SES106	-1.0027	-11.723	-10.7203
BLOCK12/SES121/SA121S14	SES206	-1.15129	-11.8716	-10.7203
BLOCK12/SES121/SA121S23	SES105	-1.89023	-12.0948	-10.2045
BLOCK12/SES121/SA121S23	SES106	-0.899916	-11.1045	-10.2045
BLOCK12/SES121/SA121S23	SES120	-1.7109	-11.9154	-10.2045
BLOCK12/SES121/SA121S23	SES206	-0.114658	-10.3192	-10.2045
BLOCK12/SES121/SA121S25	SES007	-1.29128	-12.1258	-10.8345
BLOCK12/SES121/SA121S25	SES105	-2.52461	-13.3591	-10.8345
BLOCK12/SES121/SA121S25	SES106	-0.353552	-11.1881	-10.8345
BLOCK12/SES121/SA121S25	SES206	-0.904817	-11.7394	-10.8345
BLOCK12/SES121/SA121S27	SES087	0.912722	-9.74786	-10.6606
BLOCK12/SES121/SA121S27	SES105	-2.88323	-13.5438	-10.6606
BLOCK12/SES121/SA121S27	SES120	0.264072	-10.3965	-10.6606
BLOCK12/SES121/SA121S27	SES206	-0.134925	-10.7955	-10.6606
BLOCK12/SES124/SA124S16	SES042	0.227697	-6.81981	-7.04751
BLOCK12/SES124/SA124S16	SES082	-0.353789	-7.4013	-7.04751
BLOCK12/SES124/SA124S16	SES183	-1.14563	-8.19314	-7.04751
BLOCK12/SES124/SA124S16	SES206	-0.586399	-7.63391	-7.04751
BLOCK12/SES124/SA124S17	SES105	-1.15759	-9.49866	-8.34107
BLOCK12/SES124/SA124S17	SES149	-0.7178	-9.05887	-8.34107
BLOCK12/SES124/SA124S17	SES158	-1.54133	-9.8824	-8.34107
BLOCK12/SES124/SA124S17	SES275	-0.98769	-9.32876	-8.34107
BLOCK12/SES124/SA124S23	SES105	-1.85728	-8.45593	-6.59865
BLOCK12/SES124/SA124S23	SES125	0.580996	-6.01765	-6.59865
BLOCK12/SES124/SA124S23	SES129	-2.01314	-8.61179	-6.59865
BLOCK12/SES124/SA124S23	SES158	-1.36223	-7.96088	-6.59865
BLOCK12/SES124/SA124S26	SES105	-1.80912	-9.74739	-7.93827
BLOCK12/SES124/SA124S26	SES125	-0.202255	-8.14053	-7.93827
BLOCK12/SES124/SA124S26	SES129	-1.85958	-9.79785	-7.93827
BLOCK12/SES124/SA124S26	SES158	-0.725997	-8.66427	-7.93827
BLOCK12/SES124/SA124S28	SES104	-0.500743	-7.46267	-6.96192
BLOCK12/SES124/SA124S28	SES106	-0.876641	-7.83857	-6.96192
BLOCK12/SES124/SA124S28	SES125	-0.0410519	-7.00298	-6.96192
BLOCK12/SES124/SA124S28	SES275	-1.22185	-8.18377	-6.96192
BLOCK12/SES126/SA126S13	SES007	-0.723871	-8.56853	-7.84466
BLOCK12/SES126/SA126S13	SES162	-1.18246	-9.02712	-7.84466
BLOCK12/SES126/SA126S13	SES177	-0.530739	-8.3754	-7.84466
BLOCK12/SES126/SA126S13	SES180	-1.3159	-9.16057	-7.84466
BLOCK12/SES126/SA126S14	SES144	-0.499444	-7.79215	-7.2927
BLOCK12/SES126/SA126S14	SES148	-1.47561	-8.76831	-7.2927
BLOCK12/SES126/SA126S14	SES177	-0.70043	-7.99313	-7.2927
BLOCK12/SES126/SA126S14	SES180	-1.17343	-8.46614	-7.2927
BLOCK12/SES126/SA126S20	SES007	-0.649347	-7.40143	-6.75208
BLOCK12/SES126/SA126S20	SES162	-1.22765	-7.97973	-6.75208
BLOCK12/SES126/SA126S20	SES172	-1.17966	-7.93174	-6.75208
BLOCK12/SES126/SA126S20	SES180	-1.03904	-7.79112	-6.75208
BLOCK12/SES126/SA126S24	SES120	-0.160223	-7.31144	-7.15121
BLOCK12/SES126/SA126S24	SES162	-1.08256	-8.23377	-7.15121
BLOCK12/SES126/SA126S24	SES177	-0.271216	-7.42243	-7.15121
BLOCK12/SES126/SA126S24	SES180	-0.630664	-7.78188	-7.15121
BLOCK12/SES126/SA126S26	SES120	0.419502	-7.3442	-7.7637
BLOCK12/SES126/SA126S26	SES177	-0.645917	-8.40962	-7.7637
BLOCK12/SES126/SA126S26	SES180	-0.400284	-8.16399	-7.7637
BLOCK12/SES126/SA126S26	SES202	-0.577516	-8.34122	-7.7637
BLOCK12/SES128/SA128S10	SES087	-1.69144	-9.89676	-8.20532
BLOCK12/SES128/SA128S10	SES206	-0.622513	-8.82783	-8.20532
BLOCK12/SES128/SA128S10	SES226	-0.0968676	-8.30219	-8.20532
BLOCK12/SES128/SA128S10	SES270	-0.369745	-8.57506	-8.20532
BLOCK12/SES128/SA128S12	SES120	-0.151522	-8.28423	-8.13271
BLOCK12/SES128/SA128S12	SES158	-0.315054	-8.44777	-8.13271
BLOCK12/SES128/SA128S12	SES206	0.115741	-8.01697	-8.13271
BLOCK12/SES128/SA128S12	SES226	-1.36823	-9.50094	-8.13271
BLOCK12/SES128/SA128S21	SES106	-0.92339	-8.97815	-8.05476
BLOCK12/SES128/SA128S21	SES120	-0.63521	-8.68997	-8.05476
BLOCK12/SES128/SA128S21	SES206	-0.344532	-8.3993	-8.05476
BLOCK12/SES128/SA128S21	SES226	0.462973	-7.59179	-8.05476
BLOCK12/SES128/SA128S24	SES087	-0.938377	-9.68376	-8.74539
BLOCK12/SES128/SA128S24	SES120	-0.110217	-8.8556	-8.74539
BLOCK12/SES128/SA128S24	SES206	0.0139637	-8.73142	-8.74539
BLOCK12/SES128/SA128S24	SES226	-0.913193	-9.65858	-8.74539
BLOCK12/SES128/SA128S27	SES099	0.271419	-7.23699	-7.50841
BLOCK12/SES128/SA128S27	SES120	0.212234	-7.29617	-7.50841
BLOCK12/SES128/SA128S27	SES206	-0.527603	-8.03601	-7.50841
BLOCK12/SES128/SA128S27	SES226	-0.626666	-8.13507	-7.50841
BLOCK13/SES130/SA130S13	SES143	-0.782376	-9.71493	-8.93255
BLOCK13/SES130/SA130S13	SES144	0.0873127	-8.84524	-8.93255
BLOCK13/SES130/SA130S13	SES146	-1.50989	-10.4424	-8.93255
BLOCK13/SES130/SA130S13	SES275	-2.21992	-11.1525	-8.93255
BLOCK13/SES130/SA130S15	SES143	-1.02601	-8.24232	-7.2163
BLOCK13/SES130/SA130S15	SES144	0.14557	-7.07073	-7.2163
BLOCK13/SES130/SA130S15	SES146	-0.494028	-7.71033	-7.2163
BLOCK13/SES130/SA130S15	SES275	-0.968548	-8.18485	-7.2163
BLOCK13/SES130/SA130S23	SES127	-0.877681	-9.0453	-8.16762
BLOCK13/SES130/SA130S23	SES144	-0.103866	-8.27148	-8.16762
BLOCK13/SES130/SA130S23	SES146	-0.411751	-8.57937	-8.16762
BLOCK13/SES130/SA130S23	SES162	-0.857806	-9.02542	-8.16762
BLOCK13/SES130/SA130S25	SES127	-0.906233	-7.49373	-6.5875
BLOCK13/SES130/SA130S25	SES144	-0.371918	-6.95941	-6.5875
BLOCK13/SES130/SA130S25	SES146	-0.713049	-7.30055	-6.5875
BLOCK13/SES130/SA130S25	SES275	-1.38867	-7.97617	-6.5875
BLOCK13/SES130/SA130S28	SES127	-0.250841	-8.27931	-8.02847
BLOCK13/SES130/SA130S28	SES144	-0.708099	-8.73657	-8.02847
BLOCK13/SES130/SA130S28	SES146	-0.15708	-8.18555	-8.02847
BLOCK13/SES130/SA130S28	SES275	-0.773203	-8.80168	-8.02847
BLOCK13/SES131/SA131S13	SES002	-1.30649	-10.0852	-8.77875
BLOCK13/SES131/SA131S13	SES007	-1.2288	-10.0075	-8.77875
BLOCK13/SES131/SA131S13	SES099	0.0111551	-8.7676	-8.77875
BLOCK13/SES131/SA131S13	SES105	-1.17049	-9.94924	-8.77875
BLOCK13/SES131/SA131S14	SES104	-0.406306	-6.89742	-6.49111
BLOCK13/SES131/SA131S14	SES106	-2.27532	-8.76643	-6.49111
BLOCK13/SES131/SA131S14	SES125	-1.28304	-7.77415	-6.49111
BLOCK13/SES131/SA131S14	SES148	0.0438886	-6.44722	-6.49111
BLOCK13/SES131/SA131S20	SES104	-0.607438	-9.62046	-9.01302
BLOCK13/SES131/SA131S20	SES106	-1.52996	-10.543	-9.01302
BLOCK13/SES131/SA131S20	SES125	-1.0189	-10.0319	-9.01302
BLOCK13/SES131/SA131S20	SES148	-1.48257	-10.4956	-9.01302
BLOCK13/SES131/SA131S22	SES099	-0.105844	-7.37285	-7.267
BLOCK13/SES131/SA131S22	SES104	-0.56536	-7.83236	-7.267
BLOCK13/SES131/SA131S22	SES125	-0.353198	-7.6202	-7.267
BLOCK13/SES131/SA131S22	SES206	-0.628445	-7.89545	-7.267
BLOCK13/SES131/SA131S29	SES087	-1.39497	-10.2908	-8.89586
BLOCK13/SES131/SA131S29	SES104	-1.39607	-10.2919	-8.89586
BLOCK13/SES131/SA131S29	SES125	-3.29712	-12.193	-8.89586
BLOCK13/SES131/SA131S29	SES206	-2.0552	-10.9511	-8.89586
BLOCK13/SES132/SA132S11	SES083	-1.46066	-9.06847	-7.60781
BLOCK13/SES132/SA132S11	SES120	-0.0426636	-7.65047	-7.60781
BLOCK13/SES132/SA132S11	SES127	-1.94745	-9.55526	-7.60781
BLOCK13/SES132/SA132S11	SES275	-1.28797	-8.89578	-7.60781
BLOCK13/SES132/SA132S12	SES083	-1.58808	-9.0199	-7.43182
BLOCK13/SES132/SA132S12	SES143	-1.8689	-9.30072	-7.43182
BLOCK13/SES132/SA132S12	SES144	-0.72697	-8.15879	-7.43182
BLOCK13/SES132/SA132S12	SES148	-1.25749	-8.68931	-7.43182
BLOCK13/SES132/SA132S22	SES062	-0.768379	-8.48289	-7.71451
BLOCK13/SES132/SA132S22	SES083	-1.86629	-9.5808	-7.71451
BLOCK13/SES132/SA132S22	SES127	-1.78837	-9.50288	-7.71451
BLOCK13/SES132/SA132S22	SES275	-1.05732	-8.77182	-7.71451
BLOCK13/SES132/SA132S24	SES007	-0.52471	-7.62087	-7.09616
BLOCK13/SES132/SA132S24	SES083	-1.43957	-8.53573	-7.09616
BLOCK13/SES132/SA132S24	SES127	-2.20295	-9.29911	-7.09616
BLOCK13/SES132/SA132S24	SES275	-1.19873	-8.29489	-7.09616
BLOCK13/SES132/SA132S27	SES083	-1.93418	-10.5519	-8.61768
BLOCK13/SES132/SA132S27	SES120	0.641978	-7.9757	-8.61768
BLOCK13/SES132/SA132S27	SES127	-3.91262	-12.5303	-8.61768
BLOCK13/SES132/SA132S27	SES275	-1.87601	-10.4937	-8.61768
BLOCK14/SES141/SA141S09	SES143	-1.13124	-8.00612	-6.87488
BLOCK14/SES141/SA141S09	SES144	-0.188666	-7.06355	-6.87488
BLOCK14/SES141/SA141S09	SES162	-0.996283	-7.87116	-6.87488
BLOCK14/SES141/SA141S09	SES180	-0.622061	-7.49694	-6.87488
BLOCK14/SES141/SA141S15	SES127	-1.63735	-9.51459	-7.87724
BLOCK14/SES141/SA141S15	SES144	-0.68272	-8.55996	-7.87724
BLOCK14/SES141/SA141S15	SES162	-1.64418	-9.52142	-7.87724
BLOCK14/SES141/SA141S15	SES180	-0.99607	-8.87331	-7.87724
BLOCK14/SES141/SA141S24	SES127	-1.87341	-9.2646	-7.39119
BLOCK14/SES141/SA141S24	SES144	-1.2453	-8.6365	-7.39119
BLOCK14/SES141/SA141S24	SES162	-1.87571	-9.26691	-7.39119
BLOCK14/SES141/SA141S24	SES183	-1.67454	-9.06574	-7.39119
BLOCK14/SES141/SA141S26	SES142	-0.0407505	-8.28801	-8.24726
BLOCK14/SES141/SA141S26	SES144	-1.17298	-9.42025	-8.24726
BLOCK14/SES141/SA141S26	SES172	-1.01642	-9.26368	-8.24726
BLOCK14/SES141/SA141S26	SES180	-1.00027	-9.24753	-8.24726
BLOCK14/SES141/SA141S29	SES127	-0.467546	-7.84897	-7.38142
BLOCK14/SES141/SA141S29	SES142	0.395737	-6.98568	-7.38142
BLOCK14/SES141/SA141S29	SES144	-0.21991	-7.60133	-7.38142
BLOCK14/SES141/SA141S29	SES180	-0.131162	-7.51258	-7.38142
BLOCK15/SES157/SA157S08	SES083	-1.16429	-8.35893	-7.19463
BLOCK15/SES157/SA157S08	SES127	-1.03134	-8.22598	-7.19463
BLOCK15/SES157/SA157S08	SES148	-0.290857	-7.48549	-7.19463
BLOCK15/SES157/SA157S08	SES292	-1.36319	-8.55782	-7.19463
BLOCK15/SES157/SA157S11	SES083	-1.30625	-9.14243	-7.83618
BLOCK15/SES157/SA157S11	SES127	-0.958773	-8.79495	-7.83618
BLOCK15/SES157/SA157S11	SES148	-1.5605	-9.39668	-7.83618
BLOCK15/SES157/SA157S11	SES292	-1.95962	-9.79579	-7.83618
BLOCK15/SES157/SA157S21	SES127	-0.222093	-7.06603	-6.84393
BLOCK15/SES157/SA157S21	SES148	-0.144387	-6.98832	-6.84393
BLOCK15/SES157/SA157S21	SES158	-3.4489	-10.2928	-6.84393
BLOCK15/SES157/SA157S21	SES292	-1.43933	-8.28326	-6.84393
BLOCK15/SES157/SA157S24	SES127	-0.413439	-8.65197	-8.23854
BLOCK15/SES157/SA157S24	SES148	-0.485478	-8.72401	-8.23854
BLOCK15/SES157/SA157S24	SES183	-0.802797	-9.04133	-8.23854
BLOCK15/SES157/SA157S24	SES292	-1.48892	-9.72746	-8.23854
BLOCK15/SES157/SA157S26	SES007	-0.901637	-8.1221	-7.22046
BLOCK15/SES157/SA157S26	SES127	-0.723299	-7.94376	-7.22046
BLOCK15/SES157/SA157S26	SES147	-0.988688	-8.20915	-7.22046
BLOCK15/SES157/SA157S26	SES148	-1.0715	-8.29196	-7.22046
BLOCK16/SES161/SA161S10	SES007	-0.781495	-8.57861	-7.79712
BLOCK16/SES161/SA161S10	SES105	-0.678712	-8.47583	-7.79712
BLOCK16/SES161/SA161S10	SES158	-1.38618	-9.1833	-7.79712
BLOCK16/SES161/SA161S10	SES275	-0.543381	-8.3405	-7.79712
BLOCK16/SES161/SA161S12	SES007	-2.13486	-11.3479	-9.21306
BLOCK16/SES161/SA161S12	SES105	-2.20687	-11.4199	-9.21306
BLOCK16/SES161/SA161S12	SES158	-1.17333	-10.3864	-9.21306
BLOCK16/SES161/SA161S12	SES275	-3.44947	-12.6625	-9.21306
BLOCK16/SES161/SA161S20	SES007	-0.630804	-9.94626	-9.31546
BLOCK16/SES161/SA161S20	SES105	-1.9419	-11.2574	-9.31546
BLOCK16/SES161/SA161S20	SES158	-0.0822916	-9.39775	-9.31546
BLOCK16/SES161/SA161S20	SES275	-1.91463	-11.2301	-9.31546
BLOCK16/SES161/SA161S23	SES007	-2.23116	-11.3748	-9.14359
BLOCK16/SES161/SA161S23	SES105	-1.21045	-10.354	-9.14359
BLOCK16/SES161/SA161S23	SES148	-2.13685	-11.2804	-9.14359
BLOCK16/SES161/SA161S23	SES158	-2.79286	-11.9365	-9.14359
BLOCK16/SES161/SA161S28	SES007	-1.28301	-9.71482	-8.43181
BLOCK16/SES161/SA161S28	SES105	-2.25268	-10.6845	-8.43181
BLOCK16/SES161/SA161S28	SES158	-0.217656	-8.64947	-8.43181
BLOCK16/SES161/SA161S28	SES206	-0.729112	-9.16093	-8.43181
BLOCK16/SES164/SA164S11	SES104	-0.813965	-9.25769	-8.44373
BLOCK16/SES164/SA164S11	SES125	0.359339	-8.08439	-8.44373
BLOCK16/SES164/SA164S11	SES158	-1.35618	-9.79991	-8.44373
BLOCK16/SES164/SA164S11	SES206	-2.05487	-10.4986	-8.44373
BLOCK16/SES164/SA164S13	SES099	-1.08005	-10.1596	-9.07954
BLOCK16/SES164/SA164S13	SES104	-0.20476	-9.2843	-9.07954
BLOCK16/SES164/SA164S13	SES125	-0.514494	-9.59403	-9.07954
BLOCK16/SES164/SA164S13	SES206	-1.25308	-10.3326	-9.07954
BLOCK16/SES164/SA164S24	SES002	0.661685	-7.71132	-8.37301
BLOCK16/SES164/SA164S24	SES099	0.118365	-8.25464	-8.37301
BLOCK16/SES164/SA164S24	SES125	-0.35891	-8.73192	-8.37301
BLOCK16/SES164/SA164S24	SES226	1.107	-7.26601	-8.37301
BLOCK16/SES164/SA164S27	SES087	-2.29589	-11.2698	-8.9739
BLOCK16/SES164/SA164S27	SES125	-0.222605	-9.1965	-8.9739
BLOCK16/SES164/SA164S27	SES206	-1.96652	-10.9404	-8.9739
BLOCK16/SES164/SA164S27	SES226	0.0297775	-8.94412	-8.9739
BLOCK16/SES164/SA164S29	SES002	0.530631	-8.24722	-8.77785
BLOCK16/SES164/SA164S29	SES019	-0.839845	-9.6177	-8.77785
BLOCK16/SES164/SA164S29	SES125	0.185499	-8.59235	-8.77785
BLOCK16/SES164/SA164S29	SES226	0.382775	-8.39508	-8.77785
BLOCK16/SES169/SA169S13	SES117	-1.17674	-9.05865	-7.88191
BLOCK16/SES169/SA169S13	SES144	-0.45279	-8.3347	-7.88191
BLOCK16/SES169/SA169S13	SES146	-0.431145	-8.31305	-7.88191
BLOCK16/SES169/SA169S13	SES162	-1.01705	-8.89896	-7.88191
BLOCK16/SES169/SA169S14	SES144	-0.738587	-7.17981	-6.44123
BLOCK16/SES169/SA169S14	SES148	-0.521188	-6.96241	-6.44123
BLOCK16/SES169/SA169S14	SES177	-0.392931	-6.83416	-6.44123
BLOCK16/SES169/SA169S14	SES180	-0.756722	-7.19795	-6.44123
BLOCK16/SES169/SA169S24	SES117	-0.842914	-9.27673	-8.43381
BLOCK16/SES169/SA169S24	SES144	-0.671745	-9.10556	-8.43381
BLOCK16/SES169/SA169S24	SES146	-0.647364	-9.08118	-8.43381
BLOCK16/SES169/SA169S24	SES162	-1.23318	-9.66699	-8.43381
BLOCK16/SES169/SA169S27	SES127	-0.510663	-8.12917	-7.61851
BLOCK16/SES169/SA169S27	SES129	-0.731905	-8.35041	-7.61851
BLOCK16/SES169/SA169S27	SES144	-0.527983	-8.14649	-7.61851
BLOCK16/SES169/SA169S27	SES146	-0.455808	-8.07432	-7.61851
BLOCK16/SES169/SA169S29	SES144	-0.274473	-6.94043	-6.66596
BLOCK16/SES169/SA169S29	SES162	-0.321364	-6.98732	-6.66596
BLOCK16/SES169/SA169S29	SES177	-1.00523	-7.67118	-6.66596
BLOCK16/SES169/SA169S29	SES180	-1.08408	-7.75003	-6.66596
BLOCK17/SES171/SA171S12	SES083	-0.959266	-9.68325	-8.72399
BLOCK17/SES171/SA171S12	SES148	-2.06015	-10.7841	-8.72399
BLOCK17/SES171/SA171S12	SES172	-1.38766	-10.1116	-8.72399
BLOCK17/SES171/SA171S12	SES292	-2.24024	-10.9642	-8.72399
BLOCK17/SES171/SA171S15	SES148	-1.16393	-9.34721	-8.18328
BLOCK17/SES171/SA171S15	SES177	-0.72054	-8.90382	-8.18328
BLOCK17/SES171/SA171S15	SES180	-2.40224	-10.5855	-8.18328
BLOCK17/SES171/SA171S15	SES292	-1.52616	-9.70945	-8.18328
BLOCK17/SES171/SA171S22	SES007	-0.891796	-7.31959	-6.4278
BLOCK17/SES171/SA171S22	SES148	-0.565372	-6.99317	-6.4278
BLOCK17/SES171/SA171S22	SES177	-0.505075	-6.93287	-6.4278
BLOCK17/SES171/SA171S22	SES180	-1.95463	-8.38242	-6.4278
BLOCK17/SES171/SA171S25	SES101	-1.4603	-9.51641	-8.05611
BLOCK17/SES171/SA171S25	SES120	-3.38221	-11.4383	-8.05611
BLOCK17/SES171/SA171S25	SES177	-1.03734	-9.09344	-8.05611
BLOCK17/SES171/SA171S25	SES180	-1.79806	-9.85417	-8.05611
BLOCK17/SES171/SA171S27	SES177	-0.759892	-9.26174	-8.50185
BLOCK17/SES171/SA171S27	SES180	-2.48154	-10.9834	-8.50185
BLOCK17/SES171/SA171S27	SES189	-0.428875	-8.93072	-8.50185
BLOCK17/SES171/SA171S27	SES292	-2.33509	-10.8369	-8.50185
BLOCK17/SES173/SA173S13	SES162	-2.0777	-9.79126	-7.71356
BLOCK17/SES173/SA173S13	SES177	-0.961349	-8.67491	-7.71356
BLOCK17/SES173/SA173S13	SES180	-1.52976	-9.24332	-7.71356
BLOCK17/SES173/SA173S13	SES292	0.0604625	-7.6531	-7.71356
BLOCK17/SES173/SA173S14	SES007	-0.935907	-8.37405	-7.43814
BLOCK17/SES173/SA173S14	SES162	-2.69405	-10.1322	-7.43814
BLOCK17/SES173/SA173S14	SES177	-1.38622	-8.82436	-7.43814
BLOCK17/SES173/SA173S14	SES180	-1.76575	-9.20389	-7.43814
BLOCK17/SES173/SA173S24	SES144	-1.81281	-9.74752	-7.93471
BLOCK17/SES173/SA173S24	SES162	-2.23617	-10.1709	-7.93471
BLOCK17/SES173/SA173S24	SES177	-0.607923	-8.54263	-7.93471
BLOCK17/SES173/SA173S24	SES180	-2.49108	-10.4258	-7.93471
BLOCK17/SES173/SA173S27	SES162	-3.75499	-11.3849	-7.62993
BLOCK17/SES173/SA173S27	SES177	-1.58213	-9.21206	-7.62993
BLOCK17/SES173/SA173S27	SES180	-1.44706	-9.07699	-7.62993
BLOCK17/SES173/SA173S27	SES292	-0.386799	-8.01673	-7.62993
BLOCK17/SES173/SA173S29	SES162	-1.92092	-9.98405	-8.06313
BLOCK17/SES173/SA173S29	SES175	-0.565555	-8.62869	-8.06313
BLOCK17/SES173/SA173S29	SES177	-0.688009	-8.75114	-8.06313
BLOCK17/SES173/SA173S29	SES292	-1.06387	-9.127	-8.06313
BLOCK18/SES182/SA182S10	SES144	-1.26954	-8.27469	-7.00515
BLOCK18/SES182/SA182S10	SES177	-1.18462	-8.18978	-7.00515
BLOCK18/SES182/SA182S10	SES180	-2.43667	-9.44182	-7.00515
BLOCK18/SES182/SA182S10	SES275	-1.00617	-8.01132	-7.00515
BLOCK18/SES182/SA182S12	SES144	-1.03949	-7.85149	-6.812
BLOCK18/SES182/SA182S12	SES177	-1.0995	-7.91149	-6.812
BLOCK18/SES182/SA182S12	SES180	-2.23773	-9.04973	-6.812
BLOCK18/SES182/SA182S12	SES275	-0.969519	-7.78152	-6.812
BLOCK18/SES182/SA182S21	SES117	-1.35697	-9.97894	-8.62197
BLOCK18/SES182/SA182S21	SES144	-0.852684	-9.47465	-8.62197
BLOCK18/SES182/SA182S21	SES162	-1.17004	-9.792	-8.62197
BLOCK18/SES182/SA182S21	SES180	-2.03993	-10.6619	-8.62197
BLOCK18/SES182/SA182S23	SES117	-1.55245	-10.2975	-8.74506
BLOCK18/SES182/SA182S23	SES144	-1.78977	-10.5348	-8.74506
BLOCK18/SES182/SA182S23	SES180	-3.45646	-12.2015	-8.74506
BLOCK18/SES182/SA182S23	SES275	-1.9939	-10.739	-8.74506
BLOCK18/SES182/SA182S25	SES007	-0.0699515	-8.02595	-7.956
BLOCK18/SES182/SA182S25	SES162	-1.12512	-9.08112	-7.956
BLOCK18/SES182/SA182S25	SES177	-0.766399	-8.7224	-7.956
BLOCK18/SES182/SA182S25	SES180	-1.88143	-9.83743	-7.956
BLOCK18/SES184/SA184S12	SES177	-1.51472	-8.76064	-7.24592
BLOCK18/SES184/SA184S12	SES180	-0.362019	-7.60794	-7.24592
BLOCK18/SES184/SA184S12	SES189	-1.70787	-8.95379	-7.24592
BLOCK18/SES184/SA184S12	SES292	-0.238468	-7.48439	-7.24592
BLOCK18/SES184/SA184S13	SES101	-0.960885	-8.59849	-7.6376
BLOCK18/SES184/SA184S13	SES177	-0.833534	-8.47114	-7.6376
BLOCK18/SES184/SA184S13	SES180	-0.97719	-8.61479	-7.6376
BLOCK18/SES184/SA184S13	SES292	-1.0471	-8.6847	-7.6376
BLOCK18/SES184/SA184S22	SES177	-1.20239	-9.10926	-7.90687
BLOCK18/SES184/SA184S22	SES180	-0.347607	-8.25448	-7.90687
BLOCK18/SES184/SA184S22	SES189	-1.17658	-9.08345	-7.90687
BLOCK18/SES184/SA184S22	SES292	-0.686848	-8.59372	-7.90687
BLOCK18/SES184/SA184S25	SES101	-0.811518	-8.30246	-7.49094
BLOCK18/SES184/SA184S25	SES177	-1.21735	-8.70829	-7.49094
BLOCK18/SES184/SA184S25	SES180	-0.142643	-7.63359	-7.49094
BLOCK18/SES184/SA184S25	SES292	-0.759853	-8.2508	-7.49094
BLOCK18/SES184/SA184S27	SES083	-0.93092	-8.41957	-7.48865
BLOCK18/SES184/SA184S27	SES177	-0.774839	-8.26349	-7.48865
BLOCK18/SES184/SA184S27	SES202	-1.06702	-8.55567	-7.48865
BLOCK18/SES184/SA184S27	SES292	-0.982042	-8.47069	-7.48865
BLOCK20/SES204/SA204S12	SES062	-0.748484	-7.79875	-7.05027
BLOCK20/SES204/SA204S12	SES083	-1.94732	-8.99759	-7.05027
BLOCK20/SES204/SA204S12	SES206	-0.577528	-7.62779	-7.05027
BLOCK20/SES204/SA204S12	SES226	-0.931667	-7.98193	-7.05027
BLOCK20/SES204/SA204S14	SES068	-0.230263	-6.74244	-6.51218
BLOCK20/SES204/SA204S14	SES087	1.81198e-05	-6.51216	-6.51218
BLOCK20/SES204/SA204S14	SES206	-0.664657	-7.17684	-6.51218
BLOCK20/SES204/SA204S14	SES226	-1.31703	-7.82921	-6.51218
BLOCK20/SES204/SA204S22	SES068	-0.481857	-7.65583	-7.17398
BLOCK20/SES204/SA204S22	SES082	-0.751429	-7.92541	-7.17398
BLOCK20/SES204/SA204S22	SES083	-2.29056	-9.46454	-7.17398
BLOCK20/SES204/SA204S22	SES206	-0.394376	-7.56835	-7.17398
BLOCK20/SES204/SA204S25	SES062	-0.915408	-7.79392	-6.87851
BLOCK20/SES204/SA204S25	SES083	-1.81974	-8.69825	-6.87851
BLOCK20/SES204/SA204S25	SES206	-0.24754	-7.12605	-6.87851
BLOCK20/SES204/SA204S25	SES226	-0.855343	-7.73385	-6.87851
BLOCK20/SES204/SA204S27	SES068	-0.151101	-8.13168	-7.98058
BLOCK20/SES204/SA204S27	SES082	-1.61263	-9.59321	-7.98058
BLOCK20/SES204/SA204S27	SES087	0.165663	-7.81492	-7.98058
BLOCK20/SES204/SA204S27	SES206	-1.32845	-9.30903	-7.98058
BLOCK20/SES207/SA207S10	SES127	-1.79091	-9.1321	-7.34118
BLOCK20/SES207/SA207S10	SES183	-1.08906	-8.43025	-7.34118
BLOCK20/SES207/SA207S10	SES189	-0.784359	-8.12554	-7.34118
BLOCK20/SES207/SA207S10	SES292	-1.60271	-8.94389	-7.34118
BLOCK20/SES207/SA207S11	SES127	-1.62193	-10.0054	-8.38343
BLOCK20/SES207/SA207S11	SES183	-1.46636	-9.84979	-8.38343
BLOCK20/SES207/SA207S11	SES187	-0.915811	-9.29924	-8.38343
BLOCK20/SES207/SA207S11	SES292	-0.453898	-8.83733	-8.38343
BLOCK20/SES207/SA207S25	SES068	-0.925065	-9.1903	-8.26524
BLOCK20/SES207/SA207S25	SES083	-1.86904	-10.1343	-8.26524
BLOCK20/SES207/SA207S25	SES127	-0.573745	-8.83898	-8.26524
BLOCK20/SES207/SA207S25	SES187	-0.934991	-9.20023	-8.26524
BLOCK20/SES207/SA207S27	SES127	-1.64475	-9.66943	-8.02469
BLOCK20/SES207/SA207S27	SES183	-1.54235	-9.56704	-8.02469
BLOCK20/SES207/SA207S27	SES187	-0.808278	-8.83296	-8.02469
BLOCK20/SES207/SA207S27	SES292	-1.62123	-9.64591	-8.02469
BLOCK20/SES207/SA207S29	SES083	-2.15886	-10.0103	-7.85144
BLOCK20/SES207/SA207S29	SES085	-1.04439	-8.89583	-7.85144
BLOCK20/SES207/SA207S29	SES172	-0.299548	-8.15099	-7.85144
BLOCK20/SES207/SA207S29	SES189	-2.08247	-9.93391	-7.85144
BLOCK22/SES221/SA221S12	SES068	-0.0157723	-6.7921	-6.77632
BLOCK22/SES221/SA221S12	SES143	-1.45116	-8.22748	-6.77632
BLOCK22/SES221/SA221S12	SES175	-0.408755	-7.18508	-6.77632
BLOCK22/SES221/SA221S12	SES202	-0.767799	-7.54412	-6.77632
BLOCK22/SES221/SA221S15	SES085	-0.273356	-7.50427	-7.23092
BLOCK22/SES221/SA221S15	SES143	-0.891994	-8.12291	-7.23092
BLOCK22/SES221/SA221S15	SES175	-0.3808	-7.61172	-7.23092
BLOCK22/SES221/SA221S15	SES187	-0.91721	-8.14813	-7.23092
BLOCK22/SES221/SA221S23	SES068	0.184498	-6.915	-7.0995
BLOCK22/SES221/SA221S23	SES143	-1.3918	-8.4913	-7.0995
BLOCK22/SES221/SA221S23	SES175	-0.782345	-7.88185	-7.0995
BLOCK22/SES221/SA221S23	SES189	-1.4518	-8.5513	-7.0995
BLOCK22/SES221/SA221S27	SES085	0.232065	-7.40841	-7.64048
BLOCK22/SES221/SA221S27	SES143	-1.15213	-8.79261	-7.64048
BLOCK22/SES221/SA221S27	SES175	-0.561862	-8.20234	-7.64048
BLOCK22/SES221/SA221S27	SES189	-0.997852	-8.63833	-7.64048
BLOCK22/SES221/SA221S29	SES085	0.317036	-6.76455	-7.08158
BLOCK22/SES221/SA221S29	SES143	-1.09069	-8.17227	-7.08158
BLOCK22/SES221/SA221S29	SES175	-0.417737	-7.49932	-7.08158
BLOCK22/SES221/SA221S29	SES187	-0.968627	-8.05021	-7.08158
BLOCK22/SES223/SA223S11	SES143	-0.93437	-8.68021	-7.74584
BLOCK22/SES223/SA223S11	SES144	-1.65542	-9.40126	-7.74584
BLOCK22/SES223/SA223S11	SES175	-0.412125	-8.15796	-7.74584
BLOCK22/SES223/SA223S11	SES187	-1.22353	-8.96937	-7.74584
BLOCK22/SES223/SA223S13	SES068	-0.0923719	-7.81913	-7.72676
BLOCK22/SES223/SA223S13	SES143	-1.1785	-8.90526	-7.72676
BLOCK22/SES223/SA223S13	SES146	-0.855838	-8.58259	-7.72676
BLOCK22/SES223/SA223S13	SES202	-0.826373	-8.55313	-7.72676
BLOCK22/SES223/SA223S22	SES143	-0.495813	-7.9133	-7.41748
BLOCK22/SES223/SA223S22	SES144	-1.68248	-9.09996	-7.41748
BLOCK22/SES223/SA223S22	SES175	-0.411161	-7.82864	-7.41748
BLOCK22/SES223/SA223S22	SES187	-1.21489	-8.63237	-7.41748
BLOCK22/SES223/SA223S25	SES068	-0.734424	-8.20699	-7.47257
BLOCK22/SES223/SA223S25	SES143	-1.38777	-8.86033	-7.47257
BLOCK22/SES223/SA223S25	SES175	-0.494595	-7.96716	-7.47257
BLOCK22/SES223/SA223S25	SES187	-1.26231	-8.73488	-7.47257
BLOCK22/SES223/SA223S27	SES143	-0.402104	-8.51042	-8.10832
BLOCK22/SES223/SA223S27	SES146	-1.11499	-9.22331	-8.10832
BLOCK22/SES223/SA223S27	SES187	-1.01692	-9.12523	-8.10832
BLOCK22/SES223/SA223S27	SES292	-0.43359	-8.54191	-8.10832
BLOCK27/SES273/SA273S12	SES099	0.096724	-7.51058	-7.6073
BLOCK27/SES273/SA273S12	SES104	0.337478	-7.26983	-7.6073
BLOCK27/SES273/SA273S12	SES125	-0.239183	-7.84649	-7.6073
BLOCK27/SES273/SA273S12	SES206	0.171615	-7.43569	-7.6073
BLOCK27/SES273/SA273S13	SES099	-0.791224	-7.76819	-6.97696
BLOCK27/SES273/SA273S13	SES104	-0.128624	-7.10559	-6.97696
BLOCK27/SES273/SA273S13	SES206	-1.22756	-8.20453	-6.97696
BLOCK27/SES273/SA273S13	SES292	-0.960685	-7.93765	-6.97696
BLOCK27/SES273/SA273S21	SES099	-0.383323	-8.41898	-8.03565
BLOCK27/SES273/SA273S21	SES148	-1.76949	-9.80514	-8.03565
BLOCK27/SES273/SA273S21	SES149	-1.49976	-9.53541	-8.03565
BLOCK27/SES273/SA273S21	SES177	-1.54471	-9.58037	-8.03565
BLOCK27/SES273/SA273S25	SES104	0.0798149	-8.05667	-8.13648
BLOCK27/SES273/SA273S25	SES125	-0.837245	-8.97373	-8.13648
BLOCK27/SES273/SA273S25	SES158	0.0626822	-8.0738	-8.13648
BLOCK27/SES273/SA273S25	SES206	-0.459595	-8.59608	-8.13648
BLOCK27/SES273/SA273S27	SES099	-0.475406	-7.04177	-6.56637
BLOCK27/SES273/SA273S27	SES104	-0.381965	-6.94833	-6.56637
BLOCK27/SES273/SA273S27	SES149	-0.922945	-7.48931	-6.56637
BLOCK27/SES273/SA273S27	SES275	-0.920276	-7.48664	-6.56637
BLOCK27/SES274/SA274S10	SES105	-1.56296	-8.11416	-6.5512
BLOCK27/SES274/SA274S10	SES125	-1.59413	-8.14533	-6.5512
BLOCK27/SES274/SA274S10	SES129	-0.20686	-6.75806	-6.5512
BLOCK27/SES274/SA274S10	SES158	-3.17941	-9.73061	-6.5512
BLOCK27/SES274/SA274S11	SES105	-0.940781	-7.55512	-6.61434
BLOCK27/SES274/SA274S11	SES149	-0.474715	-7.08906	-6.61434
BLOCK27/SES274/SA274S11	SES158	-1.24359	-7.85793	-6.61434
BLOCK27/SES274/SA274S11	SES275	-0.462461	-7.0768	-6.61434
BLOCK27/SES274/SA274S21	SES105	-1.35648	-8.06101	-6.70453
BLOCK27/SES274/SA274S21	SES129	-0.318475	-7.02301	-6.70453
BLOCK27/SES274/SA274S21	SES149	-1.90273	-8.60726	-6.70453
BLOCK27/SES274/SA274S21	SES158	-3.03407	-9.73861	-6.70453
BLOCK27/SES274/SA274S24	SES105	-1.88298	-9.55104	-7.66805
BLOCK27/SES274/SA274S24	SES129	-0.00746202	-7.67551	-7.66805
BLOCK27/SES274/SA274S24	SES149	-2.07261	-9.74066	-7.66805
BLOCK27/SES274/SA274S24	SES158	-3.82135	-11.4894	-7.66805
BLOCK27/SES274/SA274S29	SES105	-1.35672	-8.57164	-7.21492
BLOCK27/SES274/SA274S29	SES106	-1.8523	-9.06722	-7.21492
BLOCK27/SES274/SA274S29	SES120	-0.670195	-7.88512	-7.21492
BLOCK27/SES274/SA274S29	SES275	-0.753496	-7.96842	-7.21492
BLOCK27/SES276/SA276S16	SES148	-0.49734	-7.52314	-7.0258
BLOCK27/SES276/SA276S16	SES172	0.0556889	-6.97011	-7.0258
BLOCK27/SES276/SA276S16	SES180	-0.74744	-7.77324	-7.0258
BLOCK27/SES276/SA276S16	SES292	-0.625978	-7.65178	-7.0258
BLOCK27/SES276/SA276S17	SES101	-0.897461	-8.37803	-7.48057
BLOCK27/SES276/SA276S17	SES177	-1.28429	-8.76486	-7.48057
BLOCK27/SES276/SA276S17	SES180	-1.22261	-8.70318	-7.48057
BLOCK27/SES276/SA276S17	SES292	-1.05684	-8.53741	-7.48057
BLOCK27/SES276/SA276S24	SES101	-0.568223	-7.14819	-6.57997
BLOCK27/SES276/SA276S24	SES177	-0.808666	-7.38864	-6.57997
BLOCK27/SES276/SA276S24	SES180	-1.08532	-7.66529	-6.57997
BLOCK27/SES276/SA276S24	SES292	-1.37467	-7.95464	-6.57997
BLOCK27/SES276/SA276S26	SES101	-0.771756	-7.59173	-6.81998
BLOCK27/SES276/SA276S26	SES177	-0.758823	-7.5788	-6.81998
BLOCK27/SES276/SA276S26	SES180	-0.799294	-7.61927	-6.81998
BLOCK27/SES276/SA276S26	SES292	-0.169089	-6.98907	-6.81998
BLOCK27/SES276/SA276S28	SES101	-0.472405	-7.36892	-6.89651
BLOCK27/SES276/SA276S28	SES177	-1.03524	-7.93175	-6.89651
BLOCK27/SES276/SA276S28	SES180	-0.234787	-7.1313	-6.89651
BLOCK27/SES276/SA276S28	SES292	-0.406911	-7.30342	-6.89651
BLOCK27/SES277/SA277S12	SES101	-0.238716	-8.84399	-8.60527
BLOCK27/SES277/SA277S12	SES177	-1.98984	-10.5951	-8.60527
BLOCK27/SES277/SA277S12	SES180	-1.55761	-10.1629	-8.60527
BLOCK27/SES277/SA277S12	SES292	-1.5169	-10.1222	-8.60527
BLOCK27/SES277/SA277S14	SES177	-0.903126	-9.64315	-8.74003
BLOCK27/SES277/SA277S14	SES180	-1.91371	-10.6537	-8.74003
BLOCK27/SES277/SA277S14	SES189	0.0870066	-8.65302	-8.74003
BLOCK27/SES277/SA277S14	SES292	-2.08365	-10.8237	-8.74003
BLOCK27/SES277/SA277S21	SES177	-0.314041	-9.05921	-8.74516
BLOCK27/SES277/SA277S21	SES180	-1.00828	-9.75344	-8.74516
BLOCK27/SES277/SA277S21	SES189	0.177108	-8.56806	-8.74516
BLOCK27/SES277/SA277S21	SES292	-2.50894	-11.2541	-8.74516
BLOCK27/SES277/SA277S24	SES144	-0.424506	-9.39623	-8.97172
BLOCK27/SES277/SA277S24	SES177	-0.944658	-9.91638	-8.97172
BLOCK27/SES277/SA277S24	SES180	-2.2898	-11.2615	-8.97172
BLOCK27/SES277/SA277S24	SES189	0.159401	-8.81232	-8.97172
BLOCK27/SES277/SA277S29	SES177	-0.789802	-7.16106	-6.37126
BLOCK27/SES277/SA277S29	SES180	-0.756334	-7.12759	-6.37126
BLOCK27/SES277/SA277S29	SES202	-0.238795	-6.61005	-6.37126
BLOCK27/SES277/SA277S29	SES292	-1.40828	-7.77954	-6.37126
BLOCK27/SES279/SA279S09	SES120	-0.888702	-7.71511	-6.82641
BLOCK27/SES279/SA279S09	SES146	-1.06658	-7.89299	-6.82641
BLOCK27/SES279/SA279S09	SES206	-0.445758	-7.27217	-6.82641
BLOCK27/SES279/SA279S09	SES226	-1.01815	-7.84456	-6.82641
BLOCK27/SES279/SA279S10	SES099	-0.942808	-8.43921	-7.4964
BLOCK27/SES279/SA279S10	SES206	-1.43935	-8.93575	-7.4964
BLOCK27/SES279/SA279S10	SES226	-1.75937	-9.25577	-7.4964
BLOCK27/SES279/SA279S10	SES292	-0.518319	-8.01472	-7.4964
BLOCK27/SES279/SA279S20	SES099	-1.41282	-9.10412	-7.6913
BLOCK27/SES279/SA279S20	SES206	-0.666383	-8.35768	-7.6913
BLOCK27/SES279/SA279S20	SES226	-1.65723	-9.34852	-7.6913
BLOCK27/SES279/SA279S20	SES292	-0.599808	-8.2911	-7.6913
BLOCK27/SES279/SA279S26	SES099	-0.304465	-8.73829	-8.43383
BLOCK27/SES279/SA279S26	SES206	-0.544002	-8.97783	-8.43383
BLOCK27/SES279/SA279S26	SES226	-0.906688	-9.34051	-8.43383
BLOCK27/SES279/SA279S26	SES292	0.0204983	-8.41333	-8.43383
BLOCK27/SES279/SA279S28	SES099	-0.590662	-7.33431	-6.74365
BLOCK27/SES279/SA279S28	SES120	-0.632125	-7.37577	-6.74365
BLOCK27/SES279/SA279S28	SES177	-1.75666	-8.50031	-6.74365
BLOCK27/SES279/SA279S28	SES206	-0.686315	-7.42996	-6.74365
BLOCK29/SES290/SA290S12	SES162	-0.280102	-6.00572	-5.72562
BLOCK29/SES290/SA290S12	SES177	-0.533921	-6.25954	-5.72562
BLOCK29/SES290/SA290S12	SES180	-0.744869	-6.47049	-5.72562
BLOCK29/SES290/SA290S12	SES292	-1.10495	-6.83057	-5.72562
BLOCK29/SES290/SA290S13	SES007	-0.0304193	-6.54299	-6.51258
BLOCK29/SES290/SA290S13	SES162	-1.02367	-7.53625	-6.51258
BLOCK29/SES290/SA290S13	SES177	-0.811212	-7.32379	-6.51258
BLOCK29/SES290/SA290S13	SES180	-0.35769	-6.87027	-6.51258
BLOCK29/SES290/SA290S22	SES177	-0.677807	-7.29036	-6.61256
BLOCK29/SES290/SA290S22	SES180	-0.772893	-7.38545	-6.61256
BLOCK29/SES290/SA290S22	SES202	-0.450826	-7.06338	-6.61256
BLOCK29/SES290/SA290S22	SES292	-0.494021	-7.10658	-6.61256
BLOCK29/SES290/SA290S25	SES162	-0.572292	-7.09348	-6.52118
BLOCK29/SES290/SA290S25	SES177	-0.58349	-7.10467	-6.52118
BLOCK29/SES290/SA290S25	SES180	-0.967631	-7.48882	-6.52118
BLOCK29/SES290/SA290S25	SES292	-0.629646	-7.15083	-6.52118
BLOCK29/SES290/SA290S29	SES177	-0.355404	-6.68269	-6.32729
BLOCK29/SES290/SA290S29	SES180	0.0846338	-6.24266	-6.32729
BLOCK29/SES290/SA290S29	SES275	-0.471374	-6.79866	-6.32729
BLOCK29/SES290/SA290S29	SES292	-0.496022	-6.82331	-6.32729
BLOCK29/SES291/SA291S11	SES105	-1.39982	-9.58553	-8.18571
BLOCK29/SES291/SA291S11	SES125	-0.873929	-9.05964	-8.18571
BLOCK29/SES291/SA291S11	SES158	-0.338836	-8.52454	-8.18571
BLOCK29/SES291/SA291S11	SES275	-0.84519	-9.0309	-8.18571
BLOCK29/SES291/SA291S12	SES158	0.78969	-6.87092	-7.66061
BLOCK29/SES291/SA291S12	SES226	-0.701231	-8.36184	-7.66061
BLOCK29/SES291/SA291S12	SES270	-0.560224	-8.22083	-7.66061
BLOCK29/SES291/SA291S12	SES275	-2.23486	-9.89547	-7.66061
BLOCK29/SES291/SA291S22	SES082	-0.655443	-8.46091	-7.80547
BLOCK29/SES291/SA291S22	SES158	-0.0608497	-7.86632	-7.80547
BLOCK29/SES291/SA291S22	SES259	-0.716805	-8.52228	-7.80547
BLOCK29/SES291/SA291S22	SES275	-1.56101	-9.36648	-7.80547
BLOCK29/SES291/SA291S24	SES104	0.187315	-7.05513	-7.24244
BLOCK29/SES291/SA291S24	SES125	-0.224869	-7.46731	-7.24244
BLOCK29/SES291/SA291S24	SES158	-0.074079	-7.31652	-7.24244
BLOCK29/SES291/SA291S24	SES275	-1.3554	-8.59784	-7.24244
BLOCK29/SES291/SA291S27	SES158	-0.172172	-7.29105	-7.11888
BLOCK29/SES291/SA291S27	SES172	-2.02512	-9.14399	-7.11888
BLOCK29/SES291/SA291S27	SES275	-1.50194	-8.62082	-7.11888
BLOCK29/SES291/SA291S27	SES292	-0.526188	-7.64507	-7.11888
Threshold search:
THR	-5.80702977276	9	0(0)	1(1000)
THR	-5.7093020750324	8.991	0(0)	0.999(999)
THR	-5.6115743773048	8.991	0(0)	0.999(999)
THR	-5.5138466795772	8.991	0(0)	0.999(999)
THR	-5.4161189818496	8.991	0(0)	0.999(999)
THR	-5.318391284122	8.991	0(0)	0.999(999)
THR	-5.2206635863944	8.991	0(0)	0.999(999)
THR	-5.1229358886668	8.991	0(0)	0.999(999)
THR	-5.0252081909392	8.991	0(0)	0.999(999)
THR	-4.9274804932116	8.991	0(0)	0.999(999)
THR	-4.829752795484	8.991	0(0)	0.999(999)
THR	-4.7320250977564	8.991	0(0)	0.999(999)
THR	-4.6342974000288	8.991	0(0)	0.999(999)
THR	-4.5365697023012	8.991	0(0)	0.999(999)
THR	-4.4388420045736	8.991	0(0)	0.999(999)
THR	-4.341114306846	8.991	0(0)	0.999(999)
THR	-4.2433866091184	8.991	0(0)	0.999(999)
THR	-4.1456589113908	8.991	0(0)	0.999(999)
THR	-4.0479312136632	8.991	0(0)	0.999(999)
THR	-3.9502035159356	8.991	0(0)	0.999(999)
THR	-3.852475818208	8.982	0(0)	0.998(998)
THR	-3.7547481204804	8.964	0(0)	0.996(996)
THR	-3.6570204227528	8.955	0(0)	0.995(995)
THR	-3.5592927250252	8.937	0(0)	0.993(993)
THR	-3.4615650272976	8.919	0(0)	0.991(991)
THR	-3.36383732957	8.874	0(0)	0.986(986)
THR	-3.2661096318424	8.847	0(0)	0.983(983)
THR	-3.1683819341148	8.838	0(0)	0.982(982)
THR	-3.0706542363872	8.838	0(0)	0.982(982)
THR	-2.9729265386596	8.82	0(0)	0.98(980)
THR	-2.875198840932	8.784	0(0)	0.976(976)
THR	-2.7774711432044	8.775	0(0)	0.975(975)
THR	-2.6797434454768	8.748	0(0)	0.972(972)
THR	-2.5820157477492	8.73	0(0)	0.97(970)
THR	-2.4842880500216	8.658	0(0)	0.962(962)
THR	-2.386560352294	8.604	0(0)	0.956(956)
THR	-2.2888326545664	8.514	0(0)	0.946(946)
THR	-2.1911049568388	8.37	0(0)	0.93(930)
THR	-2.0933772591112	8.289	0(0)	0.921(921)
THR	-1.9956495613836	8.1	0(0)	0.9(900)
THR	-1.897921863656	7.902	0(0)	0.878(878)
THR	-1.8001941659284	7.668	0(0)	0.852(852)
THR	-1.7024664682008	7.443	0(0)	0.827(827)
THR	-1.6047387704732	7.227	0(0)	0.803(803)
THR	-1.5070110727456	6.966	0(0)	0.774(774)
THR	-1.409283375018	6.687	0(0)	0.743(743)
THR	-1.3115556772904	6.291	0(0)	0.699(699)
THR	-1.2138279795628	5.886	0(0)	0.654(654)
THR	-1.1161002818352	5.526	0(0)	0.614(614)
THR	-1.0183725841076	5.125	0.004(1)	0.569(569)
THR	-0.920644886379998	4.567	0.004(1)	0.507(507)
THR	-0.822917188652398	4.144	0.004(1)	0.46(460)
THR	-0.725189490924798	3.658	0.004(1)	0.406(406)
THR	-0.627461793197198	3.208	0.004(1)	0.356(356)
THR	-0.529734095469598	2.749	0.004(1)	0.305(305)
THR	-0.432006397741998	2.244	0.012(3)	0.248(248)
THR	-0.334278700014398	1.829	0.02(5)	0.201(201)
THR	-0.236551002286798	1.552	0.04(10)	0.168(168)
THR	-0.138823304559198	1.252	0.064(16)	0.132(132)
THR	-0.041095606831598	0.966	0.084(21)	0.098(98)
THR	0.056632090896002	0.775	0.136(34)	0.071(71)
THR	0.154359788623602	0.682	0.196(49)	0.054(54)
THR	0.252087486351202	0.6	0.276(69)	0.036(36)
THR	0.349815184078802	0.565	0.34(85)	0.025(25)
THR	0.447542881806402	0.575	0.404(101)	0.019(19)
THR	0.545270579534002	0.594	0.468(117)	0.014(14)
THR	0.642998277261602	0.639	0.54(135)	0.011(11)
THR	0.740725974989202	0.673	0.592(148)	0.009(9)
THR	0.838453672716802	0.71	0.656(164)	0.006(6)
THR	0.936181370444402	0.765	0.72(180)	0.005(5)
THR	1.033909068172	0.849	0.804(201)	0.005(5)
THR	1.1316367658996	0.861	0.852(213)	0.001(1)
THR	1.2293644636272	0.876	0.876(219)	0(0)
THR	1.3270921613548	0.892	0.892(223)	0(0)
THR	1.4248198590824	0.924	0.924(231)	0(0)
THR	1.52254755681	0.94	0.94(235)	0(0)
THR	1.6202752545376	0.952	0.952(238)	0(0)
THR	1.7180029522652	0.956	0.956(239)	0(0)
THR	1.8157306499928	0.96	0.96(240)	0(0)
THR	1.9134583477204	0.976	0.976(244)	0(0)
THR	2.011186045448	0.98	0.98(245)	0(0)
THR	2.1089137431756	0.984	0.984(246)	0(0)
THR	2.2066414409032	0.988	0.988(247)	0(0)
THR	2.3043691386308	0.988	0.988(247)	0(0)
THR	2.4020968363584	0.992	0.992(248)	0(0)
THR	2.499824534086	0.992	0.992(248)	0(0)
THR	2.5975522318136	0.992	0.992(248)	0(0)
THR	2.6952799295412	0.992	0.992(248)	0(0)
THR	2.7930076272688	0.992	0.992(248)	0(0)
THR	2.8907353249964	0.992	0.992(248)	0(0)
THR	2.988463022724	0.992	0.992(248)	0(0)
THR	3.0861907204516	0.992	0.992(248)	0(0)
THR	3.1839184181792	0.992	0.992(248)	0(0)
THR	3.2816461159068	0.992	0.992(248)	0(0)
THR	3.3793738136344	0.992	0.992(248)	0(0)
THR	3.477101511362	0.996	0.996(249)	0(0)
THR	3.5748292090896	0.996	0.996(249)	0(0)
THR	3.6725569068172	0.996	0.996(249)	0(0)
THR	3.7702846045448	0.996	0.996(249)	0(0)
THR	3.8680123022724	0.996	0.996(249)	0(0)
THR	3.96574	1	1(250)	0(0)


==============================================
THR: 0.349815184078802
Missed:     85/250=0.3400
FalseAlarm: 25/1000=0.0250
----------------------------------------------
==> CostDetection: 56.5
==============================================
Threshold search:
THR	-5.90810861404	9	0(0)	1(1000)
THR	-5.8219681278996	8.991	0(0)	0.999(999)
THR	-5.7358276417592	8.991	0(0)	0.999(999)
THR	-5.6496871556188	8.991	0(0)	0.999(999)
THR	-5.5635466694784	8.982	0(0)	0.998(998)
THR	-5.477406183338	8.973	0(0)	0.997(997)
THR	-5.3912656971976	8.973	0(0)	0.997(997)
THR	-5.3051252110572	8.973	0(0)	0.997(997)
THR	-5.2189847249168	8.964	0(0)	0.996(996)
THR	-5.1328442387764	8.964	0(0)	0.996(996)
THR	-5.046703752636	8.946	0(0)	0.994(994)
THR	-4.9605632664956	8.946	0(0)	0.994(994)
THR	-4.8744227803552	8.937	0(0)	0.993(993)
THR	-4.7882822942148	8.937	0(0)	0.993(993)
THR	-4.7021418080744	8.937	0(0)	0.993(993)
THR	-4.616001321934	8.919	0(0)	0.991(991)
THR	-4.5298608357936	8.901	0(0)	0.989(989)
THR	-4.4437203496532	8.892	0(0)	0.988(988)
THR	-4.3575798635128	8.874	0(0)	0.986(986)
THR	-4.2714393773724	8.856	0(0)	0.984(984)
THR	-4.185298891232	8.856	0(0)	0.984(984)
THR	-4.0991584050916	8.856	0(0)	0.984(984)
THR	-4.01301791895119	8.847	0(0)	0.983(983)
THR	-3.92687743281079	8.829	0(0)	0.981(981)
THR	-3.8407369466704	8.802	0(0)	0.978(978)
THR	-3.75459646053	8.784	0(0)	0.976(976)
THR	-3.6684559743896	8.748	0(0)	0.972(972)
THR	-3.5823154882492	8.703	0(0)	0.967(967)
THR	-3.4961750021088	8.649	0(0)	0.961(961)
THR	-3.4100345159684	8.613	0(0)	0.957(957)
THR	-3.323894029828	8.577	0(0)	0.953(953)
THR	-3.2377535436876	8.532	0(0)	0.948(948)
THR	-3.1516130575472	8.487	0(0)	0.943(943)
THR	-3.0654725714068	8.442	0(0)	0.938(938)
THR	-2.9793320852664	8.406	0(0)	0.934(934)
THR	-2.893191599126	8.361	0(0)	0.929(929)
THR	-2.8070511129856	8.307	0(0)	0.923(923)
THR	-2.7209106268452	8.235	0(0)	0.915(915)
THR	-2.6347701407048	8.181	0(0)	0.909(909)
THR	-2.5486296545644	8.082	0(0)	0.898(898)
THR	-2.462489168424	8.01	0(0)	0.89(890)
THR	-2.3763486822836	7.893	0(0)	0.877(877)
THR	-2.2902081961432	7.704	0(0)	0.856(856)
THR	-2.2040677100028	7.569	0(0)	0.841(841)
THR	-2.1179272238624	7.425	0(0)	0.825(825)
THR	-2.031786737722	7.263	0(0)	0.807(807)
THR	-1.9456462515816	7.11	0(0)	0.79(790)
THR	-1.8595057654412	6.894	0(0)	0.766(766)
THR	-1.7733652793008	6.696	0(0)	0.744(744)
THR	-1.6872247931604	6.372	0(0)	0.708(708)
THR	-1.60108430702	6.084	0(0)	0.676(676)
THR	-1.5149438208796	5.832	0(0)	0.648(648)
THR	-1.4288033347392	5.553	0(0)	0.617(617)
THR	-1.3426628485988	5.238	0(0)	0.582(582)
THR	-1.2565223624584	4.954	0.004(1)	0.55(550)
THR	-1.170381876318	4.603	0.004(1)	0.511(511)
THR	-1.0842413901776	4.117	0.004(1)	0.457(457)
THR	-0.998100904037198	3.739	0.004(1)	0.415(415)
THR	-0.911960417896798	3.347	0.008(2)	0.371(371)
THR	-0.825819931756398	2.937	0.012(3)	0.325(325)
THR	-0.739679445615998	2.604	0.012(3)	0.288(288)
THR	-0.653538959475598	2.206	0.028(7)	0.242(242)
THR	-0.567398473335198	1.908	0.036(9)	0.208(208)
THR	-0.481257987194798	1.609	0.052(13)	0.173(173)
THR	-0.395117501054398	1.419	0.06(15)	0.151(151)
THR	-0.308977014913998	1.153	0.064(16)	0.121(121)
THR	-0.222836528773598	1.001	0.092(23)	0.101(101)
THR	-0.136696042633198	0.832	0.112(28)	0.08(80)
THR	-0.0505555564927981	0.672	0.132(33)	0.06(60)
THR	0.035584929647602	0.568	0.172(43)	0.044(44)
THR	0.121725415788002	0.52	0.232(58)	0.032(32)
THR	0.207865901928402	0.444	0.264(66)	0.02(20)
THR	0.294006388068802	0.475	0.304(76)	0.019(19)
THR	0.380146874209202	0.491	0.356(89)	0.015(15)
THR	0.466287360349602	0.5	0.392(98)	0.012(12)
THR	0.552427846490002	0.531	0.432(108)	0.011(11)
THR	0.638568332630402	0.564	0.492(123)	0.008(8)
THR	0.724708818770802	0.594	0.54(135)	0.006(6)
THR	0.810849304911202	0.625	0.58(145)	0.005(5)
THR	0.896989791051602	0.664	0.628(157)	0.004(4)
THR	0.983130277192002	0.707	0.68(170)	0.003(3)
THR	1.0692707633324	0.754	0.736(184)	0.002(2)
THR	1.1554112494728	0.798	0.78(195)	0.002(2)
THR	1.2415517356132	0.817	0.808(202)	0.001(1)
THR	1.3276922217536	0.84	0.84(210)	0(0)
THR	1.413832707894	0.868	0.868(217)	0(0)
THR	1.4999731940344	0.884	0.884(221)	0(0)
THR	1.5861136801748	0.912	0.912(228)	0(0)
THR	1.6722541663152	0.944	0.944(236)	0(0)
THR	1.7583946524556	0.952	0.952(238)	0(0)
THR	1.844535138596	0.96	0.96(240)	0(0)
THR	1.9306756247364	0.964	0.964(241)	0(0)
THR	2.0168161108768	0.964	0.964(241)	0(0)
THR	2.1029565970172	0.964	0.964(241)	0(0)
THR	2.1890970831576	0.972	0.972(243)	0(0)
THR	2.275237569298	0.98	0.98(245)	0(0)
THR	2.3613780554384	0.988	0.988(247)	0(0)
THR	2.4475185415788	0.988	0.988(247)	0(0)
THR	2.5336590277192	0.992	0.992(248)	0(0)
THR	2.6197995138596	0.996	0.996(249)	0(0)
THR	2.70594	1	1(250)	0(0)


==============================================
THR: 0.207865901928402
Missed:     66/250=0.2640
FalseAlarm: 20/1000=0.0200
----------------------------------------------
==> CostDetection: 44.4
==============================================
