Threshold search:
THR	-9.8999999e+31	9	0(0)	1(1000)
THR	9.9990199000099e+35	9	0(0)	1(1000)
THR	1.99990298000098e+36	9	0(0)	1(1000)
THR	2.99990397000097e+36	9	0(0)	1(1000)
THR	3.99990496000096e+36	9	0(0)	1(1000)
THR	4.99990595000095e+36	9	0(0)	1(1000)
THR	5.99990694000094e+36	9	0(0)	1(1000)
THR	6.99990793000093e+36	9	0(0)	1(1000)
THR	7.99990892000092e+36	9	0(0)	1(1000)
THR	8.99990991000091e+36	9	0(0)	1(1000)
THR	9.9999109000009e+36	9	0(0)	1(1000)
THR	1.09999118900009e+37	9	0(0)	1(1000)
THR	1.19999128800009e+37	9	0(0)	1(1000)
THR	1.29999138700009e+37	9	0(0)	1(1000)
THR	1.39999148600009e+37	9	0(0)	1(1000)
THR	1.49999158500009e+37	9	0(0)	1(1000)
THR	1.59999168400008e+37	9	0(0)	1(1000)
THR	1.69999178300008e+37	9	0(0)	1(1000)
THR	1.79999188200008e+37	9	0(0)	1(1000)
THR	1.89999198100008e+37	9	0(0)	1(1000)
THR	1.99999208000008e+37	9	0(0)	1(1000)
THR	2.09999217900008e+37	9	0(0)	1(1000)
THR	2.19999227800008e+37	9	0(0)	1(1000)
THR	2.29999237700008e+37	9	0(0)	1(1000)
THR	2.39999247600008e+37	9	0(0)	1(1000)
THR	2.49999257500007e+37	9	0(0)	1(1000)
THR	2.59999267400007e+37	9	0(0)	1(1000)
THR	2.69999277300007e+37	9	0(0)	1(1000)
THR	2.79999287200007e+37	9	0(0)	1(1000)
THR	2.89999297100007e+37	9	0(0)	1(1000)
THR	2.99999307000007e+37	9	0(0)	1(1000)
THR	3.09999316900007e+37	9	0(0)	1(1000)
THR	3.19999326800007e+37	9	0(0)	1(1000)
THR	3.29999336700007e+37	9	0(0)	1(1000)
THR	3.39999346600006e+37	9	0(0)	1(1000)
THR	3.49999356500006e+37	9	0(0)	1(1000)
THR	3.59999366400006e+37	9	0(0)	1(1000)
THR	3.69999376300006e+37	9	0(0)	1(1000)
THR	3.79999386200006e+37	9	0(0)	1(1000)
THR	3.89999396100006e+37	9	0(0)	1(1000)
THR	3.99999406000006e+37	9	0(0)	1(1000)
THR	4.09999415900006e+37	9	0(0)	1(1000)
THR	4.19999425800005e+37	9	0(0)	1(1000)
THR	4.29999435700005e+37	9	0(0)	1(1000)
THR	4.39999445600005e+37	9	0(0)	1(1000)
THR	4.49999455500005e+37	9	0(0)	1(1000)
THR	4.59999465400005e+37	9	0(0)	1(1000)
THR	4.69999475300005e+37	9	0(0)	1(1000)
THR	4.79999485200005e+37	9	0(0)	1(1000)
THR	4.89999495100005e+37	9	0(0)	1(1000)
THR	4.99999505000005e+37	9	0(0)	1(1000)
THR	5.09999514900005e+37	9	0(0)	1(1000)
THR	5.19999524800005e+37	9	0(0)	1(1000)
THR	5.29999534700005e+37	9	0(0)	1(1000)
THR	5.39999544600005e+37	9	0(0)	1(1000)
THR	5.49999554500004e+37	9	0(0)	1(1000)
THR	5.59999564400004e+37	9	0(0)	1(1000)
THR	5.69999574300004e+37	9	0(0)	1(1000)
THR	5.79999584200004e+37	9	0(0)	1(1000)
THR	5.89999594100004e+37	9	0(0)	1(1000)
THR	5.99999604000004e+37	9	0(0)	1(1000)
THR	6.09999613900004e+37	9	0(0)	1(1000)
THR	6.19999623800004e+37	9	0(0)	1(1000)
THR	6.29999633700004e+37	9	0(0)	1(1000)
THR	6.39999643600004e+37	9	0(0)	1(1000)
THR	6.49999653500004e+37	9	0(0)	1(1000)
THR	6.59999663400004e+37	9	0(0)	1(1000)
THR	6.69999673300004e+37	9	0(0)	1(1000)
THR	6.79999683200004e+37	9	0(0)	1(1000)
THR	6.89999693100003e+37	9	0(0)	1(1000)
THR	6.99999703000003e+37	9	0(0)	1(1000)
THR	7.09999712900003e+37	9	0(0)	1(1000)
THR	7.19999722800003e+37	9	0(0)	1(1000)
THR	7.29999732700003e+37	9	0(0)	1(1000)
THR	7.39999742600003e+37	9	0(0)	1(1000)
THR	7.49999752500003e+37	9	0(0)	1(1000)
THR	7.59999762400003e+37	9	0(0)	1(1000)
THR	7.69999772300003e+37	9	0(0)	1(1000)
THR	7.79999782200003e+37	9	0(0)	1(1000)
THR	7.89999792100003e+37	9	0(0)	1(1000)
THR	7.99999802000003e+37	9	0(0)	1(1000)
THR	8.09999811900003e+37	9	0(0)	1(1000)
THR	8.19999821800003e+37	9	0(0)	1(1000)
THR	8.29999831700002e+37	9	0(0)	1(1000)
THR	8.39999841600002e+37	9	0(0)	1(1000)
THR	8.49999851500002e+37	9	0(0)	1(1000)
THR	8.59999861400002e+37	9	0(0)	1(1000)
THR	8.69999871300002e+37	9	0(0)	1(1000)
THR	8.79999881200002e+37	9	0(0)	1(1000)
THR	8.89999891100002e+37	9	0(0)	1(1000)
THR	8.99999901000002e+37	9	0(0)	1(1000)
THR	9.09999910900002e+37	9	0(0)	1(1000)
THR	9.19999920800002e+37	9	0(0)	1(1000)
THR	9.29999930700002e+37	9	0(0)	1(1000)
THR	9.39999940600002e+37	9	0(0)	1(1000)
THR	9.49999950500001e+37	9	0(0)	1(1000)
THR	9.59999960400001e+37	9	0(0)	1(1000)
THR	9.69999970300001e+37	9	0(0)	1(1000)
THR	9.79999980200001e+37	9	0(0)	1(1000)
THR	9.89999990100001e+37	9	0(0)	1(1000)
THR	1e+38	1	1(250)	0(0)


==============================================
THR: 1e+38
Missed:     250/250=1.0000
FalseAlarm: 0/1000=0.0000
----------------------------------------------
==> CostDetection: 100.0
==============================================
Threshold search:
THR	-4.43240778437	9	0(0)	1(1000)
THR	-4.3545640065263	8.991	0(0)	0.999(999)
THR	-4.2767202286826	8.991	0(0)	0.999(999)
THR	-4.1988764508389	8.982	0(0)	0.998(998)
THR	-4.1210326729952	8.982	0(0)	0.998(998)
THR	-4.0431888951515	8.982	0(0)	0.998(998)
THR	-3.9653451173078	8.973	0(0)	0.997(997)
THR	-3.8875013394641	8.973	0(0)	0.997(997)
THR	-3.8096575616204	8.964	0(0)	0.996(996)
THR	-3.7318137837767	8.964	0(0)	0.996(996)
THR	-3.653970005933	8.964	0(0)	0.996(996)
THR	-3.5761262280893	8.964	0(0)	0.996(996)
THR	-3.4982824502456	8.955	0(0)	0.995(995)
THR	-3.4204386724019	8.955	0(0)	0.995(995)
THR	-3.3425948945582	8.955	0(0)	0.995(995)
THR	-3.2647511167145	8.946	0(0)	0.994(994)
THR	-3.1869073388708	8.937	0(0)	0.993(993)
THR	-3.1090635610271	8.901	0(0)	0.989(989)
THR	-3.0312197831834	8.883	0(0)	0.987(987)
THR	-2.9533760053397	8.874	0(0)	0.986(986)
THR	-2.875532227496	8.856	0(0)	0.984(984)
THR	-2.7976884496523	8.829	0(0)	0.981(981)
THR	-2.7198446718086	8.766	0(0)	0.974(974)
THR	-2.6420008939649	8.739	0(0)	0.971(971)
THR	-2.5641571161212	8.667	0(0)	0.963(963)
THR	-2.48631333827749	8.586	0(0)	0.954(954)
THR	-2.40846956043379	8.505	0(0)	0.945(945)
THR	-2.33062578259009	8.397	0(0)	0.933(933)
THR	-2.25278200474639	8.316	0(0)	0.924(924)
THR	-2.17493822690269	8.136	0(0)	0.904(904)
THR	-2.09709444905899	8.01	0(0)	0.89(890)
THR	-2.01925067121529	7.776	0(0)	0.864(864)
THR	-1.94140689337159	7.668	0(0)	0.852(852)
THR	-1.86356311552789	7.488	0(0)	0.832(832)
THR	-1.78571933768419	7.272	0(0)	0.808(808)
THR	-1.70787555984049	7.119	0(0)	0.791(791)
THR	-1.63003178199679	6.853	0.004(1)	0.761(761)
THR	-1.55218800415309	6.547	0.004(1)	0.727(727)
THR	-1.47434422630939	6.07	0.004(1)	0.674(674)
THR	-1.39650044846569	5.638	0.004(1)	0.626(626)
THR	-1.31865667062199	5.413	0.004(1)	0.601(601)
THR	-1.24081289277829	5.008	0.004(1)	0.556(556)
THR	-1.16296911493459	4.558	0.004(1)	0.506(506)
THR	-1.08512533709089	4.18	0.004(1)	0.464(464)
THR	-1.00728155924719	3.766	0.004(1)	0.418(418)
THR	-0.929437781403494	3.397	0.004(1)	0.377(377)
THR	-0.851594003559794	3.046	0.004(1)	0.338(338)
THR	-0.773750225716094	2.695	0.004(1)	0.299(299)
THR	-0.695906447872394	2.272	0.004(1)	0.252(252)
THR	-0.618062670028694	1.957	0.004(1)	0.217(217)
THR	-0.540218892184994	1.75	0.004(1)	0.194(194)
THR	-0.462375114341294	1.489	0.004(1)	0.165(165)
THR	-0.384531336497594	1.255	0.004(1)	0.139(139)
THR	-0.306687558653894	1.057	0.004(1)	0.117(117)
THR	-0.228843780810194	0.85	0.004(1)	0.094(94)
THR	-0.151000002966494	0.706	0.004(1)	0.078(78)
THR	-0.0731562251227935	0.562	0.004(1)	0.062(62)
THR	0.00468755272090651	0.461	0.02(5)	0.049(49)
THR	0.0825313305646065	0.383	0.032(8)	0.039(39)
THR	0.160375108408307	0.295	0.052(13)	0.027(27)
THR	0.238218886252007	0.218	0.056(14)	0.018(18)
THR	0.316062664095707	0.197	0.08(20)	0.013(13)
THR	0.393906441939407	0.19	0.1(25)	0.01(10)
THR	0.471750219783107	0.208	0.136(34)	0.008(8)
THR	0.549593997626807	0.178	0.16(40)	0.002(2)
THR	0.627437775470507	0.205	0.196(49)	0.001(1)
THR	0.705281553314207	0.237	0.228(57)	0.001(1)
THR	0.783125331157907	0.276	0.276(69)	0(0)
THR	0.860969109001607	0.316	0.316(79)	0(0)
THR	0.938812886845307	0.376	0.376(94)	0(0)
THR	1.01665666468901	0.412	0.412(103)	0(0)
THR	1.09450044253271	0.464	0.464(116)	0(0)
THR	1.17234422037641	0.524	0.524(131)	0(0)
THR	1.25018799822011	0.564	0.564(141)	0(0)
THR	1.32803177606381	0.608	0.608(152)	0(0)
THR	1.40587555390751	0.656	0.656(164)	0(0)
THR	1.48371933175121	0.688	0.688(172)	0(0)
THR	1.56156310959491	0.732	0.732(183)	0(0)
THR	1.63940688743861	0.768	0.768(192)	0(0)
THR	1.71725066528231	0.784	0.784(196)	0(0)
THR	1.79509444312601	0.828	0.828(207)	0(0)
THR	1.87293822096971	0.836	0.836(209)	0(0)
THR	1.95078199881341	0.852	0.852(213)	0(0)
THR	2.02862577665711	0.856	0.856(214)	0(0)
THR	2.10646955450081	0.872	0.872(218)	0(0)
THR	2.18431333234451	0.884	0.884(221)	0(0)
THR	2.26215711018821	0.888	0.888(222)	0(0)
THR	2.34000088803191	0.908	0.908(227)	0(0)
THR	2.41784466587561	0.912	0.912(228)	0(0)
THR	2.49568844371931	0.932	0.932(233)	0(0)
THR	2.57353222156301	0.94	0.94(235)	0(0)
THR	2.65137599940671	0.952	0.952(238)	0(0)
THR	2.72921977725041	0.956	0.956(239)	0(0)
THR	2.80706355509411	0.96	0.96(240)	0(0)
THR	2.88490733293781	0.98	0.98(245)	0(0)
THR	2.96275111078151	0.984	0.984(246)	0(0)
THR	3.04059488862521	0.988	0.988(247)	0(0)
THR	3.11843866646891	0.992	0.992(248)	0(0)
THR	3.19628244431261	0.992	0.992(248)	0(0)
THR	3.27412622215631	0.996	0.996(249)	0(0)
THR	3.35197000000001	1	1(250)	0(0)


==============================================
THR: 0.549593997626807
Missed:     40/250=0.1600
FalseAlarm: 2/1000=0.0020
----------------------------------------------
==> CostDetection: 17.8
==============================================
