BLOCK00/SES002/SA002S12	SES002	1.31544	4.10728	2.79184
BLOCK00/SES002/SA002S13	SES002	1.9886	3.22649	1.23789
BLOCK00/SES002/SA002S23	SES002	1.60295	3.75261	2.14966
BLOCK00/SES002/SA002S26	SES002	1.87197	3.62172	1.74975
BLOCK00/SES002/SA002S28	SES002	1.87647	4.32546	2.449
BLOCK00/SES007/SA007S14	SES007	0.720785	4.27594	3.55516
BLOCK00/SES007/SA007S15	SES007	0.793414	4.19038	3.39696
BLOCK00/SES007/SA007S24	SES007	0.668318	4.08232	3.41401
BLOCK00/SES007/SA007S27	SES007	0.639742	3.40639	2.76665
BLOCK00/SES007/SA007S29	SES007	0.469523	4.91327	4.44374
BLOCK00/SES008/SA008S11	SES008	1.55078	4.60555	3.05477
BLOCK00/SES008/SA008S12	SES008	1.37744	5.18341	3.80597
BLOCK00/SES008/SA008S19	SES008	1.80989	5.94397	4.13407
BLOCK00/SES008/SA008S22	SES008	1.33589	3.97123	2.63534
BLOCK00/SES008/SA008S29	SES008	1.71511	5.13166	3.41655
BLOCK01/SES014/SA014S10	SES014	1.39303	4.80331	3.41028
BLOCK01/SES014/SA014S12	SES014	2.3744	6.52918	4.15477
BLOCK01/SES014/SA014S24	SES014	2.19266	5.49277	3.30012
BLOCK01/SES014/SA014S26	SES014	2.61167	6.85897	4.24731
BLOCK01/SES014/SA014S28	SES014	2.66751	5.90987	3.24236
BLOCK01/SES016/SA016S12	SES016	1.35296	3.33242	1.97946
BLOCK01/SES016/SA016S13	SES016	2.20736	4.57347	2.36611
BLOCK01/SES016/SA016S22	SES016	2.29694	5.57623	3.27929
BLOCK01/SES016/SA016S25	SES016	2.34672	6.38444	4.03772
BLOCK01/SES016/SA016S27	SES016	2.27681	5.57491	3.2981
BLOCK01/SES019/SA019S13	SES019	2.51858	3.95158	1.433
BLOCK01/SES019/SA019S14	SES019	1.8437	4.01091	2.16721
BLOCK01/SES019/SA019S22	SES019	2.97306	4.46533	1.49227
BLOCK01/SES019/SA019S25	SES019	2.62177	4.12877	1.50699
BLOCK01/SES019/SA019S29	SES019	3.35857	4.00113	0.642565
BLOCK02/SES029/SA029S11	SES029	1.51524	5.41512	3.89988
BLOCK02/SES029/SA029S12	SES029	1.48645	5.16042	3.67396
BLOCK02/SES029/SA029S20	SES029	1.57059	5.2373	3.6667
BLOCK02/SES029/SA029S25	SES029	1.72364	4.83298	3.10934
BLOCK02/SES029/SA029S28	SES029	1.38058	5.12186	3.74127
BLOCK04/SES042/SA042S12	SES042	1.91232	4.9621	3.04977
BLOCK04/SES042/SA042S15	SES042	1.56649	5.78143	4.21494
BLOCK04/SES042/SA042S22	SES042	2.29973	5.66707	3.36734
BLOCK04/SES042/SA042S25	SES042	1.06353	4.16179	3.09826
BLOCK04/SES042/SA042S27	SES042	1.67977	5.11903	3.43926
BLOCK04/SES048/SA048S11	SES048	1.54259	5.34725	3.80466
BLOCK04/SES048/SA048S12	SES048	0.917487	4.17462	3.25713
BLOCK04/SES048/SA048S20	SES048	1.56857	5.57361	4.00503
BLOCK04/SES048/SA048S23	SES048	1.31962	4.12813	2.80851
BLOCK04/SES048/SA048S27	SES048	1.23245	5.15097	3.91852
BLOCK06/SES060/SA060S11	SES060	1.65363	4.46308	2.80945
BLOCK06/SES060/SA060S12	SES060	1.10671	3.52906	2.42235
BLOCK06/SES060/SA060S22	SES060	0.328168	3.66624	3.33808
BLOCK06/SES060/SA060S24	SES060	1.40375	5.4672	4.06346
BLOCK06/SES060/SA060S28	SES060	1.58677	5.93732	4.35055
BLOCK06/SES062/SA062S10	SES062	1.24846	4.58116	3.3327
BLOCK06/SES062/SA062S11	SES062	1.15479	4.78687	3.63208
BLOCK06/SES062/SA062S21	SES062	2.3434	6.81012	4.46672
BLOCK06/SES062/SA062S26	SES062	1.37471	5.20819	3.83348
BLOCK06/SES062/SA062S29	SES062	1.65067	5.86974	4.21907
BLOCK06/SES068/SA068S14	SES068	1.71449	4.39283	2.67834
BLOCK06/SES068/SA068S15	SES068	2.09573	5.56362	3.46789
BLOCK06/SES068/SA068S23	SES068	2.38452	5.21923	2.8347
BLOCK06/SES068/SA068S27	SES068	2.95652	4.78943	1.83291
BLOCK06/SES068/SA068S29	SES068	2.14097	5.18339	3.04242
BLOCK08/SES082/SA082S12	SES082	1.55334	3.83037	2.27703
BLOCK08/SES082/SA082S14	SES082	0.777194	2.95655	2.17936
BLOCK08/SES082/SA082S21	SES082	1.27807	4.0166	2.73854
BLOCK08/SES082/SA082S24	SES082	2.25267	4.44489	2.19222
BLOCK08/SES082/SA082S28	SES082	1.58232	3.33238	1.75006
BLOCK08/SES083/SA083S14	SES083	1.45812	5.07543	3.61731
BLOCK08/SES083/SA083S15	SES083	1.75321	4.91959	3.16638
BLOCK08/SES083/SA083S24	SES083	1.35472	4.58585	3.23113
BLOCK08/SES083/SA083S26	SES083	1.79657	4.51079	2.71422
BLOCK08/SES083/SA083S29	SES083	1.05494	4.33073	3.27579
BLOCK08/SES085/SA085S10	SES085	2.0028	5.74462	3.74182
BLOCK08/SES085/SA085S13	SES085	1.5164	4.5231	3.0067
BLOCK08/SES085/SA085S22	SES085	1.42632	3.97428	2.54796
BLOCK08/SES085/SA085S26	SES085	1.62346	4.90686	3.2834
BLOCK08/SES085/SA085S28	SES085	1.99536	5.55255	3.55719
BLOCK08/SES087/SA087S15	SES087	1.63769	5.02753	3.38984
BLOCK08/SES087/SA087S16	SES087	1.32207	3.77556	2.45349
BLOCK08/SES087/SA087S24	SES087	1.29471	4.84885	3.55414
BLOCK08/SES087/SA087S26	SES087	2.02457	5.39072	3.36615
BLOCK08/SES087/SA087S29	SES087	1.62977	5.13097	3.5012
BLOCK09/SES099/SA099S15	SES099	1.62151	3.50767	1.88615
BLOCK09/SES099/SA099S16	SES099	0.801105	3.06602	2.26491
BLOCK09/SES099/SA099S24	SES099	1.22192	4.29869	3.07677
BLOCK09/SES099/SA099S26	SES099	2.00053	4.68236	2.68183
BLOCK09/SES099/SA099S29	SES099	1.91261	4.22687	2.31426
BLOCK10/SES101/SA101S11	SES101	1.30767	4.41761	3.10994
BLOCK10/SES101/SA101S13	SES101	2.12676	5.2465	3.11973
BLOCK10/SES101/SA101S22	SES101	1.70077	3.58078	1.88001
BLOCK10/SES101/SA101S24	SES101	2.23446	5.01116	2.7767
BLOCK10/SES101/SA101S28	SES101	1.69178	4.05714	2.36536
BLOCK10/SES104/SA104S11	SES104	2.06196	5.16831	3.10635
BLOCK10/SES104/SA104S12	SES104	2.30697	5.13588	2.82891
BLOCK10/SES104/SA104S21	SES104	2.11199	4.62773	2.51574
BLOCK10/SES104/SA104S24	SES104	1.76975	4.32808	2.55832
BLOCK10/SES104/SA104S28	SES104	2.60932	4.90774	2.29842
BLOCK10/SES105/SA105S12	SES105	1.18081	3.12088	1.94007
BLOCK10/SES105/SA105S13	SES105	1.22177	4.05717	2.83541
BLOCK10/SES105/SA105S22	SES105	0.62394	2.9381	2.31416
BLOCK10/SES105/SA105S26	SES105	1.47265	3.95653	2.48388
BLOCK10/SES105/SA105S29	SES105	1.44206	4.28975	2.84769
BLOCK10/SES106/SA106S09	SES106	2.25245	3.65867	1.40623
BLOCK10/SES106/SA106S11	SES106	1.52464	4.57559	3.05095
BLOCK10/SES106/SA106S22	SES106	2.95036	3.24439	0.294035
BLOCK10/SES106/SA106S27	SES106	1.99336	4.55984	2.56649
BLOCK10/SES106/SA106S29	SES106	1.30663	5.15516	3.84853
BLOCK11/SES117/SA117S12	SES117	1.32668	4.54319	3.21651
BLOCK11/SES117/SA117S13	SES117	1.21697	5.1247	3.90773
BLOCK11/SES117/SA117S23	SES117	2.44631	4.35905	1.91273
BLOCK11/SES117/SA117S25	SES117	2.13224	4.0021	1.86986
BLOCK11/SES117/SA117S28	SES117	1.78529	4.32785	2.54256
BLOCK12/SES120/SA120S08	SES120	1.50652	3.95405	2.44753
BLOCK12/SES120/SA120S11	SES120	2.25176	2.89178	0.640022
BLOCK12/SES120/SA120S22	SES120	1.45193	5.01376	3.56183
BLOCK12/SES120/SA120S24	SES120	1.0256	3.98272	2.95712
BLOCK12/SES120/SA120S28	SES120	0.19331	3.37488	3.18157
BLOCK12/SES125/SA125S13	SES125	1.55839	5.01663	3.45824
BLOCK12/SES125/SA125S14	SES125	1.5038	4.45773	2.95393
BLOCK12/SES125/SA125S25	SES125	2.45719	5.4395	2.98231
BLOCK12/SES125/SA125S27	SES125	2.02925	5.59876	3.56952
BLOCK12/SES125/SA125S29	SES125	1.51978	4.69335	3.17357
BLOCK12/SES127/SA127S11	SES127	0.841606	4.28635	3.44475
BLOCK12/SES127/SA127S12	SES127	1.39016	6.17459	4.78443
BLOCK12/SES127/SA127S23	SES127	1.04521	4.81587	3.77066
BLOCK12/SES127/SA127S25	SES127	0.833865	3.97107	3.13721
BLOCK12/SES127/SA127S27	SES127	1.63767	4.62668	2.989
BLOCK12/SES129/SA129S11	SES129	2.05391	6.04554	3.99163
BLOCK12/SES129/SA129S12	SES129	2.05114	5.66518	3.61404
BLOCK12/SES129/SA129S22	SES129	1.85396	5.02215	3.16818
BLOCK12/SES129/SA129S27	SES129	1.8214	5.31343	3.49203
BLOCK12/SES129/SA129S29	SES129	1.99636	5.61942	3.62306
BLOCK14/SES142/SA142S11	SES142	1.46189	4.71788	3.25599
BLOCK14/SES142/SA142S12	SES142	1.91835	5.06091	3.14256
BLOCK14/SES142/SA142S24	SES142	2.12374	5.07176	2.94802
BLOCK14/SES142/SA142S27	SES142	2.08215	5.78891	3.70676
BLOCK14/SES142/SA142S29	SES142	1.56736	5.54323	3.97587
BLOCK14/SES143/SA143S12	SES143	1.0117	4.24812	3.23642
BLOCK14/SES143/SA143S13	SES143	1.04888	4.28727	3.23839
BLOCK14/SES143/SA143S23	SES143	1.26736	4.55285	3.28549
BLOCK14/SES143/SA143S25	SES143	1.64893	4.95674	3.30781
BLOCK14/SES143/SA143S28	SES143	0.988523	4.60248	3.61395
BLOCK14/SES144/SA144S09	SES144	1.02667	5.07197	4.0453
BLOCK14/SES144/SA144S11	SES144	1.201	4.36691	3.16591
BLOCK14/SES144/SA144S21	SES144	0.612004	3.78178	3.16977
BLOCK14/SES144/SA144S25	SES144	1.27253	5.1962	3.92368
BLOCK14/SES144/SA144S29	SES144	0.629959	4.18226	3.55231
BLOCK14/SES146/SA146S14	SES146	1.3297	3.95655	2.62685
BLOCK14/SES146/SA146S15	SES146	0.649282	4.10888	3.4596
BLOCK14/SES146/SA146S24	SES146	1.44811	4.08978	2.64167
BLOCK14/SES146/SA146S26	SES146	2.13979	4.68623	2.54644
BLOCK14/SES146/SA146S29	SES146	1.04565	3.65363	2.60798
BLOCK14/SES147/SA147S11	SES147	1.35158	4.86838	3.5168
BLOCK14/SES147/SA147S13	SES147	1.97537	5.92327	3.9479
BLOCK14/SES147/SA147S23	SES147	2.15345	4.96443	2.81098
BLOCK14/SES147/SA147S26	SES147	1.28077	3.88807	2.60729
BLOCK14/SES147/SA147S28	SES147	1.81095	5.23685	3.4259
BLOCK14/SES148/SA148S10	SES148	1.11861	5.72668	4.60807
BLOCK14/SES148/SA148S12	SES148	0.659177	3.81964	3.16046
BLOCK14/SES148/SA148S22	SES148	0.993278	5.46535	4.47207
BLOCK14/SES148/SA148S26	SES148	1.04637	5.37952	4.33316
BLOCK14/SES148/SA148S29	SES148	1.03387	5.28421	4.25034
BLOCK14/SES149/SA149S13	SES149	0.793036	3.96606	3.17303
BLOCK14/SES149/SA149S14	SES149	0.89784	4.5667	3.66885
BLOCK14/SES149/SA149S24	SES149	1.31934	4.92462	3.60528
BLOCK14/SES149/SA149S26	SES149	1.25688	5.44435	4.18746
BLOCK14/SES149/SA149S28	SES149	1.66344	5.48797	3.82453
BLOCK15/SES158/SA158S13	SES158	0.98343	3.05667	2.07324
BLOCK15/SES158/SA158S14	SES158	0.89913	2.66473	1.7656
BLOCK15/SES158/SA158S23	SES158	1.28419	3.66194	2.37775
BLOCK15/SES158/SA158S26	SES158	1.58264	2.42601	0.843372
BLOCK15/SES158/SA158S28	SES158	0.830548	3.14472	2.31417
BLOCK16/SES162/SA162S10	SES162	0.903547	3.95073	3.04718
BLOCK16/SES162/SA162S11	SES162	1.29888	4.45235	3.15348
BLOCK16/SES162/SA162S21	SES162	1.52935	4.25301	2.72366
BLOCK16/SES162/SA162S24	SES162	1.8715	4.3051	2.4336
BLOCK16/SES162/SA162S27	SES162	1.75202	3.66888	1.91686
BLOCK16/SES167/SA167S14	SES167	2.05302	6.32781	4.27479
BLOCK16/SES167/SA167S15	SES167	1.68072	6.00247	4.32175
BLOCK16/SES167/SA167S21	SES167	2.27374	7.04094	4.7672
BLOCK16/SES167/SA167S25	SES167	2.3512	6.67398	4.32278
BLOCK16/SES167/SA167S29	SES167	2.73249	7.45766	4.72517
BLOCK17/SES172/SA172S12	SES172	1.29383	3.05844	1.76461
BLOCK17/SES172/SA172S13	SES172	1.55795	3.65796	2.10001
BLOCK17/SES172/SA172S23	SES172	1.32871	4.12388	2.79517
BLOCK17/SES172/SA172S27	SES172	1.32924	3.55002	2.22078
BLOCK17/SES172/SA172S29	SES172	1.23571	3.3787	2.143
BLOCK17/SES175/SA175S11	SES175	1.17928	4.6559	3.47662
BLOCK17/SES175/SA175S13	SES175	1.40254	5.75483	4.35229
BLOCK17/SES175/SA175S23	SES175	1.10194	5.20833	4.10639
BLOCK17/SES175/SA175S25	SES175	0.399464	3.07031	2.67085
BLOCK17/SES175/SA175S28	SES175	1.03441	4.63664	3.60223
BLOCK17/SES177/SA177S15	SES177	1.44571	4.3761	2.93039
BLOCK17/SES177/SA177S17	SES177	1.06371	4.01267	2.94895
BLOCK17/SES177/SA177S23	SES177	0.736506	3.33742	2.60091
BLOCK17/SES177/SA177S26	SES177	1.34961	5.73164	4.38203
BLOCK17/SES177/SA177S28	SES177	1.03172	4.27169	3.23997
BLOCK18/SES180/SA180S13	SES180	1.01583	4.05209	3.03626
BLOCK18/SES180/SA180S15	SES180	1.11224	4.04181	2.92957
BLOCK18/SES180/SA180S24	SES180	1.97673	5.02393	3.0472
BLOCK18/SES180/SA180S26	SES180	1.80642	4.69949	2.89307
BLOCK18/SES180/SA180S29	SES180	0.895343	4.87647	3.98113
BLOCK18/SES183/SA183S13	SES183	1.03337	4.04135	3.00799
BLOCK18/SES183/SA183S14	SES183	0.959936	4.05018	3.09024
BLOCK18/SES183/SA183S24	SES183	1.54491	3.5756	2.03069
BLOCK18/SES183/SA183S27	SES183	1.35149	4.34093	2.98945
BLOCK18/SES183/SA183S29	SES183	1.19219	3.99286	2.80066
BLOCK18/SES187/SA187S13	SES187	0.71891	3.32392	2.60501
BLOCK18/SES187/SA187S14	SES187	1.22741	3.42711	2.19969
BLOCK18/SES187/SA187S24	SES187	1.55976	3.44952	1.88976
BLOCK18/SES187/SA187S27	SES187	1.50179	3.47517	1.97338
BLOCK18/SES187/SA187S29	SES187	1.16272	3.21115	2.04843
BLOCK18/SES189/SA189S10	SES189	1.7822	4.21317	2.43097
BLOCK18/SES189/SA189S13	SES189	1.28653	3.37358	2.08705
BLOCK18/SES189/SA189S24	SES189	2.19485	5.24335	3.0485
BLOCK18/SES189/SA189S26	SES189	1.5811	5.38673	3.80563
BLOCK18/SES189/SA189S29	SES189	1.76579	5.2265	3.46071
BLOCK20/SES202/SA202S12	SES202	1.43774	5.70327	4.26553
BLOCK20/SES202/SA202S14	SES202	1.6593	5.36106	3.70175
BLOCK20/SES202/SA202S24	SES202	1.31362	4.94975	3.63613
BLOCK20/SES202/SA202S27	SES202	1.43527	5.71787	4.2826
BLOCK20/SES202/SA202S29	SES202	1.71611	5.8114	4.09529
BLOCK20/SES206/SA206S15	SES206	0.804476	4.13313	3.32865
BLOCK20/SES206/SA206S17	SES206	1.7997	4.62461	2.82491
BLOCK20/SES206/SA206S24	SES206	2.2983	5.21144	2.91314
BLOCK20/SES206/SA206S27	SES206	1.7471	3.53479	1.78769
BLOCK20/SES206/SA206S29	SES206	2.09075	5.56262	3.47187
BLOCK22/SES226/SA226S12	SES226	1.19624	3.94703	2.75078
BLOCK22/SES226/SA226S13	SES226	0.673493	4.05484	3.38135
BLOCK22/SES226/SA226S20	SES226	1.37533	3.99392	2.61859
BLOCK22/SES226/SA226S23	SES226	1.81875	4.60706	2.78832
BLOCK22/SES226/SA226S28	SES226	1.80821	5.32154	3.51333
BLOCK25/SES259/SA259S13	SES259	2.32498	5.36734	3.04237
BLOCK25/SES259/SA259S14	SES259	1.64274	5.07886	3.43612
BLOCK25/SES259/SA259S22	SES259	1.92552	5.59109	3.66557
BLOCK25/SES259/SA259S24	SES259	1.8039	5.65963	3.85573
BLOCK25/SES259/SA259S28	SES259	1.89608	5.02393	3.12785
BLOCK27/SES270/SA270S14	SES270	2.05396	2.59747	0.543509
BLOCK27/SES270/SA270S16	SES270	0.194585	2.73514	2.54056
BLOCK27/SES270/SA270S22	SES270	1.5299	2.86677	1.33688
BLOCK27/SES270/SA270S26	SES270	1.38585	2.88107	1.49522
BLOCK27/SES270/SA270S28	SES270	0.657505	2.19032	1.53282
BLOCK27/SES275/SA275S17	SES275	1.7061	5.32723	3.62113
BLOCK27/SES275/SA275S18	SES275	1.40849	4.16493	2.75644
BLOCK27/SES275/SA275S24	SES275	1.39513	3.6753	2.28016
BLOCK27/SES275/SA275S26	SES275	1.52577	4.77479	3.24902
BLOCK27/SES275/SA275S28	SES275	1.35723	4.24611	2.88888
BLOCK29/SES292/SA292S10	SES292	1.38101	5.38189	4.00088
BLOCK29/SES292/SA292S12	SES292	1.54859	3.69426	2.14567
BLOCK29/SES292/SA292S22	SES292	1.43856	4.77792	3.33937
BLOCK29/SES292/SA292S24	SES292	1.67405	4.98065	3.3066
BLOCK29/SES292/SA292S27	SES292	1.25738	4.38719	3.12981
BLOCK00/SES001/SA001S14	SES062	0.0660303	3.78202	3.71599
BLOCK00/SES001/SA001S14	SES082	0.367012	4.083	3.71599
BLOCK00/SES001/SA001S14	SES106	0.0221031	3.73809	3.71599
BLOCK00/SES001/SA001S14	SES206	0.0686383	3.78463	3.71599
BLOCK00/SES001/SA001S15	SES062	0.183523	4.554	4.37047
BLOCK00/SES001/SA001S15	SES104	0.140588	4.51106	4.37047
BLOCK00/SES001/SA001S15	SES106	0.383718	4.75419	4.37047
BLOCK00/SES001/SA001S15	SES206	0.450946	4.82142	4.37047
BLOCK00/SES001/SA001S24	SES062	-0.165482	3.54343	3.70891
BLOCK00/SES001/SA001S24	SES082	0.272378	3.98129	3.70891
BLOCK00/SES001/SA001S24	SES087	0.228335	3.93724	3.70891
BLOCK00/SES001/SA001S24	SES206	0.126909	3.83582	3.70891
BLOCK00/SES001/SA001S27	SES062	0.292259	4.97624	4.68398
BLOCK00/SES001/SA001S27	SES082	1.0629	5.74688	4.68398
BLOCK00/SES001/SA001S27	SES087	1.05103	5.73501	4.68398
BLOCK00/SES001/SA001S27	SES206	0.601349	5.28533	4.68398
BLOCK00/SES001/SA001S29	SES062	0.0449469	3.723	3.67805
BLOCK00/SES001/SA001S29	SES082	0.666352	4.34441	3.67805
BLOCK00/SES001/SA001S29	SES158	0.12894	3.80699	3.67805
BLOCK00/SES001/SA001S29	SES206	0.3171	3.99515	3.67805
BLOCK00/SES003/SA003S11	SES002	1.04627	3.2024	2.15613
BLOCK00/SES003/SA003S11	SES019	0.367278	2.52341	2.15613
BLOCK00/SES003/SA003S11	SES082	0.356179	2.51231	2.15613
BLOCK00/SES003/SA003S11	SES125	-0.00112772	2.155	2.15613
BLOCK00/SES003/SA003S15	SES016	0.39293	3.1738	2.78087
BLOCK00/SES003/SA003S15	SES019	1.28293	4.0638	2.78087
BLOCK00/SES003/SA003S15	SES062	0.563581	3.34445	2.78087
BLOCK00/SES003/SA003S15	SES206	1.7594	4.54027	2.78087
BLOCK00/SES003/SA003S22	SES002	0.752803	3.57334	2.82054
BLOCK00/SES003/SA003S22	SES062	0.799707	3.62024	2.82054
BLOCK00/SES003/SA003S22	SES082	-0.119692	2.70084	2.82054
BLOCK00/SES003/SA003S22	SES087	0.139453	2.95999	2.82054
BLOCK00/SES003/SA003S25	SES062	0.0435231	2.21798	2.17446
BLOCK00/SES003/SA003S25	SES082	0.561969	2.73643	2.17446
BLOCK00/SES003/SA003S25	SES087	0.552255	2.72671	2.17446
BLOCK00/SES003/SA003S25	SES206	1.24379	3.41825	2.17446
BLOCK00/SES003/SA003S29	SES002	0.158877	3.45654	3.29767
BLOCK00/SES003/SA003S29	SES062	0.0362408	3.33391	3.29767
BLOCK00/SES003/SA003S29	SES082	-0.192242	3.10542	3.29767
BLOCK00/SES003/SA003S29	SES087	0.071166	3.36883	3.29767
BLOCK00/SES004/SA004S12	SES083	0.775758	4.04403	3.26828
BLOCK00/SES004/SA004S12	SES148	0.173632	3.44191	3.26828
BLOCK00/SES004/SA004S12	SES172	1.22862	4.4969	3.26828
BLOCK00/SES004/SA004S12	SES292	0.592789	3.86107	3.26828
BLOCK00/SES004/SA004S17	SES083	0.660473	4.10283	3.44236
BLOCK00/SES004/SA004S17	SES162	0.804691	4.24705	3.44236
BLOCK00/SES004/SA004S17	SES172	1.0427	4.48506	3.44236
BLOCK00/SES004/SA004S17	SES292	0.375282	3.81764	3.44236
BLOCK00/SES004/SA004S24	SES083	0.356517	3.93917	3.58265
BLOCK00/SES004/SA004S24	SES148	-0.0339804	3.54867	3.58265
BLOCK00/SES004/SA004S24	SES172	0.591362	4.17401	3.58265
BLOCK00/SES004/SA004S24	SES292	0.609634	4.19228	3.58265
BLOCK00/SES004/SA004S26	SES083	1.32367	4.07749	2.75382
BLOCK00/SES004/SA004S26	SES127	1.54782	4.30164	2.75382
BLOCK00/SES004/SA004S26	SES148	0.325598	3.07942	2.75382
BLOCK00/SES004/SA004S26	SES292	0.893591	3.64741	2.75382
BLOCK00/SES004/SA004S28	SES083	0.967058	3.48452	2.51746
BLOCK00/SES004/SA004S28	SES127	0.523014	3.04047	2.51746
BLOCK00/SES004/SA004S28	SES187	0.608067	3.12552	2.51746
BLOCK00/SES004/SA004S28	SES292	0.113472	2.63093	2.51746
BLOCK00/SES006/SA006S10	SES014	0.867165	1.84053	0.973368
BLOCK00/SES006/SA006S10	SES158	0.737195	1.71056	0.973368
BLOCK00/SES006/SA006S10	SES226	-1.04634	-0.0729714	0.973368
BLOCK00/SES006/SA006S10	SES270	0.62899	1.60236	0.973368
BLOCK00/SES006/SA006S11	SES158	0.57589	2.35148	1.77559
BLOCK00/SES006/SA006S11	SES226	-0.19333	1.58226	1.77559
BLOCK00/SES006/SA006S11	SES270	0.262518	2.03811	1.77559
BLOCK00/SES006/SA006S11	SES275	-0.542216	1.23337	1.77559
BLOCK00/SES006/SA006S23	SES062	-0.184784	2.75759	2.94237
BLOCK00/SES006/SA006S23	SES105	-0.207733	2.73464	2.94237
BLOCK00/SES006/SA006S23	SES158	-0.254317	2.68805	2.94237
BLOCK00/SES006/SA006S23	SES275	0.123935	3.0663	2.94237
BLOCK00/SES006/SA006S26	SES104	-0.293398	2.57193	2.86533
BLOCK00/SES006/SA006S26	SES158	0.272596	3.13792	2.86533
BLOCK00/SES006/SA006S26	SES270	0.379559	3.24489	2.86533
BLOCK00/SES006/SA006S26	SES275	-0.555145	2.31018	2.86533
BLOCK00/SES006/SA006S28	SES007	-0.318602	1.24731	1.56592
BLOCK00/SES006/SA006S28	SES105	0.0699065	1.63582	1.56592
BLOCK00/SES006/SA006S28	SES158	-0.110707	1.45521	1.56592
BLOCK00/SES006/SA006S28	SES275	-0.769985	0.795932	1.56592
BLOCK00/SES009/SA009S12	SES083	-0.348244	3.51982	3.86807
BLOCK00/SES009/SA009S12	SES148	0.0088973	3.87696	3.86807
BLOCK00/SES009/SA009S12	SES177	0.602859	4.47092	3.86807
BLOCK00/SES009/SA009S12	SES292	0.530421	4.39849	3.86807
BLOCK00/SES009/SA009S15	SES007	0.411314	4.63061	4.2193
BLOCK00/SES009/SA009S15	SES099	-0.828114	3.39119	4.2193
BLOCK00/SES009/SA009S15	SES148	0.0504246	4.26973	4.2193
BLOCK00/SES009/SA009S15	SES172	0.141567	4.36087	4.2193
BLOCK00/SES009/SA009S24	SES146	0.291214	3.82247	3.53126
BLOCK00/SES009/SA009S24	SES148	-0.200686	3.33057	3.53126
BLOCK00/SES009/SA009S24	SES177	0.406673	3.93793	3.53126
BLOCK00/SES009/SA009S24	SES292	0.342762	3.87402	3.53126
BLOCK00/SES009/SA009S26	SES083	-0.458317	2.89681	3.35513
BLOCK00/SES009/SA009S26	SES101	-0.464773	2.89036	3.35513
BLOCK00/SES009/SA009S26	SES120	0.574883	3.93001	3.35513
BLOCK00/SES009/SA009S26	SES177	0.420475	3.77561	3.35513
BLOCK00/SES009/SA009S29	SES083	0.0438924	4.34167	4.29778
BLOCK00/SES009/SA009S29	SES101	0.037509	4.33529	4.29778
BLOCK00/SES009/SA009S29	SES177	0.571609	4.86939	4.29778
BLOCK00/SES009/SA009S29	SES292	0.369662	4.66744	4.29778
BLOCK01/SES011/SA011S10	SES019	0.425799	2.26457	1.83877
BLOCK01/SES011/SA011S10	SES042	1.74064	3.57941	1.83877
BLOCK01/SES011/SA011S10	SES082	0.179747	2.01852	1.83877
BLOCK01/SES011/SA011S10	SES206	1.19115	3.02992	1.83877
BLOCK01/SES011/SA011S11	SES019	0.131888	2.57611	2.44423
BLOCK01/SES011/SA011S11	SES042	1.2824	3.72663	2.44423
BLOCK01/SES011/SA011S11	SES082	-0.357714	2.08651	2.44423
BLOCK01/SES011/SA011S11	SES206	0.645733	3.08996	2.44423
BLOCK01/SES011/SA011S22	SES019	0.298242	2.98646	2.68822
BLOCK01/SES011/SA011S22	SES042	1.37506	4.06328	2.68822
BLOCK01/SES011/SA011S22	SES082	0.0356598	2.72388	2.68822
BLOCK01/SES011/SA011S22	SES206	0.288441	2.97666	2.68822
BLOCK01/SES011/SA011S24	SES019	0.366335	3.58942	3.22309
BLOCK01/SES011/SA011S24	SES042	1.75558	4.97867	3.22309
BLOCK01/SES011/SA011S24	SES104	0.951556	4.17464	3.22309
BLOCK01/SES011/SA011S24	SES206	1.1189	4.34199	3.22309
BLOCK01/SES011/SA011S27	SES082	1.12613	3.95426	2.82813
BLOCK01/SES011/SA011S27	SES087	0.669444	3.49758	2.82813
BLOCK01/SES011/SA011S27	SES125	1.20963	4.03776	2.82813
BLOCK01/SES011/SA011S27	SES206	1.25241	4.08054	2.82813
BLOCK01/SES012/SA012S11	SES007	0.375297	4.27557	3.90027
BLOCK01/SES012/SA012S11	SES082	0.712133	4.61241	3.90027
BLOCK01/SES012/SA012S11	SES083	0.718649	4.61892	3.90027
BLOCK01/SES012/SA012S11	SES206	0.288022	4.1883	3.90027
BLOCK01/SES012/SA012S14	SES082	1.4056	4.7259	3.3203
BLOCK01/SES012/SA012S14	SES087	1.18468	4.50498	3.3203
BLOCK01/SES012/SA012S14	SES206	0.824534	4.14484	3.3203
BLOCK01/SES012/SA012S14	SES292	1.04187	4.36218	3.3203
BLOCK01/SES012/SA012S24	SES082	0.890253	3.3267	2.43645
BLOCK01/SES012/SA012S24	SES087	0.35607	2.79252	2.43645
BLOCK01/SES012/SA012S24	SES120	0.209321	2.64577	2.43645
BLOCK01/SES012/SA012S24	SES206	0.269361	2.70581	2.43645
BLOCK01/SES012/SA012S26	SES019	-0.746726	2.41957	3.16629
BLOCK01/SES012/SA012S26	SES082	0.439967	3.60626	3.16629
BLOCK01/SES012/SA012S26	SES206	1.1211	4.28739	3.16629
BLOCK01/SES012/SA012S26	SES292	1.0022	4.16849	3.16629
BLOCK01/SES012/SA012S29	SES062	0.27746	3.05622	2.77876
BLOCK01/SES012/SA012S29	SES082	0.943406	3.72217	2.77876
BLOCK01/SES012/SA012S29	SES083	0.351681	3.13044	2.77876
BLOCK01/SES012/SA012S29	SES206	0.717048	3.49581	2.77876
BLOCK01/SES013/SA013S16	SES062	-0.190888	2.18838	2.37927
BLOCK01/SES013/SA013S16	SES106	0.848791	3.22806	2.37927
BLOCK01/SES013/SA013S16	SES206	0.86211	3.24138	2.37927
BLOCK01/SES013/SA013S16	SES226	0.173049	2.55232	2.37927
BLOCK01/SES013/SA013S17	SES062	0.0777545	3.35393	3.27618
BLOCK01/SES013/SA013S17	SES106	1.25505	4.53123	3.27618
BLOCK01/SES013/SA013S17	SES206	1.50098	4.77716	3.27618
BLOCK01/SES013/SA013S17	SES226	0.884024	4.1602	3.27618
BLOCK01/SES013/SA013S23	SES104	0.319096	2.23364	1.91454
BLOCK01/SES013/SA013S23	SES106	0.984775	2.89932	1.91454
BLOCK01/SES013/SA013S23	SES206	0.674387	2.58893	1.91454
BLOCK01/SES013/SA013S23	SES270	0.515023	2.42957	1.91454
BLOCK01/SES013/SA013S25	SES042	0.618534	3.35131	2.73277
BLOCK01/SES013/SA013S25	SES104	0.78613	3.5189	2.73277
BLOCK01/SES013/SA013S25	SES106	1.29128	4.02405	2.73277
BLOCK01/SES013/SA013S25	SES206	0.845014	3.57779	2.73277
BLOCK01/SES013/SA013S29	SES062	-0.195611	2.05966	2.25528
BLOCK01/SES013/SA013S29	SES104	0.723382	2.97866	2.25528
BLOCK01/SES013/SA013S29	SES106	1.18648	3.44176	2.25528
BLOCK01/SES013/SA013S29	SES206	0.655441	2.91072	2.25528
BLOCK02/SES021/SA021S13	SES016	0.13884	3.4121	3.27326
BLOCK02/SES021/SA021S13	SES029	0.875873	4.14913	3.27326
BLOCK02/SES021/SA021S13	SES087	0.612115	3.88537	3.27326
BLOCK02/SES021/SA021S13	SES206	1.06392	4.33718	3.27326
BLOCK02/SES021/SA021S15	SES087	1.11125	4.84658	3.73533
BLOCK02/SES021/SA021S15	SES125	1.07926	4.81459	3.73533
BLOCK02/SES021/SA021S15	SES206	1.50422	5.23954	3.73533
BLOCK02/SES021/SA021S15	SES226	0.519081	4.25441	3.73533
BLOCK02/SES021/SA021S23	SES062	0.0139565	2.31383	2.29987
BLOCK02/SES021/SA021S23	SES087	0.948813	3.24868	2.29987
BLOCK02/SES021/SA021S23	SES206	0.666258	2.96613	2.29987
BLOCK02/SES021/SA021S23	SES226	0.87271	3.17258	2.29987
BLOCK02/SES021/SA021S27	SES002	0.144585	3.59573	3.45115
BLOCK02/SES021/SA021S27	SES016	-0.62393	2.82722	3.45115
BLOCK02/SES021/SA021S27	SES019	0.586349	4.0375	3.45115
BLOCK02/SES021/SA021S27	SES062	0.485385	3.93653	3.45115
BLOCK02/SES021/SA021S29	SES087	0.648921	3.49579	2.84687
BLOCK02/SES021/SA021S29	SES125	1.02166	3.86853	2.84687
BLOCK02/SES021/SA021S29	SES206	1.06874	3.91561	2.84687
BLOCK02/SES021/SA021S29	SES226	0.0797784	2.92665	2.84687
BLOCK04/SES043/SA043S09	SES083	0.695767	3.64795	2.95218
BLOCK04/SES043/SA043S09	SES101	0.600024	3.55221	2.95218
BLOCK04/SES043/SA043S09	SES144	0.883056	3.83524	2.95218
BLOCK04/SES043/SA043S09	SES172	0.546304	3.49849	2.95218
BLOCK04/SES043/SA043S11	SES083	0.185683	4.10547	3.91979
BLOCK04/SES043/SA043S11	SES101	0.748032	4.66782	3.91979
BLOCK04/SES043/SA043S11	SES144	0.741091	4.66088	3.91979
BLOCK04/SES043/SA043S11	SES172	0.647479	4.56727	3.91979
BLOCK04/SES043/SA043S23	SES083	0.669522	4.09381	3.42428
BLOCK04/SES043/SA043S23	SES144	1.27111	4.69539	3.42428
BLOCK04/SES043/SA043S23	SES177	0.425666	3.84995	3.42428
BLOCK04/SES043/SA043S23	SES275	0.734932	4.15922	3.42428
BLOCK04/SES043/SA043S26	SES083	0.58473	4.19657	3.61184
BLOCK04/SES043/SA043S26	SES101	0.241727	3.85357	3.61184
BLOCK04/SES043/SA043S26	SES144	0.951231	4.56307	3.61184
BLOCK04/SES043/SA043S26	SES177	0.501416	4.11325	3.61184
BLOCK04/SES043/SA043S28	SES016	0.762014	4.35646	3.59445
BLOCK04/SES043/SA043S28	SES083	1.06299	4.65744	3.59445
BLOCK04/SES043/SA043S28	SES101	1.33128	4.92573	3.59445
BLOCK04/SES043/SA043S28	SES144	1.1827	4.77715	3.59445
BLOCK04/SES044/SA044S10	SES127	0.423397	3.23215	2.80875
BLOCK04/SES044/SA044S10	SES144	0.780222	3.58897	2.80875
BLOCK04/SES044/SA044S10	SES147	0.197448	3.0062	2.80875
BLOCK04/SES044/SA044S10	SES148	0.0927701	2.90152	2.80875
BLOCK04/SES044/SA044S11	SES101	1.60528	4.5807	2.97542
BLOCK04/SES044/SA044S11	SES144	1.2736	4.24902	2.97542
BLOCK04/SES044/SA044S11	SES147	0.913865	3.88928	2.97542
BLOCK04/SES044/SA044S11	SES177	0.479255	3.45467	2.97542
BLOCK04/SES044/SA044S24	SES007	0.0444005	2.886	2.8416
BLOCK04/SES044/SA044S24	SES101	1.11282	3.95443	2.8416
BLOCK04/SES044/SA044S24	SES147	0.843039	3.68464	2.8416
BLOCK04/SES044/SA044S24	SES177	0.394929	3.23653	2.8416
BLOCK04/SES044/SA044S26	SES007	0.215649	3.37664	3.161
BLOCK04/SES044/SA044S26	SES016	0.813866	3.97486	3.161
BLOCK04/SES044/SA044S26	SES101	1.45069	4.61168	3.161
BLOCK04/SES044/SA044S26	SES147	1.15094	4.31193	3.161
BLOCK04/SES044/SA044S29	SES007	0.0280814	4.12824	4.10016
BLOCK04/SES044/SA044S29	SES101	1.0577	5.15786	4.10016
BLOCK04/SES044/SA044S29	SES147	0.820531	4.92069	4.10016
BLOCK04/SES044/SA044S29	SES177	0.271895	4.37205	4.10016
BLOCK04/SES046/SA046S13	SES101	0.846628	3.54047	2.69384
BLOCK04/SES046/SA046S13	SES144	1.10332	3.79716	2.69384
BLOCK04/SES046/SA046S13	SES147	0.3606	3.05444	2.69384
BLOCK04/SES046/SA046S13	SES177	0.200625	2.89447	2.69384
BLOCK04/SES046/SA046S15	SES048	0.627846	4.67741	4.04957
BLOCK04/SES046/SA046S15	SES083	0.874077	4.92365	4.04957
BLOCK04/SES046/SA046S15	SES120	-0.148124	3.90144	4.04957
BLOCK04/SES046/SA046S15	SES148	0.488874	4.53844	4.04957
BLOCK04/SES046/SA046S22	SES101	0.976576	3.93787	2.9613
BLOCK04/SES046/SA046S22	SES144	0.662033	3.62333	2.9613
BLOCK04/SES046/SA046S22	SES147	0.355021	3.31632	2.9613
BLOCK04/SES046/SA046S22	SES172	1.12088	4.08218	2.9613
BLOCK04/SES046/SA046S25	SES083	0.814743	4.57225	3.7575
BLOCK04/SES046/SA046S25	SES127	0.134574	3.89208	3.7575
BLOCK04/SES046/SA046S25	SES144	0.599893	4.3574	3.7575
BLOCK04/SES046/SA046S25	SES148	0.655276	4.41278	3.7575
BLOCK04/SES046/SA046S28	SES007	0.0545237	3.9731	3.91857
BLOCK04/SES046/SA046S28	SES105	0.673616	4.59219	3.91857
BLOCK04/SES046/SA046S28	SES147	0.453255	4.37183	3.91857
BLOCK04/SES046/SA046S28	SES148	0.721322	4.63989	3.91857
BLOCK04/SES049/SA049S16	SES104	1.57439	2.35476	0.780373
BLOCK04/SES049/SA049S16	SES106	1.05438	1.83475	0.780373
BLOCK04/SES049/SA049S16	SES120	1.04053	1.8209	0.780373
BLOCK04/SES049/SA049S16	SES206	1.02952	1.8099	0.780373
BLOCK04/SES049/SA049S18	SES099	0.213933	1.89984	1.6859
BLOCK04/SES049/SA049S18	SES104	-0.0187622	1.66714	1.6859
BLOCK04/SES049/SA049S18	SES125	-0.374411	1.31149	1.6859
BLOCK04/SES049/SA049S18	SES206	-0.0500089	1.63589	1.6859
BLOCK04/SES049/SA049S25	SES087	0.255354	1.83619	1.58084
BLOCK04/SES049/SA049S25	SES104	0.264627	1.84547	1.58084
BLOCK04/SES049/SA049S25	SES125	0.034255	1.6151	1.58084
BLOCK04/SES049/SA049S25	SES206	0.186317	1.76716	1.58084
BLOCK04/SES049/SA049S27	SES099	0.298321	2.7631	2.46478
BLOCK04/SES049/SA049S27	SES104	1.09058	3.55536	2.46478
BLOCK04/SES049/SA049S27	SES125	0.0536723	2.51845	2.46478
BLOCK04/SES049/SA049S27	SES206	0.877344	3.34212	2.46478
BLOCK04/SES049/SA049S29	SES099	0.571213	3.27389	2.70268
BLOCK04/SES049/SA049S29	SES104	1.00017	3.70285	2.70268
BLOCK04/SES049/SA049S29	SES125	0.290205	2.99288	2.70268
BLOCK04/SES049/SA049S29	SES206	0.685353	3.38803	2.70268
BLOCK06/SES063/SA063S09	SES068	-0.187795	4.24918	4.43697
BLOCK06/SES063/SA063S09	SES083	0.640146	5.07712	4.43697
BLOCK06/SES063/SA063S09	SES177	0.233672	4.67065	4.43697
BLOCK06/SES063/SA063S09	SES187	-0.0117407	4.42523	4.43697
BLOCK06/SES063/SA063S10	SES068	0.217462	4.2329	4.01544
BLOCK06/SES063/SA063S10	SES083	1.07796	5.0934	4.01544
BLOCK06/SES063/SA063S10	SES172	0.930682	4.94612	4.01544
BLOCK06/SES063/SA063S10	SES187	0.343662	4.3591	4.01544
BLOCK06/SES063/SA063S20	SES068	-0.213067	3.61545	3.82852
BLOCK06/SES063/SA063S20	SES083	0.764322	4.59284	3.82852
BLOCK06/SES063/SA063S20	SES172	0.750756	4.57928	3.82852
BLOCK06/SES063/SA063S20	SES187	0.359286	4.18781	3.82852
BLOCK06/SES063/SA063S24	SES029	0.399039	4.19339	3.79435
BLOCK06/SES063/SA063S24	SES083	1.50909	5.30344	3.79435
BLOCK06/SES063/SA063S24	SES177	1.23499	5.02934	3.79435
BLOCK06/SES063/SA063S24	SES189	1.84065	5.635	3.79435
BLOCK06/SES063/SA063S27	SES083	0.784505	4.96042	4.17591
BLOCK06/SES063/SA063S27	SES172	0.795257	4.97117	4.17591
BLOCK06/SES063/SA063S27	SES187	0.07584	4.25175	4.17591
BLOCK06/SES063/SA063S27	SES292	0.0650244	4.24093	4.17591
BLOCK06/SES067/SA067S12	SES083	0.93876	5.80295	4.86419
BLOCK06/SES067/SA067S12	SES172	0.508626	5.37281	4.86419
BLOCK06/SES067/SA067S12	SES202	1.11963	5.98382	4.86419
BLOCK06/SES067/SA067S12	SES292	0.337892	5.20208	4.86419
BLOCK06/SES067/SA067S14	SES085	1.23327	6.73023	5.49696
BLOCK06/SES067/SA067S14	SES177	0.46461	5.96157	5.49696
BLOCK06/SES067/SA067S14	SES183	1.08659	6.58355	5.49696
BLOCK06/SES067/SA067S14	SES202	1.15654	6.6535	5.49696
BLOCK06/SES067/SA067S21	SES144	0.444001	5.07272	4.62872
BLOCK06/SES067/SA067S21	SES177	0.392528	5.02125	4.62872
BLOCK06/SES067/SA067S21	SES183	0.397954	5.02667	4.62872
BLOCK06/SES067/SA067S21	SES189	0.271717	4.90044	4.62872
BLOCK06/SES067/SA067S25	SES085	0.417259	5.14473	4.72747
BLOCK06/SES067/SA067S25	SES177	0.328948	5.05642	4.72747
BLOCK06/SES067/SA067S25	SES183	0.59848	5.32595	4.72747
BLOCK06/SES067/SA067S25	SES202	-0.104409	4.62306	4.72747
BLOCK06/SES067/SA067S29	SES085	0.251992	5.13143	4.87943
BLOCK06/SES067/SA067S29	SES177	0.0649529	4.94439	4.87943
BLOCK06/SES067/SA067S29	SES183	0.603348	5.48278	4.87943
BLOCK06/SES067/SA067S29	SES202	1.01338	5.89281	4.87943
BLOCK06/SES069/SA069S12	SES029	0.235843	3.10696	2.87112
BLOCK06/SES069/SA069S12	SES082	0.976708	3.84783	2.87112
BLOCK06/SES069/SA069S12	SES087	0.953085	3.8242	2.87112
BLOCK06/SES069/SA069S12	SES206	1.18347	4.05458	2.87112
BLOCK06/SES069/SA069S13	SES029	-0.0862293	3.00177	3.088
BLOCK06/SES069/SA069S13	SES087	1.19732	4.28532	3.088
BLOCK06/SES069/SA069S13	SES206	1.14786	4.23586	3.088
BLOCK06/SES069/SA069S13	SES226	1.65304	4.74104	3.088
BLOCK06/SES069/SA069S23	SES029	0.623368	3.95643	3.33306
BLOCK06/SES069/SA069S23	SES087	1.87464	5.2077	3.33306
BLOCK06/SES069/SA069S23	SES206	1.28048	4.61354	3.33306
BLOCK06/SES069/SA069S23	SES226	2.44791	5.78097	3.33306
BLOCK06/SES069/SA069S25	SES087	1.49414	5.57567	4.08153
BLOCK06/SES069/SA069S25	SES206	0.940329	5.02186	4.08153
BLOCK06/SES069/SA069S25	SES226	1.83055	5.91209	4.08153
BLOCK06/SES069/SA069S25	SES270	-0.122483	3.95905	4.08153
BLOCK06/SES069/SA069S27	SES087	0.81904	4.05344	3.2344
BLOCK06/SES069/SA069S27	SES206	1.27246	4.50686	3.2344
BLOCK06/SES069/SA069S27	SES226	1.65695	4.89135	3.2344
BLOCK06/SES069/SA069S27	SES270	-0.166248	3.06815	3.2344
BLOCK08/SES081/SA081S11	SES060	0.0286779	2.74438	2.7157
BLOCK08/SES081/SA081S11	SES062	0.350202	3.0659	2.7157
BLOCK08/SES081/SA081S11	SES117	-0.241783	2.47392	2.7157
BLOCK08/SES081/SA081S11	SES162	-0.00681281	2.70889	2.7157
BLOCK08/SES081/SA081S13	SES016	0.829151	5.26174	4.43259
BLOCK08/SES081/SA081S13	SES060	1.03981	5.47239	4.43259
BLOCK08/SES081/SA081S13	SES068	0.657247	5.08983	4.43259
BLOCK08/SES081/SA081S13	SES129	0.239729	4.67232	4.43259
BLOCK08/SES081/SA081S24	SES060	0.604094	4.45309	3.849
BLOCK08/SES081/SA081S24	SES068	0.963762	4.81276	3.849
BLOCK08/SES081/SA081S24	SES117	0.322719	4.17172	3.849
BLOCK08/SES081/SA081S24	SES275	0.440964	4.28996	3.849
BLOCK08/SES081/SA081S27	SES007	0.366987	3.67243	3.30545
BLOCK08/SES081/SA081S27	SES060	0.246854	3.5523	3.30545
BLOCK08/SES081/SA081S27	SES117	0.178518	3.48396	3.30545
BLOCK08/SES081/SA081S27	SES275	0.131756	3.4372	3.30545
BLOCK08/SES081/SA081S29	SES007	0.479803	3.56045	3.08064
BLOCK08/SES081/SA081S29	SES060	0.822538	3.90318	3.08064
BLOCK08/SES081/SA081S29	SES117	0.698528	3.77917	3.08064
BLOCK08/SES081/SA081S29	SES275	0.155347	3.23599	3.08064
BLOCK08/SES086/SA086S11	SES029	-0.12997	2.09471	2.22468
BLOCK08/SES086/SA086S11	SES082	0.445865	2.67054	2.22468
BLOCK08/SES086/SA086S11	SES087	1.25463	3.47931	2.22468
BLOCK08/SES086/SA086S11	SES206	0.0098114	2.23449	2.22468
BLOCK08/SES086/SA086S12	SES029	0.378953	2.56483	2.18588
BLOCK08/SES086/SA086S12	SES082	0.635058	2.82094	2.18588
BLOCK08/SES086/SA086S12	SES087	1.62376	3.80964	2.18588
BLOCK08/SES086/SA086S12	SES206	0.972252	3.15813	2.18588
BLOCK08/SES086/SA086S20	SES029	0.467535	4.16124	3.6937
BLOCK08/SES086/SA086S20	SES082	0.990847	4.68455	3.6937
BLOCK08/SES086/SA086S20	SES087	1.52676	5.22046	3.6937
BLOCK08/SES086/SA086S20	SES206	1.36124	5.05495	3.6937
BLOCK08/SES086/SA086S24	SES087	1.23836	3.21746	1.97911
BLOCK08/SES086/SA086S24	SES104	0.744357	2.72347	1.97911
BLOCK08/SES086/SA086S24	SES120	0.493643	2.47275	1.97911
BLOCK08/SES086/SA086S24	SES206	0.887491	2.8666	1.97911
BLOCK08/SES086/SA086S28	SES029	0.458364	3.74008	3.28171
BLOCK08/SES086/SA086S28	SES082	0.715908	3.99762	3.28171
BLOCK08/SES086/SA086S28	SES087	1.57652	4.85823	3.28171
BLOCK08/SES086/SA086S28	SES206	0.970507	4.25222	3.28171
BLOCK08/SES089/SA089S13	SES087	0.447895	3.18566	2.73777
BLOCK08/SES089/SA089S13	SES206	0.356856	3.09462	2.73777
BLOCK08/SES089/SA089S13	SES226	0.292228	3.02999	2.73777
BLOCK08/SES089/SA089S13	SES270	-0.256802	2.48096	2.73777
BLOCK08/SES089/SA089S14	SES062	-0.412273	3.10097	3.51325
BLOCK08/SES089/SA089S14	SES087	1.0636	4.57684	3.51325
BLOCK08/SES089/SA089S14	SES206	1.09509	4.60833	3.51325
BLOCK08/SES089/SA089S14	SES226	0.825811	4.33906	3.51325
BLOCK08/SES089/SA089S23	SES087	0.762501	2.82622	2.06372
BLOCK08/SES089/SA089S23	SES206	0.981856	3.04558	2.06372
BLOCK08/SES089/SA089S23	SES226	0.484683	2.5484	2.06372
BLOCK08/SES089/SA089S23	SES270	0.00623965	2.06996	2.06372
BLOCK08/SES089/SA089S25	SES062	0.0957611	2.86962	2.77386
BLOCK08/SES089/SA089S25	SES087	1.07589	3.84974	2.77386
BLOCK08/SES089/SA089S25	SES206	0.765755	3.53961	2.77386
BLOCK08/SES089/SA089S25	SES226	1.38303	4.15689	2.77386
BLOCK08/SES089/SA089S28	SES062	0.00676107	2.75295	2.74619
BLOCK08/SES089/SA089S28	SES087	1.24146	3.98765	2.74619
BLOCK08/SES089/SA089S28	SES206	1.29017	4.03636	2.74619
BLOCK08/SES089/SA089S28	SES226	1.1808	3.927	2.74619
BLOCK09/SES097/SA097S11	SES099	1.09908	2.72678	1.6277
BLOCK09/SES097/SA097S11	SES125	0.708321	2.33602	1.6277
BLOCK09/SES097/SA097S11	SES206	0.911936	2.53963	1.6277
BLOCK09/SES097/SA097S11	SES226	0.963129	2.59083	1.6277
BLOCK09/SES097/SA097S14	SES062	0.142274	2.97067	2.82839
BLOCK09/SES097/SA097S14	SES099	0.112551	2.94094	2.82839
BLOCK09/SES097/SA097S14	SES104	0.406397	3.23479	2.82839
BLOCK09/SES097/SA097S14	SES206	0.31508	3.14347	2.82839
BLOCK09/SES097/SA097S22	SES099	1.53301	3.37198	1.83897
BLOCK09/SES097/SA097S22	SES206	0.957192	2.79617	1.83897
BLOCK09/SES097/SA097S22	SES226	0.479626	2.3186	1.83897
BLOCK09/SES097/SA097S22	SES270	0.770376	2.60935	1.83897
BLOCK09/SES097/SA097S26	SES099	1.86514	3.32447	1.45933
BLOCK09/SES097/SA097S26	SES120	1.16119	2.62052	1.45933
BLOCK09/SES097/SA097S26	SES206	0.981757	2.44109	1.45933
BLOCK09/SES097/SA097S26	SES226	0.3219	1.78123	1.45933
BLOCK09/SES097/SA097S28	SES099	1.2545	4.04462	2.79012
BLOCK09/SES097/SA097S28	SES120	0.791006	3.58113	2.79012
BLOCK09/SES097/SA097S28	SES206	0.273221	3.06334	2.79012
BLOCK09/SES097/SA097S28	SES226	-0.112827	2.6773	2.79012
BLOCK09/SES098/SA098S11	SES127	0.327071	3.3849	3.05783
BLOCK09/SES098/SA098S11	SES144	0.224266	3.2821	3.05783
BLOCK09/SES098/SA098S11	SES147	0.529173	3.587	3.05783
BLOCK09/SES098/SA098S11	SES148	-0.60325	2.45458	3.05783
BLOCK09/SES098/SA098S12	SES127	0.336627	2.05996	1.72333
BLOCK09/SES098/SA098S12	SES144	0.0463964	1.76973	1.72333
BLOCK09/SES098/SA098S12	SES147	0.518531	2.24186	1.72333
BLOCK09/SES098/SA098S12	SES189	-0.725986	0.997344	1.72333
BLOCK09/SES098/SA098S20	SES127	-0.122489	2.71146	2.83395
BLOCK09/SES098/SA098S20	SES147	0.629509	3.46345	2.83395
BLOCK09/SES098/SA098S20	SES148	0.0513642	2.88531	2.83395
BLOCK09/SES098/SA098S20	SES292	0.512655	3.3466	2.83395
BLOCK09/SES098/SA098S23	SES127	0.480789	3.4989	3.01811
BLOCK09/SES098/SA098S23	SES147	0.370261	3.38837	3.01811
BLOCK09/SES098/SA098S23	SES187	0.645301	3.66341	3.01811
BLOCK09/SES098/SA098S23	SES292	0.537528	3.55564	3.01811
BLOCK09/SES098/SA098S27	SES127	0.395687	2.68543	2.28975
BLOCK09/SES098/SA098S27	SES147	-0.0721517	2.21759	2.28975
BLOCK09/SES098/SA098S27	SES148	-0.918434	1.37131	2.28975
BLOCK09/SES098/SA098S27	SES292	0.755772	3.04552	2.28975
BLOCK10/SES102/SA102S13	SES101	0.77571	3.74488	2.96917
BLOCK10/SES102/SA102S13	SES105	0.441383	3.41055	2.96917
BLOCK10/SES102/SA102S13	SES120	0.141594	3.11076	2.96917
BLOCK10/SES102/SA102S13	SES158	-0.914778	2.05439	2.96917
BLOCK10/SES102/SA102S14	SES007	1.31152	4.51092	3.19939
BLOCK10/SES102/SA102S14	SES101	1.84857	5.04796	3.19939
BLOCK10/SES102/SA102S14	SES105	1.27976	4.47915	3.19939
BLOCK10/SES102/SA102S14	SES147	1.29323	4.49262	3.19939
BLOCK10/SES102/SA102S22	SES007	0.0197601	3.84097	3.82121
BLOCK10/SES102/SA102S22	SES101	0.930824	4.75204	3.82121
BLOCK10/SES102/SA102S22	SES105	0.571283	4.39249	3.82121
BLOCK10/SES102/SA102S22	SES158	-1.13081	2.6904	3.82121
BLOCK10/SES102/SA102S25	SES007	0.396948	3.77456	3.37761
BLOCK10/SES102/SA102S25	SES101	1.07657	4.45419	3.37761
BLOCK10/SES102/SA102S25	SES105	0.5994	3.97701	3.37761
BLOCK10/SES102/SA102S25	SES147	0.550826	3.92844	3.37761
BLOCK10/SES102/SA102S27	SES007	0.270335	3.24039	2.97005
BLOCK10/SES102/SA102S27	SES101	0.90346	3.87351	2.97005
BLOCK10/SES102/SA102S27	SES105	0.529447	3.4995	2.97005
BLOCK10/SES102/SA102S27	SES147	0.262937	3.23299	2.97005
BLOCK10/SES103/SA103S14	SES105	0.634004	2.41921	1.7852
BLOCK10/SES103/SA103S14	SES106	0.854414	2.63962	1.7852
BLOCK10/SES103/SA103S14	SES120	0.108327	1.89353	1.7852
BLOCK10/SES103/SA103S14	SES206	0.225901	2.0111	1.7852
BLOCK10/SES103/SA103S15	SES099	0.112512	1.65574	1.54323
BLOCK10/SES103/SA103S15	SES101	-0.367925	1.17531	1.54323
BLOCK10/SES103/SA103S15	SES104	0.244507	1.78774	1.54323
BLOCK10/SES103/SA103S15	SES125	-0.0733956	1.46984	1.54323
BLOCK10/SES103/SA103S24	SES104	-0.023026	2.50938	2.53241
BLOCK10/SES103/SA103S24	SES125	-0.0252137	2.50719	2.53241
BLOCK10/SES103/SA103S24	SES148	0.145364	2.67777	2.53241
BLOCK10/SES103/SA103S24	SES158	-0.560722	1.97168	2.53241
BLOCK10/SES103/SA103S26	SES104	0.230308	2.5577	2.3274
BLOCK10/SES103/SA103S26	SES106	0.525495	2.85289	2.3274
BLOCK10/SES103/SA103S26	SES125	0.0961993	2.4236	2.3274
BLOCK10/SES103/SA103S26	SES148	0.0831192	2.41052	2.3274
BLOCK10/SES103/SA103S28	SES104	0.371171	1.98619	1.61502
BLOCK10/SES103/SA103S28	SES106	0.763649	2.37867	1.61502
BLOCK10/SES103/SA103S28	SES125	0.654713	2.26973	1.61502
BLOCK10/SES103/SA103S28	SES206	0.139717	1.75474	1.61502
BLOCK12/SES121/SA121S12	SES042	0.49586	2.32927	1.83341
BLOCK12/SES121/SA121S12	SES087	0.696402	2.52981	1.83341
BLOCK12/SES121/SA121S12	SES105	0.706814	2.54023	1.83341
BLOCK12/SES121/SA121S12	SES206	0.285076	2.11849	1.83341
BLOCK12/SES121/SA121S14	SES007	-0.0010004	1.07647	1.07747
BLOCK12/SES121/SA121S14	SES105	0.0132352	1.0907	1.07747
BLOCK12/SES121/SA121S14	SES106	0.63316	1.71063	1.07747
BLOCK12/SES121/SA121S14	SES206	0.959208	2.03668	1.07747
BLOCK12/SES121/SA121S23	SES105	-0.374754	0.754159	1.12891
BLOCK12/SES121/SA121S23	SES106	0.299846	1.42876	1.12891
BLOCK12/SES121/SA121S23	SES120	-0.147136	0.981777	1.12891
BLOCK12/SES121/SA121S23	SES206	0.473887	1.6028	1.12891
BLOCK12/SES121/SA121S25	SES007	0.429368	1.5462	1.11683
BLOCK12/SES121/SA121S25	SES105	0.0200299	1.13686	1.11683
BLOCK12/SES121/SA121S25	SES106	0.56663	1.68346	1.11683
BLOCK12/SES121/SA121S25	SES206	0.582614	1.69945	1.11683
BLOCK12/SES121/SA121S27	SES087	1.14471	2.57309	1.42837
BLOCK12/SES121/SA121S27	SES105	-0.842201	0.586171	1.42837
BLOCK12/SES121/SA121S27	SES120	1.09702	2.5254	1.42837
BLOCK12/SES121/SA121S27	SES206	1.1511	2.57947	1.42837
BLOCK12/SES124/SA124S16	SES042	1.04789	4.53236	3.48447
BLOCK12/SES124/SA124S16	SES082	0.0220699	3.50654	3.48447
BLOCK12/SES124/SA124S16	SES183	-0.767493	2.71698	3.48447
BLOCK12/SES124/SA124S16	SES206	0.430982	3.91545	3.48447
BLOCK12/SES124/SA124S17	SES105	0.203831	3.00659	2.80275
BLOCK12/SES124/SA124S17	SES149	0.148044	2.9508	2.80275
BLOCK12/SES124/SA124S17	SES158	-0.932585	1.87017	2.80275
BLOCK12/SES124/SA124S17	SES275	0.0322986	2.83505	2.80275
BLOCK12/SES124/SA124S23	SES105	-0.170037	4.09854	4.26858
BLOCK12/SES124/SA124S23	SES125	1.174	5.44258	4.26858
BLOCK12/SES124/SA124S23	SES129	-0.0384831	4.2301	4.26858
BLOCK12/SES124/SA124S23	SES158	0.320124	4.58871	4.26858
BLOCK12/SES124/SA124S26	SES105	-0.405436	2.38453	2.78997
BLOCK12/SES124/SA124S26	SES125	1.26201	4.05198	2.78997
BLOCK12/SES124/SA124S26	SES129	-0.422275	2.36769	2.78997
BLOCK12/SES124/SA124S26	SES158	0.173181	2.96315	2.78997
BLOCK12/SES124/SA124S28	SES104	1.16665	4.29636	3.12971
BLOCK12/SES124/SA124S28	SES106	0.832553	3.96226	3.12971
BLOCK12/SES124/SA124S28	SES125	0.930649	4.06036	3.12971
BLOCK12/SES124/SA124S28	SES275	-0.186555	2.94315	3.12971
BLOCK12/SES126/SA126S13	SES007	0.560259	3.97281	3.41255
BLOCK12/SES126/SA126S13	SES162	0.486658	3.89921	3.41255
BLOCK12/SES126/SA126S13	SES177	0.401417	3.81397	3.41255
BLOCK12/SES126/SA126S13	SES180	0.559216	3.97177	3.41255
BLOCK12/SES126/SA126S14	SES144	1.016	4.85094	3.83495
BLOCK12/SES126/SA126S14	SES148	1.24662	5.08157	3.83495
BLOCK12/SES126/SA126S14	SES177	0.905585	4.74053	3.83495
BLOCK12/SES126/SA126S14	SES180	0.928296	4.76324	3.83495
BLOCK12/SES126/SA126S20	SES007	0.465415	4.62143	4.15602
BLOCK12/SES126/SA126S20	SES162	0.733713	4.88973	4.15602
BLOCK12/SES126/SA126S20	SES172	0.204239	4.36026	4.15602
BLOCK12/SES126/SA126S20	SES180	0.397177	4.55319	4.15602
BLOCK12/SES126/SA126S24	SES120	1.05716	4.87477	3.81762
BLOCK12/SES126/SA126S24	SES162	0.657584	4.4752	3.81762
BLOCK12/SES126/SA126S24	SES177	0.37303	4.19065	3.81762
BLOCK12/SES126/SA126S24	SES180	0.725992	4.54361	3.81762
BLOCK12/SES126/SA126S26	SES120	1.06603	4.22157	3.15555
BLOCK12/SES126/SA126S26	SES177	-0.174914	2.98063	3.15555
BLOCK12/SES126/SA126S26	SES180	0.608833	3.76438	3.15555
BLOCK12/SES126/SA126S26	SES202	0.490214	3.64576	3.15555
BLOCK12/SES128/SA128S10	SES087	-0.119194	2.6067	2.72589
BLOCK12/SES128/SA128S10	SES206	0.126101	2.85199	2.72589
BLOCK12/SES128/SA128S10	SES226	0.548918	3.27481	2.72589
BLOCK12/SES128/SA128S10	SES270	0.548952	3.27484	2.72589
BLOCK12/SES128/SA128S12	SES120	0.265187	3.11761	2.85242
BLOCK12/SES128/SA128S12	SES158	0.0649939	2.91742	2.85242
BLOCK12/SES128/SA128S12	SES206	-0.0768383	2.77559	2.85242
BLOCK12/SES128/SA128S12	SES226	-0.0263512	2.82607	2.85242
BLOCK12/SES128/SA128S21	SES106	0.527438	2.71568	2.18824
BLOCK12/SES128/SA128S21	SES120	0.631765	2.82001	2.18824
BLOCK12/SES128/SA128S21	SES206	0.787332	2.97557	2.18824
BLOCK12/SES128/SA128S21	SES226	1.79815	3.98639	2.18824
BLOCK12/SES128/SA128S24	SES087	0.316526	3.09133	2.7748
BLOCK12/SES128/SA128S24	SES120	0.348078	3.12288	2.7748
BLOCK12/SES128/SA128S24	SES206	0.68572	3.46052	2.7748
BLOCK12/SES128/SA128S24	SES226	0.311249	3.08605	2.7748
BLOCK12/SES128/SA128S27	SES099	0.910117	4.21229	3.30217
BLOCK12/SES128/SA128S27	SES120	0.766982	4.06915	3.30217
BLOCK12/SES128/SA128S27	SES206	1.13446	4.43662	3.30217
BLOCK12/SES128/SA128S27	SES226	0.814894	4.11706	3.30217
BLOCK13/SES130/SA130S13	SES143	0.623186	2.4631	1.83991
BLOCK13/SES130/SA130S13	SES144	1.22504	3.06495	1.83991
BLOCK13/SES130/SA130S13	SES146	0.644748	2.48466	1.83991
BLOCK13/SES130/SA130S13	SES275	0.853554	2.69347	1.83991
BLOCK13/SES130/SA130S15	SES143	0.117319	3.88032	3.763
BLOCK13/SES130/SA130S15	SES144	0.886192	4.64919	3.763
BLOCK13/SES130/SA130S15	SES146	0.411209	4.17421	3.763
BLOCK13/SES130/SA130S15	SES275	0.742308	4.50531	3.763
BLOCK13/SES130/SA130S23	SES127	0.536041	2.47188	1.93584
BLOCK13/SES130/SA130S23	SES144	0.999832	2.93567	1.93584
BLOCK13/SES130/SA130S23	SES146	0.643592	2.57943	1.93584
BLOCK13/SES130/SA130S23	SES162	1.05649	2.99233	1.93584
BLOCK13/SES130/SA130S25	SES127	0.714324	4.29111	3.57679
BLOCK13/SES130/SA130S25	SES144	0.641614	4.2184	3.57679
BLOCK13/SES130/SA130S25	SES146	0.203547	3.78034	3.57679
BLOCK13/SES130/SA130S25	SES275	0.369311	3.9461	3.57679
BLOCK13/SES130/SA130S28	SES127	0.518404	2.9367	2.41829
BLOCK13/SES130/SA130S28	SES144	0.354505	2.7728	2.41829
BLOCK13/SES130/SA130S28	SES146	1.10097	3.51926	2.41829
BLOCK13/SES130/SA130S28	SES275	0.899826	3.31812	2.41829
BLOCK13/SES131/SA131S13	SES002	0.413716	2.12968	1.71597
BLOCK13/SES131/SA131S13	SES007	0.148153	1.86412	1.71597
BLOCK13/SES131/SA131S13	SES099	0.208273	1.92424	1.71597
BLOCK13/SES131/SA131S13	SES105	0.0417669	1.75773	1.71597
BLOCK13/SES131/SA131S14	SES104	1.15525	4.36483	3.20958
BLOCK13/SES131/SA131S14	SES106	0.951468	4.16105	3.20958
BLOCK13/SES131/SA131S14	SES125	0.231294	3.44087	3.20958
BLOCK13/SES131/SA131S14	SES148	0.855342	4.06492	3.20958
BLOCK13/SES131/SA131S20	SES104	0.268816	2.30655	2.03774
BLOCK13/SES131/SA131S20	SES106	0.166593	2.20433	2.03774
BLOCK13/SES131/SA131S20	SES125	-0.174321	1.86342	2.03774
BLOCK13/SES131/SA131S20	SES148	-0.125565	1.91217	2.03774
BLOCK13/SES131/SA131S22	SES099	0.700972	4.15583	3.45486
BLOCK13/SES131/SA131S22	SES104	0.650382	4.10524	3.45486
BLOCK13/SES131/SA131S22	SES125	0.046787	3.50165	3.45486
BLOCK13/SES131/SA131S22	SES206	0.181311	3.63617	3.45486
BLOCK13/SES131/SA131S29	SES087	0.227336	3.10532	2.87798
BLOCK13/SES131/SA131S29	SES104	-0.536272	2.34171	2.87798
BLOCK13/SES131/SA131S29	SES125	-0.304211	2.57377	2.87798
BLOCK13/SES131/SA131S29	SES206	-0.165964	2.71202	2.87798
BLOCK13/SES132/SA132S11	SES083	0.0274262	4.23046	4.20304
BLOCK13/SES132/SA132S11	SES120	0.915439	5.11848	4.20304
BLOCK13/SES132/SA132S11	SES127	0.193855	4.39689	4.20304
BLOCK13/SES132/SA132S11	SES275	-0.049973	4.15306	4.20304
BLOCK13/SES132/SA132S12	SES083	0.172536	5.16555	4.99301
BLOCK13/SES132/SA132S12	SES143	-0.154014	4.839	4.99301
BLOCK13/SES132/SA132S12	SES144	0.529843	5.52286	4.99301
BLOCK13/SES132/SA132S12	SES148	1.09615	6.08917	4.99301
BLOCK13/SES132/SA132S22	SES062	0.71911	4.43467	3.71556
BLOCK13/SES132/SA132S22	SES083	-0.104565	3.61099	3.71556
BLOCK13/SES132/SA132S22	SES127	0.213382	3.92894	3.71556
BLOCK13/SES132/SA132S22	SES275	0.319839	4.0354	3.71556
BLOCK13/SES132/SA132S24	SES007	0.574454	4.93315	4.35869
BLOCK13/SES132/SA132S24	SES083	0.380929	4.73962	4.35869
BLOCK13/SES132/SA132S24	SES127	0.2166	4.57529	4.35869
BLOCK13/SES132/SA132S24	SES275	0.695081	5.05377	4.35869
BLOCK13/SES132/SA132S27	SES083	-0.0649815	3.28181	3.34679
BLOCK13/SES132/SA132S27	SES120	0.752856	4.09965	3.34679
BLOCK13/SES132/SA132S27	SES127	-0.47451	2.87228	3.34679
BLOCK13/SES132/SA132S27	SES275	-0.143729	3.20306	3.34679
BLOCK14/SES141/SA141S09	SES143	0.121641	4.57578	4.45414
BLOCK14/SES141/SA141S09	SES144	0.428028	4.88217	4.45414
BLOCK14/SES141/SA141S09	SES162	0.113421	4.56756	4.45414
BLOCK14/SES141/SA141S09	SES180	-0.133774	4.32037	4.45414
BLOCK14/SES141/SA141S15	SES127	0.422372	4.14393	3.72156
BLOCK14/SES141/SA141S15	SES144	0.382898	4.10446	3.72156
BLOCK14/SES141/SA141S15	SES162	0.0866456	3.8082	3.72156
BLOCK14/SES141/SA141S15	SES180	-0.300868	3.42069	3.72156
BLOCK14/SES141/SA141S24	SES127	1.02875	4.7846	3.75585
BLOCK14/SES141/SA141S24	SES144	0.807535	4.56339	3.75585
BLOCK14/SES141/SA141S24	SES162	0.431971	4.18782	3.75585
BLOCK14/SES141/SA141S24	SES183	-0.00250626	3.75335	3.75585
BLOCK14/SES141/SA141S26	SES142	0.514832	3.79692	3.28208
BLOCK14/SES141/SA141S26	SES144	0.0742376	3.35632	3.28208
BLOCK14/SES141/SA141S26	SES172	0.526453	3.80854	3.28208
BLOCK14/SES141/SA141S26	SES180	-0.120668	3.16142	3.28208
BLOCK14/SES141/SA141S29	SES127	0.849532	4.54059	3.69106
BLOCK14/SES141/SA141S29	SES142	0.860023	4.55108	3.69106
BLOCK14/SES141/SA141S29	SES144	0.357362	4.04842	3.69106
BLOCK14/SES141/SA141S29	SES180	0.526738	4.2178	3.69106
BLOCK15/SES157/SA157S08	SES083	1.09926	5.34032	4.24106
BLOCK15/SES157/SA157S08	SES127	0.434998	4.67606	4.24106
BLOCK15/SES157/SA157S08	SES148	0.700751	4.94181	4.24106
BLOCK15/SES157/SA157S08	SES292	0.566162	4.80722	4.24106
BLOCK15/SES157/SA157S11	SES083	0.463979	3.95909	3.49511
BLOCK15/SES157/SA157S11	SES127	0.432036	3.92714	3.49511
BLOCK15/SES157/SA157S11	SES148	0.378413	3.87352	3.49511
BLOCK15/SES157/SA157S11	SES292	0.473386	3.96849	3.49511
BLOCK15/SES157/SA157S21	SES127	0.633914	4.78849	4.15458
BLOCK15/SES157/SA157S21	SES148	0.613719	4.76829	4.15458
BLOCK15/SES157/SA157S21	SES158	-1.5655	2.58908	4.15458
BLOCK15/SES157/SA157S21	SES292	0.564131	4.71871	4.15458
BLOCK15/SES157/SA157S24	SES127	0.412454	4.71007	4.29762
BLOCK15/SES157/SA157S24	SES148	0.57795	4.87556	4.29762
BLOCK15/SES157/SA157S24	SES183	0.0558953	4.35351	4.29762
BLOCK15/SES157/SA157S24	SES292	0.449702	4.74732	4.29762
BLOCK15/SES157/SA157S26	SES007	0.432373	4.17391	3.74154
BLOCK15/SES157/SA157S26	SES127	0.776479	4.51802	3.74154
BLOCK15/SES157/SA157S26	SES147	0.672773	4.41431	3.74154
BLOCK15/SES157/SA157S26	SES148	0.341815	4.08335	3.74154
BLOCK16/SES161/SA161S10	SES007	0.200702	2.87639	2.67569
BLOCK16/SES161/SA161S10	SES105	0.348119	3.02381	2.67569
BLOCK16/SES161/SA161S10	SES158	-0.468931	2.20676	2.67569
BLOCK16/SES161/SA161S10	SES275	0.41101	3.0867	2.67569
BLOCK16/SES161/SA161S12	SES007	0.296451	3.29766	3.00121
BLOCK16/SES161/SA161S12	SES105	0.00189185	3.0031	3.00121
BLOCK16/SES161/SA161S12	SES158	-0.192817	2.80839	3.00121
BLOCK16/SES161/SA161S12	SES275	0.158495	3.1597	3.00121
BLOCK16/SES161/SA161S20	SES007	0.260093	2.14178	1.88169
BLOCK16/SES161/SA161S20	SES105	-0.431924	1.44977	1.88169
BLOCK16/SES161/SA161S20	SES158	0.236053	2.11774	1.88169
BLOCK16/SES161/SA161S20	SES275	-0.487975	1.39372	1.88169
BLOCK16/SES161/SA161S23	SES007	-0.271713	2.80984	3.08155
BLOCK16/SES161/SA161S23	SES105	0.163467	3.24502	3.08155
BLOCK16/SES161/SA161S23	SES148	0.0266836	3.10824	3.08155
BLOCK16/SES161/SA161S23	SES158	-0.300032	2.78152	3.08155
BLOCK16/SES161/SA161S28	SES007	-0.0831752	2.57474	2.65792
BLOCK16/SES161/SA161S28	SES105	-0.104675	2.55324	2.65792
BLOCK16/SES161/SA161S28	SES158	0.544245	3.20216	2.65792
BLOCK16/SES161/SA161S28	SES206	1.05561	3.71353	2.65792
BLOCK16/SES164/SA164S11	SES104	0.870868	3.29543	2.42457
BLOCK16/SES164/SA164S11	SES125	0.872905	3.29747	2.42457
BLOCK16/SES164/SA164S11	SES158	1.25912	3.68369	2.42457
BLOCK16/SES164/SA164S11	SES206	0.291155	2.71572	2.42457
BLOCK16/SES164/SA164S13	SES099	-0.214673	1.80011	2.01478
BLOCK16/SES164/SA164S13	SES104	0.174435	2.18922	2.01478
BLOCK16/SES164/SA164S13	SES125	0.0636716	2.07845	2.01478
BLOCK16/SES164/SA164S13	SES206	0.279892	2.29467	2.01478
BLOCK16/SES164/SA164S24	SES002	2.36737	3.57468	1.20731
BLOCK16/SES164/SA164S24	SES099	0.879248	2.08656	1.20731
BLOCK16/SES164/SA164S24	SES125	0.955589	2.1629	1.20731
BLOCK16/SES164/SA164S24	SES226	1.90049	3.1078	1.20731
BLOCK16/SES164/SA164S27	SES087	0.365412	2.23454	1.86913
BLOCK16/SES164/SA164S27	SES125	0.414233	2.28336	1.86913
BLOCK16/SES164/SA164S27	SES206	-0.00283933	1.86629	1.86913
BLOCK16/SES164/SA164S27	SES226	0.310278	2.17941	1.86913
BLOCK16/SES164/SA164S29	SES002	1.04392	2.52022	1.4763
BLOCK16/SES164/SA164S29	SES019	0.30871	1.78501	1.4763
BLOCK16/SES164/SA164S29	SES125	0.363755	1.84005	1.4763
BLOCK16/SES164/SA164S29	SES226	0.464085	1.94038	1.4763
BLOCK16/SES169/SA169S13	SES117	0.577515	4.0637	3.48619
BLOCK16/SES169/SA169S13	SES144	0.436521	3.92271	3.48619
BLOCK16/SES169/SA169S13	SES146	0.712546	4.19873	3.48619
BLOCK16/SES169/SA169S13	SES162	0.485909	3.9721	3.48619
BLOCK16/SES169/SA169S14	SES144	0.839878	5.13903	4.29915
BLOCK16/SES169/SA169S14	SES148	0.622458	4.92161	4.29915
BLOCK16/SES169/SA169S14	SES177	1.23338	5.53253	4.29915
BLOCK16/SES169/SA169S14	SES180	0.807862	5.10701	4.29915
BLOCK16/SES169/SA169S24	SES117	0.836043	3.29989	2.46385
BLOCK16/SES169/SA169S24	SES144	0.374009	2.83786	2.46385
BLOCK16/SES169/SA169S24	SES146	0.603395	3.06725	2.46385
BLOCK16/SES169/SA169S24	SES162	0.672443	3.13629	2.46385
BLOCK16/SES169/SA169S27	SES127	0.392292	3.95378	3.56148
BLOCK16/SES169/SA169S27	SES129	0.850003	4.41149	3.56148
BLOCK16/SES169/SA169S27	SES144	-0.0711913	3.49029	3.56148
BLOCK16/SES169/SA169S27	SES146	0.906928	4.46841	3.56148
BLOCK16/SES169/SA169S29	SES144	0.94695	5.34436	4.39741
BLOCK16/SES169/SA169S29	SES162	0.953263	5.35067	4.39741
BLOCK16/SES169/SA169S29	SES177	0.409097	4.80651	4.39741
BLOCK16/SES169/SA169S29	SES180	0.889375	5.28679	4.39741
BLOCK17/SES171/SA171S12	SES083	0.266516	2.86998	2.60347
BLOCK17/SES171/SA171S12	SES148	0.358063	2.96153	2.60347
BLOCK17/SES171/SA171S12	SES172	0.494139	3.0976	2.60347
BLOCK17/SES171/SA171S12	SES292	-0.0360031	2.56746	2.60347
BLOCK17/SES171/SA171S15	SES148	0.447067	3.79895	3.35188
BLOCK17/SES171/SA171S15	SES177	0.524238	3.87612	3.35188
BLOCK17/SES171/SA171S15	SES180	-0.117653	3.23423	3.35188
BLOCK17/SES171/SA171S15	SES292	0.411828	3.76371	3.35188
BLOCK17/SES171/SA171S22	SES007	0.202657	4.48049	4.27783
BLOCK17/SES171/SA171S22	SES148	1.15256	5.43039	4.27783
BLOCK17/SES171/SA171S22	SES177	1.07009	5.34792	4.27783
BLOCK17/SES171/SA171S22	SES180	0.301469	4.5793	4.27783
BLOCK17/SES171/SA171S25	SES101	1.15721	3.11795	1.96074
BLOCK17/SES171/SA171S25	SES120	0.34532	2.30606	1.96074
BLOCK17/SES171/SA171S25	SES177	1.12467	3.08541	1.96074
BLOCK17/SES171/SA171S25	SES180	0.668403	2.62915	1.96074
BLOCK17/SES171/SA171S27	SES177	1.14547	4.12712	2.98165
BLOCK17/SES171/SA171S27	SES180	-0.128236	2.85341	2.98165
BLOCK17/SES171/SA171S27	SES189	0.890442	3.87209	2.98165
BLOCK17/SES171/SA171S27	SES292	0.314577	3.29623	2.98165
BLOCK17/SES173/SA173S13	SES162	-0.446385	3.09421	3.54059
BLOCK17/SES173/SA173S13	SES177	0.717062	4.25765	3.54059
BLOCK17/SES173/SA173S13	SES180	-0.418582	3.12201	3.54059
BLOCK17/SES173/SA173S13	SES292	1.09004	4.63063	3.54059
BLOCK17/SES173/SA173S14	SES007	0.820125	4.43592	3.6158
BLOCK17/SES173/SA173S14	SES162	-0.224387	3.39141	3.6158
BLOCK17/SES173/SA173S14	SES177	0.972553	4.58835	3.6158
BLOCK17/SES173/SA173S14	SES180	0.14264	3.75844	3.6158
BLOCK17/SES173/SA173S24	SES144	0.390453	2.9402	2.54974
BLOCK17/SES173/SA173S24	SES162	-0.142278	2.40746	2.54974
BLOCK17/SES173/SA173S24	SES177	0.810068	3.35981	2.54974
BLOCK17/SES173/SA173S24	SES180	-0.1346	2.41514	2.54974
BLOCK17/SES173/SA173S27	SES162	0.160242	3.55243	3.39218
BLOCK17/SES173/SA173S27	SES177	0.875475	4.26766	3.39218
BLOCK17/SES173/SA173S27	SES180	0.47873	3.87091	3.39218
BLOCK17/SES173/SA173S27	SES292	1.55919	4.95137	3.39218
BLOCK17/SES173/SA173S29	SES162	-0.371733	2.22045	2.59218
BLOCK17/SES173/SA173S29	SES175	0.0692418	2.66143	2.59218
BLOCK17/SES173/SA173S29	SES177	0.738912	3.3311	2.59218
BLOCK17/SES173/SA173S29	SES292	0.12568	2.71786	2.59218
BLOCK18/SES182/SA182S10	SES144	0.389037	3.60869	3.21965
BLOCK18/SES182/SA182S10	SES177	0.113644	3.3333	3.21965
BLOCK18/SES182/SA182S10	SES180	0.105249	3.3249	3.21965
BLOCK18/SES182/SA182S10	SES275	0.618626	3.83828	3.21965
BLOCK18/SES182/SA182S12	SES144	0.881598	5.80768	4.92608
BLOCK18/SES182/SA182S12	SES177	0.894615	5.8207	4.92608
BLOCK18/SES182/SA182S12	SES180	0.589862	5.51594	4.92608
BLOCK18/SES182/SA182S12	SES275	0.975928	5.90201	4.92608
BLOCK18/SES182/SA182S21	SES117	0.091408	2.85167	2.76027
BLOCK18/SES182/SA182S21	SES144	0.24266	3.00292	2.76027
BLOCK18/SES182/SA182S21	SES162	0.198547	2.95881	2.76027
BLOCK18/SES182/SA182S21	SES180	-0.00662971	2.75364	2.76027
BLOCK18/SES182/SA182S23	SES117	0.500728	3.25484	2.75411
BLOCK18/SES182/SA182S23	SES144	0.398965	3.15308	2.75411
BLOCK18/SES182/SA182S23	SES180	0.097106	2.85122	2.75411
BLOCK18/SES182/SA182S23	SES275	1.16344	3.91755	2.75411
BLOCK18/SES182/SA182S25	SES007	0.75552	3.18634	2.43082
BLOCK18/SES182/SA182S25	SES162	0.45479	2.88561	2.43082
BLOCK18/SES182/SA182S25	SES177	0.404258	2.83508	2.43082
BLOCK18/SES182/SA182S25	SES180	0.402499	2.83332	2.43082
BLOCK18/SES184/SA184S12	SES177	0.678923	3.21642	2.5375
BLOCK18/SES184/SA184S12	SES180	0.0270429	2.56454	2.5375
BLOCK18/SES184/SA184S12	SES189	0.6551	3.1926	2.5375
BLOCK18/SES184/SA184S12	SES292	0.212444	2.74994	2.5375
BLOCK18/SES184/SA184S13	SES101	0.315405	3.12819	2.81279
BLOCK18/SES184/SA184S13	SES177	0.266028	3.07882	2.81279
BLOCK18/SES184/SA184S13	SES180	0.207862	3.02065	2.81279
BLOCK18/SES184/SA184S13	SES292	0.416152	3.22894	2.81279
BLOCK18/SES184/SA184S22	SES177	0.245633	2.52824	2.28261
BLOCK18/SES184/SA184S22	SES180	0.617748	2.90036	2.28261
BLOCK18/SES184/SA184S22	SES189	0.638094	2.9207	2.28261
BLOCK18/SES184/SA184S22	SES292	0.676852	2.95946	2.28261
BLOCK18/SES184/SA184S25	SES101	1.01059	4.03027	3.01967
BLOCK18/SES184/SA184S25	SES177	0.597039	3.61671	3.01967
BLOCK18/SES184/SA184S25	SES180	0.882484	3.90216	3.01967
BLOCK18/SES184/SA184S25	SES292	0.943857	3.96353	3.01967
BLOCK18/SES184/SA184S27	SES083	0.512904	4.1114	3.59849
BLOCK18/SES184/SA184S27	SES177	0.331435	3.92993	3.59849
BLOCK18/SES184/SA184S27	SES202	0.604331	4.20282	3.59849
BLOCK18/SES184/SA184S27	SES292	0.47783	4.07632	3.59849
BLOCK20/SES204/SA204S12	SES062	0.849981	4.1694	3.31942
BLOCK20/SES204/SA204S12	SES083	0.329099	3.64852	3.31942
BLOCK20/SES204/SA204S12	SES206	1.1675	4.48692	3.31942
BLOCK20/SES204/SA204S12	SES226	0.447168	3.76659	3.31942
BLOCK20/SES204/SA204S14	SES068	1.07169	5.72913	4.65744
BLOCK20/SES204/SA204S14	SES087	1.37863	6.03607	4.65744
BLOCK20/SES204/SA204S14	SES206	0.558795	5.21624	4.65744
BLOCK20/SES204/SA204S14	SES226	0.59836	5.2558	4.65744
BLOCK20/SES204/SA204S22	SES068	1.416	4.91489	3.4989
BLOCK20/SES204/SA204S22	SES082	0.481325	3.98022	3.4989
BLOCK20/SES204/SA204S22	SES083	0.720975	4.21987	3.4989
BLOCK20/SES204/SA204S22	SES206	1.0181	4.517	3.4989
BLOCK20/SES204/SA204S25	SES062	0.823367	4.58241	3.75904
BLOCK20/SES204/SA204S25	SES083	0.659931	4.41897	3.75904
BLOCK20/SES204/SA204S25	SES206	1.20222	4.96127	3.75904
BLOCK20/SES204/SA204S25	SES226	0.716593	4.47564	3.75904
BLOCK20/SES204/SA204S27	SES068	0.936893	4.26751	3.33062
BLOCK20/SES204/SA204S27	SES082	0.177261	3.50788	3.33062
BLOCK20/SES204/SA204S27	SES087	1.039	4.36961	3.33062
BLOCK20/SES204/SA204S27	SES206	0.421299	3.75192	3.33062
BLOCK20/SES207/SA207S10	SES127	-0.198654	3.70139	3.90004
BLOCK20/SES207/SA207S10	SES183	0.357166	4.25721	3.90004
BLOCK20/SES207/SA207S10	SES189	0.59734	4.49738	3.90004
BLOCK20/SES207/SA207S10	SES292	0.242304	4.14235	3.90004
BLOCK20/SES207/SA207S11	SES127	-0.382582	3.28585	3.66843
BLOCK20/SES207/SA207S11	SES183	0.204969	3.8734	3.66843
BLOCK20/SES207/SA207S11	SES187	0.249037	3.91747	3.66843
BLOCK20/SES207/SA207S11	SES292	0.196343	3.86478	3.66843
BLOCK20/SES207/SA207S25	SES068	0.463394	3.04821	2.58481
BLOCK20/SES207/SA207S25	SES083	0.224936	2.80975	2.58481
BLOCK20/SES207/SA207S25	SES127	0.611484	3.1963	2.58481
BLOCK20/SES207/SA207S25	SES187	0.819503	3.40431	2.58481
BLOCK20/SES207/SA207S27	SES127	0.0860333	2.61713	2.5311
BLOCK20/SES207/SA207S27	SES183	0.433439	2.96454	2.5311
BLOCK20/SES207/SA207S27	SES187	0.758878	3.28998	2.5311
BLOCK20/SES207/SA207S27	SES292	0.123431	2.65453	2.5311
BLOCK20/SES207/SA207S29	SES083	0.308746	3.63837	3.32962
BLOCK20/SES207/SA207S29	SES085	0.565897	3.89552	3.32962
BLOCK20/SES207/SA207S29	SES172	1.01732	4.34694	3.32962
BLOCK20/SES207/SA207S29	SES189	-0.0177009	3.31192	3.32962
BLOCK22/SES221/SA221S12	SES068	1.68347	5.22075	3.53728
BLOCK22/SES221/SA221S12	SES143	0.499044	4.03632	3.53728
BLOCK22/SES221/SA221S12	SES175	0.800769	4.33805	3.53728
BLOCK22/SES221/SA221S12	SES202	0.691891	4.22917	3.53728
BLOCK22/SES221/SA221S15	SES085	1.16719	4.70053	3.53334
BLOCK22/SES221/SA221S15	SES143	0.218703	3.75204	3.53334
BLOCK22/SES221/SA221S15	SES175	0.650751	4.18409	3.53334
BLOCK22/SES221/SA221S15	SES187	0.347447	3.88078	3.53334
BLOCK22/SES221/SA221S23	SES068	1.43208	4.8379	3.40582
BLOCK22/SES221/SA221S23	SES143	0.291088	3.69691	3.40582
BLOCK22/SES221/SA221S23	SES175	0.881762	4.28758	3.40582
BLOCK22/SES221/SA221S23	SES189	0.934833	4.34065	3.40582
BLOCK22/SES221/SA221S27	SES085	1.98836	4.87143	2.88306
BLOCK22/SES221/SA221S27	SES143	0.692316	3.57538	2.88306
BLOCK22/SES221/SA221S27	SES175	0.760276	3.64334	2.88306
BLOCK22/SES221/SA221S27	SES189	1.25279	4.13585	2.88306
BLOCK22/SES221/SA221S29	SES085	1.96369	5.04694	3.08324
BLOCK22/SES221/SA221S29	SES143	0.79123	3.87447	3.08324
BLOCK22/SES221/SA221S29	SES175	1.17064	4.25389	3.08324
BLOCK22/SES221/SA221S29	SES187	0.719399	3.80264	3.08324
BLOCK22/SES223/SA223S11	SES143	0.161831	3.15078	2.98895
BLOCK22/SES223/SA223S11	SES144	-0.246369	2.74258	2.98895
BLOCK22/SES223/SA223S11	SES175	0.397494	3.38644	2.98895
BLOCK22/SES223/SA223S11	SES187	0.00138307	2.99033	2.98895
BLOCK22/SES223/SA223S13	SES068	1.43709	4.21293	2.77583
BLOCK22/SES223/SA223S13	SES143	0.51106	3.2869	2.77583
BLOCK22/SES223/SA223S13	SES146	0.55634	3.33218	2.77583
BLOCK22/SES223/SA223S13	SES202	0.38754	3.16338	2.77583
BLOCK22/SES223/SA223S22	SES143	0.197388	2.60955	2.41216
BLOCK22/SES223/SA223S22	SES144	0.0451028	2.45727	2.41216
BLOCK22/SES223/SA223S22	SES175	0.599816	3.01198	2.41216
BLOCK22/SES223/SA223S22	SES187	0.41238	2.82454	2.41216
BLOCK22/SES223/SA223S25	SES068	1.04789	3.66814	2.62025
BLOCK22/SES223/SA223S25	SES143	0.910578	3.53082	2.62025
BLOCK22/SES223/SA223S25	SES175	0.959385	3.57963	2.62025
BLOCK22/SES223/SA223S25	SES187	0.512	3.13225	2.62025
BLOCK22/SES223/SA223S27	SES143	0.437258	3.42252	2.98526
BLOCK22/SES223/SA223S27	SES146	0.0912249	3.07649	2.98526
BLOCK22/SES223/SA223S27	SES187	0.288869	3.27413	2.98526
BLOCK22/SES223/SA223S27	SES292	0.697504	3.68276	2.98526
BLOCK27/SES273/SA273S12	SES099	0.898798	4.62552	3.72672
BLOCK27/SES273/SA273S12	SES104	1.41155	5.13827	3.72672
BLOCK27/SES273/SA273S12	SES125	0.439675	4.16639	3.72672
BLOCK27/SES273/SA273S12	SES206	0.785219	4.51194	3.72672
BLOCK27/SES273/SA273S13	SES099	0.305221	4.20349	3.89827
BLOCK27/SES273/SA273S13	SES104	0.663224	4.56149	3.89827
BLOCK27/SES273/SA273S13	SES206	0.440855	4.33912	3.89827
BLOCK27/SES273/SA273S13	SES292	0.522262	4.42053	3.89827
BLOCK27/SES273/SA273S21	SES099	0.156703	3.67618	3.51948
BLOCK27/SES273/SA273S21	SES148	-0.165148	3.35433	3.51948
BLOCK27/SES273/SA273S21	SES149	0.782642	4.30212	3.51948
BLOCK27/SES273/SA273S21	SES177	0.68597	4.20545	3.51948
BLOCK27/SES273/SA273S25	SES104	0.988228	3.91383	2.9256
BLOCK27/SES273/SA273S25	SES125	0.567529	3.49313	2.9256
BLOCK27/SES273/SA273S25	SES158	-0.123883	2.80172	2.9256
BLOCK27/SES273/SA273S25	SES206	1.07214	3.99775	2.9256
BLOCK27/SES273/SA273S27	SES099	0.514617	4.86227	4.34765
BLOCK27/SES273/SA273S27	SES104	0.257618	4.60527	4.34765
BLOCK27/SES273/SA273S27	SES149	0.780839	5.12849	4.34765
BLOCK27/SES273/SA273S27	SES275	0.619916	4.96757	4.34765
BLOCK27/SES274/SA274S10	SES105	-0.0965991	4.06519	4.16178
BLOCK27/SES274/SA274S10	SES125	-0.12436	4.03742	4.16178
BLOCK27/SES274/SA274S10	SES129	1.04394	5.20573	4.16178
BLOCK27/SES274/SA274S10	SES158	-0.458387	3.7034	4.16178
BLOCK27/SES274/SA274S11	SES105	0.721061	5.04066	4.3196
BLOCK27/SES274/SA274S11	SES149	0.51208	4.83168	4.3196
BLOCK27/SES274/SA274S11	SES158	-0.305541	4.01406	4.3196
BLOCK27/SES274/SA274S11	SES275	0.552096	4.87169	4.3196
BLOCK27/SES274/SA274S21	SES105	0.29845	4.84926	4.55081
BLOCK27/SES274/SA274S21	SES129	1.14682	5.69763	4.55081
BLOCK27/SES274/SA274S21	SES149	0.559166	5.10998	4.55081
BLOCK27/SES274/SA274S21	SES158	-0.37768	4.17313	4.55081
BLOCK27/SES274/SA274S24	SES105	0.454373	3.97065	3.51628
BLOCK27/SES274/SA274S24	SES129	1.3859	4.90218	3.51628
BLOCK27/SES274/SA274S24	SES149	0.487076	4.00336	3.51628
BLOCK27/SES274/SA274S24	SES158	-0.404766	3.11151	3.51628
BLOCK27/SES274/SA274S29	SES105	0.354789	4.02216	3.66737
BLOCK27/SES274/SA274S29	SES106	0.243409	3.91078	3.66737
BLOCK27/SES274/SA274S29	SES120	0.805532	4.4729	3.66737
BLOCK27/SES274/SA274S29	SES275	0.723001	4.39037	3.66737
BLOCK27/SES276/SA276S16	SES148	0.562024	3.75943	3.1974
BLOCK27/SES276/SA276S16	SES172	1.27673	4.47414	3.1974
BLOCK27/SES276/SA276S16	SES180	0.882614	4.08002	3.1974
BLOCK27/SES276/SA276S16	SES292	0.941967	4.13937	3.1974
BLOCK27/SES276/SA276S17	SES101	1.02046	4.18842	3.16796
BLOCK27/SES276/SA276S17	SES177	0.289866	3.45783	3.16796
BLOCK27/SES276/SA276S17	SES180	0.910727	4.07869	3.16796
BLOCK27/SES276/SA276S17	SES292	0.715175	3.88314	3.16796
BLOCK27/SES276/SA276S24	SES101	1.31167	4.62314	3.31147
BLOCK27/SES276/SA276S24	SES177	0.686115	3.99758	3.31147
BLOCK27/SES276/SA276S24	SES180	1.19434	4.5058	3.31147
BLOCK27/SES276/SA276S24	SES292	0.643322	3.95479	3.31147
BLOCK27/SES276/SA276S26	SES101	0.615903	4.17992	3.56402
BLOCK27/SES276/SA276S26	SES177	0.635445	4.19946	3.56402
BLOCK27/SES276/SA276S26	SES180	0.645269	4.20929	3.56402
BLOCK27/SES276/SA276S26	SES292	0.846973	4.41099	3.56402
BLOCK27/SES276/SA276S28	SES101	1.24967	4.80888	3.55921
BLOCK27/SES276/SA276S28	SES177	0.584089	4.1433	3.55921
BLOCK27/SES276/SA276S28	SES180	1.24808	4.80729	3.55921
BLOCK27/SES276/SA276S28	SES292	1.09231	4.65152	3.55921
BLOCK27/SES277/SA277S12	SES101	1.4628	3.42304	1.96024
BLOCK27/SES277/SA277S12	SES177	0.534834	2.49507	1.96024
BLOCK27/SES277/SA277S12	SES180	0.653422	2.61366	1.96024
BLOCK27/SES277/SA277S12	SES292	0.512438	2.47267	1.96024
BLOCK27/SES277/SA277S14	SES177	1.06685	2.89668	1.82983
BLOCK27/SES277/SA277S14	SES180	-0.378087	1.45174	1.82983
BLOCK27/SES277/SA277S14	SES189	1.33392	3.16375	1.82983
BLOCK27/SES277/SA277S14	SES292	0.284025	2.11385	1.82983
BLOCK27/SES277/SA277S21	SES177	1.14377	3.46597	2.32219
BLOCK27/SES277/SA277S21	SES180	0.158914	2.48111	2.32219
BLOCK27/SES277/SA277S21	SES189	1.67337	3.99556	2.32219
BLOCK27/SES277/SA277S21	SES292	0.217371	2.53957	2.32219
BLOCK27/SES277/SA277S24	SES144	1.01585	1.81922	0.803369
BLOCK27/SES277/SA277S24	SES177	1.03784	1.84121	0.803369
BLOCK27/SES277/SA277S24	SES180	0.135018	0.938387	0.803369
BLOCK27/SES277/SA277S24	SES189	1.42061	2.22398	0.803369
BLOCK27/SES277/SA277S29	SES177	0.460228	3.41002	2.94979
BLOCK27/SES277/SA277S29	SES180	0.525381	3.47517	2.94979
BLOCK27/SES277/SA277S29	SES202	0.573964	3.52376	2.94979
BLOCK27/SES277/SA277S29	SES292	-0.0657554	2.88404	2.94979
BLOCK27/SES279/SA279S09	SES120	0.501611	3.96595	3.46434
BLOCK27/SES279/SA279S09	SES146	-0.270797	3.19354	3.46434
BLOCK27/SES279/SA279S09	SES206	0.119319	3.58366	3.46434
BLOCK27/SES279/SA279S09	SES226	0.113995	3.57833	3.46434
BLOCK27/SES279/SA279S10	SES099	0.328564	3.41493	3.08636
BLOCK27/SES279/SA279S10	SES206	0.135618	3.22198	3.08636
BLOCK27/SES279/SA279S10	SES226	0.0775557	3.16392	3.08636
BLOCK27/SES279/SA279S10	SES292	0.736239	3.8226	3.08636
BLOCK27/SES279/SA279S20	SES099	0.139778	2.83339	2.69361
BLOCK27/SES279/SA279S20	SES206	0.312516	3.00613	2.69361
BLOCK27/SES279/SA279S20	SES226	-0.314203	2.37941	2.69361
BLOCK27/SES279/SA279S20	SES292	0.707867	3.40148	2.69361
BLOCK27/SES279/SA279S26	SES099	0.485482	3.00127	2.51579
BLOCK27/SES279/SA279S26	SES206	0.78862	3.30441	2.51579
BLOCK27/SES279/SA279S26	SES226	0.796856	3.31265	2.51579
BLOCK27/SES279/SA279S26	SES292	1.06429	3.58007	2.51579
BLOCK27/SES279/SA279S28	SES099	0.336535	4.82693	4.49039
BLOCK27/SES279/SA279S28	SES120	0.741696	5.23209	4.49039
BLOCK27/SES279/SA279S28	SES177	0.289179	4.77957	4.49039
BLOCK27/SES279/SA279S28	SES206	0.808765	5.29916	4.49039
BLOCK29/SES290/SA290S12	SES162	0.975526	5.85328	4.87775
BLOCK29/SES290/SA290S12	SES177	0.811113	5.68886	4.87775
BLOCK29/SES290/SA290S12	SES180	0.859093	5.73684	4.87775
BLOCK29/SES290/SA290S12	SES292	0.658053	5.5358	4.87775
BLOCK29/SES290/SA290S13	SES007	0.347764	3.9408	3.59304
BLOCK29/SES290/SA290S13	SES162	-0.0697172	3.52332	3.59304
BLOCK29/SES290/SA290S13	SES177	0.0962117	3.68925	3.59304
BLOCK29/SES290/SA290S13	SES180	0.483253	4.07629	3.59304
BLOCK29/SES290/SA290S22	SES177	0.173409	4.19375	4.02035
BLOCK29/SES290/SA290S22	SES180	0.699937	4.72028	4.02035
BLOCK29/SES290/SA290S22	SES202	0.570014	4.59036	4.02035
BLOCK29/SES290/SA290S22	SES292	0.600105	4.62045	4.02035
BLOCK29/SES290/SA290S25	SES162	0.991371	5.3931	4.40173
BLOCK29/SES290/SA290S25	SES177	0.481943	4.88367	4.40173
BLOCK29/SES290/SA290S25	SES180	0.937299	5.33903	4.40173
BLOCK29/SES290/SA290S25	SES292	0.758193	5.15992	4.40173
BLOCK29/SES290/SA290S29	SES177	0.608556	4.98039	4.37184
BLOCK29/SES290/SA290S29	SES180	0.917913	5.28975	4.37184
BLOCK29/SES290/SA290S29	SES275	0.416958	4.7888	4.37184
BLOCK29/SES290/SA290S29	SES292	0.611331	4.98317	4.37184
BLOCK29/SES291/SA291S11	SES105	-0.241848	2.06957	2.31142
BLOCK29/SES291/SA291S11	SES125	0.56258	2.874	2.31142
BLOCK29/SES291/SA291S11	SES158	-0.120923	2.19049	2.31142
BLOCK29/SES291/SA291S11	SES275	-0.35623	1.95519	2.31142
BLOCK29/SES291/SA291S12	SES158	1.14566	3.11144	1.96577
BLOCK29/SES291/SA291S12	SES226	1.23703	3.20281	1.96577
BLOCK29/SES291/SA291S12	SES270	1.51989	3.48567	1.96577
BLOCK29/SES291/SA291S12	SES275	-0.082852	1.88292	1.96577
BLOCK29/SES291/SA291S22	SES082	0.520992	3.62647	3.10548
BLOCK29/SES291/SA291S22	SES158	-0.249802	2.85568	3.10548
BLOCK29/SES291/SA291S22	SES259	0.366184	3.47167	3.10548
BLOCK29/SES291/SA291S22	SES275	-0.319232	2.78625	3.10548
BLOCK29/SES291/SA291S24	SES104	1.93032	5.21908	3.28877
BLOCK29/SES291/SA291S24	SES125	1.41707	4.70583	3.28877
BLOCK29/SES291/SA291S24	SES158	0.738052	4.02682	3.28877
BLOCK29/SES291/SA291S24	SES275	-0.571863	2.7169	3.28877
BLOCK29/SES291/SA291S27	SES158	0.556531	3.276	2.71947
BLOCK29/SES291/SA291S27	SES172	-0.437143	2.28232	2.71947
BLOCK29/SES291/SA291S27	SES275	-0.578522	2.14095	2.71947
BLOCK29/SES291/SA291S27	SES292	0.748768	3.46824	2.71947
